Using device: cuda
{'S2': 440, 'S3': 445, 'S4': 449, 'S5': 460, 'S6': 458, 'S7': 457, 'S8': 460, 'S9': 456, 'S10': 476, 'S11': 465, 'S13': 461, 'S14': 464, 'S15': 464, 'S16': 463, 'S17': 476} 
 {'S2': [0, 440], 'S3': [440, 885], 'S4': [885, 1334], 'S5': [1334, 1794], 'S6': [1794, 2252], 'S7': [2252, 2709], 'S8': [2709, 3169], 'S9': [3169, 3625], 'S10': [3625, 4101], 'S11': [4101, 4566], 'S13': [4566, 5027], 'S14': [5027, 5491], 'S15': [5491, 5955], 'S16': [5955, 6418], 'S17': [6418, 6894]}

============================================================
Test subject: S2, Range: [0, 440]
============================================================
  Train samples: 5163, Val samples: 1291, Test samples: 440
Epoch [1/100]
  Train Loss: 0.2760 | Train Acc: 87.84%
  Val Loss: 0.1008 | Val Acc: 96.51%
  Learning rate: 0.001000
  ✓ New best validation loss: 0.1008
Epoch [2/100]
  Train Loss: 0.1153 | Train Acc: 95.93%
  Val Loss: 0.0886 | Val Acc: 97.13%
  Learning rate: 0.001000
  ✓ New best validation loss: 0.0886
Epoch [3/100]
  Train Loss: 0.0692 | Train Acc: 97.48%
  Val Loss: 0.0389 | Val Acc: 98.76%
  Learning rate: 0.001000
  ✓ New best validation loss: 0.0389
Epoch [4/100]
  Train Loss: 0.0653 | Train Acc: 97.70%
  Val Loss: 0.0403 | Val Acc: 98.92%
  Learning rate: 0.001000
  Early stopping counter: 1/8
Epoch [5/100]
  Train Loss: 0.0466 | Train Acc: 98.51%
  Val Loss: 0.0301 | Val Acc: 99.30%
  Learning rate: 0.001000
  ✓ New best validation loss: 0.0301
Epoch [6/100]
  Train Loss: 0.0378 | Train Acc: 98.88%
  Val Loss: 0.0258 | Val Acc: 99.15%
  Learning rate: 0.001000
  ✓ New best validation loss: 0.0258
Epoch [7/100]
  Train Loss: 0.0394 | Train Acc: 98.64%
  Val Loss: 0.0311 | Val Acc: 99.23%
  Learning rate: 0.001000
  Early stopping counter: 1/8
Epoch [8/100]
  Train Loss: 0.0408 | Train Acc: 98.72%
  Val Loss: 0.0847 | Val Acc: 97.52%
  Learning rate: 0.001000
  Early stopping counter: 2/8
Epoch [9/100]
  Train Loss: 0.0402 | Train Acc: 98.92%
  Val Loss: 0.0789 | Val Acc: 96.90%
  Learning rate: 0.001000
  Early stopping counter: 3/8
Epoch [10/100]
  Train Loss: 0.0322 | Train Acc: 98.88%
  Val Loss: 0.0143 | Val Acc: 99.46%
  Learning rate: 0.001000
  ✓ New best validation loss: 0.0143
Epoch [11/100]
  Train Loss: 0.0333 | Train Acc: 98.84%
  Val Loss: 0.0182 | Val Acc: 99.23%
  Learning rate: 0.001000
  Early stopping counter: 1/8
Epoch [12/100]
  Train Loss: 0.0171 | Train Acc: 99.44%
  Val Loss: 0.0157 | Val Acc: 99.61%
  Learning rate: 0.001000
  Early stopping counter: 2/8
Epoch [13/100]
  Train Loss: 0.0112 | Train Acc: 99.73%
  Val Loss: 0.0099 | Val Acc: 99.61%
  Learning rate: 0.001000
  ✓ New best validation loss: 0.0099
Epoch [14/100]
  Train Loss: 0.0319 | Train Acc: 99.01%
  Val Loss: 0.0195 | Val Acc: 99.23%
  Learning rate: 0.001000
  Early stopping counter: 1/8
Epoch [15/100]
  Train Loss: 0.0264 | Train Acc: 99.32%
  Val Loss: 0.0186 | Val Acc: 99.38%
  Learning rate: 0.001000
  Early stopping counter: 2/8
Epoch [16/100]
  Train Loss: 0.0132 | Train Acc: 99.52%
  Val Loss: 0.0314 | Val Acc: 98.99%
  Learning rate: 0.001000
  Early stopping counter: 3/8
Epoch [17/100]
  Train Loss: 0.0307 | Train Acc: 99.09%
  Val Loss: 0.0158 | Val Acc: 99.46%
  Learning rate: 0.000500
  Early stopping counter: 4/8
Epoch [18/100]
  Train Loss: 0.0071 | Train Acc: 99.79%
  Val Loss: 0.0081 | Val Acc: 99.77%
  Learning rate: 0.000500
  ✓ New best validation loss: 0.0081
Epoch [19/100]
  Train Loss: 0.0065 | Train Acc: 99.81%
  Val Loss: 0.0082 | Val Acc: 99.85%
  Learning rate: 0.000500
  Early stopping counter: 1/8
Epoch [20/100]
  Train Loss: 0.0032 | Train Acc: 99.86%
  Val Loss: 0.0073 | Val Acc: 99.69%
  Learning rate: 0.000500
  Early stopping counter: 2/8
Epoch [21/100]
  Train Loss: 0.0041 | Train Acc: 99.90%
  Val Loss: 0.0167 | Val Acc: 98.99%
  Learning rate: 0.000500
  Early stopping counter: 3/8
Epoch [22/100]
  Train Loss: 0.0292 | Train Acc: 99.19%
  Val Loss: 0.0142 | Val Acc: 99.61%
  Learning rate: 0.000500
  Early stopping counter: 4/8
Epoch [23/100]
  Train Loss: 0.0046 | Train Acc: 99.85%
  Val Loss: 0.0148 | Val Acc: 99.54%
  Learning rate: 0.000500
  Early stopping counter: 5/8
Epoch [24/100]
  Train Loss: 0.0045 | Train Acc: 99.85%
  Val Loss: 0.0073 | Val Acc: 99.77%
  Learning rate: 0.000500
  Early stopping counter: 6/8
Epoch [25/100]
  Train Loss: 0.0012 | Train Acc: 99.96%
  Val Loss: 0.0066 | Val Acc: 99.77%
  Learning rate: 0.000500
  ✓ New best validation loss: 0.0066
Epoch [26/100]
  Train Loss: 0.0005 | Train Acc: 100.00%
  Val Loss: 0.0110 | Val Acc: 99.85%
  Learning rate: 0.000500
  Early stopping counter: 1/8
Epoch [27/100]
  Train Loss: 0.0002 | Train Acc: 100.00%
  Val Loss: 0.0118 | Val Acc: 99.77%
  Learning rate: 0.000500
  Early stopping counter: 2/8
Epoch [28/100]
  Train Loss: 0.0001 | Train Acc: 100.00%
  Val Loss: 0.0116 | Val Acc: 99.77%
  Learning rate: 0.000500
  Early stopping counter: 3/8
Epoch [29/100]
  Train Loss: 0.0002 | Train Acc: 100.00%
  Val Loss: 0.0102 | Val Acc: 99.77%
  Learning rate: 0.000250
  Early stopping counter: 4/8
Epoch [30/100]
  Train Loss: 0.0001 | Train Acc: 100.00%
  Val Loss: 0.0110 | Val Acc: 99.77%
  Learning rate: 0.000250
  Early stopping counter: 5/8
Epoch [31/100]
  Train Loss: 0.0001 | Train Acc: 100.00%
  Val Loss: 0.0105 | Val Acc: 99.69%
  Learning rate: 0.000250
  Early stopping counter: 6/8
Epoch [32/100]
  Train Loss: 0.0000 | Train Acc: 100.00%
  Val Loss: 0.0107 | Val Acc: 99.69%
  Learning rate: 0.000250
  Early stopping counter: 7/8
Epoch [33/100]
  Train Loss: 0.0001 | Train Acc: 100.00%
  Val Loss: 0.0104 | Val Acc: 99.77%
  Learning rate: 0.000125
  Early stopping counter: 8/8

Early stopping triggered after 33 epochs!
Best validation loss: 0.0066 at epoch 25

Subject S2 Results:
  Test Labels: [0 0 0 0 0 0 0 0 0 0 0 0 0 0 0 0 0 0 0 0 0 0 0 0 0 0 0 0 0 0 0 0 0 0 0 0 0
 0 0 0 0 0 0 0 0 0 0 0 0 0 0 0 0 0 0 0 0 0 0 0 0 0 0 0 0 0 0 0 0 0 0 0 0 0
 0 0 0 0 0 0 0 0 0 0 0 0 0 0 0 0 0 0 0 0 0 0 0 0 0 0 0 0 0 0 0 0 0 0 0 0 0
 0 0 0 0 0 0 0 0 0 0 0 0 0 0 0 0 0 0 0 0 0 0 0 0 0 0 0 0 0 0 0 0 0 0 0 0 0
 0 0 0 0 0 0 0 0 0 0 0 0 0 0 0 0 0 0 0 0 0 0 0 0 0 0 0 0 0 0 0 0 0 0 0 0 0
 0 0 0 0 0 0 0 0 0 0 0 0 0 0 0 0 0 0 0 0 0 0 0 0 0 0 0 0 0 0 0 0 0 0 0 0 0
 0 0 0 0 0 0 0 0 0 0 0 0 0 0 0 0 0 0 0 0 0 0 0 0 0 0 0 0 0 0 0 0 0 0 0 0 0
 0 0 0 0 0 0 0 0 0 0 0 0 0 0 0 0 0 0 0 0 0 0 0 0 0 0 0 1 1 1 1 1 1 1 1 1 1
 1 1 1 1 1 1 1 1 1 1 1 1 1 1 1 1 1 1 1 1 1 1 1 1 1 1 1 1 1 1 1 1 1 1 1 1 1
 1 1 1 1 1 1 1 1 1 1 1 1 1 1 1 1 1 1 1 1 1 1 1 1 1 1 1 1 1 1 1 1 1 1 1 1 1
 1 1 1 1 1 1 1 1 1 1 1 1 1 1 1 1 1 1 1 1 1 1 1 1 1 1 1 1 1 1 1 1 1 1 1 1 1
 1 1 1 1 1 1 1 1 1 1 1 1 1 1 1 1 1 1 1 1 1 1 1 1 1 1 1 1 1 1 1 1 1]
  Test Pred: [0 0 0 0 0 0 0 0 0 0 0 0 0 0 0 0 0 0 0 0 0 0 0 0 0 0 0 0 0 0 0 0 0 0 0 0 0
 0 0 0 0 0 0 0 0 0 0 0 0 0 0 0 0 0 0 0 0 0 0 0 0 0 0 0 0 0 0 0 0 0 0 0 0 0
 0 0 0 0 0 0 0 0 0 0 0 0 0 0 0 0 0 0 0 0 0 0 0 0 0 0 0 0 0 0 0 0 0 0 0 0 0
 0 0 0 0 0 0 0 0 0 0 0 0 0 0 0 0 0 0 0 0 0 0 0 0 0 0 0 0 0 0 0 0 0 0 0 0 0
 0 0 0 0 0 0 0 0 0 0 0 0 0 0 0 0 0 0 0 0 0 0 0 0 0 0 0 0 0 0 0 0 0 0 0 0 0
 0 0 0 0 0 0 0 0 0 0 0 0 0 0 0 0 0 0 0 0 0 0 0 0 0 0 0 0 0 0 0 0 0 0 0 0 0
 0 0 0 0 0 0 0 0 0 0 0 0 0 0 0 0 0 0 0 0 0 0 0 0 0 0 0 0 0 0 0 0 0 0 0 0 0
 0 0 0 0 0 0 0 0 0 0 0 0 0 0 0 0 0 0 0 0 0 0 0 0 0 0 0 0 0 0 0 0 0 0 0 0 0
 0 0 0 0 0 0 0 0 0 0 0 0 0 0 0 0 0 0 0 0 0 0 0 0 0 0 0 0 0 0 0 0 0 0 0 0 0
 0 0 0 0 0 0 0 0 0 0 0 0 0 0 0 0 0 0 0 0 0 0 0 0 0 0 0 0 0 0 0 0 0 0 0 0 0
 0 0 0 0 0 0 0 0 0 0 0 0 0 0 0 0 0 0 0 0 0 0 0 0 0 0 0 0 0 0 0 0 0 0 0 0 0
 0 0 0 0 0 0 0 0 0 0 0 0 0 0 0 0 0 0 0 0 0 0 0 0 0 0 0 0 0 0 0 0 0]
  Confusion Matrix:
[[286   0]
 [154   0]]
  Accuracy: 65.00%
  F1 Score: 0.5121
  Precision: 0.4225
  Recall: 0.6500
  MCC: 0.0000

============================================================
Test subject: S3, Range: [440, 885]
============================================================
  Train samples: 5159, Val samples: 1290, Test samples: 445
Epoch [1/100]
  Train Loss: 0.2833 | Train Acc: 87.61%
  Val Loss: 0.1740 | Val Acc: 93.02%
  Learning rate: 0.001000
  ✓ New best validation loss: 0.1740
Epoch [2/100]
  Train Loss: 0.1316 | Train Acc: 95.23%
  Val Loss: 0.0675 | Val Acc: 97.36%
  Learning rate: 0.001000
  ✓ New best validation loss: 0.0675
Epoch [3/100]
  Train Loss: 0.0689 | Train Acc: 97.46%
  Val Loss: 0.0298 | Val Acc: 99.30%
  Learning rate: 0.001000
  ✓ New best validation loss: 0.0298
Epoch [4/100]
  Train Loss: 0.0698 | Train Acc: 97.54%
  Val Loss: 0.0507 | Val Acc: 98.22%
  Learning rate: 0.001000
  Early stopping counter: 1/8
Epoch [5/100]
  Train Loss: 0.0468 | Train Acc: 98.47%
  Val Loss: 0.0638 | Val Acc: 97.52%
  Learning rate: 0.001000
  Early stopping counter: 2/8
Epoch [6/100]
  Train Loss: 0.0445 | Train Acc: 98.51%
  Val Loss: 0.0283 | Val Acc: 99.22%
  Learning rate: 0.001000
  ✓ New best validation loss: 0.0283
Epoch [7/100]
  Train Loss: 0.0372 | Train Acc: 98.74%
  Val Loss: 0.1686 | Val Acc: 93.26%
  Learning rate: 0.001000
  Early stopping counter: 1/8
Epoch [8/100]
  Train Loss: 0.0343 | Train Acc: 99.01%
  Val Loss: 0.0254 | Val Acc: 99.46%
  Learning rate: 0.001000
  ✓ New best validation loss: 0.0254
Epoch [9/100]
  Train Loss: 0.0405 | Train Acc: 98.80%
  Val Loss: 0.0380 | Val Acc: 98.45%
  Learning rate: 0.001000
  Early stopping counter: 1/8
Epoch [10/100]
  Train Loss: 0.0288 | Train Acc: 99.17%
  Val Loss: 0.0127 | Val Acc: 99.69%
  Learning rate: 0.001000
  ✓ New best validation loss: 0.0127
Epoch [11/100]
  Train Loss: 0.0237 | Train Acc: 99.30%
  Val Loss: 0.0215 | Val Acc: 99.53%
  Learning rate: 0.001000
  Early stopping counter: 1/8
Epoch [12/100]
  Train Loss: 0.0335 | Train Acc: 98.90%
  Val Loss: 0.0205 | Val Acc: 99.46%
  Learning rate: 0.001000
  Early stopping counter: 2/8
Epoch [13/100]
  Train Loss: 0.0233 | Train Acc: 99.28%
  Val Loss: 0.0300 | Val Acc: 98.99%
  Learning rate: 0.001000
  Early stopping counter: 3/8
Epoch [14/100]
  Train Loss: 0.0278 | Train Acc: 99.17%
  Val Loss: 0.0397 | Val Acc: 98.45%
  Learning rate: 0.000500
  Early stopping counter: 4/8
Epoch [15/100]
  Train Loss: 0.0061 | Train Acc: 99.75%
  Val Loss: 0.0083 | Val Acc: 99.84%
  Learning rate: 0.000500
  ✓ New best validation loss: 0.0083
Epoch [16/100]
  Train Loss: 0.0020 | Train Acc: 99.94%
  Val Loss: 0.0079 | Val Acc: 99.84%
  Learning rate: 0.000500
  Early stopping counter: 1/8
Epoch [17/100]
  Train Loss: 0.0023 | Train Acc: 99.94%
  Val Loss: 0.0089 | Val Acc: 99.84%
  Learning rate: 0.000500
  Early stopping counter: 2/8
Epoch [18/100]
  Train Loss: 0.0017 | Train Acc: 99.96%
  Val Loss: 0.0091 | Val Acc: 99.84%
  Learning rate: 0.000500
  Early stopping counter: 3/8
Epoch [19/100]
  Train Loss: 0.0150 | Train Acc: 99.44%
  Val Loss: 0.0197 | Val Acc: 99.61%
  Learning rate: 0.000500
  Early stopping counter: 4/8
Epoch [20/100]
  Train Loss: 0.0039 | Train Acc: 99.84%
  Val Loss: 0.0089 | Val Acc: 99.77%
  Learning rate: 0.000250
  Early stopping counter: 5/8
Epoch [21/100]
  Train Loss: 0.0010 | Train Acc: 99.96%
  Val Loss: 0.0101 | Val Acc: 99.77%
  Learning rate: 0.000250
  Early stopping counter: 6/8
Epoch [22/100]
  Train Loss: 0.0005 | Train Acc: 100.00%
  Val Loss: 0.0109 | Val Acc: 99.84%
  Learning rate: 0.000250
  Early stopping counter: 7/8
Epoch [23/100]
  Train Loss: 0.0003 | Train Acc: 100.00%
  Val Loss: 0.0107 | Val Acc: 99.84%
  Learning rate: 0.000250
  Early stopping counter: 8/8

Early stopping triggered after 23 epochs!
Best validation loss: 0.0083 at epoch 15

Subject S3 Results:
  Test Labels: [0 0 0 0 0 0 0 0 0 0 0 0 0 0 0 0 0 0 0 0 0 0 0 0 0 0 0 0 0 0 0 0 0 0 0 0 0
 0 0 0 0 0 0 0 0 0 0 0 0 0 0 0 0 0 0 0 0 0 0 0 0 0 0 0 0 0 0 0 0 0 0 0 0 0
 0 0 0 0 0 0 0 0 0 0 0 0 0 0 0 0 0 0 0 0 0 0 0 0 0 0 0 0 0 0 0 0 0 0 0 0 0
 0 0 0 0 0 0 0 0 0 0 0 0 0 0 0 0 0 0 0 0 0 0 0 0 0 0 0 0 0 0 0 0 0 0 0 0 0
 0 0 0 0 0 0 0 0 0 0 0 0 0 0 0 0 0 0 0 0 0 0 0 0 0 0 0 0 0 0 0 0 0 0 0 0 0
 0 0 0 0 0 0 0 0 0 0 0 0 0 0 0 0 0 0 0 0 0 0 0 0 0 0 0 0 0 0 0 0 0 0 0 0 0
 0 0 0 0 0 0 0 0 0 0 0 0 0 0 0 0 0 0 0 0 0 0 0 0 0 0 0 0 0 0 0 0 0 0 0 0 0
 0 0 0 0 0 0 0 0 0 0 0 0 0 0 0 0 0 0 0 0 0 0 0 0 0 0 1 1 1 1 1 1 1 1 1 1 1
 1 1 1 1 1 1 1 1 1 1 1 1 1 1 1 1 1 1 1 1 1 1 1 1 1 1 1 1 1 1 1 1 1 1 1 1 1
 1 1 1 1 1 1 1 1 1 1 1 1 1 1 1 1 1 1 1 1 1 1 1 1 1 1 1 1 1 1 1 1 1 1 1 1 1
 1 1 1 1 1 1 1 1 1 1 1 1 1 1 1 1 1 1 1 1 1 1 1 1 1 1 1 1 1 1 1 1 1 1 1 1 1
 1 1 1 1 1 1 1 1 1 1 1 1 1 1 1 1 1 1 1 1 1 1 1 1 1 1 1 1 1 1 1 1 1 1 1 1 1
 1]
  Test Pred: [1 1 1 1 1 1 1 1 1 1 1 1 1 1 1 1 1 1 1 1 1 1 1 1 1 1 1 1 1 1 1 1 1 1 0 1 0
 0 0 1 0 0 0 0 0 0 0 0 0 0 0 0 0 0 0 0 0 0 0 0 0 0 0 0 0 0 0 0 0 0 0 0 0 0
 0 0 0 0 0 0 0 0 0 0 0 0 0 0 0 0 0 0 0 0 0 0 0 0 0 0 0 0 0 0 0 0 0 0 0 0 0
 0 0 0 0 0 0 0 0 0 0 0 0 0 0 0 0 0 0 0 0 0 0 0 0 0 0 0 0 0 0 0 0 0 0 0 0 0
 0 0 0 0 0 0 0 0 0 0 0 0 0 0 0 0 0 0 0 0 0 0 0 0 0 0 0 0 0 0 0 0 0 0 0 0 0
 0 0 0 0 0 0 0 0 0 0 0 0 0 0 0 0 0 0 0 0 0 0 0 0 0 0 0 0 0 0 0 0 0 0 0 0 0
 0 0 0 0 0 0 0 0 0 0 0 0 0 0 0 0 0 0 0 0 0 0 0 0 0 0 0 0 0 0 0 0 0 0 0 0 0
 0 0 0 0 0 0 0 0 0 1 0 0 0 0 0 0 0 0 0 0 0 0 0 0 0 0 1 1 1 1 1 1 1 1 1 1 1
 1 1 1 1 1 1 1 1 1 1 1 1 1 1 1 1 1 1 1 1 1 0 1 1 1 1 1 1 1 1 1 1 1 1 1 1 1
 1 1 1 1 0 1 1 1 1 1 1 1 0 1 1 1 1 1 1 1 1 1 1 1 0 0 0 0 1 1 0 1 1 1 1 0 1
 1 1 1 1 1 1 1 1 1 1 1 1 1 1 1 1 1 1 1 1 1 1 1 1 1 1 1 1 1 1 1 1 1 1 1 1 1
 1 1 1 1 1 1 1 1 1 1 1 1 1 1 1 1 1 1 1 1 1 1 1 1 1 1 1 1 1 1 1 1 1 1 1 1 1
 1]
  Confusion Matrix:
[[248  37]
 [  9 151]]
  Accuracy: 89.66%
  F1 Score: 0.8981
  Precision: 0.9068
  Recall: 0.8966
  MCC: 0.7907

============================================================
Test subject: S4, Range: [885, 1334]
============================================================
  Train samples: 5156, Val samples: 1289, Test samples: 449
Epoch [1/100]
  Train Loss: 0.2637 | Train Acc: 88.58%
  Val Loss: 0.1195 | Val Acc: 95.42%
  Learning rate: 0.001000
  ✓ New best validation loss: 0.1195
Epoch [2/100]
  Train Loss: 0.1184 | Train Acc: 95.64%
  Val Loss: 0.2113 | Val Acc: 92.63%
  Learning rate: 0.001000
  Early stopping counter: 1/8
Epoch [3/100]
  Train Loss: 0.0775 | Train Acc: 97.32%
  Val Loss: 0.0468 | Val Acc: 98.22%
  Learning rate: 0.001000
  ✓ New best validation loss: 0.0468
Epoch [4/100]
  Train Loss: 0.0597 | Train Acc: 98.04%
  Val Loss: 0.0500 | Val Acc: 98.76%
  Learning rate: 0.001000
  Early stopping counter: 1/8
Epoch [5/100]
  Train Loss: 0.0435 | Train Acc: 98.55%
  Val Loss: 0.0332 | Val Acc: 98.84%
  Learning rate: 0.001000
  ✓ New best validation loss: 0.0332
Epoch [6/100]
  Train Loss: 0.0237 | Train Acc: 99.40%
  Val Loss: 0.0165 | Val Acc: 99.53%
  Learning rate: 0.001000
  ✓ New best validation loss: 0.0165
Epoch [7/100]
  Train Loss: 0.0526 | Train Acc: 98.27%
  Val Loss: 0.0721 | Val Acc: 96.28%
  Learning rate: 0.001000
  Early stopping counter: 1/8
Epoch [8/100]
  Train Loss: 0.0718 | Train Acc: 97.65%
  Val Loss: 0.1592 | Val Acc: 94.26%
  Learning rate: 0.001000
  Early stopping counter: 2/8
Epoch [9/100]
  Train Loss: 0.0643 | Train Acc: 97.67%
  Val Loss: 0.0926 | Val Acc: 97.83%
  Learning rate: 0.001000
  Early stopping counter: 3/8
Epoch [10/100]
  Train Loss: 0.0290 | Train Acc: 99.07%
  Val Loss: 0.0273 | Val Acc: 99.46%
  Learning rate: 0.000500
  Early stopping counter: 4/8
Epoch [11/100]
  Train Loss: 0.0096 | Train Acc: 99.73%
  Val Loss: 0.0049 | Val Acc: 99.92%
  Learning rate: 0.000500
  ✓ New best validation loss: 0.0049
Epoch [12/100]
  Train Loss: 0.0031 | Train Acc: 99.94%
  Val Loss: 0.0049 | Val Acc: 99.92%
  Learning rate: 0.000500
  Early stopping counter: 1/8
Epoch [13/100]
  Train Loss: 0.0026 | Train Acc: 99.92%
  Val Loss: 0.0046 | Val Acc: 99.92%
  Learning rate: 0.000500
  Early stopping counter: 2/8
Epoch [14/100]
  Train Loss: 0.0017 | Train Acc: 99.98%
  Val Loss: 0.0138 | Val Acc: 99.84%
  Learning rate: 0.000500
  Early stopping counter: 3/8
Epoch [15/100]
  Train Loss: 0.0227 | Train Acc: 99.48%
  Val Loss: 0.0137 | Val Acc: 99.84%
  Learning rate: 0.000500
  Early stopping counter: 4/8
Epoch [16/100]
  Train Loss: 0.0115 | Train Acc: 99.71%
  Val Loss: 0.0077 | Val Acc: 99.84%
  Learning rate: 0.000500
  Early stopping counter: 5/8
Epoch [17/100]
  Train Loss: 0.0014 | Train Acc: 99.98%
  Val Loss: 0.0095 | Val Acc: 99.84%
  Learning rate: 0.000250
  Early stopping counter: 6/8
Epoch [18/100]
  Train Loss: 0.0012 | Train Acc: 99.96%
  Val Loss: 0.0101 | Val Acc: 99.84%
  Learning rate: 0.000250
  Early stopping counter: 7/8
Epoch [19/100]
  Train Loss: 0.0004 | Train Acc: 100.00%
  Val Loss: 0.0110 | Val Acc: 99.84%
  Learning rate: 0.000250
  Early stopping counter: 8/8

Early stopping triggered after 19 epochs!
Best validation loss: 0.0049 at epoch 11

Subject S4 Results:
  Test Labels: [0 0 0 0 0 0 0 0 0 0 0 0 0 0 0 0 0 0 0 0 0 0 0 0 0 0 0 0 0 0 0 0 0 0 0 0 0
 0 0 0 0 0 0 0 0 0 0 0 0 0 0 0 0 0 0 0 0 0 0 0 0 0 0 0 0 0 0 0 0 0 0 0 0 0
 0 0 0 0 0 0 0 0 0 0 0 0 0 0 0 0 0 0 0 0 0 0 0 0 0 0 0 0 0 0 0 0 0 0 0 0 0
 0 0 0 0 0 0 0 0 0 0 0 0 0 0 0 0 0 0 0 0 0 0 0 0 0 0 0 0 0 0 0 0 0 0 0 0 0
 0 0 0 0 0 0 0 0 0 0 0 0 0 0 0 0 0 0 0 0 0 0 0 0 0 0 0 0 0 0 0 0 0 0 0 0 0
 0 0 0 0 0 0 0 0 0 0 0 0 0 0 0 0 0 0 0 0 0 0 0 0 0 0 0 0 0 0 0 0 0 0 0 0 0
 0 0 0 0 0 0 0 0 0 0 0 0 0 0 0 0 0 0 0 0 0 0 0 0 0 0 0 0 0 0 0 0 0 0 0 0 0
 0 0 0 0 0 0 0 0 0 0 0 0 0 0 0 0 0 0 0 0 0 0 0 0 0 0 0 0 0 0 0 1 1 1 1 1 1
 1 1 1 1 1 1 1 1 1 1 1 1 1 1 1 1 1 1 1 1 1 1 1 1 1 1 1 1 1 1 1 1 1 1 1 1 1
 1 1 1 1 1 1 1 1 1 1 1 1 1 1 1 1 1 1 1 1 1 1 1 1 1 1 1 1 1 1 1 1 1 1 1 1 1
 1 1 1 1 1 1 1 1 1 1 1 1 1 1 1 1 1 1 1 1 1 1 1 1 1 1 1 1 1 1 1 1 1 1 1 1 1
 1 1 1 1 1 1 1 1 1 1 1 1 1 1 1 1 1 1 1 1 1 1 1 1 1 1 1 1 1 1 1 1 1 1 1 1 1
 1 1 1 1 1]
  Test Pred: [0 0 0 0 0 0 0 0 0 0 0 0 0 0 0 0 0 0 0 0 0 0 0 0 0 0 0 0 0 0 0 0 0 0 0 0 0
 0 0 0 0 0 0 0 0 0 0 0 0 0 0 0 0 0 0 0 0 0 0 0 0 0 0 0 0 0 0 0 0 0 0 0 0 0
 0 0 0 0 0 0 0 0 0 0 0 0 0 0 0 0 0 0 0 0 0 0 0 0 0 0 0 0 0 0 0 0 0 0 0 0 0
 0 0 0 0 0 0 0 0 0 0 0 0 0 0 0 0 0 0 0 0 0 0 0 0 0 0 0 0 0 0 0 0 0 0 0 0 0
 0 0 0 0 0 0 0 0 0 0 0 0 0 0 0 0 0 0 0 0 0 0 0 0 0 0 0 0 0 0 0 0 0 0 0 0 0
 0 0 0 0 0 0 0 0 0 0 0 0 0 0 0 0 0 0 0 0 0 0 0 0 0 0 0 0 0 0 0 0 0 0 0 0 0
 0 0 0 0 0 0 0 0 0 0 0 0 0 0 0 0 0 0 0 0 0 0 0 0 0 0 0 0 0 0 0 0 0 0 0 0 0
 0 0 0 0 0 0 0 0 0 0 0 0 0 0 0 0 0 0 0 0 0 0 0 0 0 0 0 0 0 0 0 0 0 0 0 0 0
 0 0 0 0 0 0 0 0 0 0 0 0 0 0 0 0 0 0 0 0 0 0 0 0 0 0 0 0 0 0 0 0 0 0 0 0 0
 0 0 0 0 0 0 0 0 0 0 0 0 0 0 0 0 0 0 0 0 0 0 0 0 0 0 0 0 0 0 0 0 0 0 0 0 0
 0 0 0 0 0 0 0 0 0 0 0 0 0 0 0 0 0 0 0 0 0 0 0 0 0 0 0 0 0 0 0 0 0 0 0 0 0
 0 0 0 0 1 0 0 0 0 0 0 0 0 0 0 0 0 0 0 0 0 0 0 0 0 0 0 0 0 0 0 0 0 0 1 0 0
 0 0 0 0 0]
  Confusion Matrix:
[[290   0]
 [157   2]]
  Accuracy: 65.03%
  F1 Score: 0.5171
  Precision: 0.7731
  Recall: 0.6503
  MCC: 0.0903

============================================================
Test subject: S5, Range: [1334, 1794]
============================================================
  Train samples: 5147, Val samples: 1287, Test samples: 460
Epoch [1/100]
  Train Loss: 0.2630 | Train Acc: 88.81%
  Val Loss: 0.0842 | Val Acc: 97.28%
  Learning rate: 0.001000
  ✓ New best validation loss: 0.0842
Epoch [2/100]
  Train Loss: 0.1463 | Train Acc: 94.72%
  Val Loss: 0.1588 | Val Acc: 92.93%
  Learning rate: 0.001000
  Early stopping counter: 1/8
Epoch [3/100]
  Train Loss: 0.1064 | Train Acc: 96.13%
  Val Loss: 0.0578 | Val Acc: 97.90%
  Learning rate: 0.001000
  ✓ New best validation loss: 0.0578
Epoch [4/100]
  Train Loss: 0.0591 | Train Acc: 98.27%
  Val Loss: 0.1149 | Val Acc: 95.80%
  Learning rate: 0.001000
  Early stopping counter: 1/8
Epoch [5/100]
  Train Loss: 0.0481 | Train Acc: 98.37%
  Val Loss: 0.0348 | Val Acc: 99.07%
  Learning rate: 0.001000
  ✓ New best validation loss: 0.0348
Epoch [6/100]
  Train Loss: 0.0573 | Train Acc: 98.35%
  Val Loss: 0.0601 | Val Acc: 97.67%
  Learning rate: 0.001000
  Early stopping counter: 1/8
Epoch [7/100]
  Train Loss: 0.0410 | Train Acc: 98.70%
  Val Loss: 0.0626 | Val Acc: 97.90%
  Learning rate: 0.001000
  Early stopping counter: 2/8
Epoch [8/100]
  Train Loss: 0.0658 | Train Acc: 97.82%
  Val Loss: 0.0579 | Val Acc: 98.21%
  Learning rate: 0.001000
  Early stopping counter: 3/8
Epoch [9/100]
  Train Loss: 0.0567 | Train Acc: 98.17%
  Val Loss: 0.0188 | Val Acc: 99.38%
  Learning rate: 0.001000
  ✓ New best validation loss: 0.0188
Epoch [10/100]
  Train Loss: 0.0441 | Train Acc: 98.76%
  Val Loss: 0.0173 | Val Acc: 99.61%
  Learning rate: 0.001000
  ✓ New best validation loss: 0.0173
Epoch [11/100]
  Train Loss: 0.0166 | Train Acc: 99.55%
  Val Loss: 0.0214 | Val Acc: 99.53%
  Learning rate: 0.001000
  Early stopping counter: 1/8
Epoch [12/100]
  Train Loss: 0.0432 | Train Acc: 98.68%
  Val Loss: 0.0236 | Val Acc: 99.46%
  Learning rate: 0.001000
  Early stopping counter: 2/8
Epoch [13/100]
  Train Loss: 0.0221 | Train Acc: 99.38%
  Val Loss: 0.0215 | Val Acc: 99.46%
  Learning rate: 0.001000
  Early stopping counter: 3/8
Epoch [14/100]
  Train Loss: 0.0231 | Train Acc: 99.40%
  Val Loss: 0.0100 | Val Acc: 99.69%
  Learning rate: 0.001000
  ✓ New best validation loss: 0.0100
Epoch [15/100]
  Train Loss: 0.0296 | Train Acc: 99.20%
  Val Loss: 0.0406 | Val Acc: 98.91%
  Learning rate: 0.001000
  Early stopping counter: 1/8
Epoch [16/100]
  Train Loss: 0.0298 | Train Acc: 99.03%
  Val Loss: 0.0100 | Val Acc: 99.84%
  Learning rate: 0.001000
  Early stopping counter: 2/8
Epoch [17/100]
  Train Loss: 0.0425 | Train Acc: 98.56%
  Val Loss: 0.0185 | Val Acc: 99.53%
  Learning rate: 0.001000
  Early stopping counter: 3/8
Epoch [18/100]
  Train Loss: 0.0346 | Train Acc: 98.95%
  Val Loss: 0.0209 | Val Acc: 99.61%
  Learning rate: 0.000500
  Early stopping counter: 4/8
Epoch [19/100]
  Train Loss: 0.0064 | Train Acc: 99.77%
  Val Loss: 0.0092 | Val Acc: 99.61%
  Learning rate: 0.000500
  Early stopping counter: 5/8
Epoch [20/100]
  Train Loss: 0.0021 | Train Acc: 99.94%
  Val Loss: 0.0077 | Val Acc: 99.69%
  Learning rate: 0.000500
  ✓ New best validation loss: 0.0077
Epoch [21/100]
  Train Loss: 0.0010 | Train Acc: 100.00%
  Val Loss: 0.0047 | Val Acc: 99.92%
  Learning rate: 0.000500
  ✓ New best validation loss: 0.0047
Epoch [22/100]
  Train Loss: 0.0004 | Train Acc: 100.00%
  Val Loss: 0.0056 | Val Acc: 99.77%
  Learning rate: 0.000500
  Early stopping counter: 1/8
Epoch [23/100]
  Train Loss: 0.0038 | Train Acc: 99.90%
  Val Loss: 0.0101 | Val Acc: 99.69%
  Learning rate: 0.000500
  Early stopping counter: 2/8
Epoch [24/100]
  Train Loss: 0.0032 | Train Acc: 99.96%
  Val Loss: 0.0047 | Val Acc: 99.84%
  Learning rate: 0.000500
  Early stopping counter: 3/8
Epoch [25/100]
  Train Loss: 0.0063 | Train Acc: 99.83%
  Val Loss: 0.0214 | Val Acc: 99.53%
  Learning rate: 0.000500
  Early stopping counter: 4/8
Epoch [26/100]
  Train Loss: 0.0128 | Train Acc: 99.63%
  Val Loss: 0.0076 | Val Acc: 99.77%
  Learning rate: 0.000500
  Early stopping counter: 5/8
Epoch [27/100]
  Train Loss: 0.0018 | Train Acc: 99.96%
  Val Loss: 0.0131 | Val Acc: 99.77%
  Learning rate: 0.000500
  Early stopping counter: 6/8
Epoch [28/100]
  Train Loss: 0.0010 | Train Acc: 99.98%
  Val Loss: 0.0057 | Val Acc: 99.84%
  Learning rate: 0.000250
  Early stopping counter: 7/8
Epoch [29/100]
  Train Loss: 0.0029 | Train Acc: 99.90%
  Val Loss: 0.0093 | Val Acc: 99.69%
  Learning rate: 0.000250
  Early stopping counter: 8/8

Early stopping triggered after 29 epochs!
Best validation loss: 0.0047 at epoch 21

Subject S5 Results:
  Test Labels: [0 0 0 0 0 0 0 0 0 0 0 0 0 0 0 0 0 0 0 0 0 0 0 0 0 0 0 0 0 0 0 0 0 0 0 0 0
 0 0 0 0 0 0 0 0 0 0 0 0 0 0 0 0 0 0 0 0 0 0 0 0 0 0 0 0 0 0 0 0 0 0 0 0 0
 0 0 0 0 0 0 0 0 0 0 0 0 0 0 0 0 0 0 0 0 0 0 0 0 0 0 0 0 0 0 0 0 0 0 0 0 0
 0 0 0 0 0 0 0 0 0 0 0 0 0 0 0 0 0 0 0 0 0 0 0 0 0 0 0 0 0 0 0 0 0 0 0 0 0
 0 0 0 0 0 0 0 0 0 0 0 0 0 0 0 0 0 0 0 0 0 0 0 0 0 0 0 0 0 0 0 0 0 0 0 0 0
 0 0 0 0 0 0 0 0 0 0 0 0 0 0 0 0 0 0 0 0 0 0 0 0 0 0 0 0 0 0 0 0 0 0 0 0 0
 0 0 0 0 0 0 0 0 0 0 0 0 0 0 0 0 0 0 0 0 0 0 0 0 0 0 0 0 0 0 0 0 0 0 0 0 0
 0 0 0 0 0 0 0 0 0 0 0 0 0 0 0 0 0 0 0 0 0 0 0 0 0 0 0 0 0 0 0 0 0 0 0 0 0
 0 0 0 1 1 1 1 1 1 1 1 1 1 1 1 1 1 1 1 1 1 1 1 1 1 1 1 1 1 1 1 1 1 1 1 1 1
 1 1 1 1 1 1 1 1 1 1 1 1 1 1 1 1 1 1 1 1 1 1 1 1 1 1 1 1 1 1 1 1 1 1 1 1 1
 1 1 1 1 1 1 1 1 1 1 1 1 1 1 1 1 1 1 1 1 1 1 1 1 1 1 1 1 1 1 1 1 1 1 1 1 1
 1 1 1 1 1 1 1 1 1 1 1 1 1 1 1 1 1 1 1 1 1 1 1 1 1 1 1 1 1 1 1 1 1 1 1 1 1
 1 1 1 1 1 1 1 1 1 1 1 1 1 1 1 1]
  Test Pred: [1 0 1 1 1 0 1 1 1 1 1 1 1 1 1 1 1 1 1 1 1 1 1 1 1 1 1 1 1 1 1 1 1 1 1 1 1
 1 1 1 1 1 1 1 1 1 1 1 1 1 1 1 1 1 1 1 1 1 1 1 1 1 1 1 1 1 1 1 1 1 1 1 1 1
 1 1 1 1 1 1 1 1 1 1 1 1 1 1 1 1 1 1 1 1 1 1 1 1 1 1 1 1 1 1 1 1 1 1 1 1 1
 1 1 1 1 1 1 1 1 1 1 1 1 1 1 1 1 1 1 1 1 1 1 1 1 1 1 1 1 1 1 1 1 1 1 1 1 1
 1 1 1 1 1 1 1 1 1 1 1 1 1 1 1 1 1 1 1 1 1 1 1 1 1 1 1 1 1 1 1 1 1 1 1 1 1
 1 1 1 1 1 1 1 1 1 1 1 1 1 1 1 1 1 1 1 1 1 1 1 1 1 1 1 1 1 1 1 1 1 1 1 1 1
 1 1 1 1 1 1 1 1 1 1 1 1 1 1 1 1 1 1 1 1 1 1 1 1 1 1 1 1 1 1 1 1 1 1 1 1 1
 1 1 1 1 1 1 1 1 1 1 1 1 1 1 1 1 1 1 1 1 1 1 1 1 1 1 1 1 1 1 1 1 1 1 1 1 1
 1 1 1 0 1 1 1 1 1 1 0 0 1 1 1 1 1 1 1 1 1 1 1 0 1 0 0 0 1 0 0 0 1 0 0 0 0
 0 0 0 0 0 0 0 0 0 1 0 0 1 1 1 1 0 1 1 1 1 1 1 0 1 1 1 1 1 1 1 1 1 1 1 1 1
 1 1 1 1 1 1 1 1 1 1 1 1 1 1 1 1 1 1 1 1 1 1 1 1 0 0 1 1 1 0 1 1 0 0 1 1 0
 1 1 0 1 1 1 0 0 0 0 1 1 1 1 1 0 0 1 0 1 1 0 0 1 1 1 1 0 0 1 1 1 1 1 0 1 1
 1 1 1 1 1 1 1 0 1 1 1 0 1 1 0 1]
  Confusion Matrix:
[[  2 297]
 [ 49 112]]
  Accuracy: 24.78%
  F1 Score: 0.1450
  Precision: 0.1213
  Recall: 0.2478
  MCC: -0.4522

============================================================
Test subject: S6, Range: [1794, 2252]
============================================================
  Train samples: 5148, Val samples: 1288, Test samples: 458
Epoch [1/100]
  Train Loss: 0.2971 | Train Acc: 86.83%
  Val Loss: 0.1487 | Val Acc: 94.41%
  Learning rate: 0.001000
  ✓ New best validation loss: 0.1487
Epoch [2/100]
  Train Loss: 0.1352 | Train Acc: 95.16%
  Val Loss: 0.1182 | Val Acc: 95.89%
  Learning rate: 0.001000
  ✓ New best validation loss: 0.1182
Epoch [3/100]
  Train Loss: 0.0954 | Train Acc: 97.03%
  Val Loss: 0.1598 | Val Acc: 95.26%
  Learning rate: 0.001000
  Early stopping counter: 1/8
Epoch [4/100]
  Train Loss: 0.0552 | Train Acc: 98.12%
  Val Loss: 0.0384 | Val Acc: 98.68%
  Learning rate: 0.001000
  ✓ New best validation loss: 0.0384
Epoch [5/100]
  Train Loss: 0.0372 | Train Acc: 98.82%
  Val Loss: 0.0364 | Val Acc: 98.76%
  Learning rate: 0.001000
  ✓ New best validation loss: 0.0364
Epoch [6/100]
  Train Loss: 0.0388 | Train Acc: 98.82%
  Val Loss: 0.0256 | Val Acc: 99.15%
  Learning rate: 0.001000
  ✓ New best validation loss: 0.0256
Epoch [7/100]
  Train Loss: 0.0559 | Train Acc: 98.02%
  Val Loss: 0.0806 | Val Acc: 97.28%
  Learning rate: 0.001000
  Early stopping counter: 1/8
Epoch [8/100]
  Train Loss: 0.0386 | Train Acc: 98.76%
  Val Loss: 0.0467 | Val Acc: 98.68%
  Learning rate: 0.001000
  Early stopping counter: 2/8
Epoch [9/100]
  Train Loss: 0.0318 | Train Acc: 99.13%
  Val Loss: 0.0415 | Val Acc: 98.84%
  Learning rate: 0.001000
  Early stopping counter: 3/8
Epoch [10/100]
  Train Loss: 0.0303 | Train Acc: 99.28%
  Val Loss: 0.0250 | Val Acc: 99.07%
  Learning rate: 0.001000
  Early stopping counter: 4/8
Epoch [11/100]
  Train Loss: 0.0132 | Train Acc: 99.61%
  Val Loss: 0.1057 | Val Acc: 97.20%
  Learning rate: 0.001000
  Early stopping counter: 5/8
Epoch [12/100]
  Train Loss: 0.0355 | Train Acc: 98.80%
  Val Loss: 0.0156 | Val Acc: 99.61%
  Learning rate: 0.001000
  ✓ New best validation loss: 0.0156
Epoch [13/100]
  Train Loss: 0.0279 | Train Acc: 99.24%
  Val Loss: 0.0282 | Val Acc: 99.38%
  Learning rate: 0.001000
  Early stopping counter: 1/8
Epoch [14/100]
  Train Loss: 0.0434 | Train Acc: 98.62%
  Val Loss: 0.0422 | Val Acc: 99.15%
  Learning rate: 0.001000
  Early stopping counter: 2/8
Epoch [15/100]
  Train Loss: 0.0590 | Train Acc: 98.00%
  Val Loss: 0.0161 | Val Acc: 99.46%
  Learning rate: 0.001000
  Early stopping counter: 3/8
Epoch [16/100]
  Train Loss: 0.0199 | Train Acc: 99.34%
  Val Loss: 0.0149 | Val Acc: 99.53%
  Learning rate: 0.001000
  Early stopping counter: 4/8
Epoch [17/100]
  Train Loss: 0.0283 | Train Acc: 99.13%
  Val Loss: 0.0258 | Val Acc: 98.91%
  Learning rate: 0.001000
  Early stopping counter: 5/8
Epoch [18/100]
  Train Loss: 0.0223 | Train Acc: 99.38%
  Val Loss: 0.0241 | Val Acc: 99.46%
  Learning rate: 0.001000
  Early stopping counter: 6/8
Epoch [19/100]
  Train Loss: 0.0166 | Train Acc: 99.57%
  Val Loss: 0.0149 | Val Acc: 99.61%
  Learning rate: 0.001000
  Early stopping counter: 7/8
Epoch [20/100]
  Train Loss: 0.0111 | Train Acc: 99.73%
  Val Loss: 0.0105 | Val Acc: 99.69%
  Learning rate: 0.001000
  ✓ New best validation loss: 0.0105
Epoch [21/100]
  Train Loss: 0.0209 | Train Acc: 99.42%
  Val Loss: 0.1014 | Val Acc: 96.35%
  Learning rate: 0.001000
  Early stopping counter: 1/8
Epoch [22/100]
  Train Loss: 0.1369 | Train Acc: 95.40%
  Val Loss: 0.0692 | Val Acc: 96.51%
  Learning rate: 0.001000
  Early stopping counter: 2/8
Epoch [23/100]
  Train Loss: 0.1460 | Train Acc: 95.20%
  Val Loss: 0.1489 | Val Acc: 95.81%
  Learning rate: 0.001000
  Early stopping counter: 3/8
Epoch [24/100]
  Train Loss: 0.0863 | Train Acc: 97.47%
  Val Loss: 0.1278 | Val Acc: 96.04%
  Learning rate: 0.000500
  Early stopping counter: 4/8
Epoch [25/100]
  Train Loss: 0.0543 | Train Acc: 98.37%
  Val Loss: 0.0603 | Val Acc: 98.60%
  Learning rate: 0.000500
  Early stopping counter: 5/8
Epoch [26/100]
  Train Loss: 0.0273 | Train Acc: 99.30%
  Val Loss: 0.0246 | Val Acc: 99.38%
  Learning rate: 0.000500
  Early stopping counter: 6/8
Epoch [27/100]
  Train Loss: 0.0271 | Train Acc: 99.40%
  Val Loss: 0.0432 | Val Acc: 99.07%
  Learning rate: 0.000500
  Early stopping counter: 7/8
Epoch [28/100]
  Train Loss: 0.0189 | Train Acc: 99.49%
  Val Loss: 0.0167 | Val Acc: 99.53%
  Learning rate: 0.000250
  Early stopping counter: 8/8

Early stopping triggered after 28 epochs!
Best validation loss: 0.0105 at epoch 20

Subject S6 Results:
  Test Labels: [0 0 0 0 0 0 0 0 0 0 0 0 0 0 0 0 0 0 0 0 0 0 0 0 0 0 0 0 0 0 0 0 0 0 0 0 0
 0 0 0 0 0 0 0 0 0 0 0 0 0 0 0 0 0 0 0 0 0 0 0 0 0 0 0 0 0 0 0 0 0 0 0 0 0
 0 0 0 0 0 0 0 0 0 0 0 0 0 0 0 0 0 0 0 0 0 0 0 0 0 0 0 0 0 0 0 0 0 0 0 0 0
 0 0 0 0 0 0 0 0 0 0 0 0 0 0 0 0 0 0 0 0 0 0 0 0 0 0 0 0 0 0 0 0 0 0 0 0 0
 0 0 0 0 0 0 0 0 0 0 0 0 0 0 0 0 0 0 0 0 0 0 0 0 0 0 0 0 0 0 0 0 0 0 0 0 0
 0 0 0 0 0 0 0 0 0 0 0 0 0 0 0 0 0 0 0 0 0 0 0 0 0 0 0 0 0 0 0 0 0 0 0 0 0
 0 0 0 0 0 0 0 0 0 0 0 0 0 0 0 0 0 0 0 0 0 0 0 0 0 0 0 0 0 0 0 0 0 0 0 0 0
 0 0 0 0 0 0 0 0 0 0 0 0 0 0 0 0 0 0 0 0 0 0 0 0 0 0 0 0 0 0 0 0 0 0 0 0 1
 1 1 1 1 1 1 1 1 1 1 1 1 1 1 1 1 1 1 1 1 1 1 1 1 1 1 1 1 1 1 1 1 1 1 1 1 1
 1 1 1 1 1 1 1 1 1 1 1 1 1 1 1 1 1 1 1 1 1 1 1 1 1 1 1 1 1 1 1 1 1 1 1 1 1
 1 1 1 1 1 1 1 1 1 1 1 1 1 1 1 1 1 1 1 1 1 1 1 1 1 1 1 1 1 1 1 1 1 1 1 1 1
 1 1 1 1 1 1 1 1 1 1 1 1 1 1 1 1 1 1 1 1 1 1 1 1 1 1 1 1 1 1 1 1 1 1 1 1 1
 1 1 1 1 1 1 1 1 1 1 1 1 1 1]
  Test Pred: [0 0 0 0 0 0 0 0 0 0 0 0 0 0 0 0 0 0 0 0 0 0 0 0 0 0 0 0 0 0 0 0 0 0 0 0 0
 0 0 0 0 0 0 0 0 0 0 0 0 0 0 0 0 0 0 0 0 0 0 0 0 0 0 0 0 0 0 0 0 0 0 0 0 0
 0 0 0 0 0 0 0 0 0 0 0 0 0 0 0 0 0 0 0 0 0 0 0 0 0 0 0 0 0 0 0 0 0 0 0 0 0
 0 0 0 0 0 0 0 0 0 0 0 0 0 0 0 0 0 0 0 0 0 0 0 0 0 0 0 0 0 0 0 0 0 0 0 0 0
 0 0 0 0 0 0 0 0 0 0 0 0 0 0 0 0 0 0 0 0 0 0 0 0 0 0 0 0 0 0 0 0 0 0 0 0 0
 0 0 0 0 0 0 0 0 0 0 0 0 0 0 0 0 0 0 0 0 0 0 0 0 0 0 0 0 0 0 0 0 0 0 1 0 0
 0 0 0 0 0 0 0 0 0 0 0 0 0 0 0 0 0 0 0 0 0 0 0 0 0 0 0 0 0 0 0 0 0 0 0 0 0
 0 0 0 0 0 0 0 0 0 0 0 0 0 0 0 0 0 0 0 0 0 0 0 0 0 0 0 0 0 0 0 0 0 0 0 0 1
 1 1 1 1 1 1 1 1 0 1 1 1 1 1 1 1 0 1 1 1 1 1 1 1 1 0 1 1 1 1 1 1 1 1 1 1 1
 1 1 1 1 1 1 1 1 1 1 0 1 1 1 0 1 0 1 1 1 1 0 0 1 1 0 1 1 1 1 1 1 0 1 0 1 1
 1 0 0 0 0 0 0 0 0 0 0 0 0 0 0 0 0 1 0 0 1 0 0 0 0 0 0 0 0 0 0 0 0 0 0 0 0
 0 0 0 0 0 0 0 0 0 0 0 0 0 0 0 0 0 0 0 0 0 0 0 0 0 0 0 0 0 0 1 0 0 0 0 0 0
 0 0 0 0 0 0 0 0 0 0 0 0 0 0]
  Confusion Matrix:
[[294   1]
 [ 95  68]]
  Accuracy: 79.04%
  F1 Score: 0.7623
  Precision: 0.8375
  Recall: 0.7904
  MCC: 0.5538

============================================================
Test subject: S7, Range: [2252, 2709]
============================================================
  Train samples: 5149, Val samples: 1288, Test samples: 457
Epoch [1/100]
  Train Loss: 0.2832 | Train Acc: 88.19%
  Val Loss: 0.1673 | Val Acc: 95.26%
  Learning rate: 0.001000
  ✓ New best validation loss: 0.1673
Epoch [2/100]
  Train Loss: 0.1100 | Train Acc: 96.35%
  Val Loss: 0.0400 | Val Acc: 98.60%
  Learning rate: 0.001000
  ✓ New best validation loss: 0.0400
Epoch [3/100]
  Train Loss: 0.0732 | Train Acc: 97.65%
  Val Loss: 0.0575 | Val Acc: 98.14%
  Learning rate: 0.001000
  Early stopping counter: 1/8
Epoch [4/100]
  Train Loss: 0.0531 | Train Acc: 98.35%
  Val Loss: 0.0699 | Val Acc: 97.52%
  Learning rate: 0.001000
  Early stopping counter: 2/8
Epoch [5/100]
  Train Loss: 0.0577 | Train Acc: 98.21%
  Val Loss: 0.0343 | Val Acc: 99.15%
  Learning rate: 0.001000
  ✓ New best validation loss: 0.0343
Epoch [6/100]
  Train Loss: 0.0301 | Train Acc: 99.03%
  Val Loss: 0.0988 | Val Acc: 96.43%
  Learning rate: 0.001000
  Early stopping counter: 1/8
Epoch [7/100]
  Train Loss: 0.0379 | Train Acc: 98.74%
  Val Loss: 0.0262 | Val Acc: 99.53%
  Learning rate: 0.001000
  ✓ New best validation loss: 0.0262
Epoch [8/100]
  Train Loss: 0.0265 | Train Acc: 99.24%
  Val Loss: 0.0269 | Val Acc: 99.15%
  Learning rate: 0.001000
  Early stopping counter: 1/8
Epoch [9/100]
  Train Loss: 0.0372 | Train Acc: 98.80%
  Val Loss: 0.0606 | Val Acc: 97.59%
  Learning rate: 0.001000
  Early stopping counter: 2/8
Epoch [10/100]
  Train Loss: 0.0175 | Train Acc: 99.46%
  Val Loss: 0.0349 | Val Acc: 98.84%
  Learning rate: 0.001000
  Early stopping counter: 3/8
Epoch [11/100]
  Train Loss: 0.0264 | Train Acc: 99.20%
  Val Loss: 0.0141 | Val Acc: 99.77%
  Learning rate: 0.001000
  ✓ New best validation loss: 0.0141
Epoch [12/100]
  Train Loss: 0.0283 | Train Acc: 99.22%
  Val Loss: 0.0411 | Val Acc: 98.29%
  Learning rate: 0.001000
  Early stopping counter: 1/8
Epoch [13/100]
  Train Loss: 0.0275 | Train Acc: 99.26%
  Val Loss: 0.0167 | Val Acc: 99.53%
  Learning rate: 0.001000
  Early stopping counter: 2/8
Epoch [14/100]
  Train Loss: 0.0211 | Train Acc: 99.32%
  Val Loss: 0.0190 | Val Acc: 99.53%
  Learning rate: 0.001000
  Early stopping counter: 3/8
Epoch [15/100]
  Train Loss: 0.0224 | Train Acc: 99.34%
  Val Loss: 0.2362 | Val Acc: 94.33%
  Learning rate: 0.000500
  Early stopping counter: 4/8
Epoch [16/100]
  Train Loss: 0.0164 | Train Acc: 99.51%
  Val Loss: 0.0072 | Val Acc: 99.69%
  Learning rate: 0.000500
  ✓ New best validation loss: 0.0072
Epoch [17/100]
  Train Loss: 0.0032 | Train Acc: 99.94%
  Val Loss: 0.0088 | Val Acc: 99.84%
  Learning rate: 0.000500
  Early stopping counter: 1/8
Epoch [18/100]
  Train Loss: 0.0078 | Train Acc: 99.75%
  Val Loss: 0.0167 | Val Acc: 99.46%
  Learning rate: 0.000500
  Early stopping counter: 2/8
Epoch [19/100]
  Train Loss: 0.0040 | Train Acc: 99.84%
  Val Loss: 0.0186 | Val Acc: 99.53%
  Learning rate: 0.000500
  Early stopping counter: 3/8
Epoch [20/100]
  Train Loss: 0.0083 | Train Acc: 99.75%
  Val Loss: 0.0182 | Val Acc: 99.38%
  Learning rate: 0.000250
  Early stopping counter: 4/8
Epoch [21/100]
  Train Loss: 0.0031 | Train Acc: 99.90%
  Val Loss: 0.0151 | Val Acc: 99.61%
  Learning rate: 0.000250
  Early stopping counter: 5/8
Epoch [22/100]
  Train Loss: 0.0016 | Train Acc: 99.96%
  Val Loss: 0.0133 | Val Acc: 99.69%
  Learning rate: 0.000250
  Early stopping counter: 6/8
Epoch [23/100]
  Train Loss: 0.0012 | Train Acc: 99.96%
  Val Loss: 0.0132 | Val Acc: 99.61%
  Learning rate: 0.000250
  Early stopping counter: 7/8
Epoch [24/100]
  Train Loss: 0.0012 | Train Acc: 99.96%
  Val Loss: 0.0143 | Val Acc: 99.61%
  Learning rate: 0.000125
  Early stopping counter: 8/8

Early stopping triggered after 24 epochs!
Best validation loss: 0.0072 at epoch 16

Subject S7 Results:
  Test Labels: [0 0 0 0 0 0 0 0 0 0 0 0 0 0 0 0 0 0 0 0 0 0 0 0 0 0 0 0 0 0 0 0 0 0 0 0 0
 0 0 0 0 0 0 0 0 0 0 0 0 0 0 0 0 0 0 0 0 0 0 0 0 0 0 0 0 0 0 0 0 0 0 0 0 0
 0 0 0 0 0 0 0 0 0 0 0 0 0 0 0 0 0 0 0 0 0 0 0 0 0 0 0 0 0 0 0 0 0 0 0 0 0
 0 0 0 0 0 0 0 0 0 0 0 0 0 0 0 0 0 0 0 0 0 0 0 0 0 0 0 0 0 0 0 0 0 0 0 0 0
 0 0 0 0 0 0 0 0 0 0 0 0 0 0 0 0 0 0 0 0 0 0 0 0 0 0 0 0 0 0 0 0 0 0 0 0 0
 0 0 0 0 0 0 0 0 0 0 0 0 0 0 0 0 0 0 0 0 0 0 0 0 0 0 0 0 0 0 0 0 0 0 0 0 0
 0 0 0 0 0 0 0 0 0 0 0 0 0 0 0 0 0 0 0 0 0 0 0 0 0 0 0 0 0 0 0 0 0 0 0 0 0
 0 0 0 0 0 0 0 0 0 0 0 0 0 0 0 0 0 0 0 0 0 0 0 0 0 0 0 0 0 0 0 0 0 0 0 0 0
 0 1 1 1 1 1 1 1 1 1 1 1 1 1 1 1 1 1 1 1 1 1 1 1 1 1 1 1 1 1 1 1 1 1 1 1 1
 1 1 1 1 1 1 1 1 1 1 1 1 1 1 1 1 1 1 1 1 1 1 1 1 1 1 1 1 1 1 1 1 1 1 1 1 1
 1 1 1 1 1 1 1 1 1 1 1 1 1 1 1 1 1 1 1 1 1 1 1 1 1 1 1 1 1 1 1 1 1 1 1 1 1
 1 1 1 1 1 1 1 1 1 1 1 1 1 1 1 1 1 1 1 1 1 1 1 1 1 1 1 1 1 1 1 1 1 1 1 1 1
 1 1 1 1 1 1 1 1 1 1 1 1 1]
  Test Pred: [1 1 1 1 1 1 1 1 1 1 1 1 1 1 1 1 1 1 1 1 1 1 1 1 1 1 1 1 1 1 1 1 1 1 1 1 1
 1 1 1 1 1 1 1 1 1 1 1 1 1 1 1 1 1 1 1 1 1 1 1 1 1 1 1 1 1 1 1 1 1 1 1 1 1
 1 1 1 1 1 1 1 1 1 1 1 1 1 1 1 1 1 1 1 1 1 1 1 1 1 1 1 1 1 1 1 1 1 1 1 1 1
 1 1 1 1 1 1 1 1 1 1 1 1 1 1 1 1 1 1 1 1 1 1 1 1 1 1 1 1 1 1 1 1 1 1 1 1 1
 1 1 1 1 1 1 1 1 1 1 1 1 1 1 1 1 1 1 1 1 1 1 1 1 1 1 1 1 1 1 1 1 1 1 1 1 1
 1 1 1 1 1 1 1 1 1 1 1 1 1 1 1 1 1 1 1 1 1 1 1 1 1 1 1 1 1 1 1 1 1 1 1 1 1
 1 1 1 1 1 1 1 1 1 1 1 1 1 1 1 1 1 1 1 1 1 1 1 1 1 1 1 1 1 1 1 1 1 1 1 1 1
 1 1 1 1 1 1 1 1 1 1 1 1 1 1 1 1 1 1 1 1 1 1 1 1 1 1 1 1 1 1 1 1 1 1 1 1 1
 1 1 1 1 1 1 1 1 1 1 1 1 1 1 1 1 1 1 1 1 1 1 1 1 1 1 1 1 1 1 1 1 1 1 1 1 1
 1 1 1 1 1 1 1 1 1 1 1 1 1 1 1 1 1 1 1 1 1 1 1 1 1 1 1 1 1 1 1 1 1 1 1 1 1
 1 1 1 1 1 1 1 1 1 1 1 1 1 1 1 1 1 1 1 1 1 1 1 1 1 1 1 1 1 1 1 1 1 1 1 1 1
 1 1 1 1 1 1 1 1 1 1 1 1 1 1 1 1 1 1 1 1 1 1 1 1 1 1 1 1 1 1 1 1 1 1 1 1 1
 1 1 1 1 1 1 1 1 1 1 1 1 1]
  Confusion Matrix:
[[  0 297]
 [  0 160]]
  Accuracy: 35.01%
  F1 Score: 0.1816
  Precision: 0.1226
  Recall: 0.3501
  MCC: 0.0000

============================================================
Test subject: S8, Range: [2709, 3169]
============================================================
  Train samples: 5147, Val samples: 1287, Test samples: 460
Epoch [1/100]
  Train Loss: 0.2827 | Train Acc: 88.28%
  Val Loss: 0.2080 | Val Acc: 92.07%
  Learning rate: 0.001000
  ✓ New best validation loss: 0.2080
Epoch [2/100]
  Train Loss: 0.1475 | Train Acc: 94.56%
  Val Loss: 0.0762 | Val Acc: 97.13%
  Learning rate: 0.001000
  ✓ New best validation loss: 0.0762
Epoch [3/100]
  Train Loss: 0.1010 | Train Acc: 96.56%
  Val Loss: 0.0367 | Val Acc: 98.68%
  Learning rate: 0.001000
  ✓ New best validation loss: 0.0367
Epoch [4/100]
  Train Loss: 0.0680 | Train Acc: 97.71%
  Val Loss: 0.0721 | Val Acc: 97.90%
  Learning rate: 0.001000
  Early stopping counter: 1/8
Epoch [5/100]
  Train Loss: 0.0618 | Train Acc: 98.06%
  Val Loss: 0.0314 | Val Acc: 98.68%
  Learning rate: 0.001000
  ✓ New best validation loss: 0.0314
Epoch [6/100]
  Train Loss: 0.0657 | Train Acc: 97.90%
  Val Loss: 0.0468 | Val Acc: 98.83%
  Learning rate: 0.001000
  Early stopping counter: 1/8
Epoch [7/100]
  Train Loss: 0.0464 | Train Acc: 98.39%
  Val Loss: 0.0544 | Val Acc: 98.45%
  Learning rate: 0.001000
  Early stopping counter: 2/8
Epoch [8/100]
  Train Loss: 0.0412 | Train Acc: 98.68%
  Val Loss: 0.0302 | Val Acc: 99.07%
  Learning rate: 0.001000
  ✓ New best validation loss: 0.0302
Epoch [9/100]
  Train Loss: 0.0584 | Train Acc: 98.13%
  Val Loss: 0.0464 | Val Acc: 98.52%
  Learning rate: 0.001000
  Early stopping counter: 1/8
Epoch [10/100]
  Train Loss: 0.0383 | Train Acc: 98.87%
  Val Loss: 0.0778 | Val Acc: 98.06%
  Learning rate: 0.001000
  Early stopping counter: 2/8
Epoch [11/100]
  Train Loss: 0.0504 | Train Acc: 98.43%
  Val Loss: 0.0529 | Val Acc: 98.21%
  Learning rate: 0.001000
  Early stopping counter: 3/8
Epoch [12/100]
  Train Loss: 0.0256 | Train Acc: 99.26%
  Val Loss: 0.0311 | Val Acc: 99.22%
  Learning rate: 0.000500
  Early stopping counter: 4/8
Epoch [13/100]
  Train Loss: 0.0091 | Train Acc: 99.81%
  Val Loss: 0.0273 | Val Acc: 99.07%
  Learning rate: 0.000500
  ✓ New best validation loss: 0.0273
Epoch [14/100]
  Train Loss: 0.0150 | Train Acc: 99.49%
  Val Loss: 0.0909 | Val Acc: 97.36%
  Learning rate: 0.000500
  Early stopping counter: 1/8
Epoch [15/100]
  Train Loss: 0.0135 | Train Acc: 99.59%
  Val Loss: 0.0509 | Val Acc: 98.06%
  Learning rate: 0.000500
  Early stopping counter: 2/8
Epoch [16/100]
  Train Loss: 0.0059 | Train Acc: 99.86%
  Val Loss: 0.0134 | Val Acc: 99.53%
  Learning rate: 0.000500
  ✓ New best validation loss: 0.0134
Epoch [17/100]
  Train Loss: 0.0040 | Train Acc: 99.88%
  Val Loss: 0.0124 | Val Acc: 99.69%
  Learning rate: 0.000500
  Early stopping counter: 1/8
Epoch [18/100]
  Train Loss: 0.0014 | Train Acc: 99.98%
  Val Loss: 0.0097 | Val Acc: 99.77%
  Learning rate: 0.000500
  ✓ New best validation loss: 0.0097
Epoch [19/100]
  Train Loss: 0.0278 | Train Acc: 99.24%
  Val Loss: 0.0195 | Val Acc: 99.38%
  Learning rate: 0.000500
  Early stopping counter: 1/8
Epoch [20/100]
  Train Loss: 0.0052 | Train Acc: 99.86%
  Val Loss: 0.0136 | Val Acc: 99.61%
  Learning rate: 0.000500
  Early stopping counter: 2/8
Epoch [21/100]
  Train Loss: 0.0202 | Train Acc: 99.48%
  Val Loss: 0.0084 | Val Acc: 99.61%
  Learning rate: 0.000500
  ✓ New best validation loss: 0.0084
Epoch [22/100]
  Train Loss: 0.0080 | Train Acc: 99.71%
  Val Loss: 0.0095 | Val Acc: 99.46%
  Learning rate: 0.000500
  Early stopping counter: 1/8
Epoch [23/100]
  Train Loss: 0.0071 | Train Acc: 99.81%
  Val Loss: 0.0219 | Val Acc: 99.53%
  Learning rate: 0.000500
  Early stopping counter: 2/8
Epoch [24/100]
  Train Loss: 0.0054 | Train Acc: 99.84%
  Val Loss: 0.0107 | Val Acc: 99.61%
  Learning rate: 0.000500
  Early stopping counter: 3/8
Epoch [25/100]
  Train Loss: 0.0113 | Train Acc: 99.79%
  Val Loss: 0.0443 | Val Acc: 98.68%
  Learning rate: 0.000250
  Early stopping counter: 4/8
Epoch [26/100]
  Train Loss: 0.0042 | Train Acc: 99.86%
  Val Loss: 0.0139 | Val Acc: 99.61%
  Learning rate: 0.000250
  Early stopping counter: 5/8
Epoch [27/100]
  Train Loss: 0.0007 | Train Acc: 100.00%
  Val Loss: 0.0183 | Val Acc: 99.61%
  Learning rate: 0.000250
  Early stopping counter: 6/8
Epoch [28/100]
  Train Loss: 0.0077 | Train Acc: 99.77%
  Val Loss: 0.0279 | Val Acc: 99.22%
  Learning rate: 0.000250
  Early stopping counter: 7/8
Epoch [29/100]
  Train Loss: 0.0029 | Train Acc: 99.90%
  Val Loss: 0.0225 | Val Acc: 99.53%
  Learning rate: 0.000125
  Early stopping counter: 8/8

Early stopping triggered after 29 epochs!
Best validation loss: 0.0084 at epoch 21

Subject S8 Results:
  Test Labels: [0 0 0 0 0 0 0 0 0 0 0 0 0 0 0 0 0 0 0 0 0 0 0 0 0 0 0 0 0 0 0 0 0 0 0 0 0
 0 0 0 0 0 0 0 0 0 0 0 0 0 0 0 0 0 0 0 0 0 0 0 0 0 0 0 0 0 0 0 0 0 0 0 0 0
 0 0 0 0 0 0 0 0 0 0 0 0 0 0 0 0 0 0 0 0 0 0 0 0 0 0 0 0 0 0 0 0 0 0 0 0 0
 0 0 0 0 0 0 0 0 0 0 0 0 0 0 0 0 0 0 0 0 0 0 0 0 0 0 0 0 0 0 0 0 0 0 0 0 0
 0 0 0 0 0 0 0 0 0 0 0 0 0 0 0 0 0 0 0 0 0 0 0 0 0 0 0 0 0 0 0 0 0 0 0 0 0
 0 0 0 0 0 0 0 0 0 0 0 0 0 0 0 0 0 0 0 0 0 0 0 0 0 0 0 0 0 0 0 0 0 0 0 0 0
 0 0 0 0 0 0 0 0 0 0 0 0 0 0 0 0 0 0 0 0 0 0 0 0 0 0 0 0 0 0 0 0 0 0 0 0 0
 0 0 0 0 0 0 0 0 0 0 0 0 0 0 0 0 0 0 0 0 0 0 0 0 0 0 0 0 0 0 0 0 0 1 1 1 1
 1 1 1 1 1 1 1 1 1 1 1 1 1 1 1 1 1 1 1 1 1 1 1 1 1 1 1 1 1 1 1 1 1 1 1 1 1
 1 1 1 1 1 1 1 1 1 1 1 1 1 1 1 1 1 1 1 1 1 1 1 1 1 1 1 1 1 1 1 1 1 1 1 1 1
 1 1 1 1 1 1 1 1 1 1 1 1 1 1 1 1 1 1 1 1 1 1 1 1 1 1 1 1 1 1 1 1 1 1 1 1 1
 1 1 1 1 1 1 1 1 1 1 1 1 1 1 1 1 1 1 1 1 1 1 1 1 1 1 1 1 1 1 1 1 1 1 1 1 1
 1 1 1 1 1 1 1 1 1 1 1 1 1 1 1 1]
  Test Pred: [0 0 0 0 0 0 0 0 0 0 0 0 0 0 0 0 0 0 0 0 0 0 0 0 0 0 0 0 0 0 0 0 0 0 0 0 0
 0 0 0 0 0 0 0 0 0 0 0 0 0 0 0 0 0 0 0 0 0 0 0 0 0 0 0 0 0 0 0 0 0 0 0 0 0
 0 0 0 0 0 0 0 0 0 0 0 0 0 0 0 0 0 0 0 0 0 0 0 0 0 0 0 0 1 1 1 1 1 1 1 1 1
 1 1 1 1 1 1 0 1 1 1 0 0 1 1 1 1 1 0 0 0 1 1 0 0 0 0 0 0 0 0 0 0 0 0 0 0 0
 0 0 0 0 0 0 0 0 0 0 1 1 1 1 0 1 0 0 0 0 0 0 0 0 0 0 0 1 1 1 0 1 1 1 1 1 1
 0 1 0 1 1 0 0 1 1 1 0 0 0 0 0 0 0 0 0 0 0 0 0 0 1 1 0 1 1 1 1 1 1 1 1 1 1
 1 1 1 1 1 1 1 1 1 1 1 1 1 1 1 1 1 1 0 0 0 0 0 0 0 0 1 0 0 1 1 1 1 1 1 1 1
 1 1 1 1 0 1 0 0 0 0 0 1 1 1 1 1 1 1 1 1 0 0 0 0 0 0 0 0 0 0 0 0 0 1 1 1 0
 1 1 1 1 1 1 1 1 1 1 1 1 1 1 1 1 1 1 1 1 1 1 1 1 1 1 1 0 1 1 1 1 1 1 1 1 1
 1 1 1 1 1 1 1 1 1 1 1 1 1 1 1 1 1 1 1 1 1 1 1 0 1 1 1 1 1 1 1 1 1 1 1 1 1
 1 1 1 1 1 0 1 0 1 1 1 1 1 1 1 1 1 1 1 1 1 1 1 1 1 1 1 1 1 1 1 1 1 1 1 1 1
 1 1 1 1 1 1 1 1 1 1 1 1 1 1 1 1 1 0 1 1 1 1 1 1 1 1 1 1 1 1 1 1 1 1 1 1 0
 1 1 1 1 1 1 0 0 1 1 1 1 1 1 0 0]
  Confusion Matrix:
[[194  98]
 [ 11 157]]
  Accuracy: 76.30%
  F1 Score: 0.7667
  Precision: 0.8256
  Recall: 0.7630
  MCC: 0.5802

============================================================
Test subject: S9, Range: [3169, 3625]
============================================================
  Train samples: 5150, Val samples: 1288, Test samples: 456
Epoch [1/100]
  Train Loss: 0.2702 | Train Acc: 88.08%
  Val Loss: 0.0981 | Val Acc: 96.58%
  Learning rate: 0.001000
  ✓ New best validation loss: 0.0981
Epoch [2/100]
  Train Loss: 0.1261 | Train Acc: 95.90%
  Val Loss: 0.1982 | Val Acc: 93.01%
  Learning rate: 0.001000
  Early stopping counter: 1/8
Epoch [3/100]
  Train Loss: 0.0928 | Train Acc: 96.62%
  Val Loss: 0.2155 | Val Acc: 93.79%
  Learning rate: 0.001000
  Early stopping counter: 2/8
Epoch [4/100]
  Train Loss: 0.0563 | Train Acc: 98.10%
  Val Loss: 0.0427 | Val Acc: 98.68%
  Learning rate: 0.001000
  ✓ New best validation loss: 0.0427
Epoch [5/100]
  Train Loss: 0.1175 | Train Acc: 95.90%
  Val Loss: 0.0893 | Val Acc: 95.81%
  Learning rate: 0.001000
  Early stopping counter: 1/8
Epoch [6/100]
  Train Loss: 0.0892 | Train Acc: 96.25%
  Val Loss: 0.1419 | Val Acc: 94.95%
  Learning rate: 0.001000
  Early stopping counter: 2/8
Epoch [7/100]
  Train Loss: 0.0690 | Train Acc: 97.09%
  Val Loss: 0.1079 | Val Acc: 95.26%
  Learning rate: 0.001000
  Early stopping counter: 3/8
Epoch [8/100]
  Train Loss: 0.0827 | Train Acc: 96.33%
  Val Loss: 0.0667 | Val Acc: 96.35%
  Learning rate: 0.000500
  Early stopping counter: 4/8
Epoch [9/100]
  Train Loss: 0.0420 | Train Acc: 98.35%
  Val Loss: 0.1263 | Val Acc: 95.96%
  Learning rate: 0.000500
  Early stopping counter: 5/8
Epoch [10/100]
  Train Loss: 0.0321 | Train Acc: 98.87%
  Val Loss: 0.0134 | Val Acc: 99.69%
  Learning rate: 0.000500
  ✓ New best validation loss: 0.0134
Epoch [11/100]
  Train Loss: 0.0153 | Train Acc: 99.63%
  Val Loss: 0.0514 | Val Acc: 98.76%
  Learning rate: 0.000500
  Early stopping counter: 1/8
Epoch [12/100]
  Train Loss: 0.0182 | Train Acc: 99.51%
  Val Loss: 0.0602 | Val Acc: 98.60%
  Learning rate: 0.000500
  Early stopping counter: 2/8
Epoch [13/100]
  Train Loss: 0.0197 | Train Acc: 99.38%
  Val Loss: 0.0109 | Val Acc: 99.61%
  Learning rate: 0.000500
  ✓ New best validation loss: 0.0109
Epoch [14/100]
  Train Loss: 0.0091 | Train Acc: 99.75%
  Val Loss: 0.0196 | Val Acc: 99.46%
  Learning rate: 0.000500
  Early stopping counter: 1/8
Epoch [15/100]
  Train Loss: 0.0095 | Train Acc: 99.77%
  Val Loss: 0.0246 | Val Acc: 99.30%
  Learning rate: 0.000500
  Early stopping counter: 2/8
Epoch [16/100]
  Train Loss: 0.0123 | Train Acc: 99.65%
  Val Loss: 0.0732 | Val Acc: 97.98%
  Learning rate: 0.000500
  Early stopping counter: 3/8
Epoch [17/100]
  Train Loss: 0.0163 | Train Acc: 99.50%
  Val Loss: 0.0210 | Val Acc: 99.30%
  Learning rate: 0.000250
  Early stopping counter: 4/8
Epoch [18/100]
  Train Loss: 0.0071 | Train Acc: 99.73%
  Val Loss: 0.0185 | Val Acc: 99.61%
  Learning rate: 0.000250
  Early stopping counter: 5/8
Epoch [19/100]
  Train Loss: 0.0023 | Train Acc: 99.98%
  Val Loss: 0.0128 | Val Acc: 99.77%
  Learning rate: 0.000250
  Early stopping counter: 6/8
Epoch [20/100]
  Train Loss: 0.0022 | Train Acc: 99.96%
  Val Loss: 0.0722 | Val Acc: 98.91%
  Learning rate: 0.000250
  Early stopping counter: 7/8
Epoch [21/100]
  Train Loss: 0.0036 | Train Acc: 99.94%
  Val Loss: 0.0121 | Val Acc: 99.84%
  Learning rate: 0.000125
  Early stopping counter: 8/8

Early stopping triggered after 21 epochs!
Best validation loss: 0.0109 at epoch 13

Subject S9 Results:
  Test Labels: [0 0 0 0 0 0 0 0 0 0 0 0 0 0 0 0 0 0 0 0 0 0 0 0 0 0 0 0 0 0 0 0 0 0 0 0 0
 0 0 0 0 0 0 0 0 0 0 0 0 0 0 0 0 0 0 0 0 0 0 0 0 0 0 0 0 0 0 0 0 0 0 0 0 0
 0 0 0 0 0 0 0 0 0 0 0 0 0 0 0 0 0 0 0 0 0 0 0 0 0 0 0 0 0 0 0 0 0 0 0 0 0
 0 0 0 0 0 0 0 0 0 0 0 0 0 0 0 0 0 0 0 0 0 0 0 0 0 0 0 0 0 0 0 0 0 0 0 0 0
 0 0 0 0 0 0 0 0 0 0 0 0 0 0 0 0 0 0 0 0 0 0 0 0 0 0 0 0 0 0 0 0 0 0 0 0 0
 0 0 0 0 0 0 0 0 0 0 0 0 0 0 0 0 0 0 0 0 0 0 0 0 0 0 0 0 0 0 0 0 0 0 0 0 0
 0 0 0 0 0 0 0 0 0 0 0 0 0 0 0 0 0 0 0 0 0 0 0 0 0 0 0 0 0 0 0 0 0 0 0 0 0
 0 0 0 0 0 0 0 0 0 0 0 0 0 0 0 0 0 0 0 0 0 0 0 0 0 0 0 0 0 0 0 0 0 0 0 0 1
 1 1 1 1 1 1 1 1 1 1 1 1 1 1 1 1 1 1 1 1 1 1 1 1 1 1 1 1 1 1 1 1 1 1 1 1 1
 1 1 1 1 1 1 1 1 1 1 1 1 1 1 1 1 1 1 1 1 1 1 1 1 1 1 1 1 1 1 1 1 1 1 1 1 1
 1 1 1 1 1 1 1 1 1 1 1 1 1 1 1 1 1 1 1 1 1 1 1 1 1 1 1 1 1 1 1 1 1 1 1 1 1
 1 1 1 1 1 1 1 1 1 1 1 1 1 1 1 1 1 1 1 1 1 1 1 1 1 1 1 1 1 1 1 1 1 1 1 1 1
 1 1 1 1 1 1 1 1 1 1 1 1]
  Test Pred: [0 0 0 0 0 0 0 0 0 0 0 0 0 0 0 0 0 0 0 0 0 0 0 0 0 0 0 0 0 0 0 0 0 0 0 0 0
 0 0 0 0 0 0 0 0 0 0 0 0 0 0 0 0 0 0 0 0 0 0 0 0 0 0 0 0 0 0 0 0 0 0 0 0 0
 0 0 0 0 0 0 0 0 0 0 0 0 0 0 0 0 0 0 0 0 0 0 0 0 0 0 0 0 0 0 0 0 0 0 0 0 0
 0 0 0 0 0 0 0 0 0 0 0 0 0 0 0 0 0 0 0 0 0 0 0 0 0 0 0 0 0 0 0 0 0 0 0 0 0
 0 0 0 0 0 0 0 0 0 0 0 0 0 0 0 0 0 0 0 0 0 0 0 0 0 0 0 0 0 0 0 0 0 0 0 0 0
 0 0 0 0 0 0 0 0 0 0 0 0 0 1 0 0 1 0 0 1 0 0 0 0 0 0 0 0 0 0 0 0 0 0 0 0 0
 0 0 0 0 0 0 0 0 0 0 0 0 0 0 0 0 0 0 0 0 0 0 0 0 0 0 0 0 0 0 0 0 0 0 0 0 0
 0 0 0 0 0 0 0 0 0 0 0 0 0 0 0 0 0 0 1 0 0 1 1 0 0 1 1 1 1 1 1 1 1 1 0 0 0
 1 0 1 0 0 0 1 0 0 1 1 1 1 1 0 1 1 0 0 1 1 1 0 0 0 0 0 0 0 1 1 0 0 0 0 1 1
 1 1 1 1 0 0 0 0 0 0 0 1 1 1 0 1 1 1 1 1 1 0 1 0 1 0 1 1 1 1 1 1 1 0 1 1 0
 0 0 0 0 0 0 0 0 0 0 0 0 0 0 0 0 0 0 0 0 0 0 0 0 0 0 0 0 0 0 0 0 0 0 0 0 0
 1 0 0 0 0 0 0 0 0 0 0 0 0 0 0 0 0 0 0 0 0 0 0 0 0 0 0 0 0 0 0 0 0 0 0 0 0
 1 1 0 0 0 0 0 0 0 0 0 0]
  Confusion Matrix:
[[280  15]
 [117  44]]
  Accuracy: 71.05%
  F1 Score: 0.6648
  Precision: 0.7196
  Recall: 0.7105
  MCC: 0.3168

============================================================
Test subject: S10, Range: [3625, 4101]
============================================================
  Train samples: 5134, Val samples: 1284, Test samples: 476
Epoch [1/100]
  Train Loss: 0.3064 | Train Acc: 86.66%
  Val Loss: 0.1946 | Val Acc: 91.59%
  Learning rate: 0.001000
  ✓ New best validation loss: 0.1946
Epoch [2/100]
  Train Loss: 0.1321 | Train Acc: 95.42%
  Val Loss: 0.1201 | Val Acc: 95.95%
  Learning rate: 0.001000
  ✓ New best validation loss: 0.1201
Epoch [3/100]
  Train Loss: 0.0730 | Train Acc: 97.57%
  Val Loss: 0.0665 | Val Acc: 97.90%
  Learning rate: 0.001000
  ✓ New best validation loss: 0.0665
Epoch [4/100]
  Train Loss: 0.0600 | Train Acc: 98.05%
  Val Loss: 0.0302 | Val Acc: 99.22%
  Learning rate: 0.001000
  ✓ New best validation loss: 0.0302
Epoch [5/100]
  Train Loss: 0.0756 | Train Acc: 97.43%
  Val Loss: 0.0284 | Val Acc: 99.38%
  Learning rate: 0.001000
  ✓ New best validation loss: 0.0284
Epoch [6/100]
  Train Loss: 0.0487 | Train Acc: 98.48%
  Val Loss: 0.0278 | Val Acc: 99.38%
  Learning rate: 0.001000
  Early stopping counter: 1/8
Epoch [7/100]
  Train Loss: 0.0569 | Train Acc: 98.09%
  Val Loss: 0.0321 | Val Acc: 99.30%
  Learning rate: 0.001000
  Early stopping counter: 2/8
Epoch [8/100]
  Train Loss: 0.0312 | Train Acc: 98.85%
  Val Loss: 0.0466 | Val Acc: 98.29%
  Learning rate: 0.001000
  Early stopping counter: 3/8
Epoch [9/100]
  Train Loss: 0.0302 | Train Acc: 98.95%
  Val Loss: 0.0344 | Val Acc: 98.99%
  Learning rate: 0.001000
  Early stopping counter: 4/8
Epoch [10/100]
  Train Loss: 0.0317 | Train Acc: 98.97%
  Val Loss: 0.0268 | Val Acc: 99.14%
  Learning rate: 0.001000
  ✓ New best validation loss: 0.0268
Epoch [11/100]
  Train Loss: 0.0248 | Train Acc: 99.28%
  Val Loss: 0.0242 | Val Acc: 99.53%
  Learning rate: 0.001000
  ✓ New best validation loss: 0.0242
Epoch [12/100]
  Train Loss: 0.0290 | Train Acc: 99.08%
  Val Loss: 0.0102 | Val Acc: 99.69%
  Learning rate: 0.001000
  ✓ New best validation loss: 0.0102
Epoch [13/100]
  Train Loss: 0.0225 | Train Acc: 99.26%
  Val Loss: 0.0122 | Val Acc: 99.53%
  Learning rate: 0.001000
  Early stopping counter: 1/8
Epoch [14/100]
  Train Loss: 0.0323 | Train Acc: 98.97%
  Val Loss: 0.0238 | Val Acc: 99.30%
  Learning rate: 0.001000
  Early stopping counter: 2/8
Epoch [15/100]
  Train Loss: 0.0323 | Train Acc: 99.05%
  Val Loss: 0.0407 | Val Acc: 98.68%
  Learning rate: 0.001000
  Early stopping counter: 3/8
Epoch [16/100]
  Train Loss: 0.0269 | Train Acc: 99.07%
  Val Loss: 0.1459 | Val Acc: 94.16%
  Learning rate: 0.000500
  Early stopping counter: 4/8
Epoch [17/100]
  Train Loss: 0.0135 | Train Acc: 99.44%
  Val Loss: 0.0081 | Val Acc: 99.77%
  Learning rate: 0.000500
  ✓ New best validation loss: 0.0081
Epoch [18/100]
  Train Loss: 0.0048 | Train Acc: 99.88%
  Val Loss: 0.0139 | Val Acc: 99.53%
  Learning rate: 0.000500
  Early stopping counter: 1/8
Epoch [19/100]
  Train Loss: 0.0119 | Train Acc: 99.67%
  Val Loss: 0.0202 | Val Acc: 99.53%
  Learning rate: 0.000500
  Early stopping counter: 2/8
Epoch [20/100]
  Train Loss: 0.0053 | Train Acc: 99.84%
  Val Loss: 0.0126 | Val Acc: 99.61%
  Learning rate: 0.000500
  Early stopping counter: 3/8
Epoch [21/100]
  Train Loss: 0.0055 | Train Acc: 99.81%
  Val Loss: 0.0036 | Val Acc: 99.92%
  Learning rate: 0.000500
  ✓ New best validation loss: 0.0036
Epoch [22/100]
  Train Loss: 0.0196 | Train Acc: 99.38%
  Val Loss: 0.0138 | Val Acc: 99.53%
  Learning rate: 0.000500
  Early stopping counter: 1/8
Epoch [23/100]
  Train Loss: 0.0062 | Train Acc: 99.86%
  Val Loss: 0.0071 | Val Acc: 99.77%
  Learning rate: 0.000500
  Early stopping counter: 2/8
Epoch [24/100]
  Train Loss: 0.0025 | Train Acc: 99.92%
  Val Loss: 0.0124 | Val Acc: 99.84%
  Learning rate: 0.000500
  Early stopping counter: 3/8
Epoch [25/100]
  Train Loss: 0.0115 | Train Acc: 99.71%
  Val Loss: 0.0060 | Val Acc: 99.92%
  Learning rate: 0.000250
  Early stopping counter: 4/8
Epoch [26/100]
  Train Loss: 0.0034 | Train Acc: 99.90%
  Val Loss: 0.0090 | Val Acc: 99.77%
  Learning rate: 0.000250
  Early stopping counter: 5/8
Epoch [27/100]
  Train Loss: 0.0007 | Train Acc: 100.00%
  Val Loss: 0.0059 | Val Acc: 99.92%
  Learning rate: 0.000250
  Early stopping counter: 6/8
Epoch [28/100]
  Train Loss: 0.0003 | Train Acc: 100.00%
  Val Loss: 0.0054 | Val Acc: 99.92%
  Learning rate: 0.000250
  Early stopping counter: 7/8
Epoch [29/100]
  Train Loss: 0.0002 | Train Acc: 100.00%
  Val Loss: 0.0057 | Val Acc: 99.92%
  Learning rate: 0.000125
  Early stopping counter: 8/8

Early stopping triggered after 29 epochs!
Best validation loss: 0.0036 at epoch 21

Subject S10 Results:
  Test Labels: [0 0 0 0 0 0 0 0 0 0 0 0 0 0 0 0 0 0 0 0 0 0 0 0 0 0 0 0 0 0 0 0 0 0 0 0 0
 0 0 0 0 0 0 0 0 0 0 0 0 0 0 0 0 0 0 0 0 0 0 0 0 0 0 0 0 0 0 0 0 0 0 0 0 0
 0 0 0 0 0 0 0 0 0 0 0 0 0 0 0 0 0 0 0 0 0 0 0 0 0 0 0 0 0 0 0 0 0 0 0 0 0
 0 0 0 0 0 0 0 0 0 0 0 0 0 0 0 0 0 0 0 0 0 0 0 0 0 0 0 0 0 0 0 0 0 0 0 0 0
 0 0 0 0 0 0 0 0 0 0 0 0 0 0 0 0 0 0 0 0 0 0 0 0 0 0 0 0 0 0 0 0 0 0 0 0 0
 0 0 0 0 0 0 0 0 0 0 0 0 0 0 0 0 0 0 0 0 0 0 0 0 0 0 0 0 0 0 0 0 0 0 0 0 0
 0 0 0 0 0 0 0 0 0 0 0 0 0 0 0 0 0 0 0 0 0 0 0 0 0 0 0 0 0 0 0 0 0 0 0 0 0
 0 0 0 0 0 0 0 0 0 0 0 0 0 0 0 0 0 0 0 0 0 0 0 0 0 0 0 0 0 0 0 0 0 0 0 0 1
 1 1 1 1 1 1 1 1 1 1 1 1 1 1 1 1 1 1 1 1 1 1 1 1 1 1 1 1 1 1 1 1 1 1 1 1 1
 1 1 1 1 1 1 1 1 1 1 1 1 1 1 1 1 1 1 1 1 1 1 1 1 1 1 1 1 1 1 1 1 1 1 1 1 1
 1 1 1 1 1 1 1 1 1 1 1 1 1 1 1 1 1 1 1 1 1 1 1 1 1 1 1 1 1 1 1 1 1 1 1 1 1
 1 1 1 1 1 1 1 1 1 1 1 1 1 1 1 1 1 1 1 1 1 1 1 1 1 1 1 1 1 1 1 1 1 1 1 1 1
 1 1 1 1 1 1 1 1 1 1 1 1 1 1 1 1 1 1 1 1 1 1 1 1 1 1 1 1 1 1 1 1]
  Test Pred: [0 0 0 0 0 0 0 0 0 0 0 0 0 0 0 0 0 0 0 0 0 0 0 0 0 0 0 0 0 0 0 0 0 0 0 0 0
 0 0 0 0 0 0 0 0 0 0 0 0 0 0 0 0 0 0 0 0 0 0 0 0 0 0 0 0 0 0 0 0 0 0 0 0 0
 0 0 0 0 0 0 0 0 0 0 0 0 0 0 0 0 0 0 0 0 0 0 0 0 0 0 0 0 0 0 0 0 0 0 0 0 0
 0 0 0 0 0 0 0 0 0 0 0 0 0 0 0 0 0 0 0 0 0 0 0 0 0 0 0 0 0 0 0 0 0 0 0 0 0
 0 0 0 0 0 0 0 0 0 0 0 0 0 0 0 0 0 0 0 0 0 0 0 0 0 0 0 0 0 0 0 0 0 0 0 0 0
 0 0 0 0 0 0 0 0 0 0 0 0 0 0 0 0 0 0 0 0 0 0 0 0 0 0 0 0 0 0 0 0 0 0 0 0 0
 0 0 0 0 0 0 0 0 0 0 0 0 0 0 0 0 0 0 0 0 0 0 0 0 0 0 0 0 0 0 0 0 0 0 0 0 0
 0 0 0 0 0 0 0 0 0 0 0 0 0 0 0 0 0 0 0 0 0 0 0 0 0 0 0 0 0 0 0 0 0 0 0 0 0
 0 0 0 0 0 0 0 0 0 0 0 0 0 0 0 0 0 0 0 0 0 0 0 0 0 0 0 0 0 0 0 0 0 0 0 0 0
 0 0 1 1 1 0 1 1 0 0 0 0 0 0 0 0 0 0 0 0 0 1 1 1 1 1 0 0 0 1 0 1 1 0 0 0 0
 0 0 1 0 0 0 1 0 1 1 1 0 0 0 0 0 1 0 0 0 0 0 0 1 1 1 1 0 0 1 1 0 1 1 0 0 0
 1 1 0 0 0 0 0 0 0 0 0 1 0 0 0 0 0 0 0 0 0 0 1 0 1 0 0 0 0 0 0 0 0 0 0 0 0
 0 0 0 0 0 0 0 0 0 0 0 0 0 0 0 0 0 1 1 0 0 0 0 0 0 0 0 0 0 0 0 0]
  Confusion Matrix:
[[295   0]
 [147  34]]
  Accuracy: 69.12%
  F1 Score: 0.6164
  Precision: 0.7939
  Recall: 0.6912
  MCC: 0.3541

============================================================
Test subject: S11, Range: [4101, 4566]
============================================================
  Train samples: 5143, Val samples: 1286, Test samples: 465
Epoch [1/100]
  Train Loss: 0.2890 | Train Acc: 88.22%
  Val Loss: 0.0949 | Val Acc: 96.66%
  Learning rate: 0.001000
  ✓ New best validation loss: 0.0949
Epoch [2/100]
  Train Loss: 0.1015 | Train Acc: 96.69%
  Val Loss: 0.0823 | Val Acc: 97.28%
  Learning rate: 0.001000
  ✓ New best validation loss: 0.0823
Epoch [3/100]
  Train Loss: 0.0878 | Train Acc: 97.26%
  Val Loss: 0.1067 | Val Acc: 96.58%
  Learning rate: 0.001000
  Early stopping counter: 1/8
Epoch [4/100]
  Train Loss: 0.0614 | Train Acc: 98.04%
  Val Loss: 0.0224 | Val Acc: 99.46%
  Learning rate: 0.001000
  ✓ New best validation loss: 0.0224
Epoch [5/100]
  Train Loss: 0.0438 | Train Acc: 98.43%
  Val Loss: 0.0239 | Val Acc: 99.38%
  Learning rate: 0.001000
  Early stopping counter: 1/8
Epoch [6/100]
  Train Loss: 0.0379 | Train Acc: 98.78%
  Val Loss: 0.0576 | Val Acc: 98.13%
  Learning rate: 0.001000
  Early stopping counter: 2/8
Epoch [7/100]
  Train Loss: 0.0653 | Train Acc: 97.94%
  Val Loss: 0.0358 | Val Acc: 99.22%
  Learning rate: 0.001000
  Early stopping counter: 3/8
Epoch [8/100]
  Train Loss: 0.0404 | Train Acc: 98.83%
  Val Loss: 0.0203 | Val Acc: 99.61%
  Learning rate: 0.001000
  ✓ New best validation loss: 0.0203
Epoch [9/100]
  Train Loss: 0.0438 | Train Acc: 98.74%
  Val Loss: 0.0212 | Val Acc: 99.46%
  Learning rate: 0.001000
  Early stopping counter: 1/8
Epoch [10/100]
  Train Loss: 0.0470 | Train Acc: 98.48%
  Val Loss: 0.0124 | Val Acc: 99.77%
  Learning rate: 0.001000
  ✓ New best validation loss: 0.0124
Epoch [11/100]
  Train Loss: 0.0233 | Train Acc: 99.26%
  Val Loss: 0.0137 | Val Acc: 99.61%
  Learning rate: 0.001000
  Early stopping counter: 1/8
Epoch [12/100]
  Train Loss: 0.0341 | Train Acc: 98.91%
  Val Loss: 0.0200 | Val Acc: 99.38%
  Learning rate: 0.001000
  Early stopping counter: 2/8
Epoch [13/100]
  Train Loss: 0.0306 | Train Acc: 99.14%
  Val Loss: 0.0323 | Val Acc: 99.46%
  Learning rate: 0.001000
  Early stopping counter: 3/8
Epoch [14/100]
  Train Loss: 0.0267 | Train Acc: 99.14%
  Val Loss: 0.0221 | Val Acc: 99.38%
  Learning rate: 0.000500
  Early stopping counter: 4/8
Epoch [15/100]
  Train Loss: 0.0083 | Train Acc: 99.77%
  Val Loss: 0.0080 | Val Acc: 99.77%
  Learning rate: 0.000500
  ✓ New best validation loss: 0.0080
Epoch [16/100]
  Train Loss: 0.0037 | Train Acc: 99.86%
  Val Loss: 0.0196 | Val Acc: 99.69%
  Learning rate: 0.000500
  Early stopping counter: 1/8
Epoch [17/100]
  Train Loss: 0.0062 | Train Acc: 99.79%
  Val Loss: 0.0120 | Val Acc: 99.77%
  Learning rate: 0.000500
  Early stopping counter: 2/8
Epoch [18/100]
  Train Loss: 0.0013 | Train Acc: 99.96%
  Val Loss: 0.0100 | Val Acc: 99.84%
  Learning rate: 0.000500
  Early stopping counter: 3/8
Epoch [19/100]
  Train Loss: 0.0006 | Train Acc: 100.00%
  Val Loss: 0.0106 | Val Acc: 99.84%
  Learning rate: 0.000250
  Early stopping counter: 4/8
Epoch [20/100]
  Train Loss: 0.0006 | Train Acc: 100.00%
  Val Loss: 0.0052 | Val Acc: 99.84%
  Learning rate: 0.000250
  ✓ New best validation loss: 0.0052
Epoch [21/100]
  Train Loss: 0.0011 | Train Acc: 99.96%
  Val Loss: 0.0164 | Val Acc: 99.38%
  Learning rate: 0.000250
  Early stopping counter: 1/8
Epoch [22/100]
  Train Loss: 0.0029 | Train Acc: 99.96%
  Val Loss: 0.0072 | Val Acc: 99.92%
  Learning rate: 0.000250
  Early stopping counter: 2/8
Epoch [23/100]
  Train Loss: 0.0021 | Train Acc: 99.90%
  Val Loss: 0.0221 | Val Acc: 99.69%
  Learning rate: 0.000250
  Early stopping counter: 3/8
Epoch [24/100]
  Train Loss: 0.0004 | Train Acc: 100.00%
  Val Loss: 0.0195 | Val Acc: 99.77%
  Learning rate: 0.000125
  Early stopping counter: 4/8
Epoch [25/100]
  Train Loss: 0.0003 | Train Acc: 100.00%
  Val Loss: 0.0191 | Val Acc: 99.77%
  Learning rate: 0.000125
  Early stopping counter: 5/8
Epoch [26/100]
  Train Loss: 0.0002 | Train Acc: 100.00%
  Val Loss: 0.0178 | Val Acc: 99.77%
  Learning rate: 0.000125
  Early stopping counter: 6/8
Epoch [27/100]
  Train Loss: 0.0002 | Train Acc: 100.00%
  Val Loss: 0.0186 | Val Acc: 99.77%
  Learning rate: 0.000125
  Early stopping counter: 7/8
Epoch [28/100]
  Train Loss: 0.0002 | Train Acc: 100.00%
  Val Loss: 0.0188 | Val Acc: 99.77%
  Learning rate: 0.000063
  Early stopping counter: 8/8

Early stopping triggered after 28 epochs!
Best validation loss: 0.0052 at epoch 20

Subject S11 Results:
  Test Labels: [0 0 0 0 0 0 0 0 0 0 0 0 0 0 0 0 0 0 0 0 0 0 0 0 0 0 0 0 0 0 0 0 0 0 0 0 0
 0 0 0 0 0 0 0 0 0 0 0 0 0 0 0 0 0 0 0 0 0 0 0 0 0 0 0 0 0 0 0 0 0 0 0 0 0
 0 0 0 0 0 0 0 0 0 0 0 0 0 0 0 0 0 0 0 0 0 0 0 0 0 0 0 0 0 0 0 0 0 0 0 0 0
 0 0 0 0 0 0 0 0 0 0 0 0 0 0 0 0 0 0 0 0 0 0 0 0 0 0 0 0 0 0 0 0 0 0 0 0 0
 0 0 0 0 0 0 0 0 0 0 0 0 0 0 0 0 0 0 0 0 0 0 0 0 0 0 0 0 0 0 0 0 0 0 0 0 0
 0 0 0 0 0 0 0 0 0 0 0 0 0 0 0 0 0 0 0 0 0 0 0 0 0 0 0 0 0 0 0 0 0 0 0 0 0
 0 0 0 0 0 0 0 0 0 0 0 0 0 0 0 0 0 0 0 0 0 0 0 0 0 0 0 0 0 0 0 0 0 0 0 0 0
 0 0 0 0 0 0 0 0 0 0 0 0 0 0 0 0 0 0 0 0 0 0 0 0 0 0 0 0 0 0 0 0 0 0 0 0 1
 1 1 1 1 1 1 1 1 1 1 1 1 1 1 1 1 1 1 1 1 1 1 1 1 1 1 1 1 1 1 1 1 1 1 1 1 1
 1 1 1 1 1 1 1 1 1 1 1 1 1 1 1 1 1 1 1 1 1 1 1 1 1 1 1 1 1 1 1 1 1 1 1 1 1
 1 1 1 1 1 1 1 1 1 1 1 1 1 1 1 1 1 1 1 1 1 1 1 1 1 1 1 1 1 1 1 1 1 1 1 1 1
 1 1 1 1 1 1 1 1 1 1 1 1 1 1 1 1 1 1 1 1 1 1 1 1 1 1 1 1 1 1 1 1 1 1 1 1 1
 1 1 1 1 1 1 1 1 1 1 1 1 1 1 1 1 1 1 1 1 1]
  Test Pred: [1 1 1 1 1 1 1 1 1 1 1 1 1 1 1 1 1 1 1 1 1 1 1 1 1 1 1 1 1 1 1 1 1 1 1 1 1
 1 1 1 1 1 1 1 1 1 1 1 1 1 1 1 1 1 1 1 1 1 1 1 1 1 1 1 1 1 1 1 1 1 1 1 1 1
 1 1 1 1 1 1 1 1 1 1 1 1 1 1 1 1 1 1 1 1 1 1 1 1 1 1 1 1 1 1 1 1 1 1 1 1 1
 1 1 1 1 1 1 1 1 1 1 1 1 1 1 1 1 1 1 1 1 1 1 1 1 1 1 1 1 1 1 1 1 1 1 1 1 1
 1 1 1 1 1 1 1 1 1 1 1 1 1 1 1 1 1 1 1 1 1 1 1 1 1 1 1 1 1 1 1 1 1 1 1 1 1
 1 1 1 1 1 1 1 1 1 1 1 1 1 1 1 1 1 1 1 1 1 1 1 1 1 1 1 1 1 1 1 1 1 1 1 1 1
 1 1 1 1 1 1 1 1 1 1 1 1 1 1 1 1 1 1 1 1 1 1 1 1 1 1 1 1 1 1 1 1 1 1 1 1 1
 1 1 1 1 1 1 1 1 1 1 1 1 1 1 1 0 1 1 1 1 1 1 1 1 1 1 1 1 1 1 1 0 1 1 1 1 1
 1 1 1 1 1 1 1 1 1 1 1 1 1 1 1 1 1 1 1 1 1 1 1 1 1 1 1 1 1 1 1 1 1 1 1 1 1
 1 1 1 1 1 1 1 1 1 1 1 1 1 1 1 1 1 1 1 1 1 1 1 1 1 1 1 1 1 1 1 1 1 1 1 1 1
 1 1 1 1 1 1 1 1 1 1 1 1 1 1 1 1 1 1 1 1 1 1 1 1 1 1 1 1 1 1 1 1 1 1 1 1 1
 1 1 1 1 1 1 1 1 1 1 1 1 1 1 1 1 1 1 1 1 1 1 1 1 1 1 1 1 1 1 1 1 1 1 1 1 1
 1 1 1 1 1 1 1 1 1 1 1 1 1 1 1 1 1 1 1 1 1]
  Confusion Matrix:
[[  2 293]
 [  0 170]]
  Accuracy: 36.99%
  F1 Score: 0.2049
  Precision: 0.7686
  Recall: 0.3699
  MCC: 0.0499

============================================================
Test subject: S13, Range: [4566, 5027]
============================================================
  Train samples: 5146, Val samples: 1287, Test samples: 461
Epoch [1/100]
  Train Loss: 0.2878 | Train Acc: 86.65%
  Val Loss: 0.2850 | Val Acc: 92.31%
  Learning rate: 0.001000
  ✓ New best validation loss: 0.2850
Epoch [2/100]
  Train Loss: 0.1463 | Train Acc: 94.48%
  Val Loss: 0.1674 | Val Acc: 94.48%
  Learning rate: 0.001000
  ✓ New best validation loss: 0.1674
Epoch [3/100]
  Train Loss: 0.0864 | Train Acc: 96.93%
  Val Loss: 0.0463 | Val Acc: 98.91%
  Learning rate: 0.001000
  ✓ New best validation loss: 0.0463
Epoch [4/100]
  Train Loss: 0.0654 | Train Acc: 98.10%
  Val Loss: 0.1123 | Val Acc: 96.58%
  Learning rate: 0.001000
  Early stopping counter: 1/8
Epoch [5/100]
  Train Loss: 0.0528 | Train Acc: 98.35%
  Val Loss: 0.0384 | Val Acc: 98.68%
  Learning rate: 0.001000
  ✓ New best validation loss: 0.0384
Epoch [6/100]
  Train Loss: 0.0432 | Train Acc: 98.70%
  Val Loss: 0.0199 | Val Acc: 99.38%
  Learning rate: 0.001000
  ✓ New best validation loss: 0.0199
Epoch [7/100]
  Train Loss: 0.0395 | Train Acc: 98.78%
  Val Loss: 0.0653 | Val Acc: 97.67%
  Learning rate: 0.001000
  Early stopping counter: 1/8
Epoch [8/100]
  Train Loss: 0.0417 | Train Acc: 98.72%
  Val Loss: 0.0505 | Val Acc: 98.21%
  Learning rate: 0.001000
  Early stopping counter: 2/8
Epoch [9/100]
  Train Loss: 0.0243 | Train Acc: 99.22%
  Val Loss: 0.0158 | Val Acc: 99.53%
  Learning rate: 0.001000
  ✓ New best validation loss: 0.0158
Epoch [10/100]
  Train Loss: 0.0378 | Train Acc: 98.76%
  Val Loss: 0.0081 | Val Acc: 99.84%
  Learning rate: 0.001000
  ✓ New best validation loss: 0.0081
Epoch [11/100]
  Train Loss: 0.0218 | Train Acc: 99.42%
  Val Loss: 0.0447 | Val Acc: 98.83%
  Learning rate: 0.001000
  Early stopping counter: 1/8
Epoch [12/100]
  Train Loss: 0.0249 | Train Acc: 99.20%
  Val Loss: 0.0211 | Val Acc: 99.38%
  Learning rate: 0.001000
  Early stopping counter: 2/8
Epoch [13/100]
  Train Loss: 0.0422 | Train Acc: 98.66%
  Val Loss: 0.0707 | Val Acc: 97.51%
  Learning rate: 0.001000
  Early stopping counter: 3/8
Epoch [14/100]
  Train Loss: 0.0246 | Train Acc: 99.16%
  Val Loss: 0.0165 | Val Acc: 99.30%
  Learning rate: 0.000500
  Early stopping counter: 4/8
Epoch [15/100]
  Train Loss: 0.0070 | Train Acc: 99.79%
  Val Loss: 0.0039 | Val Acc: 99.84%
  Learning rate: 0.000500
  ✓ New best validation loss: 0.0039
Epoch [16/100]
  Train Loss: 0.0034 | Train Acc: 99.92%
  Val Loss: 0.0044 | Val Acc: 99.77%
  Learning rate: 0.000500
  Early stopping counter: 1/8
Epoch [17/100]
  Train Loss: 0.0030 | Train Acc: 99.92%
  Val Loss: 0.0017 | Val Acc: 99.92%
  Learning rate: 0.000500
  ✓ New best validation loss: 0.0017
Epoch [18/100]
  Train Loss: 0.0210 | Train Acc: 99.55%
  Val Loss: 0.0100 | Val Acc: 99.69%
  Learning rate: 0.000500
  Early stopping counter: 1/8
Epoch [19/100]
  Train Loss: 0.0055 | Train Acc: 99.88%
  Val Loss: 0.0047 | Val Acc: 99.84%
  Learning rate: 0.000500
  Early stopping counter: 2/8
Epoch [20/100]
  Train Loss: 0.0086 | Train Acc: 99.69%
  Val Loss: 0.0148 | Val Acc: 99.61%
  Learning rate: 0.000500
  Early stopping counter: 3/8
Epoch [21/100]
  Train Loss: 0.0139 | Train Acc: 99.63%
  Val Loss: 0.0051 | Val Acc: 99.84%
  Learning rate: 0.000250
  Early stopping counter: 4/8
Epoch [22/100]
  Train Loss: 0.0013 | Train Acc: 99.96%
  Val Loss: 0.0065 | Val Acc: 99.77%
  Learning rate: 0.000250
  Early stopping counter: 5/8
Epoch [23/100]
  Train Loss: 0.0005 | Train Acc: 100.00%
  Val Loss: 0.0037 | Val Acc: 99.84%
  Learning rate: 0.000250
  Early stopping counter: 6/8
Epoch [24/100]
  Train Loss: 0.0004 | Train Acc: 100.00%
  Val Loss: 0.0048 | Val Acc: 99.84%
  Learning rate: 0.000250
  Early stopping counter: 7/8
Epoch [25/100]
  Train Loss: 0.0002 | Train Acc: 100.00%
  Val Loss: 0.0044 | Val Acc: 99.84%
  Learning rate: 0.000125
  Early stopping counter: 8/8

Early stopping triggered after 25 epochs!
Best validation loss: 0.0017 at epoch 17

Subject S13 Results:
  Test Labels: [0 0 0 0 0 0 0 0 0 0 0 0 0 0 0 0 0 0 0 0 0 0 0 0 0 0 0 0 0 0 0 0 0 0 0 0 0
 0 0 0 0 0 0 0 0 0 0 0 0 0 0 0 0 0 0 0 0 0 0 0 0 0 0 0 0 0 0 0 0 0 0 0 0 0
 0 0 0 0 0 0 0 0 0 0 0 0 0 0 0 0 0 0 0 0 0 0 0 0 0 0 0 0 0 0 0 0 0 0 0 0 0
 0 0 0 0 0 0 0 0 0 0 0 0 0 0 0 0 0 0 0 0 0 0 0 0 0 0 0 0 0 0 0 0 0 0 0 0 0
 0 0 0 0 0 0 0 0 0 0 0 0 0 0 0 0 0 0 0 0 0 0 0 0 0 0 0 0 0 0 0 0 0 0 0 0 0
 0 0 0 0 0 0 0 0 0 0 0 0 0 0 0 0 0 0 0 0 0 0 0 0 0 0 0 0 0 0 0 0 0 0 0 0 0
 0 0 0 0 0 0 0 0 0 0 0 0 0 0 0 0 0 0 0 0 0 0 0 0 0 0 0 0 0 0 0 0 0 0 0 0 0
 0 0 0 0 0 0 0 0 0 0 0 0 0 0 0 0 0 0 0 0 0 0 0 0 0 0 0 0 0 0 0 0 0 0 0 0 1
 1 1 1 1 1 1 1 1 1 1 1 1 1 1 1 1 1 1 1 1 1 1 1 1 1 1 1 1 1 1 1 1 1 1 1 1 1
 1 1 1 1 1 1 1 1 1 1 1 1 1 1 1 1 1 1 1 1 1 1 1 1 1 1 1 1 1 1 1 1 1 1 1 1 1
 1 1 1 1 1 1 1 1 1 1 1 1 1 1 1 1 1 1 1 1 1 1 1 1 1 1 1 1 1 1 1 1 1 1 1 1 1
 1 1 1 1 1 1 1 1 1 1 1 1 1 1 1 1 1 1 1 1 1 1 1 1 1 1 1 1 1 1 1 1 1 1 1 1 1
 1 1 1 1 1 1 1 1 1 1 1 1 1 1 1 1 1]
  Test Pred: [1 1 0 1 0 1 0 0 0 0 0 0 0 0 1 0 0 0 0 0 0 0 0 0 0 0 0 0 0 0 0 0 0 0 0 0 0
 0 0 0 0 0 0 0 0 0 0 0 0 0 0 0 0 0 0 0 0 0 0 0 0 0 0 0 0 0 0 0 0 0 0 0 0 0
 0 0 0 0 0 0 0 0 0 0 0 0 0 0 0 0 0 0 0 0 0 0 0 0 0 0 0 0 0 0 0 0 0 0 0 0 0
 0 1 0 0 0 0 0 0 0 0 0 0 0 0 0 0 0 0 0 0 0 0 0 0 0 0 0 0 0 0 0 0 0 0 0 0 0
 0 0 0 0 0 0 0 0 0 0 0 0 0 0 0 0 0 0 0 0 1 0 0 0 0 0 0 0 0 0 0 0 0 0 0 0 0
 0 0 0 0 0 0 0 0 0 0 0 0 0 0 0 0 0 0 0 0 0 0 0 0 0 0 0 0 0 0 0 0 0 0 0 0 0
 0 0 0 0 0 0 0 0 0 0 0 0 0 0 0 0 0 0 0 0 0 0 0 0 0 0 0 0 0 0 0 0 0 0 0 0 0
 0 0 0 0 0 0 0 0 0 0 0 0 0 0 0 0 0 0 0 0 0 0 0 0 0 0 0 0 0 0 0 0 0 0 0 0 1
 1 1 1 1 1 0 0 0 1 0 0 0 0 0 1 1 1 1 1 1 1 1 1 1 1 1 1 1 1 1 0 1 1 0 1 0 0
 0 0 0 0 0 0 0 0 0 0 0 0 0 0 0 0 0 0 0 0 0 0 0 0 0 0 0 0 0 0 0 0 0 0 0 0 0
 0 0 0 0 0 0 0 0 0 0 0 0 0 0 0 0 0 0 0 0 0 0 1 0 0 0 0 0 1 0 0 1 0 1 1 1 1
 1 0 1 1 0 1 1 1 1 1 1 1 1 1 1 1 1 1 1 1 1 1 1 1 1 1 1 1 1 1 1 1 1 1 1 0 0
 1 1 1 1 1 1 1 1 1 0 1 1 1 1 0 1 1]
  Confusion Matrix:
[[288   7]
 [ 85  81]]
  Accuracy: 80.04%
  F1 Score: 0.7814
  Precision: 0.8255
  Recall: 0.8004
  MCC: 0.5670

============================================================
Test subject: S14, Range: [5027, 5491]
============================================================
  Train samples: 5144, Val samples: 1286, Test samples: 464
Epoch [1/100]
  Train Loss: 0.3234 | Train Acc: 84.78%
  Val Loss: 0.1811 | Val Acc: 93.31%
  Learning rate: 0.001000
  ✓ New best validation loss: 0.1811
Epoch [2/100]
  Train Loss: 0.1114 | Train Acc: 96.13%
  Val Loss: 0.0721 | Val Acc: 97.98%
  Learning rate: 0.001000
  ✓ New best validation loss: 0.0721
Epoch [3/100]
  Train Loss: 0.0813 | Train Acc: 97.22%
  Val Loss: 0.0487 | Val Acc: 98.37%
  Learning rate: 0.001000
  ✓ New best validation loss: 0.0487
Epoch [4/100]
  Train Loss: 0.0548 | Train Acc: 98.29%
  Val Loss: 0.0577 | Val Acc: 98.13%
  Learning rate: 0.001000
  Early stopping counter: 1/8
Epoch [5/100]
  Train Loss: 0.0779 | Train Acc: 97.63%
  Val Loss: 0.0248 | Val Acc: 99.07%
  Learning rate: 0.001000
  ✓ New best validation loss: 0.0248
Epoch [6/100]
  Train Loss: 0.0596 | Train Acc: 98.31%
  Val Loss: 0.0331 | Val Acc: 98.99%
  Learning rate: 0.001000
  Early stopping counter: 1/8
Epoch [7/100]
  Train Loss: 0.0429 | Train Acc: 98.74%
  Val Loss: 0.0384 | Val Acc: 98.52%
  Learning rate: 0.001000
  Early stopping counter: 2/8
Epoch [8/100]
  Train Loss: 0.0501 | Train Acc: 98.52%
  Val Loss: 0.0379 | Val Acc: 98.44%
  Learning rate: 0.001000
  Early stopping counter: 3/8
Epoch [9/100]
  Train Loss: 0.0451 | Train Acc: 98.83%
  Val Loss: 0.0255 | Val Acc: 99.22%
  Learning rate: 0.000500
  Early stopping counter: 4/8
Epoch [10/100]
  Train Loss: 0.0131 | Train Acc: 99.65%
  Val Loss: 0.0325 | Val Acc: 99.14%
  Learning rate: 0.000500
  Early stopping counter: 5/8
Epoch [11/100]
  Train Loss: 0.0083 | Train Acc: 99.81%
  Val Loss: 0.0112 | Val Acc: 99.77%
  Learning rate: 0.000500
  ✓ New best validation loss: 0.0112
Epoch [12/100]
  Train Loss: 0.0066 | Train Acc: 99.81%
  Val Loss: 0.0089 | Val Acc: 99.69%
  Learning rate: 0.000500
  ✓ New best validation loss: 0.0089
Epoch [13/100]
  Train Loss: 0.0169 | Train Acc: 99.40%
  Val Loss: 0.0168 | Val Acc: 99.53%
  Learning rate: 0.000500
  Early stopping counter: 1/8
Epoch [14/100]
  Train Loss: 0.0097 | Train Acc: 99.69%
  Val Loss: 0.0265 | Val Acc: 99.38%
  Learning rate: 0.000500
  Early stopping counter: 2/8
Epoch [15/100]
  Train Loss: 0.0086 | Train Acc: 99.83%
  Val Loss: 0.0264 | Val Acc: 99.53%
  Learning rate: 0.000500
  Early stopping counter: 3/8
Epoch [16/100]
  Train Loss: 0.0234 | Train Acc: 99.24%
  Val Loss: 0.0284 | Val Acc: 99.30%
  Learning rate: 0.000250
  Early stopping counter: 4/8
Epoch [17/100]
  Train Loss: 0.0061 | Train Acc: 99.83%
  Val Loss: 0.0163 | Val Acc: 99.53%
  Learning rate: 0.000250
  Early stopping counter: 5/8
Epoch [18/100]
  Train Loss: 0.0018 | Train Acc: 99.94%
  Val Loss: 0.0196 | Val Acc: 99.38%
  Learning rate: 0.000250
  Early stopping counter: 6/8
Epoch [19/100]
  Train Loss: 0.0006 | Train Acc: 100.00%
  Val Loss: 0.0199 | Val Acc: 99.53%
  Learning rate: 0.000250
  Early stopping counter: 7/8
Epoch [20/100]
  Train Loss: 0.0003 | Train Acc: 100.00%
  Val Loss: 0.0218 | Val Acc: 99.53%
  Learning rate: 0.000125
  Early stopping counter: 8/8

Early stopping triggered after 20 epochs!
Best validation loss: 0.0089 at epoch 12

Subject S14 Results:
  Test Labels: [0 0 0 0 0 0 0 0 0 0 0 0 0 0 0 0 0 0 0 0 0 0 0 0 0 0 0 0 0 0 0 0 0 0 0 0 0
 0 0 0 0 0 0 0 0 0 0 0 0 0 0 0 0 0 0 0 0 0 0 0 0 0 0 0 0 0 0 0 0 0 0 0 0 0
 0 0 0 0 0 0 0 0 0 0 0 0 0 0 0 0 0 0 0 0 0 0 0 0 0 0 0 0 0 0 0 0 0 0 0 0 0
 0 0 0 0 0 0 0 0 0 0 0 0 0 0 0 0 0 0 0 0 0 0 0 0 0 0 0 0 0 0 0 0 0 0 0 0 0
 0 0 0 0 0 0 0 0 0 0 0 0 0 0 0 0 0 0 0 0 0 0 0 0 0 0 0 0 0 0 0 0 0 0 0 0 0
 0 0 0 0 0 0 0 0 0 0 0 0 0 0 0 0 0 0 0 0 0 0 0 0 0 0 0 0 0 0 0 0 0 0 0 0 0
 0 0 0 0 0 0 0 0 0 0 0 0 0 0 0 0 0 0 0 0 0 0 0 0 0 0 0 0 0 0 0 0 0 0 0 0 0
 0 0 0 0 0 0 0 0 0 0 0 0 0 0 0 0 0 0 0 0 0 0 0 0 0 0 0 0 0 0 0 0 0 0 0 0 1
 1 1 1 1 1 1 1 1 1 1 1 1 1 1 1 1 1 1 1 1 1 1 1 1 1 1 1 1 1 1 1 1 1 1 1 1 1
 1 1 1 1 1 1 1 1 1 1 1 1 1 1 1 1 1 1 1 1 1 1 1 1 1 1 1 1 1 1 1 1 1 1 1 1 1
 1 1 1 1 1 1 1 1 1 1 1 1 1 1 1 1 1 1 1 1 1 1 1 1 1 1 1 1 1 1 1 1 1 1 1 1 1
 1 1 1 1 1 1 1 1 1 1 1 1 1 1 1 1 1 1 1 1 1 1 1 1 1 1 1 1 1 1 1 1 1 1 1 1 1
 1 1 1 1 1 1 1 1 1 1 1 1 1 1 1 1 1 1 1 1]
  Test Pred: [0 0 0 0 0 0 0 0 0 0 0 0 0 0 0 0 0 0 0 0 0 0 0 0 0 0 0 0 0 0 0 0 0 0 0 0 0
 0 0 0 0 0 0 0 0 0 0 0 0 0 0 0 0 0 0 0 0 0 0 0 0 0 0 0 0 0 0 0 0 0 0 0 0 0
 0 0 0 0 0 0 0 0 0 0 0 0 0 0 0 0 0 0 0 0 0 0 0 0 0 0 0 0 0 0 0 0 0 0 0 0 0
 0 0 0 0 0 0 0 0 0 0 0 0 0 0 0 0 0 0 0 0 0 0 0 0 0 0 0 0 0 0 0 0 0 0 0 0 0
 0 0 0 0 0 0 0 0 0 0 0 0 0 0 0 0 0 0 0 0 0 0 0 0 0 0 0 0 0 0 0 0 0 0 0 0 0
 0 0 0 0 0 0 0 0 0 0 0 0 0 0 0 0 0 0 0 0 0 0 0 0 0 0 0 0 0 0 0 0 0 0 0 0 0
 1 0 0 0 0 0 0 0 0 0 1 0 1 0 0 0 0 0 0 0 0 0 0 0 0 0 0 0 0 0 0 0 0 0 0 0 0
 0 0 0 0 0 0 0 0 0 0 0 0 0 0 0 0 0 0 0 0 0 0 0 0 0 0 0 0 0 0 0 0 0 0 0 0 1
 1 1 1 1 1 1 1 1 1 1 1 1 1 1 1 1 1 1 1 1 1 1 1 1 1 1 1 1 1 1 1 1 1 1 1 1 1
 1 1 1 1 1 1 1 1 1 1 1 1 1 1 1 1 1 1 1 1 1 1 1 1 1 1 1 1 1 1 1 1 1 1 1 1 1
 1 1 1 1 1 1 1 1 1 1 1 0 1 1 1 1 1 1 1 1 1 1 1 1 1 1 1 1 1 1 1 1 1 1 1 1 1
 1 1 1 1 1 1 1 1 1 1 1 1 1 1 1 1 1 1 1 1 1 1 1 1 1 1 1 1 1 1 1 1 1 1 1 1 1
 1 1 1 1 1 1 1 1 1 1 1 1 1 1 1 1 1 1 1 1]
  Confusion Matrix:
[[292   3]
 [  1 168]]
  Accuracy: 99.14%
  F1 Score: 0.9914
  Precision: 0.9914
  Recall: 0.9914
  MCC: 0.9815

============================================================
Test subject: S15, Range: [5491, 5955]
============================================================
  Train samples: 5144, Val samples: 1286, Test samples: 464
Epoch [1/100]
  Train Loss: 0.3231 | Train Acc: 85.19%
  Val Loss: 0.1015 | Val Acc: 95.96%
  Learning rate: 0.001000
  ✓ New best validation loss: 0.1015
Epoch [2/100]
  Train Loss: 0.1377 | Train Acc: 94.89%
  Val Loss: 0.1046 | Val Acc: 96.27%
  Learning rate: 0.001000
  Early stopping counter: 1/8
Epoch [3/100]
  Train Loss: 0.0777 | Train Acc: 97.30%
  Val Loss: 0.1629 | Val Acc: 94.40%
  Learning rate: 0.001000
  Early stopping counter: 2/8
Epoch [4/100]
  Train Loss: 0.0681 | Train Acc: 97.67%
  Val Loss: 0.0526 | Val Acc: 98.21%
  Learning rate: 0.001000
  ✓ New best validation loss: 0.0526
Epoch [5/100]
  Train Loss: 0.0436 | Train Acc: 98.56%
  Val Loss: 0.0693 | Val Acc: 97.90%
  Learning rate: 0.001000
  Early stopping counter: 1/8
Epoch [6/100]
  Train Loss: 0.0487 | Train Acc: 98.50%
  Val Loss: 0.0217 | Val Acc: 99.46%
  Learning rate: 0.001000
  ✓ New best validation loss: 0.0217
Epoch [7/100]
  Train Loss: 0.0252 | Train Acc: 99.18%
  Val Loss: 0.0320 | Val Acc: 98.83%
  Learning rate: 0.001000
  Early stopping counter: 1/8
Epoch [8/100]
  Train Loss: 0.0369 | Train Acc: 98.89%
  Val Loss: 0.0831 | Val Acc: 97.74%
  Learning rate: 0.001000
  Early stopping counter: 2/8
Epoch [9/100]
  Train Loss: 0.0787 | Train Acc: 97.45%
  Val Loss: 0.0849 | Val Acc: 97.74%
  Learning rate: 0.001000
  Early stopping counter: 3/8
Epoch [10/100]
  Train Loss: 0.0461 | Train Acc: 98.66%
  Val Loss: 0.0183 | Val Acc: 99.38%
  Learning rate: 0.001000
  ✓ New best validation loss: 0.0183
Epoch [11/100]
  Train Loss: 0.0430 | Train Acc: 98.83%
  Val Loss: 0.0820 | Val Acc: 97.28%
  Learning rate: 0.001000
  Early stopping counter: 1/8
Epoch [12/100]
  Train Loss: 0.0270 | Train Acc: 99.14%
  Val Loss: 0.0218 | Val Acc: 99.22%
  Learning rate: 0.001000
  Early stopping counter: 2/8
Epoch [13/100]
  Train Loss: 0.0382 | Train Acc: 98.91%
  Val Loss: 0.0353 | Val Acc: 98.37%
  Learning rate: 0.001000
  Early stopping counter: 3/8
Epoch [14/100]
  Train Loss: 0.0556 | Train Acc: 98.43%
  Val Loss: 0.1555 | Val Acc: 95.80%
  Learning rate: 0.000500
  Early stopping counter: 4/8
Epoch [15/100]
  Train Loss: 0.0824 | Train Acc: 97.10%
  Val Loss: 0.0187 | Val Acc: 99.53%
  Learning rate: 0.000500
  Early stopping counter: 5/8
Epoch [16/100]
  Train Loss: 0.0165 | Train Acc: 99.48%
  Val Loss: 0.0146 | Val Acc: 99.30%
  Learning rate: 0.000500
  ✓ New best validation loss: 0.0146
Epoch [17/100]
  Train Loss: 0.0128 | Train Acc: 99.59%
  Val Loss: 0.0210 | Val Acc: 99.46%
  Learning rate: 0.000500
  Early stopping counter: 1/8
Epoch [18/100]
  Train Loss: 0.0091 | Train Acc: 99.71%
  Val Loss: 0.0034 | Val Acc: 99.92%
  Learning rate: 0.000500
  ✓ New best validation loss: 0.0034
Epoch [19/100]
  Train Loss: 0.0116 | Train Acc: 99.61%
  Val Loss: 0.0115 | Val Acc: 99.61%
  Learning rate: 0.000500
  Early stopping counter: 1/8
Epoch [20/100]
  Train Loss: 0.0073 | Train Acc: 99.75%
  Val Loss: 0.0038 | Val Acc: 99.92%
  Learning rate: 0.000500
  Early stopping counter: 2/8
Epoch [21/100]
  Train Loss: 0.0127 | Train Acc: 99.57%
  Val Loss: 0.0076 | Val Acc: 99.69%
  Learning rate: 0.000500
  Early stopping counter: 3/8
Epoch [22/100]
  Train Loss: 0.0029 | Train Acc: 99.94%
  Val Loss: 0.0032 | Val Acc: 99.84%
  Learning rate: 0.000500
  Early stopping counter: 4/8
Epoch [23/100]
  Train Loss: 0.0048 | Train Acc: 99.88%
  Val Loss: 0.0149 | Val Acc: 99.38%
  Learning rate: 0.000500
  Early stopping counter: 5/8
Epoch [24/100]
  Train Loss: 0.0160 | Train Acc: 99.49%
  Val Loss: 0.0177 | Val Acc: 99.53%
  Learning rate: 0.000500
  Early stopping counter: 6/8
Epoch [25/100]
  Train Loss: 0.0063 | Train Acc: 99.84%
  Val Loss: 0.0064 | Val Acc: 99.84%
  Learning rate: 0.000500
  Early stopping counter: 7/8
Epoch [26/100]
  Train Loss: 0.0012 | Train Acc: 99.96%
  Val Loss: 0.0054 | Val Acc: 99.92%
  Learning rate: 0.000250
  Early stopping counter: 8/8

Early stopping triggered after 26 epochs!
Best validation loss: 0.0034 at epoch 18

Subject S15 Results:
  Test Labels: [0 0 0 0 0 0 0 0 0 0 0 0 0 0 0 0 0 0 0 0 0 0 0 0 0 0 0 0 0 0 0 0 0 0 0 0 0
 0 0 0 0 0 0 0 0 0 0 0 0 0 0 0 0 0 0 0 0 0 0 0 0 0 0 0 0 0 0 0 0 0 0 0 0 0
 0 0 0 0 0 0 0 0 0 0 0 0 0 0 0 0 0 0 0 0 0 0 0 0 0 0 0 0 0 0 0 0 0 0 0 0 0
 0 0 0 0 0 0 0 0 0 0 0 0 0 0 0 0 0 0 0 0 0 0 0 0 0 0 0 0 0 0 0 0 0 0 0 0 0
 0 0 0 0 0 0 0 0 0 0 0 0 0 0 0 0 0 0 0 0 0 0 0 0 0 0 0 0 0 0 0 0 0 0 0 0 0
 0 0 0 0 0 0 0 0 0 0 0 0 0 0 0 0 0 0 0 0 0 0 0 0 0 0 0 0 0 0 0 0 0 0 0 0 0
 0 0 0 0 0 0 0 0 0 0 0 0 0 0 0 0 0 0 0 0 0 0 0 0 0 0 0 0 0 0 0 0 0 0 0 0 0
 0 0 0 0 0 0 0 0 0 0 0 0 0 0 0 0 0 0 0 0 0 0 0 0 0 0 0 0 0 0 0 0 0 0 1 1 1
 1 1 1 1 1 1 1 1 1 1 1 1 1 1 1 1 1 1 1 1 1 1 1 1 1 1 1 1 1 1 1 1 1 1 1 1 1
 1 1 1 1 1 1 1 1 1 1 1 1 1 1 1 1 1 1 1 1 1 1 1 1 1 1 1 1 1 1 1 1 1 1 1 1 1
 1 1 1 1 1 1 1 1 1 1 1 1 1 1 1 1 1 1 1 1 1 1 1 1 1 1 1 1 1 1 1 1 1 1 1 1 1
 1 1 1 1 1 1 1 1 1 1 1 1 1 1 1 1 1 1 1 1 1 1 1 1 1 1 1 1 1 1 1 1 1 1 1 1 1
 1 1 1 1 1 1 1 1 1 1 1 1 1 1 1 1 1 1 1 1]
  Test Pred: [0 0 0 0 0 0 0 0 0 0 0 0 0 0 0 0 0 0 0 0 0 0 0 0 0 0 0 0 0 0 0 0 0 0 0 0 0
 0 0 0 0 0 0 0 0 0 0 0 0 0 0 0 0 0 0 0 0 0 0 0 0 0 0 0 0 0 0 0 0 0 0 0 0 0
 0 0 0 0 0 0 0 0 0 0 0 0 0 0 0 0 0 0 0 0 0 0 0 0 0 0 0 0 0 0 0 0 0 0 0 0 0
 0 0 0 0 0 0 0 0 0 0 0 0 0 0 0 0 0 0 0 0 0 0 0 0 0 0 0 0 0 0 0 0 0 0 0 0 0
 0 0 0 0 0 0 0 0 0 0 0 0 0 0 0 0 0 0 0 0 0 1 0 0 0 0 0 0 0 0 0 0 0 0 1 0 0
 0 0 0 0 0 0 0 0 0 0 0 0 0 0 0 0 0 0 0 0 0 0 0 0 0 0 0 0 0 0 0 0 0 0 0 0 0
 0 0 0 0 0 0 0 0 0 0 0 0 0 0 0 0 0 0 0 0 0 0 0 0 0 0 0 0 0 0 0 0 0 0 0 0 0
 0 0 0 0 0 0 0 0 0 0 0 0 0 0 0 0 0 0 0 0 0 0 0 0 0 0 0 0 0 0 0 0 0 0 1 1 1
 0 1 1 1 0 1 1 1 1 1 1 1 0 1 0 1 0 1 1 1 1 1 0 1 1 1 1 1 1 1 1 1 1 1 1 0 1
 1 1 1 1 1 1 1 1 1 1 1 1 1 0 1 1 1 1 1 1 1 1 1 1 1 1 0 1 0 1 1 1 1 1 1 1 1
 1 1 1 1 1 1 1 1 1 1 1 1 1 1 1 1 1 1 1 1 1 1 1 1 1 1 1 1 1 1 1 1 1 1 1 1 1
 1 1 1 1 1 1 1 1 1 1 1 1 1 1 1 1 1 1 1 1 1 1 1 1 1 1 1 1 1 1 1 1 1 1 1 1 1
 1 1 1 1 1 1 1 1 1 1 1 1 1 1 1 1 1 1 1 1]
  Confusion Matrix:
[[291   2]
 [ 10 161]]
  Accuracy: 97.41%
  F1 Score: 0.9740
  Precision: 0.9745
  Recall: 0.9741
  MCC: 0.9445

============================================================
Test subject: S16, Range: [5955, 6418]
============================================================
  Train samples: 5144, Val samples: 1287, Test samples: 463
Epoch [1/100]
  Train Loss: 0.2988 | Train Acc: 86.96%
  Val Loss: 0.1593 | Val Acc: 93.71%
  Learning rate: 0.001000
  ✓ New best validation loss: 0.1593
Epoch [2/100]
  Train Loss: 0.1622 | Train Acc: 94.01%
  Val Loss: 0.0961 | Val Acc: 96.19%
  Learning rate: 0.001000
  ✓ New best validation loss: 0.0961
Epoch [3/100]
  Train Loss: 0.1194 | Train Acc: 95.94%
  Val Loss: 0.0649 | Val Acc: 97.67%
  Learning rate: 0.001000
  ✓ New best validation loss: 0.0649
Epoch [4/100]
  Train Loss: 0.0693 | Train Acc: 97.67%
  Val Loss: 0.0748 | Val Acc: 97.44%
  Learning rate: 0.001000
  Early stopping counter: 1/8
Epoch [5/100]
  Train Loss: 0.0707 | Train Acc: 97.57%
  Val Loss: 0.1144 | Val Acc: 96.27%
  Learning rate: 0.001000
  Early stopping counter: 2/8
Epoch [6/100]
  Train Loss: 0.0570 | Train Acc: 98.04%
  Val Loss: 0.1150 | Val Acc: 97.51%
  Learning rate: 0.001000
  Early stopping counter: 3/8
Epoch [7/100]
  Train Loss: 0.0830 | Train Acc: 96.58%
  Val Loss: 0.1537 | Val Acc: 95.49%
  Learning rate: 0.000500
  Early stopping counter: 4/8
Epoch [8/100]
  Train Loss: 0.0253 | Train Acc: 99.22%
  Val Loss: 0.0228 | Val Acc: 99.22%
  Learning rate: 0.000500
  ✓ New best validation loss: 0.0228
Epoch [9/100]
  Train Loss: 0.0177 | Train Acc: 99.44%
  Val Loss: 0.0288 | Val Acc: 99.38%
  Learning rate: 0.000500
  Early stopping counter: 1/8
Epoch [10/100]
  Train Loss: 0.0181 | Train Acc: 99.53%
  Val Loss: 0.0235 | Val Acc: 99.22%
  Learning rate: 0.000500
  Early stopping counter: 2/8
Epoch [11/100]
  Train Loss: 0.0177 | Train Acc: 99.57%
  Val Loss: 0.0233 | Val Acc: 99.30%
  Learning rate: 0.000500
  Early stopping counter: 3/8
Epoch [12/100]
  Train Loss: 0.0299 | Train Acc: 99.14%
  Val Loss: 0.0506 | Val Acc: 97.67%
  Learning rate: 0.000250
  Early stopping counter: 4/8
Epoch [13/100]
  Train Loss: 0.0074 | Train Acc: 99.77%
  Val Loss: 0.0116 | Val Acc: 99.46%
  Learning rate: 0.000250
  ✓ New best validation loss: 0.0116
Epoch [14/100]
  Train Loss: 0.0037 | Train Acc: 99.90%
  Val Loss: 0.0058 | Val Acc: 99.77%
  Learning rate: 0.000250
  ✓ New best validation loss: 0.0058
Epoch [15/100]
  Train Loss: 0.0020 | Train Acc: 99.98%
  Val Loss: 0.0115 | Val Acc: 99.69%
  Learning rate: 0.000250
  Early stopping counter: 1/8
Epoch [16/100]
  Train Loss: 0.0049 | Train Acc: 99.90%
  Val Loss: 0.0336 | Val Acc: 99.38%
  Learning rate: 0.000250
  Early stopping counter: 2/8
Epoch [17/100]
  Train Loss: 0.0062 | Train Acc: 99.81%
  Val Loss: 0.0183 | Val Acc: 99.77%
  Learning rate: 0.000250
  Early stopping counter: 3/8
Epoch [18/100]
  Train Loss: 0.0113 | Train Acc: 99.71%
  Val Loss: 0.0100 | Val Acc: 99.61%
  Learning rate: 0.000125
  Early stopping counter: 4/8
Epoch [19/100]
  Train Loss: 0.0020 | Train Acc: 99.94%
  Val Loss: 0.0075 | Val Acc: 99.84%
  Learning rate: 0.000125
  Early stopping counter: 5/8
Epoch [20/100]
  Train Loss: 0.0020 | Train Acc: 99.96%
  Val Loss: 0.0111 | Val Acc: 99.69%
  Learning rate: 0.000125
  Early stopping counter: 6/8
Epoch [21/100]
  Train Loss: 0.0015 | Train Acc: 99.98%
  Val Loss: 0.0109 | Val Acc: 99.61%
  Learning rate: 0.000125
  Early stopping counter: 7/8
Epoch [22/100]
  Train Loss: 0.0013 | Train Acc: 99.98%
  Val Loss: 0.0094 | Val Acc: 99.69%
  Learning rate: 0.000063
  Early stopping counter: 8/8

Early stopping triggered after 22 epochs!
Best validation loss: 0.0058 at epoch 14

Subject S16 Results:
  Test Labels: [0 0 0 0 0 0 0 0 0 0 0 0 0 0 0 0 0 0 0 0 0 0 0 0 0 0 0 0 0 0 0 0 0 0 0 0 0
 0 0 0 0 0 0 0 0 0 0 0 0 0 0 0 0 0 0 0 0 0 0 0 0 0 0 0 0 0 0 0 0 0 0 0 0 0
 0 0 0 0 0 0 0 0 0 0 0 0 0 0 0 0 0 0 0 0 0 0 0 0 0 0 0 0 0 0 0 0 0 0 0 0 0
 0 0 0 0 0 0 0 0 0 0 0 0 0 0 0 0 0 0 0 0 0 0 0 0 0 0 0 0 0 0 0 0 0 0 0 0 0
 0 0 0 0 0 0 0 0 0 0 0 0 0 0 0 0 0 0 0 0 0 0 0 0 0 0 0 0 0 0 0 0 0 0 0 0 0
 0 0 0 0 0 0 0 0 0 0 0 0 0 0 0 0 0 0 0 0 0 0 0 0 0 0 0 0 0 0 0 0 0 0 0 0 0
 0 0 0 0 0 0 0 0 0 0 0 0 0 0 0 0 0 0 0 0 0 0 0 0 0 0 0 0 0 0 0 0 0 0 0 0 0
 0 0 0 0 0 0 0 0 0 0 0 0 0 0 0 0 0 0 0 0 0 0 0 0 0 0 0 0 0 0 0 0 0 0 0 0 1
 1 1 1 1 1 1 1 1 1 1 1 1 1 1 1 1 1 1 1 1 1 1 1 1 1 1 1 1 1 1 1 1 1 1 1 1 1
 1 1 1 1 1 1 1 1 1 1 1 1 1 1 1 1 1 1 1 1 1 1 1 1 1 1 1 1 1 1 1 1 1 1 1 1 1
 1 1 1 1 1 1 1 1 1 1 1 1 1 1 1 1 1 1 1 1 1 1 1 1 1 1 1 1 1 1 1 1 1 1 1 1 1
 1 1 1 1 1 1 1 1 1 1 1 1 1 1 1 1 1 1 1 1 1 1 1 1 1 1 1 1 1 1 1 1 1 1 1 1 1
 1 1 1 1 1 1 1 1 1 1 1 1 1 1 1 1 1 1 1]
  Test Pred: [0 0 0 0 0 0 0 0 0 0 0 0 0 0 0 0 0 0 0 0 0 0 0 0 0 0 0 0 0 0 0 0 0 0 0 0 0
 0 0 0 0 0 0 0 0 0 0 0 0 0 0 0 0 0 0 0 0 0 0 0 0 0 0 0 0 0 0 0 0 0 0 0 0 0
 0 0 0 0 0 0 0 0 0 0 0 0 0 0 0 0 0 0 0 0 0 0 0 0 0 0 0 0 0 0 0 0 0 0 0 0 0
 0 0 0 0 0 0 0 0 0 0 0 0 0 0 0 0 0 0 0 0 0 0 0 0 0 0 0 0 0 0 0 0 0 0 0 0 0
 0 0 0 0 0 0 0 0 0 0 0 0 0 0 0 0 0 0 0 0 0 0 0 0 0 0 0 0 0 0 0 0 0 0 0 0 0
 0 0 0 0 0 0 0 0 0 0 0 0 0 0 0 0 0 0 0 0 0 0 0 0 0 0 0 0 0 0 0 0 0 0 0 0 0
 0 0 0 0 0 0 0 0 0 0 0 0 0 0 0 0 0 0 0 0 0 0 0 0 0 0 0 0 0 0 0 0 0 0 0 0 0
 0 0 0 0 0 0 0 0 0 0 0 0 0 0 0 0 0 0 0 0 0 0 0 0 0 0 0 0 0 0 0 0 0 0 0 0 1
 1 1 1 1 1 1 1 1 1 1 1 1 1 1 1 1 1 1 1 1 1 1 1 1 1 1 1 1 1 1 1 1 1 1 1 1 1
 1 1 1 1 1 1 1 1 1 1 1 1 1 1 1 1 1 1 1 1 1 1 1 1 1 1 1 1 1 1 1 1 1 1 1 1 1
 1 1 1 1 1 1 1 1 1 1 1 1 1 1 1 1 1 1 1 1 1 1 1 1 1 1 1 1 1 1 1 1 1 1 1 1 1
 1 1 1 1 1 1 1 1 1 1 1 1 1 1 1 1 1 1 1 1 1 1 1 1 1 1 1 1 1 1 1 1 1 1 1 1 1
 1 1 1 1 1 1 1 1 1 1 1 1 1 1 1 1 1 1 1]
  Confusion Matrix:
[[295   0]
 [  0 168]]
  Accuracy: 100.00%
  F1 Score: 1.0000
  Precision: 1.0000
  Recall: 1.0000
  MCC: 1.0000

============================================================
Test subject: S17, Range: [6418, 6894]
============================================================
  Train samples: 5134, Val samples: 1284, Test samples: 476
Epoch [1/100]
  Train Loss: 0.3069 | Train Acc: 86.38%
  Val Loss: 0.2929 | Val Acc: 85.28%
  Learning rate: 0.001000
  ✓ New best validation loss: 0.2929
Epoch [2/100]
  Train Loss: 0.1648 | Train Acc: 93.92%
  Val Loss: 0.1805 | Val Acc: 94.00%
  Learning rate: 0.001000
  ✓ New best validation loss: 0.1805
Epoch [3/100]
  Train Loss: 0.1431 | Train Acc: 94.86%
  Val Loss: 0.0665 | Val Acc: 97.82%
  Learning rate: 0.001000
  ✓ New best validation loss: 0.0665
Epoch [4/100]
  Train Loss: 0.0756 | Train Acc: 97.53%
  Val Loss: 0.0791 | Val Acc: 97.04%
  Learning rate: 0.001000
  Early stopping counter: 1/8
Epoch [5/100]
  Train Loss: 0.0604 | Train Acc: 97.94%
  Val Loss: 0.0280 | Val Acc: 99.30%
  Learning rate: 0.001000
  ✓ New best validation loss: 0.0280
Epoch [6/100]
  Train Loss: 0.0892 | Train Acc: 97.21%
  Val Loss: 0.0548 | Val Acc: 98.44%
  Learning rate: 0.001000
  Early stopping counter: 1/8
Epoch [7/100]
  Train Loss: 0.0470 | Train Acc: 98.54%
  Val Loss: 0.0962 | Val Acc: 97.04%
  Learning rate: 0.001000
  Early stopping counter: 2/8
Epoch [8/100]
  Train Loss: 0.0434 | Train Acc: 98.48%
  Val Loss: 0.0445 | Val Acc: 98.44%
  Learning rate: 0.001000
  Early stopping counter: 3/8
Epoch [9/100]
  Train Loss: 0.0435 | Train Acc: 98.73%
  Val Loss: 0.0425 | Val Acc: 98.21%
  Learning rate: 0.000500
  Early stopping counter: 4/8
Epoch [10/100]
  Train Loss: 0.0206 | Train Acc: 99.38%
  Val Loss: 0.0205 | Val Acc: 99.30%
  Learning rate: 0.000500
  ✓ New best validation loss: 0.0205
Epoch [11/100]
  Train Loss: 0.0111 | Train Acc: 99.71%
  Val Loss: 0.0113 | Val Acc: 99.69%
  Learning rate: 0.000500
  ✓ New best validation loss: 0.0113
Epoch [12/100]
  Train Loss: 0.0093 | Train Acc: 99.61%
  Val Loss: 0.0165 | Val Acc: 99.30%
  Learning rate: 0.000500
  Early stopping counter: 1/8
Epoch [13/100]
  Train Loss: 0.0069 | Train Acc: 99.82%
  Val Loss: 0.0125 | Val Acc: 99.69%
  Learning rate: 0.000500
  Early stopping counter: 2/8
Epoch [14/100]
  Train Loss: 0.0026 | Train Acc: 99.98%
  Val Loss: 0.0091 | Val Acc: 99.69%
  Learning rate: 0.000500
  ✓ New best validation loss: 0.0091
Epoch [15/100]
  Train Loss: 0.0244 | Train Acc: 99.28%
  Val Loss: 0.0269 | Val Acc: 98.99%
  Learning rate: 0.000500
  Early stopping counter: 1/8
Epoch [16/100]
  Train Loss: 0.0150 | Train Acc: 99.61%
  Val Loss: 0.0088 | Val Acc: 99.77%
  Learning rate: 0.000500
  Early stopping counter: 2/8
Epoch [17/100]
  Train Loss: 0.0080 | Train Acc: 99.82%
  Val Loss: 0.0102 | Val Acc: 99.77%
  Learning rate: 0.000500
  Early stopping counter: 3/8
Epoch [18/100]
  Train Loss: 0.0155 | Train Acc: 99.55%
  Val Loss: 0.0178 | Val Acc: 99.61%
  Learning rate: 0.000500
  Early stopping counter: 4/8
Epoch [19/100]
  Train Loss: 0.0141 | Train Acc: 99.51%
  Val Loss: 0.0135 | Val Acc: 99.45%
  Learning rate: 0.000500
  Early stopping counter: 5/8
Epoch [20/100]
  Train Loss: 0.0100 | Train Acc: 99.75%
  Val Loss: 0.0171 | Val Acc: 99.45%
  Learning rate: 0.000250
  Early stopping counter: 6/8
Epoch [21/100]
  Train Loss: 0.0038 | Train Acc: 99.88%
  Val Loss: 0.0124 | Val Acc: 99.69%
  Learning rate: 0.000250
  Early stopping counter: 7/8
Epoch [22/100]
  Train Loss: 0.0017 | Train Acc: 99.96%
  Val Loss: 0.0092 | Val Acc: 99.69%
  Learning rate: 0.000250
  Early stopping counter: 8/8

Early stopping triggered after 22 epochs!
Best validation loss: 0.0091 at epoch 14

Subject S17 Results:
  Test Labels: [0 0 0 0 0 0 0 0 0 0 0 0 0 0 0 0 0 0 0 0 0 0 0 0 0 0 0 0 0 0 0 0 0 0 0 0 0
 0 0 0 0 0 0 0 0 0 0 0 0 0 0 0 0 0 0 0 0 0 0 0 0 0 0 0 0 0 0 0 0 0 0 0 0 0
 0 0 0 0 0 0 0 0 0 0 0 0 0 0 0 0 0 0 0 0 0 0 0 0 0 0 0 0 0 0 0 0 0 0 0 0 0
 0 0 0 0 0 0 0 0 0 0 0 0 0 0 0 0 0 0 0 0 0 0 0 0 0 0 0 0 0 0 0 0 0 0 0 0 0
 0 0 0 0 0 0 0 0 0 0 0 0 0 0 0 0 0 0 0 0 0 0 0 0 0 0 0 0 0 0 0 0 0 0 0 0 0
 0 0 0 0 0 0 0 0 0 0 0 0 0 0 0 0 0 0 0 0 0 0 0 0 0 0 0 0 0 0 0 0 0 0 0 0 0
 0 0 0 0 0 0 0 0 0 0 0 0 0 0 0 0 0 0 0 0 0 0 0 0 0 0 0 0 0 0 0 0 0 0 0 0 0
 0 0 0 0 0 0 0 0 0 0 0 0 0 0 0 0 0 0 0 0 0 0 0 0 0 0 0 0 0 0 0 0 0 0 0 0 1
 1 1 1 1 1 1 1 1 1 1 1 1 1 1 1 1 1 1 1 1 1 1 1 1 1 1 1 1 1 1 1 1 1 1 1 1 1
 1 1 1 1 1 1 1 1 1 1 1 1 1 1 1 1 1 1 1 1 1 1 1 1 1 1 1 1 1 1 1 1 1 1 1 1 1
 1 1 1 1 1 1 1 1 1 1 1 1 1 1 1 1 1 1 1 1 1 1 1 1 1 1 1 1 1 1 1 1 1 1 1 1 1
 1 1 1 1 1 1 1 1 1 1 1 1 1 1 1 1 1 1 1 1 1 1 1 1 1 1 1 1 1 1 1 1 1 1 1 1 1
 1 1 1 1 1 1 1 1 1 1 1 1 1 1 1 1 1 1 1 1 1 1 1 1 1 1 1 1 1 1 1 1]
  Test Pred: [0 0 0 0 0 0 0 0 0 0 0 0 0 0 0 0 0 0 0 0 0 0 0 0 0 0 0 0 0 0 0 0 0 0 0 0 0
 0 0 0 0 0 0 0 0 0 0 0 0 0 0 0 0 0 0 0 0 0 0 0 0 0 0 0 0 0 0 0 0 0 0 0 0 0
 0 0 0 0 0 0 0 0 0 0 0 0 0 0 0 0 0 0 0 0 0 0 0 0 0 0 0 0 0 0 0 0 0 0 0 0 0
 0 0 0 0 0 0 0 0 0 0 0 0 0 0 0 0 0 0 0 0 0 0 0 0 0 0 0 0 0 0 0 0 0 0 0 0 0
 0 0 0 0 0 0 0 0 0 0 0 0 0 0 0 0 0 0 0 0 0 0 0 0 0 0 0 0 0 0 0 0 0 0 0 0 0
 0 0 0 0 0 0 0 0 0 0 0 0 0 0 0 0 0 0 0 0 0 0 0 0 0 0 0 0 0 0 0 0 0 0 0 0 0
 0 0 0 0 0 0 0 0 0 0 0 0 0 0 0 0 0 0 0 0 0 0 0 0 0 0 0 0 0 0 0 0 0 0 0 0 0
 0 0 0 0 0 0 0 0 0 0 0 0 0 0 0 0 0 0 0 0 0 0 0 0 0 0 0 0 0 0 0 0 0 0 0 0 1
 1 1 1 1 1 1 1 0 1 0 0 1 1 1 0 1 0 0 1 1 1 1 0 0 0 0 0 1 0 1 1 1 1 1 1 1 1
 0 1 0 1 0 1 1 1 1 1 1 1 1 1 1 1 1 1 1 1 1 1 1 1 1 1 1 1 1 0 0 0 1 1 1 1 1
 1 1 1 1 1 1 1 1 1 1 1 1 0 0 1 0 0 0 0 0 1 1 0 1 1 1 1 1 1 1 1 1 1 1 1 1 1
 1 1 1 1 1 1 1 1 1 1 1 1 1 1 0 1 1 1 1 1 1 1 1 1 1 1 1 1 1 1 1 1 1 1 1 1 1
 1 1 1 1 1 1 1 1 1 1 1 1 1 1 1 1 1 1 1 1 1 1 1 1 1 1 1 1 1 1 1 1]
  Confusion Matrix:
[[295   0]
 [ 27 154]]
  Accuracy: 94.33%
  F1 Score: 0.9422
  Precision: 0.9480
  Recall: 0.9433
  MCC: 0.8829

============================================================
Configuration Parameters:
============================================================
Training Configuration:
  Learning Rate: 0.001
  Number of Epochs: 100
  Batch Size: 16
  Early Stopping Patience: 8
  Early Stopping Min Delta: 0.001

Model Configuration:
  Number of Features: 6
  Number of Classes: 2
  Embedding Dimension: 64
  Number of Heads: 4
  Number of Layers: 4
  Dropout Rate: 0.1

Optimizer Configuration:
  Scheduler Factor: 0.5
  Scheduler Patience: 3
============================================================

Metrics of Each Subject:
============================================================
  S2: Acc=65.00%, F1=0.5121, Prec=0.4225, Rec=0.6500, MCC=0.0000
  S3: Acc=89.66%, F1=0.8981, Prec=0.9068, Rec=0.8966, MCC=0.7907
  S4: Acc=65.03%, F1=0.5171, Prec=0.7731, Rec=0.6503, MCC=0.0903
  S5: Acc=24.78%, F1=0.1450, Prec=0.1213, Rec=0.2478, MCC=-0.4522
  S6: Acc=79.04%, F1=0.7623, Prec=0.8375, Rec=0.7904, MCC=0.5538
  S7: Acc=35.01%, F1=0.1816, Prec=0.1226, Rec=0.3501, MCC=0.0000
  S8: Acc=76.30%, F1=0.7667, Prec=0.8256, Rec=0.7630, MCC=0.5802
  S9: Acc=71.05%, F1=0.6648, Prec=0.7196, Rec=0.7105, MCC=0.3168
  S10: Acc=69.12%, F1=0.6164, Prec=0.7939, Rec=0.6912, MCC=0.3541
  S11: Acc=36.99%, F1=0.2049, Prec=0.7686, Rec=0.3699, MCC=0.0499
  S13: Acc=80.04%, F1=0.7814, Prec=0.8255, Rec=0.8004, MCC=0.5670
  S14: Acc=99.14%, F1=0.9914, Prec=0.9914, Rec=0.9914, MCC=0.9815
  S15: Acc=97.41%, F1=0.9740, Prec=0.9745, Rec=0.9741, MCC=0.9445
  S16: Acc=100.00%, F1=1.0000, Prec=1.0000, Rec=1.0000, MCC=1.0000
  S17: Acc=94.33%, F1=0.9422, Prec=0.9480, Rec=0.9433, MCC=0.8829

Mean Metrics Across All Subjects:
============================================================
  Accuracy:  72.19%
  F1 Score:  0.6639
  Precision: 0.7354
  Recall:    0.7219
  MCC:       0.4440

Results saved to: results/loocv_results_wesad_raw.pkl
