Using device: cuda
{'S2': 440, 'S3': 445, 'S4': 449, 'S5': 460, 'S6': 458, 'S7': 457, 'S8': 460, 'S9': 456, 'S10': 476, 'S11': 465, 'S13': 461, 'S14': 464, 'S15': 464, 'S16': 463, 'S17': 476} 
 {'S2': [0, 440], 'S3': [440, 885], 'S4': [885, 1334], 'S5': [1334, 1794], 'S6': [1794, 2252], 'S7': [2252, 2709], 'S8': [2709, 3169], 'S9': [3169, 3625], 'S10': [3625, 4101], 'S11': [4101, 4566], 'S13': [4566, 5027], 'S14': [5027, 5491], 'S15': [5491, 5955], 'S16': [5955, 6418], 'S17': [6418, 6894]}

============================================================
Test subject: S2, Range: [0, 440]
============================================================
  Train samples: 5163, Val samples: 1291, Test samples: 440
Epoch [1/100]
  Train Loss: 0.2584 | Train Acc: 87.62%
  Val Loss: 0.1180 | Val Acc: 95.35%
  Learning rate: 0.001000
  ✓ New best validation loss: 0.1180
Epoch [2/100]
  Train Loss: 0.1208 | Train Acc: 95.43%
  Val Loss: 0.0573 | Val Acc: 98.14%
  Learning rate: 0.001000
  ✓ New best validation loss: 0.0573
Epoch [3/100]
  Train Loss: 0.0904 | Train Acc: 96.80%
  Val Loss: 0.0485 | Val Acc: 98.68%
  Learning rate: 0.001000
  ✓ New best validation loss: 0.0485
Epoch [4/100]
  Train Loss: 0.0524 | Train Acc: 98.33%
  Val Loss: 0.0285 | Val Acc: 99.30%
  Learning rate: 0.001000
  ✓ New best validation loss: 0.0285
Epoch [5/100]
  Train Loss: 0.0576 | Train Acc: 98.02%
  Val Loss: 0.0440 | Val Acc: 98.68%
  Learning rate: 0.001000
  Early stopping counter: 1/8
Epoch [6/100]
  Train Loss: 0.0368 | Train Acc: 98.82%
  Val Loss: 0.0157 | Val Acc: 99.61%
  Learning rate: 0.001000
  ✓ New best validation loss: 0.0157
Epoch [7/100]
  Train Loss: 0.0368 | Train Acc: 98.76%
  Val Loss: 0.0758 | Val Acc: 97.60%
  Learning rate: 0.001000
  Early stopping counter: 1/8
Epoch [8/100]
  Train Loss: 0.0453 | Train Acc: 98.53%
  Val Loss: 0.0177 | Val Acc: 99.46%
  Learning rate: 0.001000
  Early stopping counter: 2/8
Epoch [9/100]
  Train Loss: 0.0445 | Train Acc: 98.61%
  Val Loss: 0.0423 | Val Acc: 98.99%
  Learning rate: 0.001000
  Early stopping counter: 3/8
Epoch [10/100]
  Train Loss: 0.0284 | Train Acc: 99.01%
  Val Loss: 0.0150 | Val Acc: 99.46%
  Learning rate: 0.001000
  Early stopping counter: 4/8
Epoch [11/100]
  Train Loss: 0.0298 | Train Acc: 98.93%
  Val Loss: 0.0207 | Val Acc: 99.38%
  Learning rate: 0.001000
  Early stopping counter: 5/8
Epoch [12/100]
  Train Loss: 0.0238 | Train Acc: 99.32%
  Val Loss: 0.0109 | Val Acc: 99.61%
  Learning rate: 0.001000
  ✓ New best validation loss: 0.0109
Epoch [13/100]
  Train Loss: 0.0297 | Train Acc: 99.17%
  Val Loss: 0.0109 | Val Acc: 99.69%
  Learning rate: 0.001000
  Early stopping counter: 1/8
Epoch [14/100]
  Train Loss: 0.0179 | Train Acc: 99.48%
  Val Loss: 0.0070 | Val Acc: 99.77%
  Learning rate: 0.001000
  ✓ New best validation loss: 0.0070
Epoch [15/100]
  Train Loss: 0.0244 | Train Acc: 99.40%
  Val Loss: 0.0687 | Val Acc: 97.91%
  Learning rate: 0.001000
  Early stopping counter: 1/8
Epoch [16/100]
  Train Loss: 0.0324 | Train Acc: 98.97%
  Val Loss: 0.0251 | Val Acc: 99.46%
  Learning rate: 0.001000
  Early stopping counter: 2/8
Epoch [17/100]
  Train Loss: 0.0110 | Train Acc: 99.67%
  Val Loss: 0.0140 | Val Acc: 99.46%
  Learning rate: 0.001000
  Early stopping counter: 3/8
Epoch [18/100]
  Train Loss: 0.0456 | Train Acc: 98.53%
  Val Loss: 0.0191 | Val Acc: 99.23%
  Learning rate: 0.000500
  Early stopping counter: 4/8
Epoch [19/100]
  Train Loss: 0.0048 | Train Acc: 99.83%
  Val Loss: 0.0071 | Val Acc: 99.77%
  Learning rate: 0.000500
  Early stopping counter: 5/8
Epoch [20/100]
  Train Loss: 0.0026 | Train Acc: 99.94%
  Val Loss: 0.0062 | Val Acc: 99.85%
  Learning rate: 0.000500
  Early stopping counter: 6/8
Epoch [21/100]
  Train Loss: 0.0010 | Train Acc: 99.96%
  Val Loss: 0.0056 | Val Acc: 99.92%
  Learning rate: 0.000500
  ✓ New best validation loss: 0.0056
Epoch [22/100]
  Train Loss: 0.0006 | Train Acc: 100.00%
  Val Loss: 0.0068 | Val Acc: 99.85%
  Learning rate: 0.000500
  Early stopping counter: 1/8
Epoch [23/100]
  Train Loss: 0.0006 | Train Acc: 99.98%
  Val Loss: 0.0056 | Val Acc: 99.85%
  Learning rate: 0.000500
  Early stopping counter: 2/8
Epoch [24/100]
  Train Loss: 0.0005 | Train Acc: 99.98%
  Val Loss: 0.0061 | Val Acc: 99.85%
  Learning rate: 0.000500
  Early stopping counter: 3/8
Epoch [25/100]
  Train Loss: 0.0003 | Train Acc: 100.00%
  Val Loss: 0.0061 | Val Acc: 99.85%
  Learning rate: 0.000250
  Early stopping counter: 4/8
Epoch [26/100]
  Train Loss: 0.0002 | Train Acc: 100.00%
  Val Loss: 0.0056 | Val Acc: 99.85%
  Learning rate: 0.000250
  Early stopping counter: 5/8
Epoch [27/100]
  Train Loss: 0.0001 | Train Acc: 100.00%
  Val Loss: 0.0054 | Val Acc: 99.85%
  Learning rate: 0.000250
  Early stopping counter: 6/8
Epoch [28/100]
  Train Loss: 0.0002 | Train Acc: 100.00%
  Val Loss: 0.0062 | Val Acc: 99.77%
  Learning rate: 0.000250
  Early stopping counter: 7/8
Epoch [29/100]
  Train Loss: 0.0001 | Train Acc: 100.00%
  Val Loss: 0.0067 | Val Acc: 99.85%
  Learning rate: 0.000250
  Early stopping counter: 8/8

Early stopping triggered after 29 epochs!
Best validation loss: 0.0056 at epoch 21

Subject S2 Results:
  Test Labels: [0 0 0 0 0 0 0 0 0 0 0 0 0 0 0 0 0 0 0 0 0 0 0 0 0 0 0 0 0 0 0 0 0 0 0 0 0
 0 0 0 0 0 0 0 0 0 0 0 0 0 0 0 0 0 0 0 0 0 0 0 0 0 0 0 0 0 0 0 0 0 0 0 0 0
 0 0 0 0 0 0 0 0 0 0 0 0 0 0 0 0 0 0 0 0 0 0 0 0 0 0 0 0 0 0 0 0 0 0 0 0 0
 0 0 0 0 0 0 0 0 0 0 0 0 0 0 0 0 0 0 0 0 0 0 0 0 0 0 0 0 0 0 0 0 0 0 0 0 0
 0 0 0 0 0 0 0 0 0 0 0 0 0 0 0 0 0 0 0 0 0 0 0 0 0 0 0 0 0 0 0 0 0 0 0 0 0
 0 0 0 0 0 0 0 0 0 0 0 0 0 0 0 0 0 0 0 0 0 0 0 0 0 0 0 0 0 0 0 0 0 0 0 0 0
 0 0 0 0 0 0 0 0 0 0 0 0 0 0 0 0 0 0 0 0 0 0 0 0 0 0 0 0 0 0 0 0 0 0 0 0 0
 0 0 0 0 0 0 0 0 0 0 0 0 0 0 0 0 0 0 0 0 0 0 0 0 0 0 0 1 1 1 1 1 1 1 1 1 1
 1 1 1 1 1 1 1 1 1 1 1 1 1 1 1 1 1 1 1 1 1 1 1 1 1 1 1 1 1 1 1 1 1 1 1 1 1
 1 1 1 1 1 1 1 1 1 1 1 1 1 1 1 1 1 1 1 1 1 1 1 1 1 1 1 1 1 1 1 1 1 1 1 1 1
 1 1 1 1 1 1 1 1 1 1 1 1 1 1 1 1 1 1 1 1 1 1 1 1 1 1 1 1 1 1 1 1 1 1 1 1 1
 1 1 1 1 1 1 1 1 1 1 1 1 1 1 1 1 1 1 1 1 1 1 1 1 1 1 1 1 1 1 1 1 1]
  Test Pred: [0 0 0 0 0 0 1 0 0 0 0 0 0 0 0 0 0 0 0 0 0 0 0 0 0 0 0 0 0 0 0 0 0 0 0 0 0
 0 0 0 0 0 0 0 0 0 0 0 0 0 0 0 0 0 0 0 0 0 0 0 0 0 0 0 0 0 0 0 0 0 0 0 0 0
 0 0 0 0 0 0 0 0 0 0 0 0 0 0 0 0 0 0 0 0 0 0 0 0 0 0 0 0 0 0 0 0 0 0 0 0 0
 0 0 0 0 0 0 0 0 0 0 0 0 0 0 0 0 0 0 0 0 0 0 0 0 0 0 0 0 0 0 0 0 0 0 0 0 0
 0 0 0 0 0 0 0 0 0 0 0 0 0 0 0 0 0 0 0 0 0 0 0 0 0 0 0 0 0 0 0 0 0 0 0 0 0
 0 0 0 0 0 0 0 0 0 0 0 0 0 0 0 0 0 0 0 0 0 0 0 0 0 0 0 0 0 0 0 0 0 0 0 0 0
 0 0 0 0 0 0 0 0 0 0 0 0 0 0 0 0 0 0 0 0 0 0 0 0 0 0 0 0 0 0 0 0 0 0 0 0 0
 0 0 0 0 0 0 0 0 0 0 0 0 0 0 0 0 0 0 0 0 0 0 0 0 0 0 0 0 0 0 0 0 0 0 0 0 0
 0 0 0 0 0 0 0 0 0 0 0 0 0 0 0 0 0 0 0 0 0 0 0 0 0 0 0 0 0 0 0 0 0 0 0 0 0
 0 0 0 0 0 0 0 0 0 0 0 0 0 0 0 0 0 0 0 0 0 0 0 0 0 0 0 0 0 0 0 0 0 0 0 0 0
 0 0 0 0 0 0 0 0 0 0 0 0 0 0 0 0 0 0 0 0 0 0 0 0 0 0 0 0 0 0 0 0 0 0 0 0 0
 0 0 0 0 0 0 0 0 0 0 0 0 0 0 0 0 0 0 0 0 0 0 0 0 0 0 0 0 0 0 0 0 0]
  Confusion Matrix:
[[285   1]
 [154   0]]
  Accuracy: 64.77%
  F1 Score: 0.5110
  Precision: 0.4220
  Recall: 0.6477
  MCC: -0.0350

============================================================
Test subject: S3, Range: [440, 885]
============================================================
  Train samples: 5159, Val samples: 1290, Test samples: 445
Epoch [1/100]
  Train Loss: 0.2690 | Train Acc: 88.06%
  Val Loss: 0.0967 | Val Acc: 96.67%
  Learning rate: 0.001000
  ✓ New best validation loss: 0.0967
Epoch [2/100]
  Train Loss: 0.1044 | Train Acc: 96.05%
  Val Loss: 0.1367 | Val Acc: 93.80%
  Learning rate: 0.001000
  Early stopping counter: 1/8
Epoch [3/100]
  Train Loss: 0.0609 | Train Acc: 97.87%
  Val Loss: 0.0261 | Val Acc: 99.07%
  Learning rate: 0.001000
  ✓ New best validation loss: 0.0261
Epoch [4/100]
  Train Loss: 0.0523 | Train Acc: 98.31%
  Val Loss: 0.0129 | Val Acc: 99.69%
  Learning rate: 0.001000
  ✓ New best validation loss: 0.0129
Epoch [5/100]
  Train Loss: 0.0437 | Train Acc: 98.60%
  Val Loss: 0.0214 | Val Acc: 99.22%
  Learning rate: 0.001000
  Early stopping counter: 1/8
Epoch [6/100]
  Train Loss: 0.0353 | Train Acc: 98.82%
  Val Loss: 0.0294 | Val Acc: 99.22%
  Learning rate: 0.001000
  Early stopping counter: 2/8
Epoch [7/100]
  Train Loss: 0.0577 | Train Acc: 98.10%
  Val Loss: 0.0114 | Val Acc: 99.69%
  Learning rate: 0.001000
  ✓ New best validation loss: 0.0114
Epoch [8/100]
  Train Loss: 0.0243 | Train Acc: 99.26%
  Val Loss: 0.0883 | Val Acc: 96.98%
  Learning rate: 0.001000
  Early stopping counter: 1/8
Epoch [9/100]
  Train Loss: 0.0316 | Train Acc: 98.90%
  Val Loss: 0.0105 | Val Acc: 99.53%
  Learning rate: 0.001000
  Early stopping counter: 2/8
Epoch [10/100]
  Train Loss: 0.0298 | Train Acc: 98.97%
  Val Loss: 0.0310 | Val Acc: 99.15%
  Learning rate: 0.001000
  Early stopping counter: 3/8
Epoch [11/100]
  Train Loss: 0.0427 | Train Acc: 98.78%
  Val Loss: 0.0228 | Val Acc: 99.22%
  Learning rate: 0.001000
  Early stopping counter: 4/8
Epoch [12/100]
  Train Loss: 0.0227 | Train Acc: 99.34%
  Val Loss: 0.0443 | Val Acc: 98.53%
  Learning rate: 0.001000
  Early stopping counter: 5/8
Epoch [13/100]
  Train Loss: 0.0156 | Train Acc: 99.53%
  Val Loss: 0.0195 | Val Acc: 99.15%
  Learning rate: 0.000500
  Early stopping counter: 6/8
Epoch [14/100]
  Train Loss: 0.0063 | Train Acc: 99.84%
  Val Loss: 0.0066 | Val Acc: 99.84%
  Learning rate: 0.000500
  ✓ New best validation loss: 0.0066
Epoch [15/100]
  Train Loss: 0.0039 | Train Acc: 99.94%
  Val Loss: 0.0037 | Val Acc: 99.84%
  Learning rate: 0.000500
  ✓ New best validation loss: 0.0037
Epoch [16/100]
  Train Loss: 0.0042 | Train Acc: 99.88%
  Val Loss: 0.0552 | Val Acc: 98.14%
  Learning rate: 0.000500
  Early stopping counter: 1/8
Epoch [17/100]
  Train Loss: 0.0675 | Train Acc: 97.85%
  Val Loss: 0.0416 | Val Acc: 99.07%
  Learning rate: 0.000500
  Early stopping counter: 2/8
Epoch [18/100]
  Train Loss: 0.0286 | Train Acc: 99.07%
  Val Loss: 0.0339 | Val Acc: 98.84%
  Learning rate: 0.000500
  Early stopping counter: 3/8
Epoch [19/100]
  Train Loss: 0.0148 | Train Acc: 99.53%
  Val Loss: 0.0070 | Val Acc: 99.77%
  Learning rate: 0.000250
  Early stopping counter: 4/8
Epoch [20/100]
  Train Loss: 0.0046 | Train Acc: 99.84%
  Val Loss: 0.0024 | Val Acc: 99.92%
  Learning rate: 0.000250
  ✓ New best validation loss: 0.0024
Epoch [21/100]
  Train Loss: 0.0023 | Train Acc: 99.92%
  Val Loss: 0.0037 | Val Acc: 99.92%
  Learning rate: 0.000250
  Early stopping counter: 1/8
Epoch [22/100]
  Train Loss: 0.0017 | Train Acc: 99.94%
  Val Loss: 0.0050 | Val Acc: 99.84%
  Learning rate: 0.000250
  Early stopping counter: 2/8
Epoch [23/100]
  Train Loss: 0.0031 | Train Acc: 99.88%
  Val Loss: 0.0038 | Val Acc: 99.92%
  Learning rate: 0.000250
  Early stopping counter: 3/8
Epoch [24/100]
  Train Loss: 0.0018 | Train Acc: 99.96%
  Val Loss: 0.0044 | Val Acc: 99.92%
  Learning rate: 0.000125
  Early stopping counter: 4/8
Epoch [25/100]
  Train Loss: 0.0014 | Train Acc: 99.98%
  Val Loss: 0.0043 | Val Acc: 99.92%
  Learning rate: 0.000125
  Early stopping counter: 5/8
Epoch [26/100]
  Train Loss: 0.0012 | Train Acc: 99.96%
  Val Loss: 0.0046 | Val Acc: 99.84%
  Learning rate: 0.000125
  Early stopping counter: 6/8
Epoch [27/100]
  Train Loss: 0.0025 | Train Acc: 99.92%
  Val Loss: 0.0022 | Val Acc: 99.92%
  Learning rate: 0.000125
  Early stopping counter: 7/8
Epoch [28/100]
  Train Loss: 0.0020 | Train Acc: 99.92%
  Val Loss: 0.0047 | Val Acc: 99.92%
  Learning rate: 0.000125
  Early stopping counter: 8/8

Early stopping triggered after 28 epochs!
Best validation loss: 0.0024 at epoch 20

Subject S3 Results:
  Test Labels: [0 0 0 0 0 0 0 0 0 0 0 0 0 0 0 0 0 0 0 0 0 0 0 0 0 0 0 0 0 0 0 0 0 0 0 0 0
 0 0 0 0 0 0 0 0 0 0 0 0 0 0 0 0 0 0 0 0 0 0 0 0 0 0 0 0 0 0 0 0 0 0 0 0 0
 0 0 0 0 0 0 0 0 0 0 0 0 0 0 0 0 0 0 0 0 0 0 0 0 0 0 0 0 0 0 0 0 0 0 0 0 0
 0 0 0 0 0 0 0 0 0 0 0 0 0 0 0 0 0 0 0 0 0 0 0 0 0 0 0 0 0 0 0 0 0 0 0 0 0
 0 0 0 0 0 0 0 0 0 0 0 0 0 0 0 0 0 0 0 0 0 0 0 0 0 0 0 0 0 0 0 0 0 0 0 0 0
 0 0 0 0 0 0 0 0 0 0 0 0 0 0 0 0 0 0 0 0 0 0 0 0 0 0 0 0 0 0 0 0 0 0 0 0 0
 0 0 0 0 0 0 0 0 0 0 0 0 0 0 0 0 0 0 0 0 0 0 0 0 0 0 0 0 0 0 0 0 0 0 0 0 0
 0 0 0 0 0 0 0 0 0 0 0 0 0 0 0 0 0 0 0 0 0 0 0 0 0 0 1 1 1 1 1 1 1 1 1 1 1
 1 1 1 1 1 1 1 1 1 1 1 1 1 1 1 1 1 1 1 1 1 1 1 1 1 1 1 1 1 1 1 1 1 1 1 1 1
 1 1 1 1 1 1 1 1 1 1 1 1 1 1 1 1 1 1 1 1 1 1 1 1 1 1 1 1 1 1 1 1 1 1 1 1 1
 1 1 1 1 1 1 1 1 1 1 1 1 1 1 1 1 1 1 1 1 1 1 1 1 1 1 1 1 1 1 1 1 1 1 1 1 1
 1 1 1 1 1 1 1 1 1 1 1 1 1 1 1 1 1 1 1 1 1 1 1 1 1 1 1 1 1 1 1 1 1 1 1 1 1
 1]
  Test Pred: [1 1 1 1 1 1 1 1 1 1 1 1 1 1 1 1 1 1 1 1 1 1 1 1 1 1 1 1 1 1 1 1 1 1 1 1 1
 1 1 1 1 1 1 1 1 1 1 1 1 1 1 1 1 1 1 1 1 1 1 1 1 1 1 1 1 1 1 1 1 1 1 1 1 1
 1 1 1 1 1 1 1 1 1 1 1 1 1 1 1 1 1 1 1 1 1 1 1 1 1 1 1 1 1 1 1 1 1 1 1 1 1
 1 1 1 1 1 1 1 1 1 1 1 1 1 1 1 1 1 1 1 1 1 1 1 1 1 1 1 1 1 1 1 1 1 1 1 1 1
 1 1 1 1 1 1 1 1 1 1 1 1 1 1 1 1 1 1 1 1 1 1 1 1 1 1 1 1 1 1 1 1 1 1 1 1 1
 1 1 1 1 1 1 1 1 1 1 1 1 1 1 1 1 1 1 1 1 1 1 1 1 1 1 1 1 1 1 1 1 1 1 1 1 1
 1 1 1 1 1 1 1 1 1 1 1 1 1 1 1 1 1 1 1 1 1 1 1 1 1 1 1 1 1 1 1 1 1 1 1 1 1
 1 1 1 1 1 1 1 1 1 1 1 1 1 1 1 1 1 1 1 1 1 1 1 1 1 1 1 1 1 1 1 1 1 1 1 1 1
 1 1 1 1 1 0 1 1 1 1 1 1 1 1 1 0 0 0 0 0 0 0 0 0 1 0 1 1 1 1 1 1 1 1 1 1 1
 1 0 1 0 0 1 1 1 1 0 1 0 0 0 0 1 1 1 1 1 0 0 1 0 0 0 0 0 1 0 0 0 0 1 0 0 1
 0 1 1 0 0 1 1 0 1 1 1 1 1 1 1 1 1 1 1 1 1 1 1 1 1 1 1 1 1 1 1 1 1 1 1 0 1
 1 1 1 1 1 1 1 1 1 1 1 1 1 1 0 1 1 1 1 1 1 1 1 1 1 1 1 1 1 1 0 1 1 1 1 1 1
 1]
  Confusion Matrix:
[[  0 285]
 [ 39 121]]
  Accuracy: 27.19%
  F1 Score: 0.1537
  Precision: 0.1072
  Recall: 0.2719
  MCC: -0.4136

============================================================
Test subject: S4, Range: [885, 1334]
============================================================
  Train samples: 5156, Val samples: 1289, Test samples: 449
Epoch [1/100]
  Train Loss: 0.2810 | Train Acc: 87.01%
  Val Loss: 0.2094 | Val Acc: 90.38%
  Learning rate: 0.001000
  ✓ New best validation loss: 0.2094
Epoch [2/100]
  Train Loss: 0.1615 | Train Acc: 93.10%
  Val Loss: 0.3052 | Val Acc: 90.22%
  Learning rate: 0.001000
  Early stopping counter: 1/8
Epoch [3/100]
  Train Loss: 0.0877 | Train Acc: 96.86%
  Val Loss: 0.2842 | Val Acc: 90.92%
  Learning rate: 0.001000
  Early stopping counter: 2/8
Epoch [4/100]
  Train Loss: 0.0457 | Train Acc: 98.55%
  Val Loss: 0.0303 | Val Acc: 98.91%
  Learning rate: 0.001000
  ✓ New best validation loss: 0.0303
Epoch [5/100]
  Train Loss: 0.0393 | Train Acc: 98.76%
  Val Loss: 0.0146 | Val Acc: 99.61%
  Learning rate: 0.001000
  ✓ New best validation loss: 0.0146
Epoch [6/100]
  Train Loss: 0.0437 | Train Acc: 98.51%
  Val Loss: 0.0114 | Val Acc: 99.84%
  Learning rate: 0.001000
  ✓ New best validation loss: 0.0114
Epoch [7/100]
  Train Loss: 0.0322 | Train Acc: 98.99%
  Val Loss: 0.0598 | Val Acc: 97.98%
  Learning rate: 0.001000
  Early stopping counter: 1/8
Epoch [8/100]
  Train Loss: 0.0300 | Train Acc: 99.03%
  Val Loss: 0.0410 | Val Acc: 98.76%
  Learning rate: 0.001000
  Early stopping counter: 2/8
Epoch [9/100]
  Train Loss: 0.0277 | Train Acc: 99.07%
  Val Loss: 0.0055 | Val Acc: 99.84%
  Learning rate: 0.001000
  ✓ New best validation loss: 0.0055
Epoch [10/100]
  Train Loss: 0.0088 | Train Acc: 99.73%
  Val Loss: 0.0127 | Val Acc: 99.61%
  Learning rate: 0.001000
  Early stopping counter: 1/8
Epoch [11/100]
  Train Loss: 0.0327 | Train Acc: 99.05%
  Val Loss: 0.0188 | Val Acc: 99.22%
  Learning rate: 0.001000
  Early stopping counter: 2/8
Epoch [12/100]
  Train Loss: 0.0415 | Train Acc: 98.68%
  Val Loss: 0.0952 | Val Acc: 96.35%
  Learning rate: 0.001000
  Early stopping counter: 3/8
Epoch [13/100]
  Train Loss: 0.0328 | Train Acc: 98.93%
  Val Loss: 0.0141 | Val Acc: 99.84%
  Learning rate: 0.000500
  Early stopping counter: 4/8
Epoch [14/100]
  Train Loss: 0.0049 | Train Acc: 99.90%
  Val Loss: 0.0066 | Val Acc: 99.92%
  Learning rate: 0.000500
  Early stopping counter: 5/8
Epoch [15/100]
  Train Loss: 0.0071 | Train Acc: 99.79%
  Val Loss: 0.0118 | Val Acc: 99.77%
  Learning rate: 0.000500
  Early stopping counter: 6/8
Epoch [16/100]
  Train Loss: 0.0115 | Train Acc: 99.65%
  Val Loss: 0.0184 | Val Acc: 99.69%
  Learning rate: 0.000500
  Early stopping counter: 7/8
Epoch [17/100]
  Train Loss: 0.0055 | Train Acc: 99.90%
  Val Loss: 0.0169 | Val Acc: 99.61%
  Learning rate: 0.000250
  Early stopping counter: 8/8

Early stopping triggered after 17 epochs!
Best validation loss: 0.0055 at epoch 9

Subject S4 Results:
  Test Labels: [0 0 0 0 0 0 0 0 0 0 0 0 0 0 0 0 0 0 0 0 0 0 0 0 0 0 0 0 0 0 0 0 0 0 0 0 0
 0 0 0 0 0 0 0 0 0 0 0 0 0 0 0 0 0 0 0 0 0 0 0 0 0 0 0 0 0 0 0 0 0 0 0 0 0
 0 0 0 0 0 0 0 0 0 0 0 0 0 0 0 0 0 0 0 0 0 0 0 0 0 0 0 0 0 0 0 0 0 0 0 0 0
 0 0 0 0 0 0 0 0 0 0 0 0 0 0 0 0 0 0 0 0 0 0 0 0 0 0 0 0 0 0 0 0 0 0 0 0 0
 0 0 0 0 0 0 0 0 0 0 0 0 0 0 0 0 0 0 0 0 0 0 0 0 0 0 0 0 0 0 0 0 0 0 0 0 0
 0 0 0 0 0 0 0 0 0 0 0 0 0 0 0 0 0 0 0 0 0 0 0 0 0 0 0 0 0 0 0 0 0 0 0 0 0
 0 0 0 0 0 0 0 0 0 0 0 0 0 0 0 0 0 0 0 0 0 0 0 0 0 0 0 0 0 0 0 0 0 0 0 0 0
 0 0 0 0 0 0 0 0 0 0 0 0 0 0 0 0 0 0 0 0 0 0 0 0 0 0 0 0 0 0 0 1 1 1 1 1 1
 1 1 1 1 1 1 1 1 1 1 1 1 1 1 1 1 1 1 1 1 1 1 1 1 1 1 1 1 1 1 1 1 1 1 1 1 1
 1 1 1 1 1 1 1 1 1 1 1 1 1 1 1 1 1 1 1 1 1 1 1 1 1 1 1 1 1 1 1 1 1 1 1 1 1
 1 1 1 1 1 1 1 1 1 1 1 1 1 1 1 1 1 1 1 1 1 1 1 1 1 1 1 1 1 1 1 1 1 1 1 1 1
 1 1 1 1 1 1 1 1 1 1 1 1 1 1 1 1 1 1 1 1 1 1 1 1 1 1 1 1 1 1 1 1 1 1 1 1 1
 1 1 1 1 1]
  Test Pred: [0 0 0 0 0 0 0 0 0 0 0 0 0 0 0 0 0 0 0 0 0 0 0 0 0 0 0 0 0 0 0 0 0 0 0 0 0
 0 0 0 0 0 0 0 0 0 0 0 0 0 0 0 0 0 0 0 0 0 0 0 0 0 0 0 0 0 0 0 0 0 0 0 0 0
 0 0 0 0 0 0 0 0 0 0 0 0 0 0 0 0 0 0 0 0 0 0 0 0 0 0 0 0 0 0 0 0 0 0 0 0 0
 0 0 0 0 0 0 0 0 0 0 0 0 0 0 0 0 0 0 0 0 0 0 0 0 0 0 0 0 0 0 0 0 0 0 0 0 0
 0 0 0 0 0 0 0 0 0 0 0 0 0 0 0 0 0 0 0 0 0 0 0 0 0 0 0 0 0 0 0 0 0 0 0 0 0
 0 0 0 0 0 0 0 0 0 0 0 0 0 0 0 0 0 0 0 0 0 0 0 0 0 0 0 0 0 0 0 0 0 0 0 0 0
 0 0 0 0 0 0 0 0 0 0 0 0 0 0 0 0 0 0 0 0 0 0 0 0 0 0 0 0 0 0 0 0 0 0 0 0 0
 0 0 0 0 0 0 0 0 0 0 0 0 0 0 0 0 0 0 0 0 0 0 0 0 0 0 0 0 0 0 0 0 0 0 0 0 0
 0 0 0 0 0 0 0 0 0 0 0 0 0 0 0 0 0 0 0 0 0 0 0 0 0 0 0 0 0 0 0 0 0 0 0 0 0
 0 0 0 0 0 0 0 0 0 0 0 0 0 0 0 0 0 0 0 0 0 0 0 0 0 0 0 0 0 0 0 0 0 0 0 0 0
 0 0 0 0 0 0 0 0 0 0 0 0 0 0 0 0 0 0 0 0 0 0 0 0 0 0 0 0 0 0 0 0 0 0 0 0 0
 0 0 0 0 0 0 0 0 0 0 0 0 0 0 0 0 0 0 0 0 0 0 0 0 0 0 0 0 0 0 0 0 0 0 1 0 0
 0 0 0 0 0]
  Confusion Matrix:
[[290   0]
 [158   1]]
  Accuracy: 64.81%
  F1 Score: 0.5120
  Precision: 0.7722
  Recall: 0.6481
  MCC: 0.0638

============================================================
Test subject: S5, Range: [1334, 1794]
============================================================
  Train samples: 5147, Val samples: 1287, Test samples: 460
Epoch [1/100]
  Train Loss: 0.2751 | Train Acc: 87.49%
  Val Loss: 0.1675 | Val Acc: 94.17%
  Learning rate: 0.001000
  ✓ New best validation loss: 0.1675
Epoch [2/100]
  Train Loss: 0.1552 | Train Acc: 94.77%
  Val Loss: 0.1137 | Val Acc: 96.43%
  Learning rate: 0.001000
  ✓ New best validation loss: 0.1137
Epoch [3/100]
  Train Loss: 0.1169 | Train Acc: 96.06%
  Val Loss: 0.1341 | Val Acc: 95.42%
  Learning rate: 0.001000
  Early stopping counter: 1/8
Epoch [4/100]
  Train Loss: 0.0747 | Train Acc: 97.40%
  Val Loss: 0.1004 | Val Acc: 97.05%
  Learning rate: 0.001000
  ✓ New best validation loss: 0.1004
Epoch [5/100]
  Train Loss: 0.0944 | Train Acc: 96.60%
  Val Loss: 0.0388 | Val Acc: 98.52%
  Learning rate: 0.001000
  ✓ New best validation loss: 0.0388
Epoch [6/100]
  Train Loss: 0.0744 | Train Acc: 97.18%
  Val Loss: 0.0292 | Val Acc: 98.52%
  Learning rate: 0.001000
  ✓ New best validation loss: 0.0292
Epoch [7/100]
  Train Loss: 0.0566 | Train Acc: 98.31%
  Val Loss: 0.0401 | Val Acc: 98.99%
  Learning rate: 0.001000
  Early stopping counter: 1/8
Epoch [8/100]
  Train Loss: 0.0331 | Train Acc: 98.76%
  Val Loss: 0.0186 | Val Acc: 99.15%
  Learning rate: 0.001000
  ✓ New best validation loss: 0.0186
Epoch [9/100]
  Train Loss: 0.0312 | Train Acc: 98.89%
  Val Loss: 0.0108 | Val Acc: 99.53%
  Learning rate: 0.001000
  ✓ New best validation loss: 0.0108
Epoch [10/100]
  Train Loss: 0.0395 | Train Acc: 98.72%
  Val Loss: 0.0272 | Val Acc: 99.30%
  Learning rate: 0.001000
  Early stopping counter: 1/8
Epoch [11/100]
  Train Loss: 0.0399 | Train Acc: 98.58%
  Val Loss: 0.0138 | Val Acc: 99.84%
  Learning rate: 0.001000
  Early stopping counter: 2/8
Epoch [12/100]
  Train Loss: 0.0255 | Train Acc: 99.20%
  Val Loss: 0.0055 | Val Acc: 99.84%
  Learning rate: 0.001000
  ✓ New best validation loss: 0.0055
Epoch [13/100]
  Train Loss: 0.0242 | Train Acc: 99.34%
  Val Loss: 0.0100 | Val Acc: 99.69%
  Learning rate: 0.001000
  Early stopping counter: 1/8
Epoch [14/100]
  Train Loss: 0.0317 | Train Acc: 98.91%
  Val Loss: 0.0100 | Val Acc: 99.69%
  Learning rate: 0.001000
  Early stopping counter: 2/8
Epoch [15/100]
  Train Loss: 0.0211 | Train Acc: 99.26%
  Val Loss: 0.0059 | Val Acc: 99.69%
  Learning rate: 0.001000
  Early stopping counter: 3/8
Epoch [16/100]
  Train Loss: 0.0424 | Train Acc: 98.68%
  Val Loss: 0.0273 | Val Acc: 99.07%
  Learning rate: 0.000500
  Early stopping counter: 4/8
Epoch [17/100]
  Train Loss: 0.0109 | Train Acc: 99.69%
  Val Loss: 0.0050 | Val Acc: 99.77%
  Learning rate: 0.000500
  Early stopping counter: 5/8
Epoch [18/100]
  Train Loss: 0.0040 | Train Acc: 99.83%
  Val Loss: 0.0053 | Val Acc: 99.77%
  Learning rate: 0.000500
  Early stopping counter: 6/8
Epoch [19/100]
  Train Loss: 0.0055 | Train Acc: 99.86%
  Val Loss: 0.0054 | Val Acc: 99.77%
  Learning rate: 0.000500
  Early stopping counter: 7/8
Epoch [20/100]
  Train Loss: 0.0058 | Train Acc: 99.84%
  Val Loss: 0.0076 | Val Acc: 99.77%
  Learning rate: 0.000500
  Early stopping counter: 8/8

Early stopping triggered after 20 epochs!
Best validation loss: 0.0055 at epoch 12

Subject S5 Results:
  Test Labels: [0 0 0 0 0 0 0 0 0 0 0 0 0 0 0 0 0 0 0 0 0 0 0 0 0 0 0 0 0 0 0 0 0 0 0 0 0
 0 0 0 0 0 0 0 0 0 0 0 0 0 0 0 0 0 0 0 0 0 0 0 0 0 0 0 0 0 0 0 0 0 0 0 0 0
 0 0 0 0 0 0 0 0 0 0 0 0 0 0 0 0 0 0 0 0 0 0 0 0 0 0 0 0 0 0 0 0 0 0 0 0 0
 0 0 0 0 0 0 0 0 0 0 0 0 0 0 0 0 0 0 0 0 0 0 0 0 0 0 0 0 0 0 0 0 0 0 0 0 0
 0 0 0 0 0 0 0 0 0 0 0 0 0 0 0 0 0 0 0 0 0 0 0 0 0 0 0 0 0 0 0 0 0 0 0 0 0
 0 0 0 0 0 0 0 0 0 0 0 0 0 0 0 0 0 0 0 0 0 0 0 0 0 0 0 0 0 0 0 0 0 0 0 0 0
 0 0 0 0 0 0 0 0 0 0 0 0 0 0 0 0 0 0 0 0 0 0 0 0 0 0 0 0 0 0 0 0 0 0 0 0 0
 0 0 0 0 0 0 0 0 0 0 0 0 0 0 0 0 0 0 0 0 0 0 0 0 0 0 0 0 0 0 0 0 0 0 0 0 0
 0 0 0 1 1 1 1 1 1 1 1 1 1 1 1 1 1 1 1 1 1 1 1 1 1 1 1 1 1 1 1 1 1 1 1 1 1
 1 1 1 1 1 1 1 1 1 1 1 1 1 1 1 1 1 1 1 1 1 1 1 1 1 1 1 1 1 1 1 1 1 1 1 1 1
 1 1 1 1 1 1 1 1 1 1 1 1 1 1 1 1 1 1 1 1 1 1 1 1 1 1 1 1 1 1 1 1 1 1 1 1 1
 1 1 1 1 1 1 1 1 1 1 1 1 1 1 1 1 1 1 1 1 1 1 1 1 1 1 1 1 1 1 1 1 1 1 1 1 1
 1 1 1 1 1 1 1 1 1 1 1 1 1 1 1 1]
  Test Pred: [1 1 1 1 1 1 1 1 1 1 1 1 1 1 1 1 1 1 1 1 1 1 1 1 1 1 1 1 1 1 1 1 1 1 1 1 1
 1 1 1 1 1 1 1 1 1 1 1 1 1 1 1 1 1 1 1 1 1 1 1 1 1 1 1 1 1 1 1 1 1 1 1 1 1
 1 1 1 1 1 1 1 1 1 1 1 1 1 1 1 1 1 1 1 1 1 1 1 1 1 1 1 1 1 1 1 1 1 1 1 1 1
 1 1 1 1 1 1 1 1 1 1 1 1 1 1 1 1 1 1 1 1 1 1 1 1 1 1 1 1 1 1 1 1 1 1 1 1 1
 1 1 1 1 1 1 1 1 1 1 1 1 1 1 1 1 1 1 1 1 1 1 1 1 1 1 1 1 1 1 1 1 1 1 1 1 1
 1 1 1 1 1 1 1 1 1 1 1 1 1 1 1 1 1 1 1 1 1 1 1 1 1 1 1 1 1 1 1 1 1 1 1 1 1
 1 1 1 1 1 1 1 1 1 1 1 1 1 1 1 1 1 1 1 1 1 1 1 1 1 1 1 1 1 1 1 1 1 1 1 1 1
 1 1 1 1 1 1 1 1 1 1 1 1 1 1 1 1 1 1 1 1 1 1 1 1 1 1 1 1 1 1 1 1 1 1 1 1 1
 1 1 1 0 0 0 0 0 0 0 0 0 0 0 0 0 0 0 0 0 0 0 0 0 0 0 0 0 0 0 0 0 0 0 0 0 0
 0 0 0 0 0 0 0 0 0 0 0 0 0 0 0 0 0 0 0 0 0 0 0 0 0 0 0 0 0 0 0 0 0 1 0 1 1
 0 0 0 0 0 0 0 0 0 0 0 0 0 0 0 0 0 0 0 0 0 0 0 0 0 0 0 0 0 0 0 0 0 0 0 0 0
 0 0 0 0 0 0 0 0 0 0 1 0 0 0 0 0 0 0 0 0 0 0 0 0 0 0 0 0 0 0 0 0 0 0 0 0 0
 0 0 0 0 0 0 0 0 0 0 0 0 0 0 0 0]
  Confusion Matrix:
[[  0 299]
 [157   4]]
  Accuracy: 0.87%
  F1 Score: 0.0060
  Precision: 0.0046
  Recall: 0.0087
  MCC: -0.9810

============================================================
Test subject: S6, Range: [1794, 2252]
============================================================
  Train samples: 5148, Val samples: 1288, Test samples: 458
Epoch [1/100]
  Train Loss: 0.2552 | Train Acc: 88.75%
  Val Loss: 0.2000 | Val Acc: 93.63%
  Learning rate: 0.001000
  ✓ New best validation loss: 0.2000
Epoch [2/100]
  Train Loss: 0.1003 | Train Acc: 96.11%
  Val Loss: 0.0268 | Val Acc: 98.99%
  Learning rate: 0.001000
  ✓ New best validation loss: 0.0268
Epoch [3/100]
  Train Loss: 0.0859 | Train Acc: 96.97%
  Val Loss: 0.0493 | Val Acc: 98.14%
  Learning rate: 0.001000
  Early stopping counter: 1/8
Epoch [4/100]
  Train Loss: 0.0723 | Train Acc: 97.65%
  Val Loss: 0.0581 | Val Acc: 98.06%
  Learning rate: 0.001000
  Early stopping counter: 2/8
Epoch [5/100]
  Train Loss: 0.0526 | Train Acc: 98.31%
  Val Loss: 0.0218 | Val Acc: 99.46%
  Learning rate: 0.001000
  ✓ New best validation loss: 0.0218
Epoch [6/100]
  Train Loss: 0.0300 | Train Acc: 99.11%
  Val Loss: 0.0430 | Val Acc: 98.45%
  Learning rate: 0.001000
  Early stopping counter: 1/8
Epoch [7/100]
  Train Loss: 0.0333 | Train Acc: 99.09%
  Val Loss: 0.0242 | Val Acc: 99.15%
  Learning rate: 0.001000
  Early stopping counter: 2/8
Epoch [8/100]
  Train Loss: 0.0425 | Train Acc: 98.64%
  Val Loss: 0.0116 | Val Acc: 99.61%
  Learning rate: 0.001000
  ✓ New best validation loss: 0.0116
Epoch [9/100]
  Train Loss: 0.0403 | Train Acc: 98.72%
  Val Loss: 0.0122 | Val Acc: 99.84%
  Learning rate: 0.001000
  Early stopping counter: 1/8
Epoch [10/100]
  Train Loss: 0.0256 | Train Acc: 99.22%
  Val Loss: 0.0129 | Val Acc: 99.77%
  Learning rate: 0.001000
  Early stopping counter: 2/8
Epoch [11/100]
  Train Loss: 0.0160 | Train Acc: 99.38%
  Val Loss: 0.0088 | Val Acc: 99.77%
  Learning rate: 0.001000
  ✓ New best validation loss: 0.0088
Epoch [12/100]
  Train Loss: 0.0204 | Train Acc: 99.38%
  Val Loss: 0.0698 | Val Acc: 98.45%
  Learning rate: 0.001000
  Early stopping counter: 1/8
Epoch [13/100]
  Train Loss: 0.0332 | Train Acc: 98.93%
  Val Loss: 0.0118 | Val Acc: 99.53%
  Learning rate: 0.001000
  Early stopping counter: 2/8
Epoch [14/100]
  Train Loss: 0.0406 | Train Acc: 98.87%
  Val Loss: 0.0185 | Val Acc: 99.38%
  Learning rate: 0.001000
  Early stopping counter: 3/8
Epoch [15/100]
  Train Loss: 0.0345 | Train Acc: 98.97%
  Val Loss: 0.0146 | Val Acc: 99.61%
  Learning rate: 0.000500
  Early stopping counter: 4/8
Epoch [16/100]
  Train Loss: 0.0083 | Train Acc: 99.75%
  Val Loss: 0.0047 | Val Acc: 99.77%
  Learning rate: 0.000500
  ✓ New best validation loss: 0.0047
Epoch [17/100]
  Train Loss: 0.0093 | Train Acc: 99.67%
  Val Loss: 0.0070 | Val Acc: 99.77%
  Learning rate: 0.000500
  Early stopping counter: 1/8
Epoch [18/100]
  Train Loss: 0.0049 | Train Acc: 99.86%
  Val Loss: 0.0046 | Val Acc: 99.77%
  Learning rate: 0.000500
  Early stopping counter: 2/8
Epoch [19/100]
  Train Loss: 0.0079 | Train Acc: 99.79%
  Val Loss: 0.0061 | Val Acc: 99.77%
  Learning rate: 0.000500
  Early stopping counter: 3/8
Epoch [20/100]
  Train Loss: 0.0085 | Train Acc: 99.65%
  Val Loss: 0.0016 | Val Acc: 99.92%
  Learning rate: 0.000500
  ✓ New best validation loss: 0.0016
Epoch [21/100]
  Train Loss: 0.0077 | Train Acc: 99.65%
  Val Loss: 0.0220 | Val Acc: 99.15%
  Learning rate: 0.000500
  Early stopping counter: 1/8
Epoch [22/100]
  Train Loss: 0.0086 | Train Acc: 99.69%
  Val Loss: 0.0037 | Val Acc: 99.92%
  Learning rate: 0.000500
  Early stopping counter: 2/8
Epoch [23/100]
  Train Loss: 0.0023 | Train Acc: 99.92%
  Val Loss: 0.0017 | Val Acc: 99.92%
  Learning rate: 0.000500
  Early stopping counter: 3/8
Epoch [24/100]
  Train Loss: 0.0086 | Train Acc: 99.75%
  Val Loss: 0.0016 | Val Acc: 99.92%
  Learning rate: 0.000250
  Early stopping counter: 4/8
Epoch [25/100]
  Train Loss: 0.0024 | Train Acc: 99.88%
  Val Loss: 0.0023 | Val Acc: 99.92%
  Learning rate: 0.000250
  Early stopping counter: 5/8
Epoch [26/100]
  Train Loss: 0.0011 | Train Acc: 99.96%
  Val Loss: 0.0036 | Val Acc: 99.92%
  Learning rate: 0.000250
  Early stopping counter: 6/8
Epoch [27/100]
  Train Loss: 0.0009 | Train Acc: 100.00%
  Val Loss: 0.0015 | Val Acc: 99.92%
  Learning rate: 0.000250
  Early stopping counter: 7/8
Epoch [28/100]
  Train Loss: 0.0006 | Train Acc: 100.00%
  Val Loss: 0.0011 | Val Acc: 99.92%
  Learning rate: 0.000250
  Early stopping counter: 8/8

Early stopping triggered after 28 epochs!
Best validation loss: 0.0016 at epoch 20

Subject S6 Results:
  Test Labels: [0 0 0 0 0 0 0 0 0 0 0 0 0 0 0 0 0 0 0 0 0 0 0 0 0 0 0 0 0 0 0 0 0 0 0 0 0
 0 0 0 0 0 0 0 0 0 0 0 0 0 0 0 0 0 0 0 0 0 0 0 0 0 0 0 0 0 0 0 0 0 0 0 0 0
 0 0 0 0 0 0 0 0 0 0 0 0 0 0 0 0 0 0 0 0 0 0 0 0 0 0 0 0 0 0 0 0 0 0 0 0 0
 0 0 0 0 0 0 0 0 0 0 0 0 0 0 0 0 0 0 0 0 0 0 0 0 0 0 0 0 0 0 0 0 0 0 0 0 0
 0 0 0 0 0 0 0 0 0 0 0 0 0 0 0 0 0 0 0 0 0 0 0 0 0 0 0 0 0 0 0 0 0 0 0 0 0
 0 0 0 0 0 0 0 0 0 0 0 0 0 0 0 0 0 0 0 0 0 0 0 0 0 0 0 0 0 0 0 0 0 0 0 0 0
 0 0 0 0 0 0 0 0 0 0 0 0 0 0 0 0 0 0 0 0 0 0 0 0 0 0 0 0 0 0 0 0 0 0 0 0 0
 0 0 0 0 0 0 0 0 0 0 0 0 0 0 0 0 0 0 0 0 0 0 0 0 0 0 0 0 0 0 0 0 0 0 0 0 1
 1 1 1 1 1 1 1 1 1 1 1 1 1 1 1 1 1 1 1 1 1 1 1 1 1 1 1 1 1 1 1 1 1 1 1 1 1
 1 1 1 1 1 1 1 1 1 1 1 1 1 1 1 1 1 1 1 1 1 1 1 1 1 1 1 1 1 1 1 1 1 1 1 1 1
 1 1 1 1 1 1 1 1 1 1 1 1 1 1 1 1 1 1 1 1 1 1 1 1 1 1 1 1 1 1 1 1 1 1 1 1 1
 1 1 1 1 1 1 1 1 1 1 1 1 1 1 1 1 1 1 1 1 1 1 1 1 1 1 1 1 1 1 1 1 1 1 1 1 1
 1 1 1 1 1 1 1 1 1 1 1 1 1 1]
  Test Pred: [0 0 0 0 0 0 0 0 0 0 0 0 0 0 0 0 0 0 0 0 0 0 0 0 0 0 0 0 0 0 0 0 0 0 0 0 0
 0 0 0 0 0 0 0 0 0 0 0 0 0 0 0 0 0 0 0 0 0 0 0 0 0 0 0 0 0 0 0 0 0 0 0 0 0
 0 0 0 0 0 0 0 0 0 0 0 0 0 0 0 0 0 0 0 0 0 0 0 0 0 0 0 0 0 0 0 0 0 0 0 0 0
 0 0 0 0 0 0 0 0 0 0 0 0 0 0 0 0 0 0 0 0 0 0 0 0 0 0 0 0 0 0 0 0 0 0 0 0 0
 0 0 0 0 0 0 0 0 0 0 0 0 0 0 0 0 0 0 0 0 0 0 0 0 0 0 0 0 0 0 1 1 1 1 1 0 0
 1 0 0 1 0 0 0 1 0 0 0 0 0 0 0 0 0 0 0 0 0 0 0 0 0 0 0 0 0 0 0 0 0 0 0 0 0
 0 0 0 0 0 0 0 0 0 0 0 0 0 0 0 0 0 0 0 0 0 0 0 0 0 0 0 0 0 0 0 0 0 0 0 0 0
 0 0 0 0 0 0 0 0 0 0 0 0 0 0 0 0 0 0 0 0 0 0 0 0 0 0 0 0 0 0 0 0 0 0 0 0 1
 1 1 1 0 0 0 1 1 0 1 1 0 1 0 0 1 0 0 1 1 1 1 1 1 1 1 1 1 1 1 1 1 1 1 1 1 1
 1 1 1 1 1 1 1 1 1 1 1 1 1 1 1 1 1 1 1 1 1 1 1 1 1 0 0 1 1 1 0 0 0 1 0 1 0
 0 0 0 0 0 0 0 0 0 0 0 0 0 0 0 0 0 0 0 0 0 0 0 0 0 0 0 0 0 0 0 0 0 0 0 0 0
 0 0 0 0 0 0 0 0 0 0 0 0 0 0 0 0 0 0 0 0 0 0 0 0 0 0 0 0 0 0 0 0 0 0 0 0 0
 0 0 0 0 0 0 0 0 0 0 0 0 0 0]
  Confusion Matrix:
[[287   8]
 [104  59]]
  Accuracy: 75.55%
  F1 Score: 0.7215
  Precision: 0.7862
  Recall: 0.7555
  MCC: 0.4537

============================================================
Test subject: S7, Range: [2252, 2709]
============================================================
  Train samples: 5149, Val samples: 1288, Test samples: 457
Epoch [1/100]
  Train Loss: 0.2176 | Train Acc: 90.79%
  Val Loss: 0.0812 | Val Acc: 97.83%
  Learning rate: 0.001000
  ✓ New best validation loss: 0.0812
Epoch [2/100]
  Train Loss: 0.0809 | Train Acc: 97.36%
  Val Loss: 0.0704 | Val Acc: 97.67%
  Learning rate: 0.001000
  ✓ New best validation loss: 0.0704
Epoch [3/100]
  Train Loss: 0.0547 | Train Acc: 98.29%
  Val Loss: 0.0143 | Val Acc: 99.77%
  Learning rate: 0.001000
  ✓ New best validation loss: 0.0143
Epoch [4/100]
  Train Loss: 0.0490 | Train Acc: 98.52%
  Val Loss: 0.0533 | Val Acc: 98.29%
  Learning rate: 0.001000
  Early stopping counter: 1/8
Epoch [5/100]
  Train Loss: 0.0304 | Train Acc: 99.09%
  Val Loss: 0.0527 | Val Acc: 98.29%
  Learning rate: 0.001000
  Early stopping counter: 2/8
Epoch [6/100]
  Train Loss: 0.0428 | Train Acc: 98.66%
  Val Loss: 0.0163 | Val Acc: 99.38%
  Learning rate: 0.001000
  Early stopping counter: 3/8
Epoch [7/100]
  Train Loss: 0.0446 | Train Acc: 98.54%
  Val Loss: 0.0944 | Val Acc: 97.36%
  Learning rate: 0.000500
  Early stopping counter: 4/8
Epoch [8/100]
  Train Loss: 0.0160 | Train Acc: 99.51%
  Val Loss: 0.0110 | Val Acc: 99.77%
  Learning rate: 0.000500
  ✓ New best validation loss: 0.0110
Epoch [9/100]
  Train Loss: 0.0156 | Train Acc: 99.46%
  Val Loss: 0.0093 | Val Acc: 99.77%
  Learning rate: 0.000500
  ✓ New best validation loss: 0.0093
Epoch [10/100]
  Train Loss: 0.0063 | Train Acc: 99.77%
  Val Loss: 0.0167 | Val Acc: 99.38%
  Learning rate: 0.000500
  Early stopping counter: 1/8
Epoch [11/100]
  Train Loss: 0.0072 | Train Acc: 99.79%
  Val Loss: 0.0054 | Val Acc: 99.84%
  Learning rate: 0.000500
  ✓ New best validation loss: 0.0054
Epoch [12/100]
  Train Loss: 0.0083 | Train Acc: 99.79%
  Val Loss: 0.0189 | Val Acc: 99.46%
  Learning rate: 0.000500
  Early stopping counter: 1/8
Epoch [13/100]
  Train Loss: 0.0112 | Train Acc: 99.69%
  Val Loss: 0.0123 | Val Acc: 99.77%
  Learning rate: 0.000500
  Early stopping counter: 2/8
Epoch [14/100]
  Train Loss: 0.0048 | Train Acc: 99.86%
  Val Loss: 0.0102 | Val Acc: 99.69%
  Learning rate: 0.000500
  Early stopping counter: 3/8
Epoch [15/100]
  Train Loss: 0.0022 | Train Acc: 99.94%
  Val Loss: 0.0073 | Val Acc: 99.77%
  Learning rate: 0.000250
  Early stopping counter: 4/8
Epoch [16/100]
  Train Loss: 0.0011 | Train Acc: 99.98%
  Val Loss: 0.0102 | Val Acc: 99.84%
  Learning rate: 0.000250
  Early stopping counter: 5/8
Epoch [17/100]
  Train Loss: 0.0007 | Train Acc: 99.98%
  Val Loss: 0.0091 | Val Acc: 99.77%
  Learning rate: 0.000250
  Early stopping counter: 6/8
Epoch [18/100]
  Train Loss: 0.0003 | Train Acc: 100.00%
  Val Loss: 0.0091 | Val Acc: 99.84%
  Learning rate: 0.000250
  Early stopping counter: 7/8
Epoch [19/100]
  Train Loss: 0.0002 | Train Acc: 100.00%
  Val Loss: 0.0206 | Val Acc: 99.46%
  Learning rate: 0.000125
  Early stopping counter: 8/8

Early stopping triggered after 19 epochs!
Best validation loss: 0.0054 at epoch 11

Subject S7 Results:
  Test Labels: [0 0 0 0 0 0 0 0 0 0 0 0 0 0 0 0 0 0 0 0 0 0 0 0 0 0 0 0 0 0 0 0 0 0 0 0 0
 0 0 0 0 0 0 0 0 0 0 0 0 0 0 0 0 0 0 0 0 0 0 0 0 0 0 0 0 0 0 0 0 0 0 0 0 0
 0 0 0 0 0 0 0 0 0 0 0 0 0 0 0 0 0 0 0 0 0 0 0 0 0 0 0 0 0 0 0 0 0 0 0 0 0
 0 0 0 0 0 0 0 0 0 0 0 0 0 0 0 0 0 0 0 0 0 0 0 0 0 0 0 0 0 0 0 0 0 0 0 0 0
 0 0 0 0 0 0 0 0 0 0 0 0 0 0 0 0 0 0 0 0 0 0 0 0 0 0 0 0 0 0 0 0 0 0 0 0 0
 0 0 0 0 0 0 0 0 0 0 0 0 0 0 0 0 0 0 0 0 0 0 0 0 0 0 0 0 0 0 0 0 0 0 0 0 0
 0 0 0 0 0 0 0 0 0 0 0 0 0 0 0 0 0 0 0 0 0 0 0 0 0 0 0 0 0 0 0 0 0 0 0 0 0
 0 0 0 0 0 0 0 0 0 0 0 0 0 0 0 0 0 0 0 0 0 0 0 0 0 0 0 0 0 0 0 0 0 0 0 0 0
 0 1 1 1 1 1 1 1 1 1 1 1 1 1 1 1 1 1 1 1 1 1 1 1 1 1 1 1 1 1 1 1 1 1 1 1 1
 1 1 1 1 1 1 1 1 1 1 1 1 1 1 1 1 1 1 1 1 1 1 1 1 1 1 1 1 1 1 1 1 1 1 1 1 1
 1 1 1 1 1 1 1 1 1 1 1 1 1 1 1 1 1 1 1 1 1 1 1 1 1 1 1 1 1 1 1 1 1 1 1 1 1
 1 1 1 1 1 1 1 1 1 1 1 1 1 1 1 1 1 1 1 1 1 1 1 1 1 1 1 1 1 1 1 1 1 1 1 1 1
 1 1 1 1 1 1 1 1 1 1 1 1 1]
  Test Pred: [1 1 1 1 1 1 1 1 1 1 1 1 1 1 1 1 1 1 1 1 1 1 1 1 1 1 1 1 1 1 1 1 1 1 1 1 1
 1 1 1 1 1 1 1 1 1 1 1 1 1 1 1 1 1 1 1 1 1 1 1 1 1 1 1 1 1 1 1 1 1 1 1 1 1
 1 1 1 1 1 1 1 1 1 1 1 1 1 1 1 1 1 1 1 1 1 1 1 1 1 1 1 1 1 1 1 1 1 1 1 1 1
 1 1 1 1 1 1 1 1 1 1 1 1 1 1 1 1 1 1 1 1 1 1 1 1 1 1 1 1 1 1 1 1 1 1 1 1 1
 1 1 1 1 1 1 1 1 1 1 1 1 1 1 1 1 1 1 1 1 1 1 1 1 1 1 1 1 1 1 1 1 1 1 1 1 1
 1 1 1 1 1 1 1 1 1 1 1 1 1 1 1 1 1 1 1 1 1 1 1 1 1 1 1 1 1 1 1 1 1 1 1 1 1
 1 1 1 1 1 1 1 1 1 1 1 1 1 1 1 1 1 1 1 1 1 1 1 1 1 1 1 1 1 1 1 1 1 1 1 1 1
 1 1 1 1 1 1 1 1 1 1 1 1 1 1 1 1 1 1 1 1 1 1 1 1 1 1 1 1 1 1 1 1 1 1 1 1 1
 1 1 1 1 1 1 1 1 1 1 1 1 1 1 1 1 1 1 1 1 1 1 1 1 1 1 1 1 1 1 1 1 1 1 1 1 1
 1 1 1 1 1 1 1 1 1 1 1 1 1 1 1 1 1 1 1 1 1 1 1 1 1 1 1 1 1 1 1 1 1 1 1 1 1
 1 1 1 1 1 1 1 1 1 1 1 1 1 1 1 1 1 1 1 1 1 1 1 1 1 1 1 1 1 1 1 1 1 1 1 1 1
 1 1 1 1 1 1 1 1 1 1 1 1 1 1 1 1 1 1 1 1 1 1 1 1 1 1 1 1 1 1 1 1 1 1 1 1 1
 1 1 1 1 1 1 1 1 1 1 1 1 1]
  Confusion Matrix:
[[  0 297]
 [  0 160]]
  Accuracy: 35.01%
  F1 Score: 0.1816
  Precision: 0.1226
  Recall: 0.3501
  MCC: 0.0000

============================================================
Test subject: S8, Range: [2709, 3169]
============================================================
  Train samples: 5147, Val samples: 1287, Test samples: 460
Epoch [1/100]
  Train Loss: 0.2979 | Train Acc: 85.97%
  Val Loss: 0.2456 | Val Acc: 88.50%
  Learning rate: 0.001000
  ✓ New best validation loss: 0.2456
Epoch [2/100]
  Train Loss: 0.1950 | Train Acc: 92.81%
  Val Loss: 0.2446 | Val Acc: 92.15%
  Learning rate: 0.001000
  ✓ New best validation loss: 0.2446
Epoch [3/100]
  Train Loss: 0.1727 | Train Acc: 93.59%
  Val Loss: 0.2056 | Val Acc: 92.70%
  Learning rate: 0.001000
  ✓ New best validation loss: 0.2056
Epoch [4/100]
  Train Loss: 0.1183 | Train Acc: 95.41%
  Val Loss: 0.0624 | Val Acc: 98.45%
  Learning rate: 0.001000
  ✓ New best validation loss: 0.0624
Epoch [5/100]
  Train Loss: 0.0767 | Train Acc: 97.55%
  Val Loss: 0.0883 | Val Acc: 97.51%
  Learning rate: 0.001000
  Early stopping counter: 1/8
Epoch [6/100]
  Train Loss: 0.0508 | Train Acc: 98.29%
  Val Loss: 0.0456 | Val Acc: 98.60%
  Learning rate: 0.001000
  ✓ New best validation loss: 0.0456
Epoch [7/100]
  Train Loss: 0.0548 | Train Acc: 98.41%
  Val Loss: 0.0268 | Val Acc: 99.15%
  Learning rate: 0.001000
  ✓ New best validation loss: 0.0268
Epoch [8/100]
  Train Loss: 0.0858 | Train Acc: 97.11%
  Val Loss: 0.0305 | Val Acc: 99.30%
  Learning rate: 0.001000
  Early stopping counter: 1/8
Epoch [9/100]
  Train Loss: 0.0459 | Train Acc: 98.52%
  Val Loss: 0.0517 | Val Acc: 98.06%
  Learning rate: 0.001000
  Early stopping counter: 2/8
Epoch [10/100]
  Train Loss: 0.0642 | Train Acc: 98.13%
  Val Loss: 0.1132 | Val Acc: 96.35%
  Learning rate: 0.001000
  Early stopping counter: 3/8
Epoch [11/100]
  Train Loss: 0.0573 | Train Acc: 98.29%
  Val Loss: 0.1576 | Val Acc: 94.17%
  Learning rate: 0.000500
  Early stopping counter: 4/8
Epoch [12/100]
  Train Loss: 0.0720 | Train Acc: 96.95%
  Val Loss: 0.0651 | Val Acc: 96.97%
  Learning rate: 0.000500
  Early stopping counter: 5/8
Epoch [13/100]
  Train Loss: 0.0548 | Train Acc: 97.42%
  Val Loss: 0.0656 | Val Acc: 96.74%
  Learning rate: 0.000500
  Early stopping counter: 6/8
Epoch [14/100]
  Train Loss: 0.0694 | Train Acc: 96.87%
  Val Loss: 0.0473 | Val Acc: 98.06%
  Learning rate: 0.000500
  Early stopping counter: 7/8
Epoch [15/100]
  Train Loss: 0.0422 | Train Acc: 98.47%
  Val Loss: 0.0097 | Val Acc: 99.77%
  Learning rate: 0.000500
  ✓ New best validation loss: 0.0097
Epoch [16/100]
  Train Loss: 0.0111 | Train Acc: 99.67%
  Val Loss: 0.0349 | Val Acc: 99.22%
  Learning rate: 0.000500
  Early stopping counter: 1/8
Epoch [17/100]
  Train Loss: 0.0127 | Train Acc: 99.67%
  Val Loss: 0.0235 | Val Acc: 99.38%
  Learning rate: 0.000500
  Early stopping counter: 2/8
Epoch [18/100]
  Train Loss: 0.0076 | Train Acc: 99.81%
  Val Loss: 0.0378 | Val Acc: 99.07%
  Learning rate: 0.000500
  Early stopping counter: 3/8
Epoch [19/100]
  Train Loss: 0.0148 | Train Acc: 99.69%
  Val Loss: 0.0090 | Val Acc: 99.84%
  Learning rate: 0.000500
  Early stopping counter: 4/8
Epoch [20/100]
  Train Loss: 0.0097 | Train Acc: 99.77%
  Val Loss: 0.0073 | Val Acc: 99.84%
  Learning rate: 0.000500
  ✓ New best validation loss: 0.0073
Epoch [21/100]
  Train Loss: 0.0154 | Train Acc: 99.61%
  Val Loss: 0.0176 | Val Acc: 99.38%
  Learning rate: 0.000500
  Early stopping counter: 1/8
Epoch [22/100]
  Train Loss: 0.0149 | Train Acc: 99.57%
  Val Loss: 0.0170 | Val Acc: 99.46%
  Learning rate: 0.000500
  Early stopping counter: 2/8
Epoch [23/100]
  Train Loss: 0.0087 | Train Acc: 99.69%
  Val Loss: 0.0126 | Val Acc: 99.69%
  Learning rate: 0.000500
  Early stopping counter: 3/8
Epoch [24/100]
  Train Loss: 0.0181 | Train Acc: 99.44%
  Val Loss: 0.0123 | Val Acc: 99.84%
  Learning rate: 0.000250
  Early stopping counter: 4/8
Epoch [25/100]
  Train Loss: 0.0050 | Train Acc: 99.83%
  Val Loss: 0.0094 | Val Acc: 99.84%
  Learning rate: 0.000250
  Early stopping counter: 5/8
Epoch [26/100]
  Train Loss: 0.0044 | Train Acc: 99.88%
  Val Loss: 0.0087 | Val Acc: 99.77%
  Learning rate: 0.000250
  Early stopping counter: 6/8
Epoch [27/100]
  Train Loss: 0.0022 | Train Acc: 99.92%
  Val Loss: 0.0103 | Val Acc: 99.77%
  Learning rate: 0.000250
  Early stopping counter: 7/8
Epoch [28/100]
  Train Loss: 0.0025 | Train Acc: 99.92%
  Val Loss: 0.0089 | Val Acc: 99.77%
  Learning rate: 0.000125
  Early stopping counter: 8/8

Early stopping triggered after 28 epochs!
Best validation loss: 0.0073 at epoch 20

Subject S8 Results:
  Test Labels: [0 0 0 0 0 0 0 0 0 0 0 0 0 0 0 0 0 0 0 0 0 0 0 0 0 0 0 0 0 0 0 0 0 0 0 0 0
 0 0 0 0 0 0 0 0 0 0 0 0 0 0 0 0 0 0 0 0 0 0 0 0 0 0 0 0 0 0 0 0 0 0 0 0 0
 0 0 0 0 0 0 0 0 0 0 0 0 0 0 0 0 0 0 0 0 0 0 0 0 0 0 0 0 0 0 0 0 0 0 0 0 0
 0 0 0 0 0 0 0 0 0 0 0 0 0 0 0 0 0 0 0 0 0 0 0 0 0 0 0 0 0 0 0 0 0 0 0 0 0
 0 0 0 0 0 0 0 0 0 0 0 0 0 0 0 0 0 0 0 0 0 0 0 0 0 0 0 0 0 0 0 0 0 0 0 0 0
 0 0 0 0 0 0 0 0 0 0 0 0 0 0 0 0 0 0 0 0 0 0 0 0 0 0 0 0 0 0 0 0 0 0 0 0 0
 0 0 0 0 0 0 0 0 0 0 0 0 0 0 0 0 0 0 0 0 0 0 0 0 0 0 0 0 0 0 0 0 0 0 0 0 0
 0 0 0 0 0 0 0 0 0 0 0 0 0 0 0 0 0 0 0 0 0 0 0 0 0 0 0 0 0 0 0 0 0 1 1 1 1
 1 1 1 1 1 1 1 1 1 1 1 1 1 1 1 1 1 1 1 1 1 1 1 1 1 1 1 1 1 1 1 1 1 1 1 1 1
 1 1 1 1 1 1 1 1 1 1 1 1 1 1 1 1 1 1 1 1 1 1 1 1 1 1 1 1 1 1 1 1 1 1 1 1 1
 1 1 1 1 1 1 1 1 1 1 1 1 1 1 1 1 1 1 1 1 1 1 1 1 1 1 1 1 1 1 1 1 1 1 1 1 1
 1 1 1 1 1 1 1 1 1 1 1 1 1 1 1 1 1 1 1 1 1 1 1 1 1 1 1 1 1 1 1 1 1 1 1 1 1
 1 1 1 1 1 1 1 1 1 1 1 1 1 1 1 1]
  Test Pred: [0 0 0 0 0 0 0 0 0 0 0 0 0 0 0 0 0 0 0 0 0 0 0 0 0 0 0 0 0 0 0 0 0 0 0 0 0
 0 0 0 0 0 0 0 0 0 0 0 0 0 0 0 0 0 0 0 0 0 0 0 0 0 0 0 0 0 0 0 0 0 0 0 0 0
 0 0 0 0 0 0 0 0 0 0 0 0 0 0 0 0 0 0 0 0 0 0 0 0 0 0 0 0 0 1 1 1 1 1 1 1 1
 1 1 1 1 1 1 1 1 1 1 1 1 1 1 1 1 1 1 1 1 1 1 0 0 0 0 0 0 0 0 0 0 0 0 0 0 0
 0 0 0 0 0 0 0 0 0 1 1 1 1 1 1 1 0 0 0 1 1 1 0 0 1 1 1 1 1 1 1 1 1 1 1 1 1
 1 1 0 1 1 1 0 1 1 1 1 1 1 1 0 0 0 0 1 0 0 0 0 0 1 1 1 1 1 1 1 1 1 1 1 1 1
 1 1 1 1 1 1 1 1 1 1 1 1 1 1 1 1 1 1 1 1 1 1 1 1 1 1 1 1 1 1 1 1 1 1 1 1 1
 1 1 1 1 1 1 1 1 1 1 1 1 1 1 1 1 1 1 1 1 1 1 1 0 1 0 0 1 0 0 1 0 0 1 1 0 0
 1 1 0 1 1 0 1 1 1 0 1 1 1 0 1 1 1 1 1 1 1 1 1 0 1 1 1 0 1 0 1 1 1 1 1 1 0
 1 1 1 1 1 1 0 1 1 0 1 1 0 1 1 1 0 1 1 1 1 1 0 0 0 1 1 1 1 0 1 0 0 0 1 0 1
 1 1 1 1 0 0 1 0 0 1 1 1 0 1 0 0 0 0 0 0 0 0 1 0 0 0 0 0 0 0 1 0 0 0 1 1 1
 0 1 1 1 0 0 0 1 0 0 0 1 1 1 0 0 1 0 0 0 0 0 0 0 1 0 0 0 0 0 0 1 0 1 1 0 0
 0 0 0 1 1 1 0 0 0 0 0 0 0 0 0 0]
  Confusion Matrix:
[[150 142]
 [ 83  85]]
  Accuracy: 51.09%
  F1 Score: 0.5199
  Precision: 0.5454
  Recall: 0.5109
  MCC: 0.0189

============================================================
Test subject: S9, Range: [3169, 3625]
============================================================
  Train samples: 5150, Val samples: 1288, Test samples: 456
Epoch [1/100]
  Train Loss: 0.2697 | Train Acc: 87.18%
  Val Loss: 0.1017 | Val Acc: 95.81%
  Learning rate: 0.001000
  ✓ New best validation loss: 0.1017
Epoch [2/100]
  Train Loss: 0.1052 | Train Acc: 95.86%
  Val Loss: 0.0376 | Val Acc: 98.84%
  Learning rate: 0.001000
  ✓ New best validation loss: 0.0376
Epoch [3/100]
  Train Loss: 0.0856 | Train Acc: 96.99%
  Val Loss: 0.1244 | Val Acc: 93.71%
  Learning rate: 0.001000
  Early stopping counter: 1/8
Epoch [4/100]
  Train Loss: 0.0494 | Train Acc: 98.37%
  Val Loss: 0.0627 | Val Acc: 97.36%
  Learning rate: 0.001000
  Early stopping counter: 2/8
Epoch [5/100]
  Train Loss: 0.0577 | Train Acc: 98.25%
  Val Loss: 0.0420 | Val Acc: 98.76%
  Learning rate: 0.001000
  Early stopping counter: 3/8
Epoch [6/100]
  Train Loss: 0.0358 | Train Acc: 98.85%
  Val Loss: 0.0386 | Val Acc: 98.68%
  Learning rate: 0.000500
  Early stopping counter: 4/8
Epoch [7/100]
  Train Loss: 0.0105 | Train Acc: 99.67%
  Val Loss: 0.0036 | Val Acc: 99.84%
  Learning rate: 0.000500
  ✓ New best validation loss: 0.0036
Epoch [8/100]
  Train Loss: 0.0078 | Train Acc: 99.73%
  Val Loss: 0.0160 | Val Acc: 99.46%
  Learning rate: 0.000500
  Early stopping counter: 1/8
Epoch [9/100]
  Train Loss: 0.0082 | Train Acc: 99.79%
  Val Loss: 0.0037 | Val Acc: 99.77%
  Learning rate: 0.000500
  Early stopping counter: 2/8
Epoch [10/100]
  Train Loss: 0.0169 | Train Acc: 99.53%
  Val Loss: 0.0202 | Val Acc: 99.38%
  Learning rate: 0.000500
  Early stopping counter: 3/8
Epoch [11/100]
  Train Loss: 0.0070 | Train Acc: 99.75%
  Val Loss: 0.0013 | Val Acc: 99.92%
  Learning rate: 0.000500
  ✓ New best validation loss: 0.0013
Epoch [12/100]
  Train Loss: 0.0064 | Train Acc: 99.81%
  Val Loss: 0.0157 | Val Acc: 99.38%
  Learning rate: 0.000500
  Early stopping counter: 1/8
Epoch [13/100]
  Train Loss: 0.0104 | Train Acc: 99.71%
  Val Loss: 0.0064 | Val Acc: 99.69%
  Learning rate: 0.000500
  Early stopping counter: 2/8
Epoch [14/100]
  Train Loss: 0.0217 | Train Acc: 99.34%
  Val Loss: 0.0119 | Val Acc: 99.53%
  Learning rate: 0.000500
  Early stopping counter: 3/8
Epoch [15/100]
  Train Loss: 0.0089 | Train Acc: 99.69%
  Val Loss: 0.0038 | Val Acc: 99.92%
  Learning rate: 0.000250
  Early stopping counter: 4/8
Epoch [16/100]
  Train Loss: 0.0012 | Train Acc: 100.00%
  Val Loss: 0.0029 | Val Acc: 99.84%
  Learning rate: 0.000250
  Early stopping counter: 5/8
Epoch [17/100]
  Train Loss: 0.0007 | Train Acc: 100.00%
  Val Loss: 0.0009 | Val Acc: 100.00%
  Learning rate: 0.000250
  Early stopping counter: 6/8
Epoch [18/100]
  Train Loss: 0.0023 | Train Acc: 99.92%
  Val Loss: 0.0042 | Val Acc: 99.77%
  Learning rate: 0.000250
  Early stopping counter: 7/8
Epoch [19/100]
  Train Loss: 0.0018 | Train Acc: 99.94%
  Val Loss: 0.0009 | Val Acc: 100.00%
  Learning rate: 0.000250
  Early stopping counter: 8/8

Early stopping triggered after 19 epochs!
Best validation loss: 0.0013 at epoch 11

Subject S9 Results:
  Test Labels: [0 0 0 0 0 0 0 0 0 0 0 0 0 0 0 0 0 0 0 0 0 0 0 0 0 0 0 0 0 0 0 0 0 0 0 0 0
 0 0 0 0 0 0 0 0 0 0 0 0 0 0 0 0 0 0 0 0 0 0 0 0 0 0 0 0 0 0 0 0 0 0 0 0 0
 0 0 0 0 0 0 0 0 0 0 0 0 0 0 0 0 0 0 0 0 0 0 0 0 0 0 0 0 0 0 0 0 0 0 0 0 0
 0 0 0 0 0 0 0 0 0 0 0 0 0 0 0 0 0 0 0 0 0 0 0 0 0 0 0 0 0 0 0 0 0 0 0 0 0
 0 0 0 0 0 0 0 0 0 0 0 0 0 0 0 0 0 0 0 0 0 0 0 0 0 0 0 0 0 0 0 0 0 0 0 0 0
 0 0 0 0 0 0 0 0 0 0 0 0 0 0 0 0 0 0 0 0 0 0 0 0 0 0 0 0 0 0 0 0 0 0 0 0 0
 0 0 0 0 0 0 0 0 0 0 0 0 0 0 0 0 0 0 0 0 0 0 0 0 0 0 0 0 0 0 0 0 0 0 0 0 0
 0 0 0 0 0 0 0 0 0 0 0 0 0 0 0 0 0 0 0 0 0 0 0 0 0 0 0 0 0 0 0 0 0 0 0 0 1
 1 1 1 1 1 1 1 1 1 1 1 1 1 1 1 1 1 1 1 1 1 1 1 1 1 1 1 1 1 1 1 1 1 1 1 1 1
 1 1 1 1 1 1 1 1 1 1 1 1 1 1 1 1 1 1 1 1 1 1 1 1 1 1 1 1 1 1 1 1 1 1 1 1 1
 1 1 1 1 1 1 1 1 1 1 1 1 1 1 1 1 1 1 1 1 1 1 1 1 1 1 1 1 1 1 1 1 1 1 1 1 1
 1 1 1 1 1 1 1 1 1 1 1 1 1 1 1 1 1 1 1 1 1 1 1 1 1 1 1 1 1 1 1 1 1 1 1 1 1
 1 1 1 1 1 1 1 1 1 1 1 1]
  Test Pred: [0 0 0 0 0 0 0 0 0 0 0 0 0 0 0 0 0 0 0 0 0 0 0 0 0 0 0 0 0 0 0 0 0 0 0 0 0
 0 0 0 0 0 0 0 0 0 0 0 0 0 0 0 0 0 0 0 0 0 0 0 0 0 0 1 0 0 0 0 0 0 0 0 0 0
 0 0 0 0 0 0 0 0 0 0 0 0 0 0 0 0 0 0 0 0 0 0 0 0 0 0 0 0 0 0 0 0 0 0 0 0 0
 0 0 0 0 0 0 0 0 0 0 0 0 0 0 0 0 0 0 0 0 0 0 0 0 0 0 0 0 0 0 0 0 0 0 0 0 0
 0 0 0 0 0 0 0 0 0 0 0 0 0 0 0 0 0 0 0 0 0 0 0 0 0 0 0 0 0 0 0 0 0 0 0 0 0
 0 0 0 0 0 0 0 0 0 0 0 0 0 0 0 0 1 0 0 0 0 0 0 0 0 0 0 0 0 0 0 0 0 0 0 0 0
 0 0 0 0 0 0 0 0 0 0 0 0 0 0 0 0 0 0 0 0 0 0 0 0 0 0 0 0 0 0 0 0 0 0 0 0 0
 0 0 0 0 0 0 0 0 0 0 0 0 0 0 0 0 0 0 1 1 1 1 0 0 0 0 0 0 1 1 0 0 0 0 0 0 1
 1 1 1 1 1 1 1 1 1 1 1 1 1 1 1 1 1 1 1 1 1 1 1 1 1 1 1 1 1 1 1 1 1 1 1 1 1
 1 1 1 1 1 1 1 1 1 0 1 1 1 1 1 1 1 1 1 1 1 1 1 1 1 0 1 1 1 1 1 1 1 1 1 1 1
 1 1 0 1 1 0 1 1 1 1 1 1 0 1 1 0 0 1 1 0 1 0 0 0 0 0 1 0 0 0 0 0 0 0 0 0 0
 1 0 0 0 0 0 1 0 0 0 0 0 1 0 0 1 0 0 0 0 0 0 0 0 0 0 0 0 0 0 0 0 0 0 0 0 0
 0 1 0 0 0 0 0 0 0 0 0 0]
  Confusion Matrix:
[[287   8]
 [ 67  94]]
  Accuracy: 83.55%
  F1 Score: 0.8246
  Precision: 0.8499
  Recall: 0.8355
  MCC: 0.6385

============================================================
Test subject: S10, Range: [3625, 4101]
============================================================
  Train samples: 5134, Val samples: 1284, Test samples: 476
Epoch [1/100]
  Train Loss: 0.2514 | Train Acc: 88.86%
  Val Loss: 0.1545 | Val Acc: 93.77%
  Learning rate: 0.001000
  ✓ New best validation loss: 0.1545
Epoch [2/100]
  Train Loss: 0.1101 | Train Acc: 96.14%
  Val Loss: 0.0504 | Val Acc: 98.68%
  Learning rate: 0.001000
  ✓ New best validation loss: 0.0504
Epoch [3/100]
  Train Loss: 0.0790 | Train Acc: 97.35%
  Val Loss: 0.0193 | Val Acc: 99.22%
  Learning rate: 0.001000
  ✓ New best validation loss: 0.0193
Epoch [4/100]
  Train Loss: 0.0460 | Train Acc: 98.60%
  Val Loss: 0.0319 | Val Acc: 98.68%
  Learning rate: 0.001000
  Early stopping counter: 1/8
Epoch [5/100]
  Train Loss: 0.0549 | Train Acc: 98.34%
  Val Loss: 0.0358 | Val Acc: 99.14%
  Learning rate: 0.001000
  Early stopping counter: 2/8
Epoch [6/100]
  Train Loss: 0.0394 | Train Acc: 98.71%
  Val Loss: 0.0224 | Val Acc: 99.30%
  Learning rate: 0.001000
  Early stopping counter: 3/8
Epoch [7/100]
  Train Loss: 0.0337 | Train Acc: 98.93%
  Val Loss: 0.0285 | Val Acc: 99.30%
  Learning rate: 0.000500
  Early stopping counter: 4/8
Epoch [8/100]
  Train Loss: 0.0198 | Train Acc: 99.38%
  Val Loss: 0.0118 | Val Acc: 99.77%
  Learning rate: 0.000500
  ✓ New best validation loss: 0.0118
Epoch [9/100]
  Train Loss: 0.0121 | Train Acc: 99.61%
  Val Loss: 0.0070 | Val Acc: 99.69%
  Learning rate: 0.000500
  ✓ New best validation loss: 0.0070
Epoch [10/100]
  Train Loss: 0.0223 | Train Acc: 99.24%
  Val Loss: 0.0102 | Val Acc: 99.61%
  Learning rate: 0.000500
  Early stopping counter: 1/8
Epoch [11/100]
  Train Loss: 0.0080 | Train Acc: 99.73%
  Val Loss: 0.0166 | Val Acc: 99.69%
  Learning rate: 0.000500
  Early stopping counter: 2/8
Epoch [12/100]
  Train Loss: 0.0122 | Train Acc: 99.71%
  Val Loss: 0.0078 | Val Acc: 99.61%
  Learning rate: 0.000500
  Early stopping counter: 3/8
Epoch [13/100]
  Train Loss: 0.0123 | Train Acc: 99.63%
  Val Loss: 0.0107 | Val Acc: 99.84%
  Learning rate: 0.000250
  Early stopping counter: 4/8
Epoch [14/100]
  Train Loss: 0.0047 | Train Acc: 99.86%
  Val Loss: 0.0083 | Val Acc: 99.84%
  Learning rate: 0.000250
  Early stopping counter: 5/8
Epoch [15/100]
  Train Loss: 0.0043 | Train Acc: 99.90%
  Val Loss: 0.0058 | Val Acc: 99.77%
  Learning rate: 0.000250
  ✓ New best validation loss: 0.0058
Epoch [16/100]
  Train Loss: 0.0044 | Train Acc: 99.81%
  Val Loss: 0.0060 | Val Acc: 99.77%
  Learning rate: 0.000250
  Early stopping counter: 1/8
Epoch [17/100]
  Train Loss: 0.0013 | Train Acc: 99.96%
  Val Loss: 0.0085 | Val Acc: 99.92%
  Learning rate: 0.000250
  Early stopping counter: 2/8
Epoch [18/100]
  Train Loss: 0.0013 | Train Acc: 99.96%
  Val Loss: 0.0041 | Val Acc: 99.92%
  Learning rate: 0.000250
  ✓ New best validation loss: 0.0041
Epoch [19/100]
  Train Loss: 0.0030 | Train Acc: 99.90%
  Val Loss: 0.0087 | Val Acc: 99.69%
  Learning rate: 0.000250
  Early stopping counter: 1/8
Epoch [20/100]
  Train Loss: 0.0064 | Train Acc: 99.77%
  Val Loss: 0.0040 | Val Acc: 99.92%
  Learning rate: 0.000250
  Early stopping counter: 2/8
Epoch [21/100]
  Train Loss: 0.0116 | Train Acc: 99.69%
  Val Loss: 0.0208 | Val Acc: 99.38%
  Learning rate: 0.000250
  Early stopping counter: 3/8
Epoch [22/100]
  Train Loss: 0.0053 | Train Acc: 99.84%
  Val Loss: 0.0070 | Val Acc: 99.92%
  Learning rate: 0.000250
  Early stopping counter: 4/8
Epoch [23/100]
  Train Loss: 0.0013 | Train Acc: 99.96%
  Val Loss: 0.0128 | Val Acc: 99.77%
  Learning rate: 0.000250
  Early stopping counter: 5/8
Epoch [24/100]
  Train Loss: 0.0055 | Train Acc: 99.88%
  Val Loss: 0.0064 | Val Acc: 99.84%
  Learning rate: 0.000125
  Early stopping counter: 6/8
Epoch [25/100]
  Train Loss: 0.0005 | Train Acc: 100.00%
  Val Loss: 0.0082 | Val Acc: 99.92%
  Learning rate: 0.000125
  Early stopping counter: 7/8
Epoch [26/100]
  Train Loss: 0.0003 | Train Acc: 100.00%
  Val Loss: 0.0077 | Val Acc: 99.92%
  Learning rate: 0.000125
  Early stopping counter: 8/8

Early stopping triggered after 26 epochs!
Best validation loss: 0.0041 at epoch 18

Subject S10 Results:
  Test Labels: [0 0 0 0 0 0 0 0 0 0 0 0 0 0 0 0 0 0 0 0 0 0 0 0 0 0 0 0 0 0 0 0 0 0 0 0 0
 0 0 0 0 0 0 0 0 0 0 0 0 0 0 0 0 0 0 0 0 0 0 0 0 0 0 0 0 0 0 0 0 0 0 0 0 0
 0 0 0 0 0 0 0 0 0 0 0 0 0 0 0 0 0 0 0 0 0 0 0 0 0 0 0 0 0 0 0 0 0 0 0 0 0
 0 0 0 0 0 0 0 0 0 0 0 0 0 0 0 0 0 0 0 0 0 0 0 0 0 0 0 0 0 0 0 0 0 0 0 0 0
 0 0 0 0 0 0 0 0 0 0 0 0 0 0 0 0 0 0 0 0 0 0 0 0 0 0 0 0 0 0 0 0 0 0 0 0 0
 0 0 0 0 0 0 0 0 0 0 0 0 0 0 0 0 0 0 0 0 0 0 0 0 0 0 0 0 0 0 0 0 0 0 0 0 0
 0 0 0 0 0 0 0 0 0 0 0 0 0 0 0 0 0 0 0 0 0 0 0 0 0 0 0 0 0 0 0 0 0 0 0 0 0
 0 0 0 0 0 0 0 0 0 0 0 0 0 0 0 0 0 0 0 0 0 0 0 0 0 0 0 0 0 0 0 0 0 0 0 0 1
 1 1 1 1 1 1 1 1 1 1 1 1 1 1 1 1 1 1 1 1 1 1 1 1 1 1 1 1 1 1 1 1 1 1 1 1 1
 1 1 1 1 1 1 1 1 1 1 1 1 1 1 1 1 1 1 1 1 1 1 1 1 1 1 1 1 1 1 1 1 1 1 1 1 1
 1 1 1 1 1 1 1 1 1 1 1 1 1 1 1 1 1 1 1 1 1 1 1 1 1 1 1 1 1 1 1 1 1 1 1 1 1
 1 1 1 1 1 1 1 1 1 1 1 1 1 1 1 1 1 1 1 1 1 1 1 1 1 1 1 1 1 1 1 1 1 1 1 1 1
 1 1 1 1 1 1 1 1 1 1 1 1 1 1 1 1 1 1 1 1 1 1 1 1 1 1 1 1 1 1 1 1]
  Test Pred: [0 0 0 0 0 0 0 0 0 0 0 0 0 0 0 0 0 0 0 0 0 0 0 0 0 0 0 0 0 0 0 0 0 0 0 0 0
 0 0 0 0 0 0 0 0 0 0 0 0 0 0 0 0 0 0 0 0 0 0 0 0 0 0 0 0 0 0 0 0 0 0 0 0 0
 0 0 0 0 0 0 0 0 0 0 0 0 0 0 0 0 0 0 0 0 0 0 0 0 0 0 0 0 0 0 0 0 0 0 0 0 0
 0 0 0 0 0 0 0 0 0 0 0 0 0 0 0 0 0 0 0 0 0 0 0 0 0 0 0 0 0 0 0 0 0 0 0 0 0
 0 0 0 0 0 0 0 0 0 0 0 0 0 0 0 0 0 0 0 0 0 0 0 0 0 0 0 0 0 0 0 0 0 0 0 0 0
 0 1 0 0 0 0 0 0 0 0 0 0 0 0 0 0 0 0 0 0 0 0 0 0 0 0 0 0 0 0 0 0 0 0 0 0 0
 0 0 0 0 0 0 0 0 0 0 0 0 0 0 0 0 0 0 0 0 0 0 0 0 0 0 0 0 0 0 0 0 0 0 0 0 0
 0 0 0 0 0 0 0 0 0 0 0 0 0 0 0 0 0 0 0 0 0 0 0 0 0 0 0 0 0 0 0 0 0 0 0 0 0
 0 0 0 0 0 0 0 0 0 0 0 0 0 0 0 0 0 0 0 0 0 0 0 0 0 0 0 0 0 0 0 0 0 0 0 0 0
 0 0 0 0 0 0 0 0 0 0 0 0 0 0 0 0 0 0 0 0 0 0 0 0 0 0 0 0 0 0 0 0 0 0 0 0 0
 0 0 0 0 0 0 0 0 0 0 0 0 0 0 0 0 0 0 0 0 0 0 0 0 0 0 0 0 0 0 0 0 0 0 0 0 0
 0 0 0 0 0 0 0 0 0 0 0 0 0 0 0 0 0 0 0 0 0 0 0 0 0 0 0 0 0 0 0 0 0 0 0 0 0
 0 0 0 0 0 0 0 0 0 0 0 0 0 0 0 0 0 0 0 0 0 0 0 0 0 0 0 0 0 0 0 0]
  Confusion Matrix:
[[294   1]
 [181   0]]
  Accuracy: 61.76%
  F1 Score: 0.4733
  Precision: 0.3836
  Recall: 0.6176
  MCC: -0.0359

============================================================
Test subject: S11, Range: [4101, 4566]
============================================================
  Train samples: 5143, Val samples: 1286, Test samples: 465
Epoch [1/100]
  Train Loss: 0.2936 | Train Acc: 87.07%
  Val Loss: 0.1474 | Val Acc: 93.23%
  Learning rate: 0.001000
  ✓ New best validation loss: 0.1474
Epoch [2/100]
  Train Loss: 0.1267 | Train Acc: 95.31%
  Val Loss: 0.0679 | Val Acc: 97.12%
  Learning rate: 0.001000
  ✓ New best validation loss: 0.0679
Epoch [3/100]
  Train Loss: 0.0755 | Train Acc: 97.36%
  Val Loss: 0.1055 | Val Acc: 96.11%
  Learning rate: 0.001000
  Early stopping counter: 1/8
Epoch [4/100]
  Train Loss: 0.0686 | Train Acc: 97.32%
  Val Loss: 0.0225 | Val Acc: 99.38%
  Learning rate: 0.001000
  ✓ New best validation loss: 0.0225
Epoch [5/100]
  Train Loss: 0.0785 | Train Acc: 97.43%
  Val Loss: 0.0411 | Val Acc: 98.60%
  Learning rate: 0.001000
  Early stopping counter: 1/8
Epoch [6/100]
  Train Loss: 0.0308 | Train Acc: 99.05%
  Val Loss: 0.0038 | Val Acc: 100.00%
  Learning rate: 0.001000
  ✓ New best validation loss: 0.0038
Epoch [7/100]
  Train Loss: 0.0350 | Train Acc: 98.97%
  Val Loss: 0.2119 | Val Acc: 93.16%
  Learning rate: 0.001000
  Early stopping counter: 1/8
Epoch [8/100]
  Train Loss: 0.0448 | Train Acc: 98.76%
  Val Loss: 0.0378 | Val Acc: 98.68%
  Learning rate: 0.001000
  Early stopping counter: 2/8
Epoch [9/100]
  Train Loss: 0.0618 | Train Acc: 97.94%
  Val Loss: 0.0798 | Val Acc: 97.51%
  Learning rate: 0.001000
  Early stopping counter: 3/8
Epoch [10/100]
  Train Loss: 0.0728 | Train Acc: 97.71%
  Val Loss: 0.1221 | Val Acc: 95.49%
  Learning rate: 0.000500
  Early stopping counter: 4/8
Epoch [11/100]
  Train Loss: 0.0657 | Train Acc: 96.83%
  Val Loss: 0.0383 | Val Acc: 98.21%
  Learning rate: 0.000500
  Early stopping counter: 5/8
Epoch [12/100]
  Train Loss: 0.0219 | Train Acc: 99.28%
  Val Loss: 0.0031 | Val Acc: 100.00%
  Learning rate: 0.000500
  Early stopping counter: 6/8
Epoch [13/100]
  Train Loss: 0.0087 | Train Acc: 99.75%
  Val Loss: 0.0084 | Val Acc: 99.84%
  Learning rate: 0.000500
  Early stopping counter: 7/8
Epoch [14/100]
  Train Loss: 0.0059 | Train Acc: 99.84%
  Val Loss: 0.0017 | Val Acc: 99.92%
  Learning rate: 0.000500
  ✓ New best validation loss: 0.0017
Epoch [15/100]
  Train Loss: 0.0045 | Train Acc: 99.90%
  Val Loss: 0.0033 | Val Acc: 99.84%
  Learning rate: 0.000500
  Early stopping counter: 1/8
Epoch [16/100]
  Train Loss: 0.0186 | Train Acc: 99.49%
  Val Loss: 0.0076 | Val Acc: 99.77%
  Learning rate: 0.000500
  Early stopping counter: 2/8
Epoch [17/100]
  Train Loss: 0.0257 | Train Acc: 99.09%
  Val Loss: 0.0061 | Val Acc: 99.84%
  Learning rate: 0.000500
  Early stopping counter: 3/8
Epoch [18/100]
  Train Loss: 0.0122 | Train Acc: 99.73%
  Val Loss: 0.0026 | Val Acc: 100.00%
  Learning rate: 0.000250
  Early stopping counter: 4/8
Epoch [19/100]
  Train Loss: 0.0041 | Train Acc: 99.90%
  Val Loss: 0.0016 | Val Acc: 100.00%
  Learning rate: 0.000250
  Early stopping counter: 5/8
Epoch [20/100]
  Train Loss: 0.0028 | Train Acc: 99.94%
  Val Loss: 0.0043 | Val Acc: 99.84%
  Learning rate: 0.000250
  Early stopping counter: 6/8
Epoch [21/100]
  Train Loss: 0.0030 | Train Acc: 99.92%
  Val Loss: 0.0098 | Val Acc: 99.84%
  Learning rate: 0.000250
  Early stopping counter: 7/8
Epoch [22/100]
  Train Loss: 0.0043 | Train Acc: 99.88%
  Val Loss: 0.0437 | Val Acc: 98.99%
  Learning rate: 0.000250
  Early stopping counter: 8/8

Early stopping triggered after 22 epochs!
Best validation loss: 0.0017 at epoch 14

Subject S11 Results:
  Test Labels: [0 0 0 0 0 0 0 0 0 0 0 0 0 0 0 0 0 0 0 0 0 0 0 0 0 0 0 0 0 0 0 0 0 0 0 0 0
 0 0 0 0 0 0 0 0 0 0 0 0 0 0 0 0 0 0 0 0 0 0 0 0 0 0 0 0 0 0 0 0 0 0 0 0 0
 0 0 0 0 0 0 0 0 0 0 0 0 0 0 0 0 0 0 0 0 0 0 0 0 0 0 0 0 0 0 0 0 0 0 0 0 0
 0 0 0 0 0 0 0 0 0 0 0 0 0 0 0 0 0 0 0 0 0 0 0 0 0 0 0 0 0 0 0 0 0 0 0 0 0
 0 0 0 0 0 0 0 0 0 0 0 0 0 0 0 0 0 0 0 0 0 0 0 0 0 0 0 0 0 0 0 0 0 0 0 0 0
 0 0 0 0 0 0 0 0 0 0 0 0 0 0 0 0 0 0 0 0 0 0 0 0 0 0 0 0 0 0 0 0 0 0 0 0 0
 0 0 0 0 0 0 0 0 0 0 0 0 0 0 0 0 0 0 0 0 0 0 0 0 0 0 0 0 0 0 0 0 0 0 0 0 0
 0 0 0 0 0 0 0 0 0 0 0 0 0 0 0 0 0 0 0 0 0 0 0 0 0 0 0 0 0 0 0 0 0 0 0 0 1
 1 1 1 1 1 1 1 1 1 1 1 1 1 1 1 1 1 1 1 1 1 1 1 1 1 1 1 1 1 1 1 1 1 1 1 1 1
 1 1 1 1 1 1 1 1 1 1 1 1 1 1 1 1 1 1 1 1 1 1 1 1 1 1 1 1 1 1 1 1 1 1 1 1 1
 1 1 1 1 1 1 1 1 1 1 1 1 1 1 1 1 1 1 1 1 1 1 1 1 1 1 1 1 1 1 1 1 1 1 1 1 1
 1 1 1 1 1 1 1 1 1 1 1 1 1 1 1 1 1 1 1 1 1 1 1 1 1 1 1 1 1 1 1 1 1 1 1 1 1
 1 1 1 1 1 1 1 1 1 1 1 1 1 1 1 1 1 1 1 1 1]
  Test Pred: [1 1 1 1 1 1 1 1 1 1 1 1 1 1 1 1 1 1 1 1 1 1 1 1 1 1 1 1 1 1 1 1 1 1 1 1 1
 1 1 1 1 1 1 1 1 1 1 1 1 1 1 1 1 1 1 1 1 1 1 1 1 1 1 1 1 1 1 1 1 1 1 1 1 1
 1 1 1 1 1 1 1 1 1 1 1 1 1 1 1 1 1 1 1 1 1 1 1 1 1 1 1 1 1 1 1 1 1 1 1 1 1
 1 1 1 1 1 1 1 1 1 1 1 1 1 1 1 1 1 1 1 1 1 1 1 1 1 1 1 1 1 1 1 1 1 1 1 1 1
 1 1 1 1 1 1 1 1 1 1 1 1 1 1 1 1 1 1 1 1 1 1 1 1 1 1 1 1 1 1 1 1 1 1 1 1 1
 1 1 1 1 1 1 1 1 1 1 1 1 1 1 1 1 1 1 1 1 1 1 1 1 1 1 1 1 1 1 1 1 1 1 1 1 1
 1 1 1 1 1 1 1 1 1 1 1 1 1 1 1 1 1 1 1 1 1 1 1 1 1 1 1 1 1 1 1 1 1 1 1 1 1
 1 1 1 1 1 1 1 1 1 1 1 1 1 1 1 1 1 1 1 1 1 1 1 1 1 1 1 1 1 1 1 1 1 1 1 1 1
 1 1 1 1 1 1 1 1 1 1 1 1 1 1 1 1 1 1 1 1 1 1 1 1 1 1 1 1 1 1 1 1 1 1 1 1 1
 1 1 1 1 1 1 1 1 1 1 1 1 1 1 1 1 1 1 1 1 1 1 1 1 1 1 1 1 1 1 1 1 1 1 1 1 1
 1 1 1 1 1 1 1 1 1 1 1 1 1 1 1 1 1 1 1 1 1 1 1 1 1 1 1 1 1 1 1 1 1 1 1 1 1
 1 1 1 1 1 1 1 1 1 1 1 1 1 1 1 1 1 1 1 1 1 1 1 1 1 1 1 1 1 1 1 1 1 1 1 1 1
 1 1 1 1 1 1 1 1 1 1 1 1 1 1 1 1 1 1 1 1 1]
  Confusion Matrix:
[[  0 295]
 [  0 170]]
  Accuracy: 36.56%
  F1 Score: 0.1957
  Precision: 0.1337
  Recall: 0.3656
  MCC: 0.0000

============================================================
Test subject: S13, Range: [4566, 5027]
============================================================
  Train samples: 5146, Val samples: 1287, Test samples: 461
Epoch [1/100]
  Train Loss: 0.2720 | Train Acc: 87.19%
  Val Loss: 0.0881 | Val Acc: 96.58%
  Learning rate: 0.001000
  ✓ New best validation loss: 0.0881
Epoch [2/100]
  Train Loss: 0.1466 | Train Acc: 94.69%
  Val Loss: 0.0539 | Val Acc: 98.37%
  Learning rate: 0.001000
  ✓ New best validation loss: 0.0539
Epoch [3/100]
  Train Loss: 0.0742 | Train Acc: 97.53%
  Val Loss: 0.1555 | Val Acc: 95.10%
  Learning rate: 0.001000
  Early stopping counter: 1/8
Epoch [4/100]
  Train Loss: 0.0659 | Train Acc: 97.84%
  Val Loss: 0.0449 | Val Acc: 98.83%
  Learning rate: 0.001000
  ✓ New best validation loss: 0.0449
Epoch [5/100]
  Train Loss: 0.0764 | Train Acc: 97.42%
  Val Loss: 0.0246 | Val Acc: 99.30%
  Learning rate: 0.001000
  ✓ New best validation loss: 0.0246
Epoch [6/100]
  Train Loss: 0.0757 | Train Acc: 97.71%
  Val Loss: 0.1506 | Val Acc: 95.96%
  Learning rate: 0.001000
  Early stopping counter: 1/8
Epoch [7/100]
  Train Loss: 0.1046 | Train Acc: 96.46%
  Val Loss: 0.0934 | Val Acc: 97.05%
  Learning rate: 0.001000
  Early stopping counter: 2/8
Epoch [8/100]
  Train Loss: 0.0349 | Train Acc: 98.89%
  Val Loss: 0.0168 | Val Acc: 99.77%
  Learning rate: 0.001000
  ✓ New best validation loss: 0.0168
Epoch [9/100]
  Train Loss: 0.0162 | Train Acc: 99.51%
  Val Loss: 0.0091 | Val Acc: 99.61%
  Learning rate: 0.001000
  ✓ New best validation loss: 0.0091
Epoch [10/100]
  Train Loss: 0.0622 | Train Acc: 97.98%
  Val Loss: 0.1041 | Val Acc: 96.19%
  Learning rate: 0.001000
  Early stopping counter: 1/8
Epoch [11/100]
  Train Loss: 0.0577 | Train Acc: 98.06%
  Val Loss: 0.0188 | Val Acc: 99.38%
  Learning rate: 0.001000
  Early stopping counter: 2/8
Epoch [12/100]
  Train Loss: 0.0216 | Train Acc: 99.40%
  Val Loss: 0.0538 | Val Acc: 97.75%
  Learning rate: 0.001000
  Early stopping counter: 3/8
Epoch [13/100]
  Train Loss: 0.0286 | Train Acc: 99.24%
  Val Loss: 0.0101 | Val Acc: 99.69%
  Learning rate: 0.000500
  Early stopping counter: 4/8
Epoch [14/100]
  Train Loss: 0.0081 | Train Acc: 99.75%
  Val Loss: 0.0270 | Val Acc: 99.07%
  Learning rate: 0.000500
  Early stopping counter: 5/8
Epoch [15/100]
  Train Loss: 0.0105 | Train Acc: 99.67%
  Val Loss: 0.0116 | Val Acc: 99.53%
  Learning rate: 0.000500
  Early stopping counter: 6/8
Epoch [16/100]
  Train Loss: 0.0049 | Train Acc: 99.86%
  Val Loss: 0.0061 | Val Acc: 99.77%
  Learning rate: 0.000500
  ✓ New best validation loss: 0.0061
Epoch [17/100]
  Train Loss: 0.0113 | Train Acc: 99.59%
  Val Loss: 0.0121 | Val Acc: 99.61%
  Learning rate: 0.000500
  Early stopping counter: 1/8
Epoch [18/100]
  Train Loss: 0.0034 | Train Acc: 99.90%
  Val Loss: 0.0030 | Val Acc: 99.92%
  Learning rate: 0.000500
  ✓ New best validation loss: 0.0030
Epoch [19/100]
  Train Loss: 0.0064 | Train Acc: 99.79%
  Val Loss: 0.0074 | Val Acc: 99.92%
  Learning rate: 0.000500
  Early stopping counter: 1/8
Epoch [20/100]
  Train Loss: 0.0124 | Train Acc: 99.53%
  Val Loss: 0.0304 | Val Acc: 98.99%
  Learning rate: 0.000500
  Early stopping counter: 2/8
Epoch [21/100]
  Train Loss: 0.0275 | Train Acc: 99.26%
  Val Loss: 0.0174 | Val Acc: 99.46%
  Learning rate: 0.000500
  Early stopping counter: 3/8
Epoch [22/100]
  Train Loss: 0.0192 | Train Acc: 99.49%
  Val Loss: 0.0156 | Val Acc: 99.30%
  Learning rate: 0.000250
  Early stopping counter: 4/8
Epoch [23/100]
  Train Loss: 0.0042 | Train Acc: 99.88%
  Val Loss: 0.0083 | Val Acc: 99.69%
  Learning rate: 0.000250
  Early stopping counter: 5/8
Epoch [24/100]
  Train Loss: 0.0014 | Train Acc: 100.00%
  Val Loss: 0.0044 | Val Acc: 99.84%
  Learning rate: 0.000250
  Early stopping counter: 6/8
Epoch [25/100]
  Train Loss: 0.0011 | Train Acc: 99.96%
  Val Loss: 0.0014 | Val Acc: 99.92%
  Learning rate: 0.000250
  ✓ New best validation loss: 0.0014
Epoch [26/100]
  Train Loss: 0.0023 | Train Acc: 99.98%
  Val Loss: 0.0013 | Val Acc: 99.92%
  Learning rate: 0.000250
  Early stopping counter: 1/8
Epoch [27/100]
  Train Loss: 0.0024 | Train Acc: 99.96%
  Val Loss: 0.0032 | Val Acc: 99.92%
  Learning rate: 0.000250
  Early stopping counter: 2/8
Epoch [28/100]
  Train Loss: 0.0004 | Train Acc: 100.00%
  Val Loss: 0.0016 | Val Acc: 100.00%
  Learning rate: 0.000250
  Early stopping counter: 3/8
Epoch [29/100]
  Train Loss: 0.0008 | Train Acc: 99.98%
  Val Loss: 0.0013 | Val Acc: 99.92%
  Learning rate: 0.000250
  Early stopping counter: 4/8
Epoch [30/100]
  Train Loss: 0.0002 | Train Acc: 100.00%
  Val Loss: 0.0010 | Val Acc: 99.92%
  Learning rate: 0.000250
  Early stopping counter: 5/8
Epoch [31/100]
  Train Loss: 0.0001 | Train Acc: 100.00%
  Val Loss: 0.0008 | Val Acc: 99.92%
  Learning rate: 0.000250
  Early stopping counter: 6/8
Epoch [32/100]
  Train Loss: 0.0002 | Train Acc: 100.00%
  Val Loss: 0.0007 | Val Acc: 99.92%
  Learning rate: 0.000250
  Early stopping counter: 7/8
Epoch [33/100]
  Train Loss: 0.0001 | Train Acc: 100.00%
  Val Loss: 0.0007 | Val Acc: 99.92%
  Learning rate: 0.000250
  Early stopping counter: 8/8

Early stopping triggered after 33 epochs!
Best validation loss: 0.0014 at epoch 25

Subject S13 Results:
  Test Labels: [0 0 0 0 0 0 0 0 0 0 0 0 0 0 0 0 0 0 0 0 0 0 0 0 0 0 0 0 0 0 0 0 0 0 0 0 0
 0 0 0 0 0 0 0 0 0 0 0 0 0 0 0 0 0 0 0 0 0 0 0 0 0 0 0 0 0 0 0 0 0 0 0 0 0
 0 0 0 0 0 0 0 0 0 0 0 0 0 0 0 0 0 0 0 0 0 0 0 0 0 0 0 0 0 0 0 0 0 0 0 0 0
 0 0 0 0 0 0 0 0 0 0 0 0 0 0 0 0 0 0 0 0 0 0 0 0 0 0 0 0 0 0 0 0 0 0 0 0 0
 0 0 0 0 0 0 0 0 0 0 0 0 0 0 0 0 0 0 0 0 0 0 0 0 0 0 0 0 0 0 0 0 0 0 0 0 0
 0 0 0 0 0 0 0 0 0 0 0 0 0 0 0 0 0 0 0 0 0 0 0 0 0 0 0 0 0 0 0 0 0 0 0 0 0
 0 0 0 0 0 0 0 0 0 0 0 0 0 0 0 0 0 0 0 0 0 0 0 0 0 0 0 0 0 0 0 0 0 0 0 0 0
 0 0 0 0 0 0 0 0 0 0 0 0 0 0 0 0 0 0 0 0 0 0 0 0 0 0 0 0 0 0 0 0 0 0 0 0 1
 1 1 1 1 1 1 1 1 1 1 1 1 1 1 1 1 1 1 1 1 1 1 1 1 1 1 1 1 1 1 1 1 1 1 1 1 1
 1 1 1 1 1 1 1 1 1 1 1 1 1 1 1 1 1 1 1 1 1 1 1 1 1 1 1 1 1 1 1 1 1 1 1 1 1
 1 1 1 1 1 1 1 1 1 1 1 1 1 1 1 1 1 1 1 1 1 1 1 1 1 1 1 1 1 1 1 1 1 1 1 1 1
 1 1 1 1 1 1 1 1 1 1 1 1 1 1 1 1 1 1 1 1 1 1 1 1 1 1 1 1 1 1 1 1 1 1 1 1 1
 1 1 1 1 1 1 1 1 1 1 1 1 1 1 1 1 1]
  Test Pred: [0 0 0 0 0 0 0 0 0 0 0 0 0 0 0 0 0 0 0 0 0 0 0 0 0 0 0 0 0 0 0 0 0 0 0 0 0
 0 0 0 0 0 0 0 0 0 0 0 0 0 0 0 0 0 0 0 0 0 0 0 0 0 0 0 0 0 0 0 0 0 0 0 0 0
 0 0 0 0 0 0 0 0 0 0 0 0 0 0 0 0 0 0 0 0 0 0 0 0 0 0 0 0 0 0 0 0 0 0 0 0 0
 0 0 0 0 0 0 0 0 0 0 0 0 0 0 0 0 0 0 0 0 0 0 0 0 0 0 0 0 0 0 0 0 0 0 0 0 0
 0 0 0 0 0 0 0 0 0 0 0 0 0 0 0 0 0 0 0 0 0 0 0 0 0 0 0 0 0 0 0 0 0 0 0 0 0
 0 0 0 0 0 0 0 0 0 0 0 0 0 0 0 0 0 0 0 0 0 0 0 0 0 0 0 0 0 0 0 0 0 0 0 0 0
 0 0 0 0 0 0 0 0 0 0 0 0 0 0 0 0 0 0 0 0 0 0 0 0 0 0 0 0 0 0 0 0 0 0 0 0 0
 0 0 0 0 0 0 0 0 0 0 0 0 0 0 0 0 0 0 0 0 0 0 0 0 0 0 0 0 0 0 0 0 0 0 0 0 1
 1 1 1 1 1 0 0 0 1 0 0 0 0 1 1 1 1 1 1 1 1 1 1 1 1 1 1 1 0 0 1 0 0 0 0 0 0
 0 1 0 0 0 0 0 0 0 0 0 0 0 0 0 0 0 0 0 0 0 0 0 0 0 0 0 0 0 1 0 0 0 0 0 0 0
 0 0 0 0 0 0 0 0 0 0 0 0 0 0 0 0 0 0 0 0 0 0 0 0 0 0 0 0 0 0 0 0 0 0 0 0 0
 0 0 0 0 0 0 0 0 0 0 0 0 0 0 0 0 0 0 0 0 0 0 0 0 1 1 0 0 0 0 0 0 1 0 0 0 0
 0 0 0 0 0 0 1 0 0 0 0 0 0 0 0 1 1]
  Confusion Matrix:
[[295   0]
 [135  31]]
  Accuracy: 70.72%
  F1 Score: 0.6341
  Precision: 0.7991
  Recall: 0.7072
  MCC: 0.3579

============================================================
Test subject: S14, Range: [5027, 5491]
============================================================
  Train samples: 5144, Val samples: 1286, Test samples: 464
Epoch [1/100]
  Train Loss: 0.4150 | Train Acc: 79.53%
  Val Loss: 0.2818 | Val Acc: 83.98%
  Learning rate: 0.001000
  ✓ New best validation loss: 0.2818
Epoch [2/100]
  Train Loss: 0.2587 | Train Acc: 87.46%
  Val Loss: 0.1679 | Val Acc: 93.23%
  Learning rate: 0.001000
  ✓ New best validation loss: 0.1679
Epoch [3/100]
  Train Loss: 0.2073 | Train Acc: 91.14%
  Val Loss: 0.1433 | Val Acc: 93.47%
  Learning rate: 0.001000
  ✓ New best validation loss: 0.1433
Epoch [4/100]
  Train Loss: 0.1546 | Train Acc: 93.72%
  Val Loss: 0.1502 | Val Acc: 94.09%
  Learning rate: 0.001000
  Early stopping counter: 1/8
Epoch [5/100]
  Train Loss: 0.1263 | Train Acc: 95.08%
  Val Loss: 0.1346 | Val Acc: 94.32%
  Learning rate: 0.001000
  ✓ New best validation loss: 0.1346
Epoch [6/100]
  Train Loss: 0.0862 | Train Acc: 96.77%
  Val Loss: 0.1122 | Val Acc: 97.05%
  Learning rate: 0.001000
  ✓ New best validation loss: 0.1122
Epoch [7/100]
  Train Loss: 0.0929 | Train Acc: 96.58%
  Val Loss: 0.0297 | Val Acc: 98.99%
  Learning rate: 0.001000
  ✓ New best validation loss: 0.0297
Epoch [8/100]
  Train Loss: 0.0808 | Train Acc: 97.22%
  Val Loss: 0.0862 | Val Acc: 97.59%
  Learning rate: 0.001000
  Early stopping counter: 1/8
Epoch [9/100]
  Train Loss: 0.0466 | Train Acc: 98.46%
  Val Loss: 0.0138 | Val Acc: 99.53%
  Learning rate: 0.001000
  ✓ New best validation loss: 0.0138
Epoch [10/100]
  Train Loss: 0.0530 | Train Acc: 98.35%
  Val Loss: 0.1277 | Val Acc: 94.25%
  Learning rate: 0.001000
  Early stopping counter: 1/8
Epoch [11/100]
  Train Loss: 0.1054 | Train Acc: 96.01%
  Val Loss: 0.0403 | Val Acc: 98.76%
  Learning rate: 0.001000
  Early stopping counter: 2/8
Epoch [12/100]
  Train Loss: 0.0744 | Train Acc: 97.73%
  Val Loss: 0.0512 | Val Acc: 98.52%
  Learning rate: 0.001000
  Early stopping counter: 3/8
Epoch [13/100]
  Train Loss: 0.0370 | Train Acc: 98.91%
  Val Loss: 0.1288 | Val Acc: 96.03%
  Learning rate: 0.000500
  Early stopping counter: 4/8
Epoch [14/100]
  Train Loss: 0.0255 | Train Acc: 99.24%
  Val Loss: 0.0098 | Val Acc: 99.84%
  Learning rate: 0.000500
  ✓ New best validation loss: 0.0098
Epoch [15/100]
  Train Loss: 0.0120 | Train Acc: 99.61%
  Val Loss: 0.0091 | Val Acc: 99.92%
  Learning rate: 0.000500
  Early stopping counter: 1/8
Epoch [16/100]
  Train Loss: 0.0090 | Train Acc: 99.69%
  Val Loss: 0.0069 | Val Acc: 99.92%
  Learning rate: 0.000500
  ✓ New best validation loss: 0.0069
Epoch [17/100]
  Train Loss: 0.0185 | Train Acc: 99.55%
  Val Loss: 0.0068 | Val Acc: 99.84%
  Learning rate: 0.000500
  Early stopping counter: 1/8
Epoch [18/100]
  Train Loss: 0.0093 | Train Acc: 99.65%
  Val Loss: 0.0046 | Val Acc: 99.84%
  Learning rate: 0.000500
  ✓ New best validation loss: 0.0046
Epoch [19/100]
  Train Loss: 0.0111 | Train Acc: 99.71%
  Val Loss: 0.0028 | Val Acc: 99.92%
  Learning rate: 0.000500
  ✓ New best validation loss: 0.0028
Epoch [20/100]
  Train Loss: 0.0097 | Train Acc: 99.73%
  Val Loss: 0.0460 | Val Acc: 98.91%
  Learning rate: 0.000500
  Early stopping counter: 1/8
Epoch [21/100]
  Train Loss: 0.0189 | Train Acc: 99.40%
  Val Loss: 0.0296 | Val Acc: 99.22%
  Learning rate: 0.000500
  Early stopping counter: 2/8
Epoch [22/100]
  Train Loss: 0.0121 | Train Acc: 99.53%
  Val Loss: 0.0052 | Val Acc: 99.77%
  Learning rate: 0.000500
  Early stopping counter: 3/8
Epoch [23/100]
  Train Loss: 0.0116 | Train Acc: 99.65%
  Val Loss: 0.0178 | Val Acc: 99.53%
  Learning rate: 0.000250
  Early stopping counter: 4/8
Epoch [24/100]
  Train Loss: 0.0067 | Train Acc: 99.81%
  Val Loss: 0.0074 | Val Acc: 99.84%
  Learning rate: 0.000250
  Early stopping counter: 5/8
Epoch [25/100]
  Train Loss: 0.0028 | Train Acc: 99.90%
  Val Loss: 0.0145 | Val Acc: 99.53%
  Learning rate: 0.000250
  Early stopping counter: 6/8
Epoch [26/100]
  Train Loss: 0.0036 | Train Acc: 99.90%
  Val Loss: 0.0059 | Val Acc: 99.77%
  Learning rate: 0.000250
  Early stopping counter: 7/8
Epoch [27/100]
  Train Loss: 0.0049 | Train Acc: 99.88%
  Val Loss: 0.0059 | Val Acc: 99.84%
  Learning rate: 0.000125
  Early stopping counter: 8/8

Early stopping triggered after 27 epochs!
Best validation loss: 0.0028 at epoch 19

Subject S14 Results:
  Test Labels: [0 0 0 0 0 0 0 0 0 0 0 0 0 0 0 0 0 0 0 0 0 0 0 0 0 0 0 0 0 0 0 0 0 0 0 0 0
 0 0 0 0 0 0 0 0 0 0 0 0 0 0 0 0 0 0 0 0 0 0 0 0 0 0 0 0 0 0 0 0 0 0 0 0 0
 0 0 0 0 0 0 0 0 0 0 0 0 0 0 0 0 0 0 0 0 0 0 0 0 0 0 0 0 0 0 0 0 0 0 0 0 0
 0 0 0 0 0 0 0 0 0 0 0 0 0 0 0 0 0 0 0 0 0 0 0 0 0 0 0 0 0 0 0 0 0 0 0 0 0
 0 0 0 0 0 0 0 0 0 0 0 0 0 0 0 0 0 0 0 0 0 0 0 0 0 0 0 0 0 0 0 0 0 0 0 0 0
 0 0 0 0 0 0 0 0 0 0 0 0 0 0 0 0 0 0 0 0 0 0 0 0 0 0 0 0 0 0 0 0 0 0 0 0 0
 0 0 0 0 0 0 0 0 0 0 0 0 0 0 0 0 0 0 0 0 0 0 0 0 0 0 0 0 0 0 0 0 0 0 0 0 0
 0 0 0 0 0 0 0 0 0 0 0 0 0 0 0 0 0 0 0 0 0 0 0 0 0 0 0 0 0 0 0 0 0 0 0 0 1
 1 1 1 1 1 1 1 1 1 1 1 1 1 1 1 1 1 1 1 1 1 1 1 1 1 1 1 1 1 1 1 1 1 1 1 1 1
 1 1 1 1 1 1 1 1 1 1 1 1 1 1 1 1 1 1 1 1 1 1 1 1 1 1 1 1 1 1 1 1 1 1 1 1 1
 1 1 1 1 1 1 1 1 1 1 1 1 1 1 1 1 1 1 1 1 1 1 1 1 1 1 1 1 1 1 1 1 1 1 1 1 1
 1 1 1 1 1 1 1 1 1 1 1 1 1 1 1 1 1 1 1 1 1 1 1 1 1 1 1 1 1 1 1 1 1 1 1 1 1
 1 1 1 1 1 1 1 1 1 1 1 1 1 1 1 1 1 1 1 1]
  Test Pred: [0 0 0 0 0 0 0 0 0 0 0 0 0 0 0 0 0 0 0 0 0 0 0 0 0 0 0 0 0 1 0 0 0 0 0 0 0
 0 0 0 0 0 0 0 0 0 0 0 0 0 0 0 0 0 0 0 0 0 0 0 0 0 0 0 0 0 0 0 0 0 0 0 0 0
 0 0 0 0 0 0 0 0 0 0 0 0 0 0 0 0 0 0 0 0 0 0 0 0 0 0 0 0 0 0 0 0 0 0 0 0 0
 0 0 0 0 0 0 0 0 0 0 0 0 0 0 0 0 0 0 0 0 0 0 0 0 0 0 0 0 0 0 0 0 0 0 0 0 0
 0 0 0 0 0 0 0 0 0 0 0 0 0 0 0 0 0 0 0 0 0 0 0 0 0 0 0 0 0 0 0 0 0 0 0 0 0
 0 0 0 0 0 0 0 1 1 0 0 0 0 0 0 0 0 0 0 0 0 0 0 0 0 0 0 0 0 0 0 0 0 0 0 0 0
 0 0 0 0 0 0 0 0 0 0 1 0 1 0 0 0 0 0 0 0 0 0 0 0 0 0 0 0 0 0 0 0 0 0 0 0 0
 0 0 0 0 0 0 0 0 0 0 0 0 0 0 0 0 0 0 0 0 0 0 0 0 0 0 0 0 0 0 0 0 0 0 0 0 1
 1 1 1 1 1 1 1 1 1 1 1 1 1 1 1 1 1 1 1 1 1 1 1 0 1 1 1 0 1 0 0 1 1 1 1 1 0
 1 1 1 1 1 1 1 1 1 1 1 1 1 1 1 1 1 1 1 1 1 1 0 0 0 0 1 1 1 1 0 0 1 0 1 1 1
 0 0 0 1 0 1 1 1 1 1 1 0 1 1 1 0 0 0 0 1 1 0 0 0 1 0 1 1 1 1 1 1 1 1 1 1 1
 1 1 1 1 1 1 1 1 1 1 1 1 1 1 1 1 1 1 1 1 1 1 1 1 1 1 1 1 1 1 1 1 1 1 1 1 1
 1 1 1 1 1 1 1 1 1 0 1 0 0 1 0 1 1 0 0 0]
  Confusion Matrix:
[[290   5]
 [ 32 137]]
  Accuracy: 92.03%
  F1 Score: 0.9185
  Precision: 0.9240
  Recall: 0.9203
  MCC: 0.8288

============================================================
Test subject: S15, Range: [5491, 5955]
============================================================
  Train samples: 5144, Val samples: 1286, Test samples: 464
Epoch [1/100]
  Train Loss: 0.3143 | Train Acc: 85.01%
  Val Loss: 0.1461 | Val Acc: 94.40%
  Learning rate: 0.001000
  ✓ New best validation loss: 0.1461
Epoch [2/100]
  Train Loss: 0.1281 | Train Acc: 95.26%
  Val Loss: 0.0609 | Val Acc: 97.36%
  Learning rate: 0.001000
  ✓ New best validation loss: 0.0609
Epoch [3/100]
  Train Loss: 0.0761 | Train Acc: 97.61%
  Val Loss: 0.0569 | Val Acc: 97.90%
  Learning rate: 0.001000
  ✓ New best validation loss: 0.0569
Epoch [4/100]
  Train Loss: 0.0576 | Train Acc: 98.41%
  Val Loss: 0.0602 | Val Acc: 97.74%
  Learning rate: 0.001000
  Early stopping counter: 1/8
Epoch [5/100]
  Train Loss: 0.0535 | Train Acc: 98.35%
  Val Loss: 0.0242 | Val Acc: 99.38%
  Learning rate: 0.001000
  ✓ New best validation loss: 0.0242
Epoch [6/100]
  Train Loss: 0.0558 | Train Acc: 98.09%
  Val Loss: 0.0318 | Val Acc: 98.83%
  Learning rate: 0.001000
  Early stopping counter: 1/8
Epoch [7/100]
  Train Loss: 0.0298 | Train Acc: 99.11%
  Val Loss: 0.1437 | Val Acc: 94.95%
  Learning rate: 0.001000
  Early stopping counter: 2/8
Epoch [8/100]
  Train Loss: 0.0336 | Train Acc: 98.93%
  Val Loss: 0.0249 | Val Acc: 99.07%
  Learning rate: 0.001000
  Early stopping counter: 3/8
Epoch [9/100]
  Train Loss: 0.0283 | Train Acc: 99.09%
  Val Loss: 0.0181 | Val Acc: 99.22%
  Learning rate: 0.001000
  ✓ New best validation loss: 0.0181
Epoch [10/100]
  Train Loss: 0.0290 | Train Acc: 99.13%
  Val Loss: 0.0416 | Val Acc: 98.99%
  Learning rate: 0.001000
  Early stopping counter: 1/8
Epoch [11/100]
  Train Loss: 0.0262 | Train Acc: 98.99%
  Val Loss: 0.0140 | Val Acc: 99.53%
  Learning rate: 0.001000
  ✓ New best validation loss: 0.0140
Epoch [12/100]
  Train Loss: 0.0275 | Train Acc: 99.05%
  Val Loss: 0.0545 | Val Acc: 98.21%
  Learning rate: 0.001000
  Early stopping counter: 1/8
Epoch [13/100]
  Train Loss: 0.0280 | Train Acc: 99.14%
  Val Loss: 0.0168 | Val Acc: 99.14%
  Learning rate: 0.001000
  Early stopping counter: 2/8
Epoch [14/100]
  Train Loss: 0.0112 | Train Acc: 99.63%
  Val Loss: 0.0554 | Val Acc: 98.44%
  Learning rate: 0.001000
  Early stopping counter: 3/8
Epoch [15/100]
  Train Loss: 0.0422 | Train Acc: 98.70%
  Val Loss: 0.0154 | Val Acc: 99.38%
  Learning rate: 0.000500
  Early stopping counter: 4/8
Epoch [16/100]
  Train Loss: 0.0081 | Train Acc: 99.69%
  Val Loss: 0.0105 | Val Acc: 99.61%
  Learning rate: 0.000500
  ✓ New best validation loss: 0.0105
Epoch [17/100]
  Train Loss: 0.0053 | Train Acc: 99.81%
  Val Loss: 0.0153 | Val Acc: 99.53%
  Learning rate: 0.000500
  Early stopping counter: 1/8
Epoch [18/100]
  Train Loss: 0.0058 | Train Acc: 99.83%
  Val Loss: 0.0102 | Val Acc: 99.69%
  Learning rate: 0.000500
  Early stopping counter: 2/8
Epoch [19/100]
  Train Loss: 0.0044 | Train Acc: 99.83%
  Val Loss: 0.0021 | Val Acc: 100.00%
  Learning rate: 0.000500
  ✓ New best validation loss: 0.0021
Epoch [20/100]
  Train Loss: 0.0144 | Train Acc: 99.61%
  Val Loss: 0.0123 | Val Acc: 99.69%
  Learning rate: 0.000500
  Early stopping counter: 1/8
Epoch [21/100]
  Train Loss: 0.0224 | Train Acc: 99.26%
  Val Loss: 0.0120 | Val Acc: 99.61%
  Learning rate: 0.000500
  Early stopping counter: 2/8
Epoch [22/100]
  Train Loss: 0.0066 | Train Acc: 99.84%
  Val Loss: 0.0170 | Val Acc: 99.53%
  Learning rate: 0.000500
  Early stopping counter: 3/8
Epoch [23/100]
  Train Loss: 0.0050 | Train Acc: 99.83%
  Val Loss: 0.0138 | Val Acc: 99.69%
  Learning rate: 0.000250
  Early stopping counter: 4/8
Epoch [24/100]
  Train Loss: 0.0033 | Train Acc: 99.88%
  Val Loss: 0.0072 | Val Acc: 99.84%
  Learning rate: 0.000250
  Early stopping counter: 5/8
Epoch [25/100]
  Train Loss: 0.0070 | Train Acc: 99.75%
  Val Loss: 0.0102 | Val Acc: 99.69%
  Learning rate: 0.000250
  Early stopping counter: 6/8
Epoch [26/100]
  Train Loss: 0.0036 | Train Acc: 99.84%
  Val Loss: 0.0038 | Val Acc: 99.77%
  Learning rate: 0.000250
  Early stopping counter: 7/8
Epoch [27/100]
  Train Loss: 0.0023 | Train Acc: 99.90%
  Val Loss: 0.0044 | Val Acc: 99.77%
  Learning rate: 0.000125
  Early stopping counter: 8/8

Early stopping triggered after 27 epochs!
Best validation loss: 0.0021 at epoch 19

Subject S15 Results:
  Test Labels: [0 0 0 0 0 0 0 0 0 0 0 0 0 0 0 0 0 0 0 0 0 0 0 0 0 0 0 0 0 0 0 0 0 0 0 0 0
 0 0 0 0 0 0 0 0 0 0 0 0 0 0 0 0 0 0 0 0 0 0 0 0 0 0 0 0 0 0 0 0 0 0 0 0 0
 0 0 0 0 0 0 0 0 0 0 0 0 0 0 0 0 0 0 0 0 0 0 0 0 0 0 0 0 0 0 0 0 0 0 0 0 0
 0 0 0 0 0 0 0 0 0 0 0 0 0 0 0 0 0 0 0 0 0 0 0 0 0 0 0 0 0 0 0 0 0 0 0 0 0
 0 0 0 0 0 0 0 0 0 0 0 0 0 0 0 0 0 0 0 0 0 0 0 0 0 0 0 0 0 0 0 0 0 0 0 0 0
 0 0 0 0 0 0 0 0 0 0 0 0 0 0 0 0 0 0 0 0 0 0 0 0 0 0 0 0 0 0 0 0 0 0 0 0 0
 0 0 0 0 0 0 0 0 0 0 0 0 0 0 0 0 0 0 0 0 0 0 0 0 0 0 0 0 0 0 0 0 0 0 0 0 0
 0 0 0 0 0 0 0 0 0 0 0 0 0 0 0 0 0 0 0 0 0 0 0 0 0 0 0 0 0 0 0 0 0 0 1 1 1
 1 1 1 1 1 1 1 1 1 1 1 1 1 1 1 1 1 1 1 1 1 1 1 1 1 1 1 1 1 1 1 1 1 1 1 1 1
 1 1 1 1 1 1 1 1 1 1 1 1 1 1 1 1 1 1 1 1 1 1 1 1 1 1 1 1 1 1 1 1 1 1 1 1 1
 1 1 1 1 1 1 1 1 1 1 1 1 1 1 1 1 1 1 1 1 1 1 1 1 1 1 1 1 1 1 1 1 1 1 1 1 1
 1 1 1 1 1 1 1 1 1 1 1 1 1 1 1 1 1 1 1 1 1 1 1 1 1 1 1 1 1 1 1 1 1 1 1 1 1
 1 1 1 1 1 1 1 1 1 1 1 1 1 1 1 1 1 1 1 1]
  Test Pred: [0 0 0 0 0 0 0 0 0 0 0 0 0 0 0 0 0 0 0 0 0 0 0 0 0 0 0 0 0 0 0 0 0 0 0 0 0
 0 0 0 0 0 0 0 0 0 0 0 0 0 0 0 0 0 0 0 0 0 0 0 0 0 0 0 0 0 0 0 0 0 0 0 0 0
 0 0 0 0 0 0 0 0 0 0 0 0 0 0 0 0 0 0 0 0 0 0 0 0 0 0 0 0 0 0 0 0 0 0 0 0 0
 0 0 0 0 0 0 0 0 0 0 0 0 0 0 0 0 0 0 0 0 0 0 0 0 0 0 0 0 0 0 0 0 0 0 0 0 0
 0 0 0 0 0 0 0 0 0 0 0 0 0 0 0 0 0 0 0 0 0 0 0 0 0 0 0 0 0 0 0 0 0 0 0 0 0
 0 0 0 0 0 0 0 0 0 0 0 0 0 0 0 0 0 0 0 0 0 0 0 0 0 0 0 0 0 0 0 0 0 0 0 0 0
 0 0 0 0 0 0 0 0 0 0 0 0 0 0 0 0 0 0 0 0 0 0 0 0 0 0 0 0 0 0 0 0 0 0 0 0 0
 0 0 0 0 0 0 0 0 0 0 0 0 0 0 0 0 0 0 0 0 0 0 0 0 0 0 0 0 0 0 0 0 0 0 1 1 1
 0 0 0 1 0 1 1 1 1 1 1 1 0 1 0 1 0 1 1 1 1 0 0 0 1 1 0 1 1 1 1 1 0 1 0 0 0
 1 1 1 1 1 1 1 1 1 1 1 1 0 0 1 1 1 1 1 1 1 1 1 1 1 1 0 1 0 1 0 1 1 1 1 1 1
 1 1 1 1 0 0 1 1 1 1 1 1 1 1 1 1 1 1 1 1 1 1 1 1 1 1 1 1 1 1 1 1 1 1 1 1 1
 1 1 1 1 1 0 1 1 0 0 1 0 1 1 1 1 1 1 1 0 1 1 1 1 1 1 1 1 1 1 1 1 0 1 0 1 1
 1 1 0 1 1 1 0 1 1 0 1 1 0 1 1 1 1 1 1 1]
  Confusion Matrix:
[[293   0]
 [ 33 138]]
  Accuracy: 92.89%
  F1 Score: 0.9270
  Precision: 0.9361
  Recall: 0.9289
  MCC: 0.8517

============================================================
Test subject: S16, Range: [5955, 6418]
============================================================
  Train samples: 5144, Val samples: 1287, Test samples: 463
Epoch [1/100]
  Train Loss: 0.3143 | Train Acc: 85.05%
  Val Loss: 0.2951 | Val Acc: 89.74%
  Learning rate: 0.001000
  ✓ New best validation loss: 0.2951
Epoch [2/100]
  Train Loss: 0.1711 | Train Acc: 94.15%
  Val Loss: 0.0741 | Val Acc: 97.82%
  Learning rate: 0.001000
  ✓ New best validation loss: 0.0741
Epoch [3/100]
  Train Loss: 0.1000 | Train Acc: 96.62%
  Val Loss: 0.0623 | Val Acc: 97.75%
  Learning rate: 0.001000
  ✓ New best validation loss: 0.0623
Epoch [4/100]
  Train Loss: 0.0823 | Train Acc: 97.16%
  Val Loss: 0.0739 | Val Acc: 97.59%
  Learning rate: 0.001000
  Early stopping counter: 1/8
Epoch [5/100]
  Train Loss: 0.0519 | Train Acc: 98.09%
  Val Loss: 0.0294 | Val Acc: 98.83%
  Learning rate: 0.001000
  ✓ New best validation loss: 0.0294
Epoch [6/100]
  Train Loss: 0.0495 | Train Acc: 98.33%
  Val Loss: 0.0350 | Val Acc: 99.07%
  Learning rate: 0.001000
  Early stopping counter: 1/8
Epoch [7/100]
  Train Loss: 0.0451 | Train Acc: 98.50%
  Val Loss: 0.0566 | Val Acc: 97.90%
  Learning rate: 0.001000
  Early stopping counter: 2/8
Epoch [8/100]
  Train Loss: 0.0412 | Train Acc: 98.62%
  Val Loss: 0.0588 | Val Acc: 97.82%
  Learning rate: 0.001000
  Early stopping counter: 3/8
Epoch [9/100]
  Train Loss: 0.0275 | Train Acc: 99.09%
  Val Loss: 0.0521 | Val Acc: 98.60%
  Learning rate: 0.000500
  Early stopping counter: 4/8
Epoch [10/100]
  Train Loss: 0.0180 | Train Acc: 99.34%
  Val Loss: 0.0362 | Val Acc: 99.07%
  Learning rate: 0.000500
  Early stopping counter: 5/8
Epoch [11/100]
  Train Loss: 0.0153 | Train Acc: 99.48%
  Val Loss: 0.0316 | Val Acc: 99.30%
  Learning rate: 0.000500
  Early stopping counter: 6/8
Epoch [12/100]
  Train Loss: 0.0073 | Train Acc: 99.77%
  Val Loss: 0.0481 | Val Acc: 98.99%
  Learning rate: 0.000500
  Early stopping counter: 7/8
Epoch [13/100]
  Train Loss: 0.0084 | Train Acc: 99.69%
  Val Loss: 0.0347 | Val Acc: 99.30%
  Learning rate: 0.000250
  Early stopping counter: 8/8

Early stopping triggered after 13 epochs!
Best validation loss: 0.0294 at epoch 5

Subject S16 Results:
  Test Labels: [0 0 0 0 0 0 0 0 0 0 0 0 0 0 0 0 0 0 0 0 0 0 0 0 0 0 0 0 0 0 0 0 0 0 0 0 0
 0 0 0 0 0 0 0 0 0 0 0 0 0 0 0 0 0 0 0 0 0 0 0 0 0 0 0 0 0 0 0 0 0 0 0 0 0
 0 0 0 0 0 0 0 0 0 0 0 0 0 0 0 0 0 0 0 0 0 0 0 0 0 0 0 0 0 0 0 0 0 0 0 0 0
 0 0 0 0 0 0 0 0 0 0 0 0 0 0 0 0 0 0 0 0 0 0 0 0 0 0 0 0 0 0 0 0 0 0 0 0 0
 0 0 0 0 0 0 0 0 0 0 0 0 0 0 0 0 0 0 0 0 0 0 0 0 0 0 0 0 0 0 0 0 0 0 0 0 0
 0 0 0 0 0 0 0 0 0 0 0 0 0 0 0 0 0 0 0 0 0 0 0 0 0 0 0 0 0 0 0 0 0 0 0 0 0
 0 0 0 0 0 0 0 0 0 0 0 0 0 0 0 0 0 0 0 0 0 0 0 0 0 0 0 0 0 0 0 0 0 0 0 0 0
 0 0 0 0 0 0 0 0 0 0 0 0 0 0 0 0 0 0 0 0 0 0 0 0 0 0 0 0 0 0 0 0 0 0 0 0 1
 1 1 1 1 1 1 1 1 1 1 1 1 1 1 1 1 1 1 1 1 1 1 1 1 1 1 1 1 1 1 1 1 1 1 1 1 1
 1 1 1 1 1 1 1 1 1 1 1 1 1 1 1 1 1 1 1 1 1 1 1 1 1 1 1 1 1 1 1 1 1 1 1 1 1
 1 1 1 1 1 1 1 1 1 1 1 1 1 1 1 1 1 1 1 1 1 1 1 1 1 1 1 1 1 1 1 1 1 1 1 1 1
 1 1 1 1 1 1 1 1 1 1 1 1 1 1 1 1 1 1 1 1 1 1 1 1 1 1 1 1 1 1 1 1 1 1 1 1 1
 1 1 1 1 1 1 1 1 1 1 1 1 1 1 1 1 1 1 1]
  Test Pred: [0 0 0 0 0 0 0 0 0 0 0 0 0 0 0 0 0 0 0 0 0 0 0 0 0 0 0 0 0 0 0 0 0 0 0 0 0
 0 0 0 0 0 0 0 0 0 0 0 0 0 0 0 0 0 0 0 0 0 0 0 0 0 0 0 0 0 0 0 0 0 0 0 0 0
 0 0 0 0 0 0 0 0 0 0 0 0 0 0 0 0 0 0 0 0 0 0 0 0 0 0 0 0 0 0 0 0 0 0 0 0 0
 0 0 0 0 0 0 0 0 0 0 0 0 0 0 0 0 0 0 0 0 0 0 0 0 0 0 0 0 0 0 0 0 0 0 0 0 0
 0 0 0 0 0 0 0 0 0 0 0 0 0 0 0 0 0 0 0 0 0 0 0 0 0 0 0 0 0 0 0 0 0 0 0 0 0
 0 0 0 0 0 0 0 0 0 0 0 0 0 0 0 0 0 0 0 0 0 0 0 0 0 0 0 0 0 0 0 0 0 0 0 0 0
 0 0 0 0 0 0 0 0 0 0 0 0 0 0 0 0 0 0 0 0 0 0 0 0 0 0 0 0 0 0 0 0 0 0 0 0 0
 0 0 0 0 0 0 0 0 0 0 0 0 0 0 0 0 0 0 0 0 0 0 0 0 0 0 0 0 0 0 0 0 0 0 0 0 1
 0 0 1 0 0 1 1 1 0 0 1 1 0 0 0 1 1 1 0 1 1 1 1 1 1 1 1 1 1 0 1 1 0 0 1 1 1
 1 1 1 1 1 0 1 1 1 1 1 1 1 1 0 1 1 1 1 1 1 1 1 1 1 1 1 1 1 1 1 1 1 1 1 1 1
 1 1 1 1 1 1 1 1 1 1 1 1 1 1 1 1 1 1 1 1 1 1 1 1 1 1 1 1 1 1 1 1 1 1 1 1 1
 1 1 1 1 1 1 1 1 1 1 1 1 1 1 1 1 1 1 1 1 1 1 1 1 1 1 1 1 1 1 1 1 1 1 1 1 1
 1 1 1 1 1 1 1 1 1 1 1 1 1 1 1 1 1 1 1]
  Confusion Matrix:
[[295   0]
 [ 15 153]]
  Accuracy: 96.76%
  F1 Score: 0.9672
  Precision: 0.9692
  Recall: 0.9676
  MCC: 0.9309

============================================================
Test subject: S17, Range: [6418, 6894]
============================================================
  Train samples: 5134, Val samples: 1284, Test samples: 476
Epoch [1/100]
  Train Loss: 0.3502 | Train Acc: 83.89%
  Val Loss: 0.2716 | Val Acc: 89.02%
  Learning rate: 0.001000
  ✓ New best validation loss: 0.2716
Epoch [2/100]
  Train Loss: 0.1762 | Train Acc: 92.87%
  Val Loss: 0.1340 | Val Acc: 94.63%
  Learning rate: 0.001000
  ✓ New best validation loss: 0.1340
Epoch [3/100]
  Train Loss: 0.1129 | Train Acc: 95.95%
  Val Loss: 0.0704 | Val Acc: 97.20%
  Learning rate: 0.001000
  ✓ New best validation loss: 0.0704
Epoch [4/100]
  Train Loss: 0.0645 | Train Acc: 97.62%
  Val Loss: 0.1311 | Val Acc: 96.73%
  Learning rate: 0.001000
  Early stopping counter: 1/8
Epoch [5/100]
  Train Loss: 0.0590 | Train Acc: 98.11%
  Val Loss: 0.0254 | Val Acc: 99.22%
  Learning rate: 0.001000
  ✓ New best validation loss: 0.0254
Epoch [6/100]
  Train Loss: 0.0468 | Train Acc: 98.50%
  Val Loss: 0.0405 | Val Acc: 98.36%
  Learning rate: 0.001000
  Early stopping counter: 1/8
Epoch [7/100]
  Train Loss: 0.0410 | Train Acc: 98.62%
  Val Loss: 0.0377 | Val Acc: 98.44%
  Learning rate: 0.001000
  Early stopping counter: 2/8
Epoch [8/100]
  Train Loss: 0.0444 | Train Acc: 98.34%
  Val Loss: 0.0228 | Val Acc: 98.99%
  Learning rate: 0.001000
  ✓ New best validation loss: 0.0228
Epoch [9/100]
  Train Loss: 0.0467 | Train Acc: 98.60%
  Val Loss: 0.0587 | Val Acc: 98.29%
  Learning rate: 0.001000
  Early stopping counter: 1/8
Epoch [10/100]
  Train Loss: 0.0374 | Train Acc: 98.83%
  Val Loss: 0.0201 | Val Acc: 99.22%
  Learning rate: 0.001000
  ✓ New best validation loss: 0.0201
Epoch [11/100]
  Train Loss: 0.0327 | Train Acc: 99.03%
  Val Loss: 0.1472 | Val Acc: 96.26%
  Learning rate: 0.001000
  Early stopping counter: 1/8
Epoch [12/100]
  Train Loss: 0.0318 | Train Acc: 98.91%
  Val Loss: 0.0178 | Val Acc: 99.53%
  Learning rate: 0.001000
  ✓ New best validation loss: 0.0178
Epoch [13/100]
  Train Loss: 0.0174 | Train Acc: 99.36%
  Val Loss: 0.0305 | Val Acc: 99.07%
  Learning rate: 0.001000
  Early stopping counter: 1/8
Epoch [14/100]
  Train Loss: 0.0908 | Train Acc: 97.33%
  Val Loss: 0.0182 | Val Acc: 99.38%
  Learning rate: 0.001000
  Early stopping counter: 2/8
Epoch [15/100]
  Train Loss: 0.0238 | Train Acc: 99.16%
  Val Loss: 0.0203 | Val Acc: 99.30%
  Learning rate: 0.001000
  Early stopping counter: 3/8
Epoch [16/100]
  Train Loss: 0.0279 | Train Acc: 99.14%
  Val Loss: 0.0223 | Val Acc: 99.30%
  Learning rate: 0.000500
  Early stopping counter: 4/8
Epoch [17/100]
  Train Loss: 0.0123 | Train Acc: 99.65%
  Val Loss: 0.0279 | Val Acc: 99.22%
  Learning rate: 0.000500
  Early stopping counter: 5/8
Epoch [18/100]
  Train Loss: 0.0096 | Train Acc: 99.67%
  Val Loss: 0.0049 | Val Acc: 99.84%
  Learning rate: 0.000500
  ✓ New best validation loss: 0.0049
Epoch [19/100]
  Train Loss: 0.0090 | Train Acc: 99.73%
  Val Loss: 0.0050 | Val Acc: 99.92%
  Learning rate: 0.000500
  Early stopping counter: 1/8
Epoch [20/100]
  Train Loss: 0.0157 | Train Acc: 99.59%
  Val Loss: 0.0046 | Val Acc: 99.84%
  Learning rate: 0.000500
  Early stopping counter: 2/8
Epoch [21/100]
  Train Loss: 0.0082 | Train Acc: 99.79%
  Val Loss: 0.0101 | Val Acc: 99.77%
  Learning rate: 0.000500
  Early stopping counter: 3/8
Epoch [22/100]
  Train Loss: 0.0088 | Train Acc: 99.77%
  Val Loss: 0.0326 | Val Acc: 98.60%
  Learning rate: 0.000500
  Early stopping counter: 4/8
Epoch [23/100]
  Train Loss: 0.0070 | Train Acc: 99.84%
  Val Loss: 0.0036 | Val Acc: 99.77%
  Learning rate: 0.000500
  ✓ New best validation loss: 0.0036
Epoch [24/100]
  Train Loss: 0.0110 | Train Acc: 99.61%
  Val Loss: 0.0177 | Val Acc: 99.69%
  Learning rate: 0.000500
  Early stopping counter: 1/8
Epoch [25/100]
  Train Loss: 0.0298 | Train Acc: 99.14%
  Val Loss: 0.0094 | Val Acc: 99.69%
  Learning rate: 0.000500
  Early stopping counter: 2/8
Epoch [26/100]
  Train Loss: 0.0047 | Train Acc: 99.82%
  Val Loss: 0.0064 | Val Acc: 99.84%
  Learning rate: 0.000500
  Early stopping counter: 3/8
Epoch [27/100]
  Train Loss: 0.0017 | Train Acc: 99.94%
  Val Loss: 0.0016 | Val Acc: 99.92%
  Learning rate: 0.000500
  ✓ New best validation loss: 0.0016
Epoch [28/100]
  Train Loss: 0.0012 | Train Acc: 99.96%
  Val Loss: 0.0020 | Val Acc: 99.92%
  Learning rate: 0.000500
  Early stopping counter: 1/8
Epoch [29/100]
  Train Loss: 0.0286 | Train Acc: 99.20%
  Val Loss: 0.0061 | Val Acc: 99.84%
  Learning rate: 0.000500
  Early stopping counter: 2/8
Epoch [30/100]
  Train Loss: 0.0040 | Train Acc: 99.88%
  Val Loss: 0.0050 | Val Acc: 99.84%
  Learning rate: 0.000500
  Early stopping counter: 3/8
Epoch [31/100]
  Train Loss: 0.0036 | Train Acc: 99.92%
  Val Loss: 0.0026 | Val Acc: 99.84%
  Learning rate: 0.000250
  Early stopping counter: 4/8
Epoch [32/100]
  Train Loss: 0.0017 | Train Acc: 99.98%
  Val Loss: 0.0020 | Val Acc: 99.92%
  Learning rate: 0.000250
  Early stopping counter: 5/8
Epoch [33/100]
  Train Loss: 0.0017 | Train Acc: 99.94%
  Val Loss: 0.0048 | Val Acc: 99.77%
  Learning rate: 0.000250
  Early stopping counter: 6/8
Epoch [34/100]
  Train Loss: 0.0015 | Train Acc: 99.94%
  Val Loss: 0.0044 | Val Acc: 99.92%
  Learning rate: 0.000250
  Early stopping counter: 7/8
Epoch [35/100]
  Train Loss: 0.0020 | Train Acc: 99.94%
  Val Loss: 0.0099 | Val Acc: 99.77%
  Learning rate: 0.000125
  Early stopping counter: 8/8

Early stopping triggered after 35 epochs!
Best validation loss: 0.0016 at epoch 27

Subject S17 Results:
  Test Labels: [0 0 0 0 0 0 0 0 0 0 0 0 0 0 0 0 0 0 0 0 0 0 0 0 0 0 0 0 0 0 0 0 0 0 0 0 0
 0 0 0 0 0 0 0 0 0 0 0 0 0 0 0 0 0 0 0 0 0 0 0 0 0 0 0 0 0 0 0 0 0 0 0 0 0
 0 0 0 0 0 0 0 0 0 0 0 0 0 0 0 0 0 0 0 0 0 0 0 0 0 0 0 0 0 0 0 0 0 0 0 0 0
 0 0 0 0 0 0 0 0 0 0 0 0 0 0 0 0 0 0 0 0 0 0 0 0 0 0 0 0 0 0 0 0 0 0 0 0 0
 0 0 0 0 0 0 0 0 0 0 0 0 0 0 0 0 0 0 0 0 0 0 0 0 0 0 0 0 0 0 0 0 0 0 0 0 0
 0 0 0 0 0 0 0 0 0 0 0 0 0 0 0 0 0 0 0 0 0 0 0 0 0 0 0 0 0 0 0 0 0 0 0 0 0
 0 0 0 0 0 0 0 0 0 0 0 0 0 0 0 0 0 0 0 0 0 0 0 0 0 0 0 0 0 0 0 0 0 0 0 0 0
 0 0 0 0 0 0 0 0 0 0 0 0 0 0 0 0 0 0 0 0 0 0 0 0 0 0 0 0 0 0 0 0 0 0 0 0 1
 1 1 1 1 1 1 1 1 1 1 1 1 1 1 1 1 1 1 1 1 1 1 1 1 1 1 1 1 1 1 1 1 1 1 1 1 1
 1 1 1 1 1 1 1 1 1 1 1 1 1 1 1 1 1 1 1 1 1 1 1 1 1 1 1 1 1 1 1 1 1 1 1 1 1
 1 1 1 1 1 1 1 1 1 1 1 1 1 1 1 1 1 1 1 1 1 1 1 1 1 1 1 1 1 1 1 1 1 1 1 1 1
 1 1 1 1 1 1 1 1 1 1 1 1 1 1 1 1 1 1 1 1 1 1 1 1 1 1 1 1 1 1 1 1 1 1 1 1 1
 1 1 1 1 1 1 1 1 1 1 1 1 1 1 1 1 1 1 1 1 1 1 1 1 1 1 1 1 1 1 1 1]
  Test Pred: [0 0 0 0 0 0 0 0 0 0 0 0 0 0 0 0 0 0 0 0 0 0 0 0 0 0 0 0 0 0 0 0 0 0 0 0 0
 0 0 0 0 0 0 0 0 0 0 0 0 0 0 0 0 0 0 0 0 0 0 0 0 0 0 0 0 0 0 0 0 0 0 0 0 0
 0 0 0 0 0 0 0 0 0 0 0 0 0 0 0 0 0 0 0 0 0 0 0 0 0 0 0 0 0 0 0 0 0 0 0 0 0
 0 0 0 0 0 0 0 0 0 0 0 0 0 0 0 0 0 0 0 0 0 0 0 0 0 0 0 0 0 0 0 0 0 0 0 0 0
 0 0 0 0 0 0 0 0 0 0 0 0 0 0 0 0 0 0 0 0 0 0 0 0 0 0 0 0 0 0 0 0 0 0 0 0 0
 0 0 0 0 0 0 0 0 0 0 0 0 0 0 0 0 0 0 0 0 0 0 0 0 0 0 0 0 0 0 0 0 0 0 0 0 0
 0 0 0 0 0 0 0 0 0 0 0 0 0 0 0 0 0 0 0 0 0 0 0 0 0 0 0 0 0 0 0 0 0 0 0 0 0
 0 0 0 0 0 0 0 0 0 0 0 0 0 0 0 0 0 0 0 0 0 0 0 0 0 0 0 0 0 0 0 0 0 0 0 0 0
 0 1 1 1 1 1 1 1 1 0 1 1 1 1 1 1 1 1 1 1 1 1 1 1 1 1 1 1 1 1 1 1 1 1 1 1 1
 1 1 1 1 1 1 1 1 1 1 1 1 1 1 1 1 1 1 1 1 1 1 1 1 1 1 1 1 1 1 1 1 1 1 1 1 1
 1 1 1 1 1 1 1 1 1 1 1 1 1 1 1 1 1 1 1 1 1 1 1 1 1 1 1 1 1 1 1 1 1 1 1 1 1
 1 1 1 1 1 1 1 1 1 1 1 0 1 1 0 1 0 1 1 1 1 1 1 1 1 1 1 1 1 1 1 1 1 1 1 1 1
 1 1 1 1 1 1 1 1 1 1 1 1 1 1 1 1 1 1 1 1 1 1 1 1 1 1 1 1 1 1 1 1]
  Confusion Matrix:
[[295   0]
 [  6 175]]
  Accuracy: 98.74%
  F1 Score: 0.9874
  Precision: 0.9876
  Recall: 0.9874
  MCC: 0.9734

============================================================
Configuration Parameters:
============================================================
Training Configuration:
  Learning Rate: 0.001
  Number of Epochs: 100
  Batch Size: 16
  Early Stopping Patience: 8
  Early Stopping Min Delta: 0.001

Model Configuration:
  Number of Features: 5
  Number of Classes: 2
  Embedding Dimension: 64
  Number of Heads: 4
  Number of Layers: 4
  Dropout Rate: 0.1

Optimizer Configuration:
  Scheduler Factor: 0.5
  Scheduler Patience: 3
============================================================

Metrics of Each Subject:
============================================================
  S2: Acc=64.77%, F1=0.5110, Prec=0.4220, Rec=0.6477, MCC=-0.0350
  S3: Acc=27.19%, F1=0.1537, Prec=0.1072, Rec=0.2719, MCC=-0.4136
  S4: Acc=64.81%, F1=0.5120, Prec=0.7722, Rec=0.6481, MCC=0.0638
  S5: Acc=0.87%, F1=0.0060, Prec=0.0046, Rec=0.0087, MCC=-0.9810
  S6: Acc=75.55%, F1=0.7215, Prec=0.7862, Rec=0.7555, MCC=0.4537
  S7: Acc=35.01%, F1=0.1816, Prec=0.1226, Rec=0.3501, MCC=0.0000
  S8: Acc=51.09%, F1=0.5199, Prec=0.5454, Rec=0.5109, MCC=0.0189
  S9: Acc=83.55%, F1=0.8246, Prec=0.8499, Rec=0.8355, MCC=0.6385
  S10: Acc=61.76%, F1=0.4733, Prec=0.3836, Rec=0.6176, MCC=-0.0359
  S11: Acc=36.56%, F1=0.1957, Prec=0.1337, Rec=0.3656, MCC=0.0000
  S13: Acc=70.72%, F1=0.6341, Prec=0.7991, Rec=0.7072, MCC=0.3579
  S14: Acc=92.03%, F1=0.9185, Prec=0.9240, Rec=0.9203, MCC=0.8288
  S15: Acc=92.89%, F1=0.9270, Prec=0.9361, Rec=0.9289, MCC=0.8517
  S16: Acc=96.76%, F1=0.9672, Prec=0.9692, Rec=0.9676, MCC=0.9309
  S17: Acc=98.74%, F1=0.9874, Prec=0.9876, Rec=0.9874, MCC=0.9734

Mean Metrics Across All Subjects:
============================================================
  Accuracy:  63.49%
  F1 Score:  0.5689
  Precision: 0.5829
  Recall:    0.6349
  MCC:       0.2435

Results saved to: results/loocv_results_wesad_raw_lomo_resp.pkl
