Requirement already satisfied: einops in ./venv/lib/python3.9/site-packages (0.8.1)
Using device: cuda
{'S2': 440, 'S3': 445, 'S4': 449, 'S5': 460, 'S6': 458, 'S7': 457, 'S8': 460, 'S9': 456, 'S10': 476, 'S11': 465, 'S13': 461, 'S14': 464, 'S15': 464, 'S16': 463, 'S17': 476} 
 {'S2': [0, 440], 'S3': [440, 885], 'S4': [885, 1334], 'S5': [1334, 1794], 'S6': [1794, 2252], 'S7': [2252, 2709], 'S8': [2709, 3169], 'S9': [3169, 3625], 'S10': [3625, 4101], 'S11': [4101, 4566], 'S13': [4566, 5027], 'S14': [5027, 5491], 'S15': [5491, 5955], 'S16': [5955, 6418], 'S17': [6418, 6894]}

============================================================
Test subject: S2, Range: [0, 440]
============================================================
Train: 5485 samples, Val: 969 samples, Test: 440 samples
fourier enhanced block used!
modes=32, index=[1, 4, 10, 11, 13, 14, 15, 19, 22, 25, 26, 28, 30, 31, 32, 34, 36, 37, 38, 39, 40, 42, 44, 46, 48, 51, 53, 54, 56, 60, 62, 63]
fourier enhanced block used!
modes=32, index=[0, 1, 2, 3, 4, 5, 6, 7, 8, 9, 10, 11, 12, 13, 14, 15, 16, 17, 18, 19, 20, 21, 22, 23, 24, 25, 26, 27, 28, 29, 30, 31]
 fourier enhanced cross attention used!
modes_q=32, index_q=[0, 1, 2, 3, 4, 5, 6, 7, 8, 9, 10, 11, 12, 13, 14, 15, 16, 17, 18, 19, 20, 21, 22, 23, 24, 25, 26, 27, 28, 29, 30, 31]
modes_kv=32, index_kv=[0, 2, 3, 5, 6, 9, 12, 13, 14, 16, 19, 21, 23, 24, 26, 27, 29, 30, 31, 32, 34, 39, 40, 41, 42, 45, 46, 47, 49, 51, 54, 57]
Epoch [1/100]
  Train Loss: 0.4580 | Train Acc: 82.15%
  Val Loss: 0.5900 | Val Acc: 83.38%
  Learning rate: 0.001000
  New best model! Val Loss improved to 0.5900
Epoch [2/100]
  Train Loss: 0.3502 | Train Acc: 88.06%
  Val Loss: 0.5080 | Val Acc: 85.35%
  Learning rate: 0.001000
  New best model! Val Loss improved to 0.5080
Epoch [3/100]
  Train Loss: 0.3419 | Train Acc: 88.77%
  Val Loss: 0.5434 | Val Acc: 85.86%
  Learning rate: 0.001000
  No improvement. Patience: 1/8
Epoch [4/100]
  Train Loss: 0.3571 | Train Acc: 89.44%
  Val Loss: 0.6333 | Val Acc: 83.59%
  Learning rate: 0.001000
  No improvement. Patience: 2/8
Epoch [5/100]
  Train Loss: 0.2750 | Train Acc: 91.36%
  Val Loss: 1.0520 | Val Acc: 75.03%
  Learning rate: 0.001000
  No improvement. Patience: 3/8
Epoch [6/100]
  Train Loss: 0.2465 | Train Acc: 92.27%
  Val Loss: 1.0804 | Val Acc: 75.95%
  Learning rate: 0.000500
  No improvement. Patience: 4/8
Epoch [7/100]
  Train Loss: 0.1385 | Train Acc: 95.35%
  Val Loss: 1.2777 | Val Acc: 74.61%
  Learning rate: 0.000500
  No improvement. Patience: 5/8
Epoch [8/100]
  Train Loss: 0.0993 | Train Acc: 96.55%
  Val Loss: 0.9498 | Val Acc: 80.08%
  Learning rate: 0.000500
  No improvement. Patience: 6/8
Epoch [9/100]
  Train Loss: 0.0668 | Train Acc: 97.70%
  Val Loss: 0.8233 | Val Acc: 81.53%
  Learning rate: 0.000500
  No improvement. Patience: 7/8
Epoch [10/100]
  Train Loss: 0.0489 | Train Acc: 98.25%
  Val Loss: 1.0140 | Val Acc: 80.60%
  Learning rate: 0.000250
  No improvement. Patience: 8/8

Early stopping triggered after 10 epochs

Subject S2 Results:
Test Labels: [0 0 0 0 0 0 0 0 0 0 0 0 0 0 0 0 0 0 0 0 0 0 0 0 0 0 0 0 0 0 0 0 0 0 0 0 0
 0 0 0 0 0 0 0 0 0 0 0 0 0 0 0 0 0 0 0 0 0 0 0 0 0 0 0 0 0 0 0 0 0 0 0 0 0
 0 0 0 0 0 0 0 0 0 0 0 0 0 0 0 0 0 0 0 0 0 0 0 0 0 0 0 0 0 0 0 0 0 0 0 0 0
 0 0 0 0 0 0 0 0 0 0 0 0 0 0 0 0 0 0 0 0 0 0 0 0 0 0 0 0 0 0 0 0 0 0 0 0 0
 0 0 0 0 0 0 0 0 0 0 0 0 0 0 0 0 0 0 0 0 0 0 0 0 0 0 0 0 0 0 0 0 0 0 0 0 0
 0 0 0 0 0 0 0 0 0 0 0 0 0 0 0 0 0 0 0 0 0 0 0 0 0 0 0 0 0 0 0 0 0 0 0 0 0
 0 0 0 0 0 0 0 0 0 0 0 0 0 0 0 0 0 0 0 0 0 0 0 0 0 0 0 0 0 0 0 0 0 0 0 0 0
 0 0 0 0 0 0 0 0 0 0 0 0 0 0 0 0 0 0 0 0 0 0 0 0 0 0 0 1 1 1 1 1 1 1 1 1 1
 1 1 1 1 1 1 1 1 1 1 1 1 1 1 1 1 1 1 1 1 1 1 1 1 1 1 1 1 1 1 1 1 1 1 1 1 1
 1 1 1 1 1 1 1 1 1 1 1 1 1 1 1 1 1 1 1 1 1 1 1 1 1 1 1 1 1 1 1 1 1 1 1 1 1
 1 1 1 1 1 1 1 1 1 1 1 1 1 1 1 1 1 1 1 1 1 1 1 1 1 1 1 1 1 1 1 1 1 1 1 1 1
 1 1 1 1 1 1 1 1 1 1 1 1 1 1 1 1 1 1 1 1 1 1 1 1 1 1 1 1 1 1 1 1 1]
Test Pred: [1 1 1 0 1 1 1 1 1 0 0 1 0 0 0 0 1 0 0 1 1 0 0 0 0 0 0 1 1 0 1 0 0 1 0 1 1
 0 0 1 1 1 1 1 1 0 0 1 1 0 0 1 1 0 0 0 1 0 0 1 0 0 0 1 0 0 0 0 0 0 1 1 1 1
 0 1 1 0 0 0 0 1 0 0 1 0 1 0 0 0 1 1 1 1 0 0 1 0 0 1 0 1 0 0 0 0 0 0 0 0 0
 1 0 0 0 0 0 0 1 0 0 1 0 0 0 1 0 0 0 0 0 0 0 0 0 0 0 0 0 0 0 0 0 0 0 1 0 1
 1 0 0 0 1 0 1 0 1 1 1 1 0 0 0 0 0 0 0 0 0 0 0 0 0 0 0 0 0 0 0 0 1 1 0 0 0
 0 0 0 0 0 1 0 0 1 0 0 0 0 0 0 0 0 0 0 0 0 0 0 0 1 1 0 0 0 0 0 0 0 0 0 0 0
 0 0 1 0 1 0 0 0 1 0 0 0 0 0 0 0 0 0 0 1 0 0 0 0 1 0 0 0 0 0 0 0 1 0 0 0 0
 0 0 0 1 0 0 0 0 0 1 0 0 0 0 0 0 0 1 1 1 1 0 1 1 0 1 0 1 1 1 1 1 1 1 1 1 0
 1 1 0 0 1 1 0 1 1 1 1 1 1 0 0 0 0 1 1 1 1 1 0 0 1 1 1 1 0 0 0 1 1 1 1 1 1
 0 0 0 0 1 1 1 1 0 1 1 1 0 1 1 0 0 1 1 1 0 1 0 1 0 0 0 1 0 0 1 0 1 1 0 0 0
 1 1 0 0 0 0 0 0 0 0 0 1 0 0 0 1 0 0 0 1 1 1 1 0 1 0 0 1 1 1 0 0 1 0 0 1 0
 0 0 1 0 1 1 0 1 1 1 0 0 0 0 0 0 1 1 1 0 0 0 0 0 0 1 0 0 0 1 1 1 1]
Confusion Matrix:
[[205  81]
 [ 74  80]]
Accuracy: 64.77%
F1 Score: 0.6495
Precision: 0.6515
Recall: 0.6477
MCC: 0.2340

============================================================
Test subject: S3, Range: [440, 885]
============================================================
Train: 5481 samples, Val: 968 samples, Test: 445 samples
fourier enhanced block used!
modes=32, index=[2, 4, 5, 6, 8, 10, 11, 15, 16, 17, 21, 27, 29, 31, 32, 33, 34, 37, 39, 41, 42, 43, 47, 48, 49, 50, 51, 52, 56, 58, 60, 63]
fourier enhanced block used!
modes=32, index=[0, 1, 2, 3, 4, 5, 6, 7, 8, 9, 10, 11, 12, 13, 14, 15, 16, 17, 18, 19, 20, 21, 22, 23, 24, 25, 26, 27, 28, 29, 30, 31]
 fourier enhanced cross attention used!
modes_q=32, index_q=[0, 1, 2, 3, 4, 5, 6, 7, 8, 9, 10, 11, 12, 13, 14, 15, 16, 17, 18, 19, 20, 21, 22, 23, 24, 25, 26, 27, 28, 29, 30, 31]
modes_kv=32, index_kv=[0, 5, 6, 8, 11, 14, 15, 16, 18, 19, 20, 23, 24, 28, 30, 32, 33, 34, 35, 36, 37, 40, 41, 45, 50, 53, 54, 55, 57, 58, 59, 61]
Epoch [1/100]
  Train Loss: 0.5229 | Train Acc: 78.91%
  Val Loss: 0.7581 | Val Acc: 73.45%
  Learning rate: 0.001000
  New best model! Val Loss improved to 0.7581
Epoch [2/100]
  Train Loss: 0.3969 | Train Acc: 85.48%
  Val Loss: 0.4901 | Val Acc: 82.44%
  Learning rate: 0.001000
  New best model! Val Loss improved to 0.4901
Epoch [3/100]
  Train Loss: 0.3416 | Train Acc: 88.14%
  Val Loss: 0.4741 | Val Acc: 83.57%
  Learning rate: 0.001000
  New best model! Val Loss improved to 0.4741
Epoch [4/100]
  Train Loss: 0.3061 | Train Acc: 89.84%
  Val Loss: 0.5421 | Val Acc: 87.71%
  Learning rate: 0.001000
  No improvement. Patience: 1/8
Epoch [5/100]
  Train Loss: 0.2676 | Train Acc: 90.79%
  Val Loss: 0.4909 | Val Acc: 86.16%
  Learning rate: 0.001000
  No improvement. Patience: 2/8
Epoch [6/100]
  Train Loss: 0.2310 | Train Acc: 92.78%
  Val Loss: 0.5022 | Val Acc: 86.98%
  Learning rate: 0.001000
  No improvement. Patience: 3/8
Epoch [7/100]
  Train Loss: 0.2624 | Train Acc: 92.52%
  Val Loss: 2.0577 | Val Acc: 64.36%
  Learning rate: 0.000500
  No improvement. Patience: 4/8
Epoch [8/100]
  Train Loss: 0.1320 | Train Acc: 95.42%
  Val Loss: 1.1560 | Val Acc: 76.45%
  Learning rate: 0.000500
  No improvement. Patience: 5/8
Epoch [9/100]
  Train Loss: 0.0793 | Train Acc: 97.21%
  Val Loss: 1.5054 | Val Acc: 73.14%
  Learning rate: 0.000500
  No improvement. Patience: 6/8
Epoch [10/100]
  Train Loss: 0.0674 | Train Acc: 97.50%
  Val Loss: 1.0956 | Val Acc: 79.55%
  Learning rate: 0.000500
  No improvement. Patience: 7/8
Epoch [11/100]
  Train Loss: 0.0537 | Train Acc: 97.94%
  Val Loss: 0.9239 | Val Acc: 82.54%
  Learning rate: 0.000250
  No improvement. Patience: 8/8

Early stopping triggered after 11 epochs

Subject S3 Results:
Test Labels: [0 0 0 0 0 0 0 0 0 0 0 0 0 0 0 0 0 0 0 0 0 0 0 0 0 0 0 0 0 0 0 0 0 0 0 0 0
 0 0 0 0 0 0 0 0 0 0 0 0 0 0 0 0 0 0 0 0 0 0 0 0 0 0 0 0 0 0 0 0 0 0 0 0 0
 0 0 0 0 0 0 0 0 0 0 0 0 0 0 0 0 0 0 0 0 0 0 0 0 0 0 0 0 0 0 0 0 0 0 0 0 0
 0 0 0 0 0 0 0 0 0 0 0 0 0 0 0 0 0 0 0 0 0 0 0 0 0 0 0 0 0 0 0 0 0 0 0 0 0
 0 0 0 0 0 0 0 0 0 0 0 0 0 0 0 0 0 0 0 0 0 0 0 0 0 0 0 0 0 0 0 0 0 0 0 0 0
 0 0 0 0 0 0 0 0 0 0 0 0 0 0 0 0 0 0 0 0 0 0 0 0 0 0 0 0 0 0 0 0 0 0 0 0 0
 0 0 0 0 0 0 0 0 0 0 0 0 0 0 0 0 0 0 0 0 0 0 0 0 0 0 0 0 0 0 0 0 0 0 0 0 0
 0 0 0 0 0 0 0 0 0 0 0 0 0 0 0 0 0 0 0 0 0 0 0 0 0 0 1 1 1 1 1 1 1 1 1 1 1
 1 1 1 1 1 1 1 1 1 1 1 1 1 1 1 1 1 1 1 1 1 1 1 1 1 1 1 1 1 1 1 1 1 1 1 1 1
 1 1 1 1 1 1 1 1 1 1 1 1 1 1 1 1 1 1 1 1 1 1 1 1 1 1 1 1 1 1 1 1 1 1 1 1 1
 1 1 1 1 1 1 1 1 1 1 1 1 1 1 1 1 1 1 1 1 1 1 1 1 1 1 1 1 1 1 1 1 1 1 1 1 1
 1 1 1 1 1 1 1 1 1 1 1 1 1 1 1 1 1 1 1 1 1 1 1 1 1 1 1 1 1 1 1 1 1 1 1 1 1
 1]
Test Pred: [1 1 0 0 0 0 0 0 0 0 0 0 0 0 0 0 0 0 0 0 1 0 0 0 0 0 0 0 0 0 0 0 0 0 0 0 0
 0 0 0 0 0 0 0 0 0 0 0 0 0 0 0 0 0 0 0 0 0 0 0 0 0 0 0 0 0 1 0 0 0 0 0 0 0
 0 0 0 0 0 0 0 0 0 0 0 0 0 0 0 0 0 0 0 0 0 0 0 0 0 0 0 0 0 0 0 0 0 0 0 0 0
 0 0 0 0 0 0 0 0 0 0 0 1 0 0 0 0 0 0 0 0 0 0 0 0 0 0 0 0 0 0 0 0 0 1 1 1 0
 0 0 0 0 0 0 0 0 0 0 0 0 0 0 0 0 0 0 0 0 0 0 1 0 0 0 0 0 0 0 0 0 0 0 0 0 0
 0 0 0 0 0 0 0 0 0 0 0 0 0 0 0 0 0 0 0 0 0 0 0 0 0 0 0 0 0 0 0 0 0 1 0 0 0
 0 0 0 0 0 0 0 0 0 0 0 0 0 0 0 0 0 0 0 0 0 0 0 0 0 0 0 0 0 0 0 0 0 0 0 0 0
 0 0 0 0 0 0 0 0 0 1 0 0 0 0 0 0 0 0 0 0 0 0 0 0 0 0 1 1 1 1 1 1 1 1 1 1 1
 1 1 1 1 1 1 1 1 1 1 1 0 1 1 1 1 1 1 1 1 1 1 1 1 1 1 1 1 1 1 1 1 1 1 1 1 1
 1 1 1 1 0 1 1 1 1 1 1 1 1 0 1 1 1 1 1 1 1 1 1 0 1 0 0 0 0 1 0 1 1 0 1 0 1
 1 1 1 1 1 1 1 1 1 1 1 1 1 1 1 1 1 1 1 1 1 1 1 1 1 1 1 1 1 1 1 0 0 1 1 1 1
 1 0 0 0 1 0 0 0 0 0 0 1 0 1 1 0 1 1 1 1 1 0 1 0 1 0 1 0 1 0 1 1 1 1 1 0 1
 0]
Confusion Matrix:
[[274  11]
 [ 31 129]]
Accuracy: 90.56%
F1 Score: 0.9041
Precision: 0.9067
Recall: 0.9056
MCC: 0.7933

============================================================
Test subject: S4, Range: [885, 1334]
============================================================
Train: 5478 samples, Val: 967 samples, Test: 449 samples
fourier enhanced block used!
modes=32, index=[0, 1, 5, 7, 8, 10, 11, 13, 15, 19, 20, 21, 24, 26, 27, 28, 29, 30, 31, 32, 35, 40, 42, 44, 45, 46, 47, 49, 53, 57, 58, 60]
fourier enhanced block used!
modes=32, index=[0, 1, 2, 3, 4, 5, 6, 7, 8, 9, 10, 11, 12, 13, 14, 15, 16, 17, 18, 19, 20, 21, 22, 23, 24, 25, 26, 27, 28, 29, 30, 31]
 fourier enhanced cross attention used!
modes_q=32, index_q=[0, 1, 2, 3, 4, 5, 6, 7, 8, 9, 10, 11, 12, 13, 14, 15, 16, 17, 18, 19, 20, 21, 22, 23, 24, 25, 26, 27, 28, 29, 30, 31]
modes_kv=32, index_kv=[1, 2, 7, 9, 14, 15, 17, 20, 22, 23, 25, 26, 29, 31, 32, 33, 35, 38, 39, 40, 43, 46, 47, 49, 50, 51, 52, 53, 59, 60, 61, 63]
Epoch [1/100]
  Train Loss: 0.4804 | Train Acc: 81.09%
  Val Loss: 0.7221 | Val Acc: 80.04%
  Learning rate: 0.001000
  New best model! Val Loss improved to 0.7221
Epoch [2/100]
  Train Loss: 0.2328 | Train Acc: 91.69%
  Val Loss: 0.0779 | Val Acc: 97.31%
  Learning rate: 0.001000
  New best model! Val Loss improved to 0.0779
Epoch [3/100]
  Train Loss: 0.1079 | Train Acc: 96.64%
  Val Loss: 0.0359 | Val Acc: 99.28%
  Learning rate: 0.001000
  New best model! Val Loss improved to 0.0359
Epoch [4/100]
  Train Loss: 0.0634 | Train Acc: 98.06%
  Val Loss: 0.0398 | Val Acc: 98.76%
  Learning rate: 0.001000
  No improvement. Patience: 1/8
Epoch [5/100]
  Train Loss: 0.0404 | Train Acc: 98.81%
  Val Loss: 0.0140 | Val Acc: 99.59%
  Learning rate: 0.001000
  New best model! Val Loss improved to 0.0140
Epoch [6/100]
  Train Loss: 0.0206 | Train Acc: 99.38%
  Val Loss: 0.1322 | Val Acc: 96.59%
  Learning rate: 0.001000
  No improvement. Patience: 1/8
Epoch [7/100]
  Train Loss: 0.0261 | Train Acc: 99.25%
  Val Loss: 0.0306 | Val Acc: 99.28%
  Learning rate: 0.001000
  No improvement. Patience: 2/8
Epoch [8/100]
  Train Loss: 0.0320 | Train Acc: 99.23%
  Val Loss: 0.0264 | Val Acc: 99.38%
  Learning rate: 0.001000
  No improvement. Patience: 3/8
Epoch [9/100]
  Train Loss: 0.0341 | Train Acc: 99.01%
  Val Loss: 0.0503 | Val Acc: 98.45%
  Learning rate: 0.000500
  No improvement. Patience: 4/8
Epoch [10/100]
  Train Loss: 0.0107 | Train Acc: 99.69%
  Val Loss: 0.0152 | Val Acc: 99.69%
  Learning rate: 0.000500
  No improvement. Patience: 5/8
Epoch [11/100]
  Train Loss: 0.0025 | Train Acc: 99.89%
  Val Loss: 0.0292 | Val Acc: 99.07%
  Learning rate: 0.000500
  No improvement. Patience: 6/8
Epoch [12/100]
  Train Loss: 0.0046 | Train Acc: 99.91%
  Val Loss: 0.0298 | Val Acc: 99.59%
  Learning rate: 0.000500
  No improvement. Patience: 7/8
Epoch [13/100]
  Train Loss: 0.0040 | Train Acc: 99.85%
  Val Loss: 0.0135 | Val Acc: 99.69%
  Learning rate: 0.000500
  No improvement. Patience: 8/8

Early stopping triggered after 13 epochs

Subject S4 Results:
Test Labels: [0 0 0 0 0 0 0 0 0 0 0 0 0 0 0 0 0 0 0 0 0 0 0 0 0 0 0 0 0 0 0 0 0 0 0 0 0
 0 0 0 0 0 0 0 0 0 0 0 0 0 0 0 0 0 0 0 0 0 0 0 0 0 0 0 0 0 0 0 0 0 0 0 0 0
 0 0 0 0 0 0 0 0 0 0 0 0 0 0 0 0 0 0 0 0 0 0 0 0 0 0 0 0 0 0 0 0 0 0 0 0 0
 0 0 0 0 0 0 0 0 0 0 0 0 0 0 0 0 0 0 0 0 0 0 0 0 0 0 0 0 0 0 0 0 0 0 0 0 0
 0 0 0 0 0 0 0 0 0 0 0 0 0 0 0 0 0 0 0 0 0 0 0 0 0 0 0 0 0 0 0 0 0 0 0 0 0
 0 0 0 0 0 0 0 0 0 0 0 0 0 0 0 0 0 0 0 0 0 0 0 0 0 0 0 0 0 0 0 0 0 0 0 0 0
 0 0 0 0 0 0 0 0 0 0 0 0 0 0 0 0 0 0 0 0 0 0 0 0 0 0 0 0 0 0 0 0 0 0 0 0 0
 0 0 0 0 0 0 0 0 0 0 0 0 0 0 0 0 0 0 0 0 0 0 0 0 0 0 0 0 0 0 0 1 1 1 1 1 1
 1 1 1 1 1 1 1 1 1 1 1 1 1 1 1 1 1 1 1 1 1 1 1 1 1 1 1 1 1 1 1 1 1 1 1 1 1
 1 1 1 1 1 1 1 1 1 1 1 1 1 1 1 1 1 1 1 1 1 1 1 1 1 1 1 1 1 1 1 1 1 1 1 1 1
 1 1 1 1 1 1 1 1 1 1 1 1 1 1 1 1 1 1 1 1 1 1 1 1 1 1 1 1 1 1 1 1 1 1 1 1 1
 1 1 1 1 1 1 1 1 1 1 1 1 1 1 1 1 1 1 1 1 1 1 1 1 1 1 1 1 1 1 1 1 1 1 1 1 1
 1 1 1 1 1]
Test Pred: [0 0 0 0 0 0 0 0 0 0 0 0 0 0 0 0 0 0 0 0 0 0 0 0 0 0 0 0 0 0 0 0 0 0 0 0 0
 0 0 0 0 0 0 0 0 0 0 0 0 0 0 0 0 0 0 0 0 0 0 0 0 0 0 0 0 0 0 0 0 0 0 0 0 0
 0 0 0 0 0 0 0 0 0 0 0 0 0 0 0 0 0 0 0 0 0 0 0 0 0 0 0 0 0 0 0 0 0 0 0 0 0
 0 0 0 0 0 0 0 0 0 0 0 0 0 0 0 0 0 0 0 0 0 0 0 0 0 0 0 0 0 0 0 0 0 0 0 0 0
 0 0 0 0 0 0 0 0 0 0 0 0 0 0 0 0 0 0 0 0 0 0 0 0 0 0 0 0 0 0 0 0 0 0 0 0 0
 0 0 0 0 0 0 0 0 0 0 0 0 0 0 0 0 0 0 0 0 0 0 0 0 0 0 0 0 0 0 0 0 0 0 0 0 0
 0 0 0 0 0 0 0 0 0 0 0 0 0 0 0 0 0 0 0 0 0 0 0 0 0 0 0 0 0 0 0 0 0 0 0 0 0
 0 0 0 0 0 0 0 0 0 0 0 0 0 0 0 0 0 0 0 0 0 0 0 0 0 0 0 0 0 0 0 0 0 0 0 0 0
 0 0 0 0 0 0 0 0 0 0 0 0 0 0 0 0 0 0 0 0 0 0 0 0 0 0 0 0 0 0 0 0 0 0 0 0 0
 0 0 0 0 0 0 0 0 0 0 0 0 0 0 0 0 0 1 0 0 0 0 0 0 0 0 0 0 0 0 0 0 0 0 0 0 0
 0 0 0 0 0 0 0 0 0 0 0 0 1 0 0 0 0 0 0 0 0 0 0 0 0 0 0 0 0 0 0 0 0 0 0 0 0
 0 0 0 0 0 0 0 0 0 0 0 0 0 0 0 0 0 0 0 0 0 0 0 0 0 0 0 0 0 0 0 0 0 0 1 0 0
 0 0 0 0 0]
Confusion Matrix:
[[290   0]
 [156   3]]
Accuracy: 65.26%
F1 Score: 0.5221
Precision: 0.7741
Recall: 0.6526
MCC: 0.1108

============================================================
Test subject: S5, Range: [1334, 1794]
============================================================
Train: 5468 samples, Val: 966 samples, Test: 460 samples
fourier enhanced block used!
modes=32, index=[0, 1, 7, 8, 11, 13, 14, 15, 18, 19, 22, 24, 27, 28, 30, 32, 33, 35, 38, 39, 44, 46, 48, 52, 53, 54, 55, 56, 57, 58, 59, 63]
fourier enhanced block used!
modes=32, index=[0, 1, 2, 3, 4, 5, 6, 7, 8, 9, 10, 11, 12, 13, 14, 15, 16, 17, 18, 19, 20, 21, 22, 23, 24, 25, 26, 27, 28, 29, 30, 31]
 fourier enhanced cross attention used!
modes_q=32, index_q=[0, 1, 2, 3, 4, 5, 6, 7, 8, 9, 10, 11, 12, 13, 14, 15, 16, 17, 18, 19, 20, 21, 22, 23, 24, 25, 26, 27, 28, 29, 30, 31]
modes_kv=32, index_kv=[1, 3, 4, 6, 7, 8, 10, 12, 14, 16, 18, 19, 21, 22, 25, 28, 29, 32, 33, 35, 36, 37, 39, 42, 43, 47, 49, 50, 52, 55, 56, 61]
Epoch [1/100]
  Train Loss: 0.4042 | Train Acc: 83.71%
  Val Loss: 0.1027 | Val Acc: 96.17%
  Learning rate: 0.001000
  New best model! Val Loss improved to 0.1027
Epoch [2/100]
  Train Loss: 0.1006 | Train Acc: 96.82%
  Val Loss: 0.0334 | Val Acc: 99.07%
  Learning rate: 0.001000
  New best model! Val Loss improved to 0.0334
Epoch [3/100]
  Train Loss: 0.0559 | Train Acc: 98.15%
  Val Loss: 0.0378 | Val Acc: 98.96%
  Learning rate: 0.001000
  No improvement. Patience: 1/8
Epoch [4/100]
  Train Loss: 0.0284 | Train Acc: 99.25%
  Val Loss: 0.0248 | Val Acc: 99.17%
  Learning rate: 0.001000
  New best model! Val Loss improved to 0.0248
Epoch [5/100]
  Train Loss: 0.0278 | Train Acc: 99.10%
  Val Loss: 0.0302 | Val Acc: 98.76%
  Learning rate: 0.001000
  No improvement. Patience: 1/8
Epoch [6/100]
  Train Loss: 0.0410 | Train Acc: 99.01%
  Val Loss: 0.0476 | Val Acc: 99.17%
  Learning rate: 0.001000
  No improvement. Patience: 2/8
Epoch [7/100]
  Train Loss: 0.0196 | Train Acc: 99.40%
  Val Loss: 0.0275 | Val Acc: 98.96%
  Learning rate: 0.001000
  No improvement. Patience: 3/8
Epoch [8/100]
  Train Loss: 0.0227 | Train Acc: 99.54%
  Val Loss: 0.0476 | Val Acc: 98.65%
  Learning rate: 0.000500
  No improvement. Patience: 4/8
Epoch [9/100]
  Train Loss: 0.0065 | Train Acc: 99.82%
  Val Loss: 0.0334 | Val Acc: 99.38%
  Learning rate: 0.000500
  No improvement. Patience: 5/8
Epoch [10/100]
  Train Loss: 0.0022 | Train Acc: 99.91%
  Val Loss: 0.0438 | Val Acc: 99.38%
  Learning rate: 0.000500
  No improvement. Patience: 6/8
Epoch [11/100]
  Train Loss: 0.0023 | Train Acc: 99.91%
  Val Loss: 0.0270 | Val Acc: 99.59%
  Learning rate: 0.000500
  No improvement. Patience: 7/8
Epoch [12/100]
  Train Loss: 0.0084 | Train Acc: 99.82%
  Val Loss: 0.0680 | Val Acc: 98.76%
  Learning rate: 0.000250
  No improvement. Patience: 8/8

Early stopping triggered after 12 epochs

Subject S5 Results:
Test Labels: [0 0 0 0 0 0 0 0 0 0 0 0 0 0 0 0 0 0 0 0 0 0 0 0 0 0 0 0 0 0 0 0 0 0 0 0 0
 0 0 0 0 0 0 0 0 0 0 0 0 0 0 0 0 0 0 0 0 0 0 0 0 0 0 0 0 0 0 0 0 0 0 0 0 0
 0 0 0 0 0 0 0 0 0 0 0 0 0 0 0 0 0 0 0 0 0 0 0 0 0 0 0 0 0 0 0 0 0 0 0 0 0
 0 0 0 0 0 0 0 0 0 0 0 0 0 0 0 0 0 0 0 0 0 0 0 0 0 0 0 0 0 0 0 0 0 0 0 0 0
 0 0 0 0 0 0 0 0 0 0 0 0 0 0 0 0 0 0 0 0 0 0 0 0 0 0 0 0 0 0 0 0 0 0 0 0 0
 0 0 0 0 0 0 0 0 0 0 0 0 0 0 0 0 0 0 0 0 0 0 0 0 0 0 0 0 0 0 0 0 0 0 0 0 0
 0 0 0 0 0 0 0 0 0 0 0 0 0 0 0 0 0 0 0 0 0 0 0 0 0 0 0 0 0 0 0 0 0 0 0 0 0
 0 0 0 0 0 0 0 0 0 0 0 0 0 0 0 0 0 0 0 0 0 0 0 0 0 0 0 0 0 0 0 0 0 0 0 0 0
 0 0 0 1 1 1 1 1 1 1 1 1 1 1 1 1 1 1 1 1 1 1 1 1 1 1 1 1 1 1 1 1 1 1 1 1 1
 1 1 1 1 1 1 1 1 1 1 1 1 1 1 1 1 1 1 1 1 1 1 1 1 1 1 1 1 1 1 1 1 1 1 1 1 1
 1 1 1 1 1 1 1 1 1 1 1 1 1 1 1 1 1 1 1 1 1 1 1 1 1 1 1 1 1 1 1 1 1 1 1 1 1
 1 1 1 1 1 1 1 1 1 1 1 1 1 1 1 1 1 1 1 1 1 1 1 1 1 1 1 1 1 1 1 1 1 1 1 1 1
 1 1 1 1 1 1 1 1 1 1 1 1 1 1 1 1]
Test Pred: [0 0 0 0 0 0 0 0 0 0 0 0 0 0 1 0 1 0 0 0 1 1 1 1 1 1 1 1 1 0 0 0 1 1 0 1 0
 0 0 0 0 1 0 1 1 0 1 1 0 0 0 0 0 1 0 0 0 0 0 0 0 0 1 1 1 0 0 0 1 1 0 0 1 0
 1 1 1 1 1 1 1 1 1 1 0 1 0 0 1 1 0 1 1 1 1 1 1 1 1 1 1 1 1 0 1 1 1 1 1 1 1
 1 1 1 1 1 1 1 1 1 1 1 1 1 1 1 1 1 1 1 1 1 0 1 1 1 1 1 1 1 1 1 1 1 1 1 1 1
 1 1 1 1 1 1 1 1 1 1 1 1 1 1 1 1 1 1 1 1 1 1 1 1 1 1 1 1 1 1 1 1 1 1 1 1 1
 1 1 1 1 1 1 1 1 1 1 1 1 1 1 1 1 1 1 1 1 1 1 1 1 1 1 1 1 1 1 1 1 1 1 1 1 1
 1 1 1 1 1 1 1 1 1 1 1 1 1 1 1 1 1 1 1 1 1 1 1 1 1 1 1 1 1 1 1 1 1 1 1 1 1
 1 1 1 1 1 1 1 1 1 1 1 1 1 1 1 1 1 1 1 1 1 1 1 1 1 1 1 1 1 1 1 1 1 1 1 1 1
 1 1 1 0 0 0 0 0 0 0 0 0 0 0 0 0 0 0 0 0 0 0 0 0 0 0 0 0 0 0 0 0 0 0 0 0 0
 0 0 0 0 0 0 0 0 0 0 0 0 0 0 0 0 0 0 0 0 0 0 0 0 0 0 1 0 0 0 0 0 0 1 0 1 1
 0 0 0 0 0 0 0 0 0 0 0 0 0 0 0 0 0 0 0 0 0 0 0 0 0 0 0 0 0 0 0 0 0 0 0 0 0
 0 0 0 0 0 0 0 0 0 0 0 0 0 0 0 0 0 0 0 0 0 0 0 0 0 0 0 0 0 0 0 0 0 0 0 0 0
 0 0 0 0 0 0 0 0 0 0 0 0 0 0 0 0]
Confusion Matrix:
[[ 54 245]
 [157   4]]
Accuracy: 12.61%
F1 Score: 0.1445
Precision: 0.1720
Recall: 0.1261
MCC: -0.7606

============================================================
Test subject: S6, Range: [1794, 2252]
============================================================
Train: 5470 samples, Val: 966 samples, Test: 458 samples
fourier enhanced block used!
modes=32, index=[0, 1, 3, 4, 5, 6, 8, 11, 12, 13, 14, 17, 20, 22, 26, 31, 33, 34, 35, 36, 40, 41, 42, 47, 48, 53, 55, 56, 57, 58, 59, 61]
fourier enhanced block used!
modes=32, index=[0, 1, 2, 3, 4, 5, 6, 7, 8, 9, 10, 11, 12, 13, 14, 15, 16, 17, 18, 19, 20, 21, 22, 23, 24, 25, 26, 27, 28, 29, 30, 31]
 fourier enhanced cross attention used!
modes_q=32, index_q=[0, 1, 2, 3, 4, 5, 6, 7, 8, 9, 10, 11, 12, 13, 14, 15, 16, 17, 18, 19, 20, 21, 22, 23, 24, 25, 26, 27, 28, 29, 30, 31]
modes_kv=32, index_kv=[0, 1, 2, 3, 7, 8, 10, 17, 18, 19, 24, 25, 26, 28, 29, 33, 34, 35, 37, 38, 39, 40, 42, 44, 45, 48, 49, 52, 53, 54, 55, 62]
Epoch [1/100]
  Train Loss: 0.4784 | Train Acc: 80.77%
  Val Loss: 0.4534 | Val Acc: 86.85%
  Learning rate: 0.001000
  New best model! Val Loss improved to 0.4534
Epoch [2/100]
  Train Loss: 0.2288 | Train Acc: 91.99%
  Val Loss: 0.0901 | Val Acc: 96.89%
  Learning rate: 0.001000
  New best model! Val Loss improved to 0.0901
Epoch [3/100]
  Train Loss: 0.1107 | Train Acc: 96.40%
  Val Loss: 0.0923 | Val Acc: 97.41%
  Learning rate: 0.001000
  No improvement. Patience: 1/8
Epoch [4/100]
  Train Loss: 0.0662 | Train Acc: 98.10%
  Val Loss: 0.0889 | Val Acc: 98.03%
  Learning rate: 0.001000
  New best model! Val Loss improved to 0.0889
Epoch [5/100]
  Train Loss: 0.0545 | Train Acc: 98.50%
  Val Loss: 0.1972 | Val Acc: 96.48%
  Learning rate: 0.001000
  No improvement. Patience: 1/8
Epoch [6/100]
  Train Loss: 0.0437 | Train Acc: 98.54%
  Val Loss: 0.0376 | Val Acc: 98.96%
  Learning rate: 0.001000
  New best model! Val Loss improved to 0.0376
Epoch [7/100]
  Train Loss: 0.0257 | Train Acc: 99.16%
  Val Loss: 0.1085 | Val Acc: 97.72%
  Learning rate: 0.001000
  No improvement. Patience: 1/8
Epoch [8/100]
  Train Loss: 0.0379 | Train Acc: 98.90%
  Val Loss: 0.0784 | Val Acc: 98.03%
  Learning rate: 0.001000
  No improvement. Patience: 2/8
Epoch [9/100]
  Train Loss: 0.0415 | Train Acc: 98.94%
  Val Loss: 0.1066 | Val Acc: 97.62%
  Learning rate: 0.001000
  No improvement. Patience: 3/8
Epoch [10/100]
  Train Loss: 0.0270 | Train Acc: 99.20%
  Val Loss: 0.1081 | Val Acc: 98.03%
  Learning rate: 0.000500
  No improvement. Patience: 4/8
Epoch [11/100]
  Train Loss: 0.0082 | Train Acc: 99.76%
  Val Loss: 0.0304 | Val Acc: 99.07%
  Learning rate: 0.000500
  New best model! Val Loss improved to 0.0304
Epoch [12/100]
  Train Loss: 0.0043 | Train Acc: 99.82%
  Val Loss: 0.0511 | Val Acc: 99.07%
  Learning rate: 0.000500
  No improvement. Patience: 1/8
Epoch [13/100]
  Train Loss: 0.0030 | Train Acc: 99.89%
  Val Loss: 0.0542 | Val Acc: 98.86%
  Learning rate: 0.000500
  No improvement. Patience: 2/8
Epoch [14/100]
  Train Loss: 0.0004 | Train Acc: 100.00%
  Val Loss: 0.0402 | Val Acc: 98.86%
  Learning rate: 0.000500
  No improvement. Patience: 3/8
Epoch [15/100]
  Train Loss: 0.0090 | Train Acc: 99.76%
  Val Loss: 0.0327 | Val Acc: 99.17%
  Learning rate: 0.000250
  No improvement. Patience: 4/8
Epoch [16/100]
  Train Loss: 0.0017 | Train Acc: 99.95%
  Val Loss: 0.0397 | Val Acc: 99.17%
  Learning rate: 0.000250
  No improvement. Patience: 5/8
Epoch [17/100]
  Train Loss: 0.0007 | Train Acc: 99.96%
  Val Loss: 0.0741 | Val Acc: 98.65%
  Learning rate: 0.000250
  No improvement. Patience: 6/8
Epoch [18/100]
  Train Loss: 0.0002 | Train Acc: 100.00%
  Val Loss: 0.0292 | Val Acc: 99.38%
  Learning rate: 0.000250
  New best model! Val Loss improved to 0.0292
Epoch [19/100]
  Train Loss: 0.0005 | Train Acc: 99.98%
  Val Loss: 0.0235 | Val Acc: 99.38%
  Learning rate: 0.000250
  New best model! Val Loss improved to 0.0235
Epoch [20/100]
  Train Loss: 0.0004 | Train Acc: 100.00%
  Val Loss: 0.0248 | Val Acc: 99.38%
  Learning rate: 0.000250
  No improvement. Patience: 1/8
Epoch [21/100]
  Train Loss: 0.0004 | Train Acc: 99.98%
  Val Loss: 0.0235 | Val Acc: 99.28%
  Learning rate: 0.000250
  No improvement. Patience: 2/8
Epoch [22/100]
  Train Loss: 0.0003 | Train Acc: 99.98%
  Val Loss: 0.0349 | Val Acc: 99.07%
  Learning rate: 0.000250
  No improvement. Patience: 3/8
Epoch [23/100]
  Train Loss: 0.0030 | Train Acc: 99.91%
  Val Loss: 0.0521 | Val Acc: 98.76%
  Learning rate: 0.000125
  No improvement. Patience: 4/8
Epoch [24/100]
  Train Loss: 0.0009 | Train Acc: 99.96%
  Val Loss: 0.0539 | Val Acc: 99.07%
  Learning rate: 0.000125
  No improvement. Patience: 5/8
Epoch [25/100]
  Train Loss: 0.0001 | Train Acc: 100.00%
  Val Loss: 0.0451 | Val Acc: 99.07%
  Learning rate: 0.000125
  No improvement. Patience: 6/8
Epoch [26/100]
  Train Loss: 0.0003 | Train Acc: 99.98%
  Val Loss: 0.0412 | Val Acc: 98.96%
  Learning rate: 0.000125
  No improvement. Patience: 7/8
Epoch [27/100]
  Train Loss: 0.0000 | Train Acc: 100.00%
  Val Loss: 0.0338 | Val Acc: 99.17%
  Learning rate: 0.000063
  No improvement. Patience: 8/8

Early stopping triggered after 27 epochs

Subject S6 Results:
Test Labels: [0 0 0 0 0 0 0 0 0 0 0 0 0 0 0 0 0 0 0 0 0 0 0 0 0 0 0 0 0 0 0 0 0 0 0 0 0
 0 0 0 0 0 0 0 0 0 0 0 0 0 0 0 0 0 0 0 0 0 0 0 0 0 0 0 0 0 0 0 0 0 0 0 0 0
 0 0 0 0 0 0 0 0 0 0 0 0 0 0 0 0 0 0 0 0 0 0 0 0 0 0 0 0 0 0 0 0 0 0 0 0 0
 0 0 0 0 0 0 0 0 0 0 0 0 0 0 0 0 0 0 0 0 0 0 0 0 0 0 0 0 0 0 0 0 0 0 0 0 0
 0 0 0 0 0 0 0 0 0 0 0 0 0 0 0 0 0 0 0 0 0 0 0 0 0 0 0 0 0 0 0 0 0 0 0 0 0
 0 0 0 0 0 0 0 0 0 0 0 0 0 0 0 0 0 0 0 0 0 0 0 0 0 0 0 0 0 0 0 0 0 0 0 0 0
 0 0 0 0 0 0 0 0 0 0 0 0 0 0 0 0 0 0 0 0 0 0 0 0 0 0 0 0 0 0 0 0 0 0 0 0 0
 0 0 0 0 0 0 0 0 0 0 0 0 0 0 0 0 0 0 0 0 0 0 0 0 0 0 0 0 0 0 0 0 0 0 0 0 1
 1 1 1 1 1 1 1 1 1 1 1 1 1 1 1 1 1 1 1 1 1 1 1 1 1 1 1 1 1 1 1 1 1 1 1 1 1
 1 1 1 1 1 1 1 1 1 1 1 1 1 1 1 1 1 1 1 1 1 1 1 1 1 1 1 1 1 1 1 1 1 1 1 1 1
 1 1 1 1 1 1 1 1 1 1 1 1 1 1 1 1 1 1 1 1 1 1 1 1 1 1 1 1 1 1 1 1 1 1 1 1 1
 1 1 1 1 1 1 1 1 1 1 1 1 1 1 1 1 1 1 1 1 1 1 1 1 1 1 1 1 1 1 1 1 1 1 1 1 1
 1 1 1 1 1 1 1 1 1 1 1 1 1 1]
Test Pred: [0 0 0 0 0 0 0 0 0 0 0 0 0 0 0 0 0 0 0 0 0 0 0 0 0 0 0 0 0 0 0 0 0 0 0 0 0
 0 0 0 0 0 0 0 0 0 0 0 0 0 0 0 0 0 0 0 0 0 0 0 0 0 0 0 0 0 0 0 0 0 0 0 0 0
 0 0 0 0 0 0 0 0 0 0 0 0 0 0 0 0 0 0 0 0 0 0 0 0 0 0 0 0 0 0 0 0 0 0 0 0 0
 0 0 0 0 0 0 0 0 0 0 0 0 0 0 0 0 0 0 0 0 0 0 0 0 0 0 0 0 0 0 0 0 0 0 0 0 0
 0 0 0 0 0 0 0 0 0 0 0 0 0 0 0 0 0 0 0 0 0 0 0 0 0 0 0 0 0 0 1 0 1 0 0 0 0
 0 0 0 0 0 0 0 0 0 0 0 0 0 0 0 0 0 0 0 0 0 0 0 0 0 0 0 0 0 0 0 0 0 0 0 0 0
 0 0 0 0 0 0 0 0 0 0 0 0 0 0 0 0 0 0 0 0 0 0 0 0 0 0 0 0 0 0 0 0 0 0 0 0 0
 0 0 0 0 0 0 0 0 0 0 0 0 0 0 0 0 0 0 0 0 0 0 0 0 0 0 0 0 0 0 0 0 0 0 0 0 1
 1 0 1 1 1 0 0 0 0 0 0 0 0 0 0 0 0 0 1 1 0 1 1 1 0 0 1 1 1 1 1 0 0 1 1 1 1
 1 1 1 1 0 1 1 1 0 1 1 1 1 1 0 1 0 0 1 0 0 1 0 1 0 0 0 0 1 0 0 0 0 0 0 0 1
 0 0 0 0 0 0 0 0 0 0 0 0 0 0 0 0 0 0 0 0 0 0 0 0 0 0 0 0 0 0 0 0 0 0 0 0 0
 0 0 0 0 0 0 0 0 0 0 0 0 0 0 0 0 0 0 0 0 0 0 0 0 0 0 0 0 0 0 0 0 0 0 0 0 0
 0 0 0 0 0 0 0 0 0 0 0 0 0 0]
Confusion Matrix:
[[293   2]
 [126  37]]
Accuracy: 72.05%
F1 Score: 0.6590
Precision: 0.7881
Recall: 0.7205
MCC: 0.3778

============================================================
Test subject: S7, Range: [2252, 2709]
============================================================
Train: 5471 samples, Val: 966 samples, Test: 457 samples
fourier enhanced block used!
modes=32, index=[1, 2, 4, 7, 8, 11, 13, 16, 18, 23, 24, 25, 27, 30, 31, 34, 35, 36, 39, 41, 43, 44, 45, 48, 50, 53, 54, 55, 57, 58, 59, 62]
fourier enhanced block used!
modes=32, index=[0, 1, 2, 3, 4, 5, 6, 7, 8, 9, 10, 11, 12, 13, 14, 15, 16, 17, 18, 19, 20, 21, 22, 23, 24, 25, 26, 27, 28, 29, 30, 31]
 fourier enhanced cross attention used!
modes_q=32, index_q=[0, 1, 2, 3, 4, 5, 6, 7, 8, 9, 10, 11, 12, 13, 14, 15, 16, 17, 18, 19, 20, 21, 22, 23, 24, 25, 26, 27, 28, 29, 30, 31]
modes_kv=32, index_kv=[1, 2, 4, 5, 6, 9, 12, 13, 14, 16, 20, 21, 26, 28, 29, 32, 33, 34, 38, 40, 43, 45, 46, 49, 50, 51, 52, 57, 58, 59, 60, 62]
Epoch [1/100]
  Train Loss: 0.5051 | Train Acc: 79.24%
  Val Loss: 0.4249 | Val Acc: 85.30%
  Learning rate: 0.001000
  New best model! Val Loss improved to 0.4249
Epoch [2/100]
  Train Loss: 0.3744 | Train Acc: 85.74%
  Val Loss: 0.7921 | Val Acc: 81.16%
  Learning rate: 0.001000
  No improvement. Patience: 1/8
Epoch [3/100]
  Train Loss: 0.3714 | Train Acc: 87.17%
  Val Loss: 0.5914 | Val Acc: 82.92%
  Learning rate: 0.001000
  No improvement. Patience: 2/8
Epoch [4/100]
  Train Loss: 0.3068 | Train Acc: 89.23%
  Val Loss: 0.6216 | Val Acc: 85.20%
  Learning rate: 0.001000
  No improvement. Patience: 3/8
Epoch [5/100]
  Train Loss: 0.2625 | Train Acc: 90.90%
  Val Loss: 0.5791 | Val Acc: 84.06%
  Learning rate: 0.000500
  No improvement. Patience: 4/8
Epoch [6/100]
  Train Loss: 0.1615 | Train Acc: 94.22%
  Val Loss: 0.5726 | Val Acc: 86.65%
  Learning rate: 0.000500
  No improvement. Patience: 5/8
Epoch [7/100]
  Train Loss: 0.1288 | Train Acc: 95.19%
  Val Loss: 0.5801 | Val Acc: 86.02%
  Learning rate: 0.000500
  No improvement. Patience: 6/8
Epoch [8/100]
  Train Loss: 0.0967 | Train Acc: 95.96%
  Val Loss: 0.7188 | Val Acc: 83.33%
  Learning rate: 0.000500
  No improvement. Patience: 7/8
Epoch [9/100]
  Train Loss: 0.0833 | Train Acc: 96.97%
  Val Loss: 0.6441 | Val Acc: 85.92%
  Learning rate: 0.000250
  No improvement. Patience: 8/8

Early stopping triggered after 9 epochs

Subject S7 Results:
Test Labels: [0 0 0 0 0 0 0 0 0 0 0 0 0 0 0 0 0 0 0 0 0 0 0 0 0 0 0 0 0 0 0 0 0 0 0 0 0
 0 0 0 0 0 0 0 0 0 0 0 0 0 0 0 0 0 0 0 0 0 0 0 0 0 0 0 0 0 0 0 0 0 0 0 0 0
 0 0 0 0 0 0 0 0 0 0 0 0 0 0 0 0 0 0 0 0 0 0 0 0 0 0 0 0 0 0 0 0 0 0 0 0 0
 0 0 0 0 0 0 0 0 0 0 0 0 0 0 0 0 0 0 0 0 0 0 0 0 0 0 0 0 0 0 0 0 0 0 0 0 0
 0 0 0 0 0 0 0 0 0 0 0 0 0 0 0 0 0 0 0 0 0 0 0 0 0 0 0 0 0 0 0 0 0 0 0 0 0
 0 0 0 0 0 0 0 0 0 0 0 0 0 0 0 0 0 0 0 0 0 0 0 0 0 0 0 0 0 0 0 0 0 0 0 0 0
 0 0 0 0 0 0 0 0 0 0 0 0 0 0 0 0 0 0 0 0 0 0 0 0 0 0 0 0 0 0 0 0 0 0 0 0 0
 0 0 0 0 0 0 0 0 0 0 0 0 0 0 0 0 0 0 0 0 0 0 0 0 0 0 0 0 0 0 0 0 0 0 0 0 0
 0 1 1 1 1 1 1 1 1 1 1 1 1 1 1 1 1 1 1 1 1 1 1 1 1 1 1 1 1 1 1 1 1 1 1 1 1
 1 1 1 1 1 1 1 1 1 1 1 1 1 1 1 1 1 1 1 1 1 1 1 1 1 1 1 1 1 1 1 1 1 1 1 1 1
 1 1 1 1 1 1 1 1 1 1 1 1 1 1 1 1 1 1 1 1 1 1 1 1 1 1 1 1 1 1 1 1 1 1 1 1 1
 1 1 1 1 1 1 1 1 1 1 1 1 1 1 1 1 1 1 1 1 1 1 1 1 1 1 1 1 1 1 1 1 1 1 1 1 1
 1 1 1 1 1 1 1 1 1 1 1 1 1]
Test Pred: [0 1 0 1 1 0 0 0 1 0 0 0 0 1 0 1 1 1 1 0 0 0 0 0 0 0 0 0 0 0 0 0 0 0 0 0 0
 0 0 0 0 0 0 0 0 0 0 0 0 0 0 0 0 0 0 0 0 0 0 0 0 1 0 0 0 0 0 0 0 1 0 0 0 0
 0 0 0 1 1 0 0 0 0 1 0 1 1 0 0 0 0 0 0 0 0 0 0 0 1 1 1 0 0 1 0 1 0 0 1 0 0
 1 1 1 0 0 0 0 0 0 0 0 0 0 0 0 0 1 0 0 1 1 0 1 1 1 1 1 0 0 0 1 0 0 0 1 1 1
 1 0 0 0 1 0 0 0 1 1 0 0 0 0 0 1 0 0 0 0 0 1 0 0 0 0 0 0 0 0 1 0 0 0 1 1 0
 0 0 0 0 0 0 0 0 0 0 0 0 0 0 0 1 1 1 0 0 0 0 0 0 1 0 0 0 0 1 0 0 0 0 0 1 0
 0 0 1 0 0 0 1 0 0 0 0 0 1 0 0 0 0 0 1 0 0 0 0 0 0 0 0 0 0 0 0 0 0 0 1 1 0
 0 0 0 0 0 0 0 0 0 0 0 0 0 0 0 0 0 0 0 0 0 1 1 0 0 0 0 0 0 0 0 0 0 0 0 0 0
 1 1 1 1 1 1 1 1 1 1 1 1 1 1 1 1 1 1 1 1 1 1 1 1 1 1 1 1 1 1 1 1 1 1 1 1 1
 1 1 1 1 1 1 1 1 1 1 1 1 1 1 1 1 1 1 1 1 1 1 1 1 1 1 1 1 1 1 1 1 1 1 1 1 1
 1 1 1 1 1 1 1 1 1 1 1 1 1 1 1 1 1 1 1 1 1 1 1 1 1 1 1 1 1 1 1 1 1 1 1 1 1
 1 1 1 1 1 1 1 1 1 1 1 1 1 1 1 1 1 1 1 1 1 1 1 1 1 1 1 1 1 1 1 1 1 1 1 1 1
 1 1 1 1 1 1 1 1 1 1 1 1 1]
Confusion Matrix:
[[236  61]
 [  0 160]]
Accuracy: 86.65%
F1 Score: 0.8696
Precision: 0.9034
Recall: 0.8665
MCC: 0.7585

============================================================
Test subject: S8, Range: [2709, 3169]
============================================================
Train: 5468 samples, Val: 966 samples, Test: 460 samples
fourier enhanced block used!
modes=32, index=[3, 4, 5, 7, 9, 10, 11, 13, 15, 16, 17, 20, 24, 30, 32, 33, 34, 35, 40, 42, 43, 44, 45, 46, 50, 52, 55, 57, 60, 61, 62, 63]
fourier enhanced block used!
modes=32, index=[0, 1, 2, 3, 4, 5, 6, 7, 8, 9, 10, 11, 12, 13, 14, 15, 16, 17, 18, 19, 20, 21, 22, 23, 24, 25, 26, 27, 28, 29, 30, 31]
 fourier enhanced cross attention used!
modes_q=32, index_q=[0, 1, 2, 3, 4, 5, 6, 7, 8, 9, 10, 11, 12, 13, 14, 15, 16, 17, 18, 19, 20, 21, 22, 23, 24, 25, 26, 27, 28, 29, 30, 31]
modes_kv=32, index_kv=[0, 3, 5, 7, 8, 10, 12, 14, 15, 17, 18, 20, 21, 24, 25, 27, 29, 30, 31, 34, 37, 39, 44, 47, 50, 51, 52, 53, 57, 58, 60, 63]
Epoch [1/100]
  Train Loss: 0.5344 | Train Acc: 78.79%
  Val Loss: 0.4920 | Val Acc: 84.27%
  Learning rate: 0.001000
  New best model! Val Loss improved to 0.4920
Epoch [2/100]
  Train Loss: 0.4454 | Train Acc: 83.71%
  Val Loss: 0.5466 | Val Acc: 81.06%
  Learning rate: 0.001000
  No improvement. Patience: 1/8
Epoch [3/100]
  Train Loss: 0.3849 | Train Acc: 86.61%
  Val Loss: 0.4378 | Val Acc: 86.23%
  Learning rate: 0.001000
  New best model! Val Loss improved to 0.4378
Epoch [4/100]
  Train Loss: 0.3325 | Train Acc: 88.51%
  Val Loss: 0.7144 | Val Acc: 80.23%
  Learning rate: 0.001000
  No improvement. Patience: 1/8
Epoch [5/100]
  Train Loss: 0.2976 | Train Acc: 89.80%
  Val Loss: 0.5334 | Val Acc: 84.89%
  Learning rate: 0.001000
  No improvement. Patience: 2/8
Epoch [6/100]
  Train Loss: 0.2486 | Train Acc: 91.77%
  Val Loss: 0.6297 | Val Acc: 86.13%
  Learning rate: 0.001000
  No improvement. Patience: 3/8
Epoch [7/100]
  Train Loss: 0.2010 | Train Acc: 93.47%
  Val Loss: 0.7160 | Val Acc: 83.75%
  Learning rate: 0.000500
  No improvement. Patience: 4/8
Epoch [8/100]
  Train Loss: 0.1391 | Train Acc: 94.92%
  Val Loss: 1.0355 | Val Acc: 79.81%
  Learning rate: 0.000500
  No improvement. Patience: 5/8
Epoch [9/100]
  Train Loss: 0.0973 | Train Acc: 96.62%
  Val Loss: 1.0970 | Val Acc: 80.64%
  Learning rate: 0.000500
  No improvement. Patience: 6/8
Epoch [10/100]
  Train Loss: 0.0836 | Train Acc: 96.80%
  Val Loss: 1.3214 | Val Acc: 77.74%
  Learning rate: 0.000500
  No improvement. Patience: 7/8
Epoch [11/100]
  Train Loss: 0.0635 | Train Acc: 97.59%
  Val Loss: 1.8680 | Val Acc: 73.71%
  Learning rate: 0.000250
  No improvement. Patience: 8/8

Early stopping triggered after 11 epochs

Subject S8 Results:
Test Labels: [0 0 0 0 0 0 0 0 0 0 0 0 0 0 0 0 0 0 0 0 0 0 0 0 0 0 0 0 0 0 0 0 0 0 0 0 0
 0 0 0 0 0 0 0 0 0 0 0 0 0 0 0 0 0 0 0 0 0 0 0 0 0 0 0 0 0 0 0 0 0 0 0 0 0
 0 0 0 0 0 0 0 0 0 0 0 0 0 0 0 0 0 0 0 0 0 0 0 0 0 0 0 0 0 0 0 0 0 0 0 0 0
 0 0 0 0 0 0 0 0 0 0 0 0 0 0 0 0 0 0 0 0 0 0 0 0 0 0 0 0 0 0 0 0 0 0 0 0 0
 0 0 0 0 0 0 0 0 0 0 0 0 0 0 0 0 0 0 0 0 0 0 0 0 0 0 0 0 0 0 0 0 0 0 0 0 0
 0 0 0 0 0 0 0 0 0 0 0 0 0 0 0 0 0 0 0 0 0 0 0 0 0 0 0 0 0 0 0 0 0 0 0 0 0
 0 0 0 0 0 0 0 0 0 0 0 0 0 0 0 0 0 0 0 0 0 0 0 0 0 0 0 0 0 0 0 0 0 0 0 0 0
 0 0 0 0 0 0 0 0 0 0 0 0 0 0 0 0 0 0 0 0 0 0 0 0 0 0 0 0 0 0 0 0 0 1 1 1 1
 1 1 1 1 1 1 1 1 1 1 1 1 1 1 1 1 1 1 1 1 1 1 1 1 1 1 1 1 1 1 1 1 1 1 1 1 1
 1 1 1 1 1 1 1 1 1 1 1 1 1 1 1 1 1 1 1 1 1 1 1 1 1 1 1 1 1 1 1 1 1 1 1 1 1
 1 1 1 1 1 1 1 1 1 1 1 1 1 1 1 1 1 1 1 1 1 1 1 1 1 1 1 1 1 1 1 1 1 1 1 1 1
 1 1 1 1 1 1 1 1 1 1 1 1 1 1 1 1 1 1 1 1 1 1 1 1 1 1 1 1 1 1 1 1 1 1 1 1 1
 1 1 1 1 1 1 1 1 1 1 1 1 1 1 1 1]
Test Pred: [1 1 1 0 0 0 1 0 0 0 1 0 0 1 0 1 0 1 0 1 1 0 1 1 1 1 1 0 0 0 0 0 0 0 0 1 0
 0 1 0 0 1 1 1 0 1 1 0 1 1 1 0 1 0 0 1 0 1 1 1 1 1 1 1 1 1 1 1 1 1 1 0 0 0
 0 0 1 0 1 0 1 0 1 1 0 1 0 0 1 1 1 1 1 1 0 0 0 0 1 1 0 1 0 1 1 1 1 1 1 0 1
 1 1 1 1 1 1 1 1 1 1 1 1 1 0 0 0 0 0 1 1 1 1 1 1 1 0 0 0 0 0 1 0 0 0 0 0 0
 0 1 0 1 1 1 0 0 1 1 1 1 1 0 0 0 0 1 0 1 1 1 0 0 1 1 1 1 1 1 0 1 0 1 1 1 1
 1 1 1 1 1 1 1 1 1 1 1 1 1 1 1 1 1 1 1 1 0 1 1 1 1 1 1 1 1 1 0 1 1 1 1 1 1
 1 0 0 0 1 0 1 1 0 1 1 1 1 1 1 0 1 1 1 1 1 0 1 1 1 1 1 1 0 1 1 1 0 1 0 1 1
 1 1 1 0 1 1 1 1 0 1 1 1 1 1 1 1 1 1 0 1 1 1 1 1 1 1 0 1 0 1 1 0 0 1 1 1 1
 1 1 1 1 1 1 1 1 1 1 1 1 1 1 1 1 1 1 1 1 1 1 1 1 1 1 1 1 1 1 1 1 0 0 1 1 1
 1 1 1 1 1 1 1 1 1 1 1 1 1 1 1 1 1 1 1 1 1 1 1 1 1 1 1 1 1 1 1 1 1 1 1 1 1
 1 1 1 1 1 1 1 1 1 1 1 1 1 1 1 1 1 1 1 1 1 1 1 1 1 1 1 1 1 1 1 1 1 1 1 1 1
 1 1 1 1 1 1 1 1 1 1 1 1 1 1 1 1 1 1 1 1 1 1 1 1 1 1 1 1 1 1 1 1 1 1 1 1 1
 1 1 1 1 1 1 1 1 1 1 1 1 1 1 1 1]
Confusion Matrix:
[[ 96 196]
 [  2 166]]
Accuracy: 56.96%
F1 Score: 0.5413
Precision: 0.7893
Recall: 0.5696
MCC: 0.3726

============================================================
Test subject: S9, Range: [3169, 3625]
============================================================
Train: 5472 samples, Val: 966 samples, Test: 456 samples
fourier enhanced block used!
modes=32, index=[0, 1, 5, 8, 10, 11, 15, 19, 21, 23, 24, 26, 33, 35, 36, 39, 40, 41, 42, 44, 45, 46, 48, 50, 52, 55, 56, 57, 58, 60, 61, 63]
fourier enhanced block used!
modes=32, index=[0, 1, 2, 3, 4, 5, 6, 7, 8, 9, 10, 11, 12, 13, 14, 15, 16, 17, 18, 19, 20, 21, 22, 23, 24, 25, 26, 27, 28, 29, 30, 31]
 fourier enhanced cross attention used!
modes_q=32, index_q=[0, 1, 2, 3, 4, 5, 6, 7, 8, 9, 10, 11, 12, 13, 14, 15, 16, 17, 18, 19, 20, 21, 22, 23, 24, 25, 26, 27, 28, 29, 30, 31]
modes_kv=32, index_kv=[0, 1, 2, 4, 5, 9, 12, 13, 16, 18, 21, 22, 24, 27, 30, 35, 37, 38, 40, 42, 43, 44, 45, 46, 47, 51, 54, 55, 56, 58, 62, 63]
Epoch [1/100]
  Train Loss: 0.5013 | Train Acc: 81.20%
  Val Loss: 0.3308 | Val Acc: 90.17%
  Learning rate: 0.001000
  New best model! Val Loss improved to 0.3308
Epoch [2/100]
  Train Loss: 0.2007 | Train Acc: 92.62%
  Val Loss: 0.0897 | Val Acc: 96.38%
  Learning rate: 0.001000
  New best model! Val Loss improved to 0.0897
Epoch [3/100]
  Train Loss: 0.1221 | Train Acc: 96.02%
  Val Loss: 0.1331 | Val Acc: 95.86%
  Learning rate: 0.001000
  No improvement. Patience: 1/8
Epoch [4/100]
  Train Loss: 0.0596 | Train Acc: 98.23%
  Val Loss: 0.0376 | Val Acc: 98.65%
  Learning rate: 0.001000
  New best model! Val Loss improved to 0.0376
Epoch [5/100]
  Train Loss: 0.0549 | Train Acc: 98.46%
  Val Loss: 0.0586 | Val Acc: 98.65%
  Learning rate: 0.001000
  No improvement. Patience: 1/8
Epoch [6/100]
  Train Loss: 0.0414 | Train Acc: 98.70%
  Val Loss: 0.0870 | Val Acc: 97.72%
  Learning rate: 0.001000
  No improvement. Patience: 2/8
Epoch [7/100]
  Train Loss: 0.0267 | Train Acc: 99.09%
  Val Loss: 0.0334 | Val Acc: 98.86%
  Learning rate: 0.001000
  New best model! Val Loss improved to 0.0334
Epoch [8/100]
  Train Loss: 0.0264 | Train Acc: 99.14%
  Val Loss: 0.0202 | Val Acc: 99.38%
  Learning rate: 0.001000
  New best model! Val Loss improved to 0.0202
Epoch [9/100]
  Train Loss: 0.0236 | Train Acc: 99.25%
  Val Loss: 0.1667 | Val Acc: 96.89%
  Learning rate: 0.001000
  No improvement. Patience: 1/8
Epoch [10/100]
  Train Loss: 0.0316 | Train Acc: 99.09%
  Val Loss: 0.0359 | Val Acc: 98.86%
  Learning rate: 0.001000
  No improvement. Patience: 2/8
Epoch [11/100]
  Train Loss: 0.0222 | Train Acc: 99.42%
  Val Loss: 0.1686 | Val Acc: 96.79%
  Learning rate: 0.001000
  No improvement. Patience: 3/8
Epoch [12/100]
  Train Loss: 0.0246 | Train Acc: 99.38%
  Val Loss: 0.0454 | Val Acc: 99.07%
  Learning rate: 0.000500
  No improvement. Patience: 4/8
Epoch [13/100]
  Train Loss: 0.0043 | Train Acc: 99.84%
  Val Loss: 0.0494 | Val Acc: 99.17%
  Learning rate: 0.000500
  No improvement. Patience: 5/8
Epoch [14/100]
  Train Loss: 0.0010 | Train Acc: 99.96%
  Val Loss: 0.0314 | Val Acc: 99.59%
  Learning rate: 0.000500
  No improvement. Patience: 6/8
Epoch [15/100]
  Train Loss: 0.0037 | Train Acc: 99.89%
  Val Loss: 0.0122 | Val Acc: 99.79%
  Learning rate: 0.000500
  New best model! Val Loss improved to 0.0122
Epoch [16/100]
  Train Loss: 0.0026 | Train Acc: 99.91%
  Val Loss: 0.0537 | Val Acc: 98.96%
  Learning rate: 0.000500
  No improvement. Patience: 1/8
Epoch [17/100]
  Train Loss: 0.0018 | Train Acc: 99.95%
  Val Loss: 0.0376 | Val Acc: 99.28%
  Learning rate: 0.000500
  No improvement. Patience: 2/8
Epoch [18/100]
  Train Loss: 0.0041 | Train Acc: 99.84%
  Val Loss: 0.0386 | Val Acc: 99.59%
  Learning rate: 0.000500
  No improvement. Patience: 3/8
Epoch [19/100]
  Train Loss: 0.0044 | Train Acc: 99.85%
  Val Loss: 0.0331 | Val Acc: 99.38%
  Learning rate: 0.000250
  No improvement. Patience: 4/8
Epoch [20/100]
  Train Loss: 0.0010 | Train Acc: 99.98%
  Val Loss: 0.0274 | Val Acc: 99.48%
  Learning rate: 0.000250
  No improvement. Patience: 5/8
Epoch [21/100]
  Train Loss: 0.0007 | Train Acc: 99.96%
  Val Loss: 0.0337 | Val Acc: 99.48%
  Learning rate: 0.000250
  No improvement. Patience: 6/8
Epoch [22/100]
  Train Loss: 0.0011 | Train Acc: 99.98%
  Val Loss: 0.0308 | Val Acc: 99.28%
  Learning rate: 0.000250
  No improvement. Patience: 7/8
Epoch [23/100]
  Train Loss: 0.0004 | Train Acc: 99.98%
  Val Loss: 0.0510 | Val Acc: 98.96%
  Learning rate: 0.000125
  No improvement. Patience: 8/8

Early stopping triggered after 23 epochs

Subject S9 Results:
Test Labels: [0 0 0 0 0 0 0 0 0 0 0 0 0 0 0 0 0 0 0 0 0 0 0 0 0 0 0 0 0 0 0 0 0 0 0 0 0
 0 0 0 0 0 0 0 0 0 0 0 0 0 0 0 0 0 0 0 0 0 0 0 0 0 0 0 0 0 0 0 0 0 0 0 0 0
 0 0 0 0 0 0 0 0 0 0 0 0 0 0 0 0 0 0 0 0 0 0 0 0 0 0 0 0 0 0 0 0 0 0 0 0 0
 0 0 0 0 0 0 0 0 0 0 0 0 0 0 0 0 0 0 0 0 0 0 0 0 0 0 0 0 0 0 0 0 0 0 0 0 0
 0 0 0 0 0 0 0 0 0 0 0 0 0 0 0 0 0 0 0 0 0 0 0 0 0 0 0 0 0 0 0 0 0 0 0 0 0
 0 0 0 0 0 0 0 0 0 0 0 0 0 0 0 0 0 0 0 0 0 0 0 0 0 0 0 0 0 0 0 0 0 0 0 0 0
 0 0 0 0 0 0 0 0 0 0 0 0 0 0 0 0 0 0 0 0 0 0 0 0 0 0 0 0 0 0 0 0 0 0 0 0 0
 0 0 0 0 0 0 0 0 0 0 0 0 0 0 0 0 0 0 0 0 0 0 0 0 0 0 0 0 0 0 0 0 0 0 0 0 1
 1 1 1 1 1 1 1 1 1 1 1 1 1 1 1 1 1 1 1 1 1 1 1 1 1 1 1 1 1 1 1 1 1 1 1 1 1
 1 1 1 1 1 1 1 1 1 1 1 1 1 1 1 1 1 1 1 1 1 1 1 1 1 1 1 1 1 1 1 1 1 1 1 1 1
 1 1 1 1 1 1 1 1 1 1 1 1 1 1 1 1 1 1 1 1 1 1 1 1 1 1 1 1 1 1 1 1 1 1 1 1 1
 1 1 1 1 1 1 1 1 1 1 1 1 1 1 1 1 1 1 1 1 1 1 1 1 1 1 1 1 1 1 1 1 1 1 1 1 1
 1 1 1 1 1 1 1 1 1 1 1 1]
Test Pred: [0 0 0 0 0 0 0 0 0 0 0 0 0 0 0 0 0 0 0 0 0 0 0 0 0 0 0 0 0 0 0 0 0 0 0 0 0
 0 0 0 0 0 0 0 0 0 0 0 0 0 0 0 0 0 0 0 0 0 0 0 0 0 0 0 0 0 0 0 0 0 0 0 0 0
 0 0 0 0 0 0 0 0 0 0 0 0 0 0 0 0 0 0 0 0 0 0 0 0 0 0 0 0 0 0 0 0 0 0 0 0 0
 0 0 0 0 0 0 0 0 0 0 0 0 0 0 0 0 0 0 0 0 0 0 0 0 0 0 0 0 0 0 0 0 0 0 0 0 0
 0 0 0 0 0 0 0 0 0 0 0 0 0 0 0 0 0 0 0 0 0 0 0 0 0 0 0 0 0 0 0 0 0 0 0 0 0
 0 0 0 0 0 0 0 0 0 0 0 0 0 1 0 0 1 1 0 0 1 0 0 0 0 0 0 0 0 0 0 0 0 1 0 0 0
 0 0 0 0 0 0 0 0 0 0 0 0 0 0 0 0 0 0 0 0 0 0 0 0 0 0 0 0 0 0 0 0 0 0 0 0 0
 0 0 0 0 0 0 1 0 0 0 1 0 0 0 0 0 0 0 0 0 0 1 0 0 1 0 1 0 1 1 1 0 0 0 0 0 1
 1 1 1 1 0 1 0 0 1 1 1 1 1 1 1 1 0 1 1 1 1 1 1 1 1 1 0 1 1 1 1 1 0 1 1 1 1
 1 1 1 0 1 1 0 0 0 0 0 1 1 1 0 0 1 0 1 0 1 0 1 0 0 0 0 0 1 1 1 1 1 0 1 0 0
 0 0 0 0 0 1 1 0 0 1 1 1 0 0 0 1 0 0 0 0 0 0 0 0 0 0 0 0 0 0 0 0 0 0 0 0 0
 0 0 0 0 0 0 0 0 0 0 0 0 0 0 0 0 0 0 0 0 0 0 0 0 0 0 0 0 0 0 0 0 0 0 0 0 0
 0 1 0 0 0 0 0 0 0 0 0 0]
Confusion Matrix:
[[282  13]
 [104  57]]
Accuracy: 74.34%
F1 Score: 0.7100
Precision: 0.7601
Recall: 0.7434
MCC: 0.4110

============================================================
Test subject: S10, Range: [3625, 4101]
============================================================
Train: 5455 samples, Val: 963 samples, Test: 476 samples
fourier enhanced block used!
modes=32, index=[0, 1, 2, 4, 7, 8, 10, 11, 13, 19, 23, 24, 25, 32, 34, 37, 38, 39, 40, 41, 42, 44, 46, 47, 48, 50, 51, 52, 53, 61, 62, 63]
fourier enhanced block used!
modes=32, index=[0, 1, 2, 3, 4, 5, 6, 7, 8, 9, 10, 11, 12, 13, 14, 15, 16, 17, 18, 19, 20, 21, 22, 23, 24, 25, 26, 27, 28, 29, 30, 31]
 fourier enhanced cross attention used!
modes_q=32, index_q=[0, 1, 2, 3, 4, 5, 6, 7, 8, 9, 10, 11, 12, 13, 14, 15, 16, 17, 18, 19, 20, 21, 22, 23, 24, 25, 26, 27, 28, 29, 30, 31]
modes_kv=32, index_kv=[0, 4, 8, 9, 10, 11, 17, 18, 19, 22, 23, 25, 26, 28, 30, 33, 34, 36, 39, 40, 41, 43, 44, 46, 48, 50, 52, 55, 56, 59, 60, 62]
Epoch [1/100]
  Train Loss: 0.5188 | Train Acc: 79.91%
  Val Loss: 0.3723 | Val Acc: 86.50%
  Learning rate: 0.001000
  New best model! Val Loss improved to 0.3723
Epoch [2/100]
  Train Loss: 0.2298 | Train Acc: 91.66%
  Val Loss: 0.1187 | Val Acc: 96.05%
  Learning rate: 0.001000
  New best model! Val Loss improved to 0.1187
Epoch [3/100]
  Train Loss: 0.1322 | Train Acc: 96.00%
  Val Loss: 0.0535 | Val Acc: 98.03%
  Learning rate: 0.001000
  New best model! Val Loss improved to 0.0535
Epoch [4/100]
  Train Loss: 0.0623 | Train Acc: 98.30%
  Val Loss: 0.0446 | Val Acc: 98.75%
  Learning rate: 0.001000
  New best model! Val Loss improved to 0.0446
Epoch [5/100]
  Train Loss: 0.0545 | Train Acc: 98.37%
  Val Loss: 0.0562 | Val Acc: 98.65%
  Learning rate: 0.001000
  No improvement. Patience: 1/8
Epoch [6/100]
  Train Loss: 0.0438 | Train Acc: 98.68%
  Val Loss: 0.0862 | Val Acc: 98.23%
  Learning rate: 0.001000
  No improvement. Patience: 2/8
Epoch [7/100]
  Train Loss: 0.0356 | Train Acc: 98.85%
  Val Loss: 0.0740 | Val Acc: 98.75%
  Learning rate: 0.001000
  No improvement. Patience: 3/8
Epoch [8/100]
  Train Loss: 0.0214 | Train Acc: 99.40%
  Val Loss: 0.0621 | Val Acc: 98.55%
  Learning rate: 0.000500
  No improvement. Patience: 4/8
Epoch [9/100]
  Train Loss: 0.0099 | Train Acc: 99.60%
  Val Loss: 0.0434 | Val Acc: 99.07%
  Learning rate: 0.000500
  New best model! Val Loss improved to 0.0434
Epoch [10/100]
  Train Loss: 0.0042 | Train Acc: 99.87%
  Val Loss: 0.0410 | Val Acc: 99.27%
  Learning rate: 0.000500
  New best model! Val Loss improved to 0.0410
Epoch [11/100]
  Train Loss: 0.0057 | Train Acc: 99.82%
  Val Loss: 0.0286 | Val Acc: 99.38%
  Learning rate: 0.000500
  New best model! Val Loss improved to 0.0286
Epoch [12/100]
  Train Loss: 0.0052 | Train Acc: 99.76%
  Val Loss: 0.1088 | Val Acc: 98.03%
  Learning rate: 0.000500
  No improvement. Patience: 1/8
Epoch [13/100]
  Train Loss: 0.0027 | Train Acc: 99.89%
  Val Loss: 0.0632 | Val Acc: 98.55%
  Learning rate: 0.000500
  No improvement. Patience: 2/8
Epoch [14/100]
  Train Loss: 0.0058 | Train Acc: 99.76%
  Val Loss: 0.0472 | Val Acc: 99.38%
  Learning rate: 0.000500
  No improvement. Patience: 3/8
Epoch [15/100]
  Train Loss: 0.0033 | Train Acc: 99.91%
  Val Loss: 0.0296 | Val Acc: 99.38%
  Learning rate: 0.000250
  No improvement. Patience: 4/8
Epoch [16/100]
  Train Loss: 0.0018 | Train Acc: 99.95%
  Val Loss: 0.0486 | Val Acc: 99.38%
  Learning rate: 0.000250
  No improvement. Patience: 5/8
Epoch [17/100]
  Train Loss: 0.0006 | Train Acc: 99.98%
  Val Loss: 0.0347 | Val Acc: 99.48%
  Learning rate: 0.000250
  No improvement. Patience: 6/8
Epoch [18/100]
  Train Loss: 0.0000 | Train Acc: 100.00%
  Val Loss: 0.0348 | Val Acc: 99.48%
  Learning rate: 0.000250
  No improvement. Patience: 7/8
Epoch [19/100]
  Train Loss: 0.0004 | Train Acc: 99.98%
  Val Loss: 0.0422 | Val Acc: 99.27%
  Learning rate: 0.000125
  No improvement. Patience: 8/8

Early stopping triggered after 19 epochs

Subject S10 Results:
Test Labels: [0 0 0 0 0 0 0 0 0 0 0 0 0 0 0 0 0 0 0 0 0 0 0 0 0 0 0 0 0 0 0 0 0 0 0 0 0
 0 0 0 0 0 0 0 0 0 0 0 0 0 0 0 0 0 0 0 0 0 0 0 0 0 0 0 0 0 0 0 0 0 0 0 0 0
 0 0 0 0 0 0 0 0 0 0 0 0 0 0 0 0 0 0 0 0 0 0 0 0 0 0 0 0 0 0 0 0 0 0 0 0 0
 0 0 0 0 0 0 0 0 0 0 0 0 0 0 0 0 0 0 0 0 0 0 0 0 0 0 0 0 0 0 0 0 0 0 0 0 0
 0 0 0 0 0 0 0 0 0 0 0 0 0 0 0 0 0 0 0 0 0 0 0 0 0 0 0 0 0 0 0 0 0 0 0 0 0
 0 0 0 0 0 0 0 0 0 0 0 0 0 0 0 0 0 0 0 0 0 0 0 0 0 0 0 0 0 0 0 0 0 0 0 0 0
 0 0 0 0 0 0 0 0 0 0 0 0 0 0 0 0 0 0 0 0 0 0 0 0 0 0 0 0 0 0 0 0 0 0 0 0 0
 0 0 0 0 0 0 0 0 0 0 0 0 0 0 0 0 0 0 0 0 0 0 0 0 0 0 0 0 0 0 0 0 0 0 0 0 1
 1 1 1 1 1 1 1 1 1 1 1 1 1 1 1 1 1 1 1 1 1 1 1 1 1 1 1 1 1 1 1 1 1 1 1 1 1
 1 1 1 1 1 1 1 1 1 1 1 1 1 1 1 1 1 1 1 1 1 1 1 1 1 1 1 1 1 1 1 1 1 1 1 1 1
 1 1 1 1 1 1 1 1 1 1 1 1 1 1 1 1 1 1 1 1 1 1 1 1 1 1 1 1 1 1 1 1 1 1 1 1 1
 1 1 1 1 1 1 1 1 1 1 1 1 1 1 1 1 1 1 1 1 1 1 1 1 1 1 1 1 1 1 1 1 1 1 1 1 1
 1 1 1 1 1 1 1 1 1 1 1 1 1 1 1 1 1 1 1 1 1 1 1 1 1 1 1 1 1 1 1 1]
Test Pred: [0 0 0 0 0 0 0 0 0 0 0 0 0 0 0 0 0 0 0 0 0 0 0 0 0 0 0 0 0 0 0 0 0 0 0 0 0
 0 0 0 0 0 0 0 0 0 0 0 0 0 0 0 0 0 0 0 0 0 0 0 0 0 0 0 0 0 0 0 0 0 0 0 0 0
 0 0 0 0 0 0 0 0 0 0 0 0 0 0 0 0 0 0 0 0 0 0 0 0 0 0 0 0 0 0 0 0 0 0 0 0 0
 0 0 0 0 0 0 0 0 0 0 0 0 0 0 0 0 0 0 0 0 0 0 0 0 0 0 0 0 0 0 0 0 0 0 0 0 0
 0 0 0 0 0 0 0 0 0 0 0 0 0 0 0 0 0 0 0 0 0 0 0 0 0 0 0 0 0 0 0 0 0 0 0 0 0
 0 0 0 0 0 0 0 0 0 0 0 0 0 0 0 0 0 0 0 0 0 0 0 0 0 0 0 0 0 0 0 0 0 0 0 0 0
 0 0 0 0 0 0 0 0 0 0 0 0 0 0 0 0 0 0 0 0 0 0 0 0 0 0 0 0 0 0 0 0 0 0 0 0 0
 0 1 0 0 0 0 0 0 0 0 0 0 0 0 0 0 0 0 0 0 0 0 0 0 0 0 0 0 0 0 0 0 0 0 0 0 1
 0 0 0 0 0 0 0 0 0 0 0 0 0 0 0 0 0 0 0 0 0 1 0 0 0 1 0 0 0 0 1 0 0 0 1 1 1
 1 1 1 1 1 1 1 1 1 0 0 0 0 0 0 0 0 0 1 0 0 1 1 0 1 1 0 1 1 1 0 1 1 0 0 0 0
 0 0 0 1 0 0 1 0 1 1 1 1 0 0 0 0 0 0 0 0 0 0 0 1 1 0 0 1 0 1 0 0 0 0 0 0 1
 0 1 1 0 0 0 0 0 0 1 0 1 0 0 0 0 1 0 0 0 0 0 1 0 0 0 1 0 0 0 0 0 0 0 0 0 0
 0 0 0 0 0 0 0 0 0 0 0 0 0 0 0 0 1 1 1 0 0 0 0 0 0 1 0 0 0 0 0 0]
Confusion Matrix:
[[294   1]
 [133  48]]
Accuracy: 71.85%
F1 Score: 0.6634
Precision: 0.7992
Recall: 0.7185
MCC: 0.4182

============================================================
Test subject: S11, Range: [4101, 4566]
============================================================
Train: 5464 samples, Val: 965 samples, Test: 465 samples
fourier enhanced block used!
modes=32, index=[0, 1, 3, 4, 8, 11, 13, 15, 18, 20, 22, 23, 24, 25, 27, 29, 30, 36, 38, 39, 40, 44, 47, 48, 50, 52, 57, 58, 59, 60, 62, 63]
fourier enhanced block used!
modes=32, index=[0, 1, 2, 3, 4, 5, 6, 7, 8, 9, 10, 11, 12, 13, 14, 15, 16, 17, 18, 19, 20, 21, 22, 23, 24, 25, 26, 27, 28, 29, 30, 31]
 fourier enhanced cross attention used!
modes_q=32, index_q=[0, 1, 2, 3, 4, 5, 6, 7, 8, 9, 10, 11, 12, 13, 14, 15, 16, 17, 18, 19, 20, 21, 22, 23, 24, 25, 26, 27, 28, 29, 30, 31]
modes_kv=32, index_kv=[3, 4, 6, 7, 8, 9, 11, 12, 13, 17, 18, 19, 20, 22, 24, 26, 30, 31, 32, 34, 37, 38, 41, 43, 48, 49, 50, 51, 53, 58, 61, 62]
Epoch [1/100]
  Train Loss: 0.5252 | Train Acc: 79.37%
  Val Loss: 0.2719 | Val Acc: 89.84%
  Learning rate: 0.001000
  New best model! Val Loss improved to 0.2719
Epoch [2/100]
  Train Loss: 0.2650 | Train Acc: 91.03%
  Val Loss: 0.2383 | Val Acc: 91.71%
  Learning rate: 0.001000
  New best model! Val Loss improved to 0.2383
Epoch [3/100]
  Train Loss: 0.1292 | Train Acc: 95.90%
  Val Loss: 0.0557 | Val Acc: 98.55%
  Learning rate: 0.001000
  New best model! Val Loss improved to 0.0557
Epoch [4/100]
  Train Loss: 0.0933 | Train Acc: 97.16%
  Val Loss: 0.0570 | Val Acc: 98.34%
  Learning rate: 0.001000
  No improvement. Patience: 1/8
Epoch [5/100]
  Train Loss: 0.0613 | Train Acc: 98.21%
  Val Loss: 0.0549 | Val Acc: 98.45%
  Learning rate: 0.001000
  No improvement. Patience: 2/8
Epoch [6/100]
  Train Loss: 0.0357 | Train Acc: 99.03%
  Val Loss: 0.0652 | Val Acc: 98.45%
  Learning rate: 0.001000
  No improvement. Patience: 3/8
Epoch [7/100]
  Train Loss: 0.0520 | Train Acc: 98.63%
  Val Loss: 0.0433 | Val Acc: 98.65%
  Learning rate: 0.001000
  New best model! Val Loss improved to 0.0433
Epoch [8/100]
  Train Loss: 0.0244 | Train Acc: 99.14%
  Val Loss: 0.0249 | Val Acc: 99.48%
  Learning rate: 0.001000
  New best model! Val Loss improved to 0.0249
Epoch [9/100]
  Train Loss: 0.0441 | Train Acc: 98.79%
  Val Loss: 0.1145 | Val Acc: 97.41%
  Learning rate: 0.001000
  No improvement. Patience: 1/8
Epoch [10/100]
  Train Loss: 0.0252 | Train Acc: 99.12%
  Val Loss: 0.0649 | Val Acc: 98.76%
  Learning rate: 0.001000
  No improvement. Patience: 2/8
Epoch [11/100]
  Train Loss: 0.0212 | Train Acc: 99.38%
  Val Loss: 0.0564 | Val Acc: 99.17%
  Learning rate: 0.001000
  No improvement. Patience: 3/8
Epoch [12/100]
  Train Loss: 0.0291 | Train Acc: 99.27%
  Val Loss: 0.3317 | Val Acc: 95.75%
  Learning rate: 0.000500
  No improvement. Patience: 4/8
Epoch [13/100]
  Train Loss: 0.0128 | Train Acc: 99.67%
  Val Loss: 0.0372 | Val Acc: 99.48%
  Learning rate: 0.000500
  No improvement. Patience: 5/8
Epoch [14/100]
  Train Loss: 0.0032 | Train Acc: 99.89%
  Val Loss: 0.0343 | Val Acc: 99.48%
  Learning rate: 0.000500
  No improvement. Patience: 6/8
Epoch [15/100]
  Train Loss: 0.0031 | Train Acc: 99.87%
  Val Loss: 0.0368 | Val Acc: 99.27%
  Learning rate: 0.000500
  No improvement. Patience: 7/8
Epoch [16/100]
  Train Loss: 0.0011 | Train Acc: 99.98%
  Val Loss: 0.0438 | Val Acc: 99.38%
  Learning rate: 0.000250
  No improvement. Patience: 8/8

Early stopping triggered after 16 epochs

Subject S11 Results:
Test Labels: [0 0 0 0 0 0 0 0 0 0 0 0 0 0 0 0 0 0 0 0 0 0 0 0 0 0 0 0 0 0 0 0 0 0 0 0 0
 0 0 0 0 0 0 0 0 0 0 0 0 0 0 0 0 0 0 0 0 0 0 0 0 0 0 0 0 0 0 0 0 0 0 0 0 0
 0 0 0 0 0 0 0 0 0 0 0 0 0 0 0 0 0 0 0 0 0 0 0 0 0 0 0 0 0 0 0 0 0 0 0 0 0
 0 0 0 0 0 0 0 0 0 0 0 0 0 0 0 0 0 0 0 0 0 0 0 0 0 0 0 0 0 0 0 0 0 0 0 0 0
 0 0 0 0 0 0 0 0 0 0 0 0 0 0 0 0 0 0 0 0 0 0 0 0 0 0 0 0 0 0 0 0 0 0 0 0 0
 0 0 0 0 0 0 0 0 0 0 0 0 0 0 0 0 0 0 0 0 0 0 0 0 0 0 0 0 0 0 0 0 0 0 0 0 0
 0 0 0 0 0 0 0 0 0 0 0 0 0 0 0 0 0 0 0 0 0 0 0 0 0 0 0 0 0 0 0 0 0 0 0 0 0
 0 0 0 0 0 0 0 0 0 0 0 0 0 0 0 0 0 0 0 0 0 0 0 0 0 0 0 0 0 0 0 0 0 0 0 0 1
 1 1 1 1 1 1 1 1 1 1 1 1 1 1 1 1 1 1 1 1 1 1 1 1 1 1 1 1 1 1 1 1 1 1 1 1 1
 1 1 1 1 1 1 1 1 1 1 1 1 1 1 1 1 1 1 1 1 1 1 1 1 1 1 1 1 1 1 1 1 1 1 1 1 1
 1 1 1 1 1 1 1 1 1 1 1 1 1 1 1 1 1 1 1 1 1 1 1 1 1 1 1 1 1 1 1 1 1 1 1 1 1
 1 1 1 1 1 1 1 1 1 1 1 1 1 1 1 1 1 1 1 1 1 1 1 1 1 1 1 1 1 1 1 1 1 1 1 1 1
 1 1 1 1 1 1 1 1 1 1 1 1 1 1 1 1 1 1 1 1 1]
Test Pred: [1 1 1 1 1 1 1 1 1 1 1 1 1 1 1 1 1 1 1 1 1 1 1 1 1 1 1 1 1 1 1 1 1 1 1 1 1
 1 1 1 1 1 1 1 1 1 1 1 1 1 1 1 1 1 1 1 1 1 1 1 1 1 1 1 1 1 1 1 1 1 0 1 1 1
 1 1 1 1 1 1 1 1 1 1 1 1 1 0 1 1 1 1 1 1 1 1 1 1 1 1 1 1 1 1 1 1 1 1 1 1 1
 1 1 1 1 1 1 1 1 1 1 1 1 1 1 1 1 1 1 1 1 1 1 1 1 1 1 1 1 1 1 1 1 0 1 1 1 1
 1 1 1 1 1 1 1 1 1 1 1 1 0 1 1 1 1 1 0 1 1 1 1 1 1 1 1 1 1 1 1 1 1 1 0 1 1
 1 1 1 1 1 1 1 1 1 0 1 1 1 1 1 1 1 1 1 0 1 1 1 0 0 1 1 0 0 0 0 0 0 1 1 1 0
 1 0 0 0 1 1 0 1 1 1 1 1 1 0 1 0 1 1 0 1 1 1 1 0 0 0 0 0 0 0 0 1 0 1 1 0 1
 1 1 1 1 1 1 1 1 1 1 1 1 0 1 0 0 1 1 0 0 1 1 1 0 0 1 1 0 1 0 1 0 1 0 1 1 1
 1 1 1 1 1 1 1 1 1 1 1 1 1 1 1 1 1 1 1 1 1 1 1 1 1 0 1 1 1 1 1 1 1 1 0 1 1
 1 1 1 1 1 1 1 1 1 1 1 1 1 1 1 1 1 1 1 1 1 1 1 1 1 1 1 1 1 1 1 1 1 1 1 1 1
 1 1 1 1 1 1 1 1 1 1 1 1 1 1 1 1 1 1 1 1 1 1 1 1 1 1 1 1 1 1 1 1 1 1 1 1 1
 1 1 1 1 1 1 1 1 1 1 1 1 1 1 1 1 1 1 1 1 1 1 1 1 1 1 1 1 1 1 1 1 1 1 1 1 1
 1 1 1 1 1 1 1 1 1 1 1 1 1 1 1 1 1 1 1 1 1]
Confusion Matrix:
[[ 45 250]
 [  2 168]]
Accuracy: 45.81%
F1 Score: 0.3759
Precision: 0.7543
Recall: 0.4581
MCC: 0.2249

============================================================
Test subject: S13, Range: [4566, 5027]
============================================================
Train: 5468 samples, Val: 965 samples, Test: 461 samples
fourier enhanced block used!
modes=32, index=[0, 1, 7, 8, 9, 10, 11, 15, 21, 22, 23, 25, 27, 28, 30, 31, 33, 34, 35, 36, 37, 42, 44, 46, 47, 49, 52, 54, 55, 56, 58, 59]
fourier enhanced block used!
modes=32, index=[0, 1, 2, 3, 4, 5, 6, 7, 8, 9, 10, 11, 12, 13, 14, 15, 16, 17, 18, 19, 20, 21, 22, 23, 24, 25, 26, 27, 28, 29, 30, 31]
 fourier enhanced cross attention used!
modes_q=32, index_q=[0, 1, 2, 3, 4, 5, 6, 7, 8, 9, 10, 11, 12, 13, 14, 15, 16, 17, 18, 19, 20, 21, 22, 23, 24, 25, 26, 27, 28, 29, 30, 31]
modes_kv=32, index_kv=[1, 3, 6, 9, 11, 12, 13, 16, 17, 18, 20, 21, 29, 31, 32, 33, 34, 35, 36, 37, 39, 40, 44, 46, 47, 49, 54, 55, 57, 60, 61, 62]
Epoch [1/100]
  Train Loss: 0.5436 | Train Acc: 79.04%
  Val Loss: 0.3666 | Val Acc: 86.53%
  Learning rate: 0.001000
  New best model! Val Loss improved to 0.3666
Epoch [2/100]
  Train Loss: 0.2781 | Train Acc: 89.96%
  Val Loss: 0.1486 | Val Acc: 94.20%
  Learning rate: 0.001000
  New best model! Val Loss improved to 0.1486
Epoch [3/100]
  Train Loss: 0.1417 | Train Acc: 95.63%
  Val Loss: 0.1499 | Val Acc: 95.54%
  Learning rate: 0.001000
  No improvement. Patience: 1/8
Epoch [4/100]
  Train Loss: 0.0627 | Train Acc: 98.10%
  Val Loss: 0.0448 | Val Acc: 98.45%
  Learning rate: 0.001000
  New best model! Val Loss improved to 0.0448
Epoch [5/100]
  Train Loss: 0.0341 | Train Acc: 99.16%
  Val Loss: 0.1218 | Val Acc: 96.58%
  Learning rate: 0.001000
  No improvement. Patience: 1/8
Epoch [6/100]
  Train Loss: 0.0226 | Train Acc: 99.34%
  Val Loss: 0.0578 | Val Acc: 98.55%
  Learning rate: 0.001000
  No improvement. Patience: 2/8
Epoch [7/100]
  Train Loss: 0.0254 | Train Acc: 99.29%
  Val Loss: 0.0066 | Val Acc: 99.69%
  Learning rate: 0.001000
  New best model! Val Loss improved to 0.0066
Epoch [8/100]
  Train Loss: 0.0348 | Train Acc: 99.21%
  Val Loss: 0.0487 | Val Acc: 98.65%
  Learning rate: 0.001000
  No improvement. Patience: 1/8
Epoch [9/100]
  Train Loss: 0.0305 | Train Acc: 99.18%
  Val Loss: 0.0172 | Val Acc: 99.69%
  Learning rate: 0.001000
  No improvement. Patience: 2/8
Epoch [10/100]
  Train Loss: 0.0253 | Train Acc: 99.32%
  Val Loss: 0.0909 | Val Acc: 98.03%
  Learning rate: 0.001000
  No improvement. Patience: 3/8
Epoch [11/100]
  Train Loss: 0.0098 | Train Acc: 99.71%
  Val Loss: 0.0354 | Val Acc: 99.48%
  Learning rate: 0.000500
  No improvement. Patience: 4/8
Epoch [12/100]
  Train Loss: 0.0051 | Train Acc: 99.87%
  Val Loss: 0.0279 | Val Acc: 99.38%
  Learning rate: 0.000500
  No improvement. Patience: 5/8
Epoch [13/100]
  Train Loss: 0.0016 | Train Acc: 99.95%
  Val Loss: 0.0198 | Val Acc: 99.69%
  Learning rate: 0.000500
  No improvement. Patience: 6/8
Epoch [14/100]
  Train Loss: 0.0007 | Train Acc: 99.96%
  Val Loss: 0.0157 | Val Acc: 99.90%
  Learning rate: 0.000500
  No improvement. Patience: 7/8
Epoch [15/100]
  Train Loss: 0.0010 | Train Acc: 99.96%
  Val Loss: 0.0133 | Val Acc: 99.79%
  Learning rate: 0.000250
  No improvement. Patience: 8/8

Early stopping triggered after 15 epochs

Subject S13 Results:
Test Labels: [0 0 0 0 0 0 0 0 0 0 0 0 0 0 0 0 0 0 0 0 0 0 0 0 0 0 0 0 0 0 0 0 0 0 0 0 0
 0 0 0 0 0 0 0 0 0 0 0 0 0 0 0 0 0 0 0 0 0 0 0 0 0 0 0 0 0 0 0 0 0 0 0 0 0
 0 0 0 0 0 0 0 0 0 0 0 0 0 0 0 0 0 0 0 0 0 0 0 0 0 0 0 0 0 0 0 0 0 0 0 0 0
 0 0 0 0 0 0 0 0 0 0 0 0 0 0 0 0 0 0 0 0 0 0 0 0 0 0 0 0 0 0 0 0 0 0 0 0 0
 0 0 0 0 0 0 0 0 0 0 0 0 0 0 0 0 0 0 0 0 0 0 0 0 0 0 0 0 0 0 0 0 0 0 0 0 0
 0 0 0 0 0 0 0 0 0 0 0 0 0 0 0 0 0 0 0 0 0 0 0 0 0 0 0 0 0 0 0 0 0 0 0 0 0
 0 0 0 0 0 0 0 0 0 0 0 0 0 0 0 0 0 0 0 0 0 0 0 0 0 0 0 0 0 0 0 0 0 0 0 0 0
 0 0 0 0 0 0 0 0 0 0 0 0 0 0 0 0 0 0 0 0 0 0 0 0 0 0 0 0 0 0 0 0 0 0 0 0 1
 1 1 1 1 1 1 1 1 1 1 1 1 1 1 1 1 1 1 1 1 1 1 1 1 1 1 1 1 1 1 1 1 1 1 1 1 1
 1 1 1 1 1 1 1 1 1 1 1 1 1 1 1 1 1 1 1 1 1 1 1 1 1 1 1 1 1 1 1 1 1 1 1 1 1
 1 1 1 1 1 1 1 1 1 1 1 1 1 1 1 1 1 1 1 1 1 1 1 1 1 1 1 1 1 1 1 1 1 1 1 1 1
 1 1 1 1 1 1 1 1 1 1 1 1 1 1 1 1 1 1 1 1 1 1 1 1 1 1 1 1 1 1 1 1 1 1 1 1 1
 1 1 1 1 1 1 1 1 1 1 1 1 1 1 1 1 1]
Test Pred: [0 1 0 0 0 0 0 0 0 0 0 0 0 0 0 1 0 0 0 0 0 0 0 0 0 0 0 0 0 0 0 0 0 0 0 0 0
 0 0 0 0 0 0 0 0 0 0 0 0 0 0 0 0 0 0 0 0 0 0 0 0 0 0 0 0 0 0 0 0 0 0 0 0 0
 0 0 0 0 0 0 0 0 0 0 0 0 0 0 0 0 0 0 0 0 0 0 0 0 0 0 0 0 0 0 0 0 0 0 0 0 0
 0 0 0 0 0 0 0 0 0 0 0 0 0 0 0 0 0 0 0 0 0 0 0 0 0 0 0 0 0 0 0 0 0 0 0 0 0
 0 0 0 0 0 0 0 0 0 0 0 0 0 0 0 0 0 0 0 0 0 0 0 0 0 0 0 0 0 0 0 0 0 0 0 0 0
 0 0 0 0 0 0 0 0 0 0 0 0 0 0 0 0 0 0 0 0 0 0 0 0 0 0 0 0 0 0 0 0 0 0 0 0 0
 0 0 0 0 0 0 0 0 0 0 0 0 0 0 0 0 0 0 0 0 0 0 0 0 0 0 0 0 0 0 0 0 0 0 1 0 0
 0 0 0 0 0 0 0 0 0 0 0 0 0 0 0 0 0 0 0 0 0 0 0 0 0 0 0 0 0 0 0 0 0 0 0 0 1
 1 1 1 1 1 1 1 1 1 1 1 1 1 1 1 1 1 1 1 1 1 1 1 1 1 1 1 1 1 1 1 1 1 1 1 1 1
 1 1 1 1 1 1 0 1 0 1 1 1 0 1 0 0 0 1 0 1 1 1 1 1 0 0 0 1 1 0 0 0 0 0 0 0 0
 0 0 0 0 0 0 0 0 0 0 0 0 0 0 0 0 0 1 0 1 1 0 1 1 1 1 1 0 1 1 1 1 1 1 1 0 1
 1 0 1 1 1 1 1 1 1 1 1 1 1 1 1 1 1 1 1 1 1 1 1 1 1 1 1 1 1 1 1 1 1 0 1 1 0
 1 1 1 1 1 1 0 1 1 0 1 1 1 1 1 1 1]
Confusion Matrix:
[[292   3]
 [ 44 122]]
Accuracy: 89.80%
F1 Score: 0.8942
Precision: 0.9076
Recall: 0.8980
MCC: 0.7826

============================================================
Test subject: S14, Range: [5027, 5491]
============================================================
Train: 5465 samples, Val: 965 samples, Test: 464 samples
fourier enhanced block used!
modes=32, index=[2, 3, 4, 6, 7, 8, 12, 14, 15, 19, 20, 24, 28, 29, 30, 31, 32, 34, 35, 37, 41, 43, 46, 47, 49, 52, 54, 55, 57, 59, 62, 63]
fourier enhanced block used!
modes=32, index=[0, 1, 2, 3, 4, 5, 6, 7, 8, 9, 10, 11, 12, 13, 14, 15, 16, 17, 18, 19, 20, 21, 22, 23, 24, 25, 26, 27, 28, 29, 30, 31]
 fourier enhanced cross attention used!
modes_q=32, index_q=[0, 1, 2, 3, 4, 5, 6, 7, 8, 9, 10, 11, 12, 13, 14, 15, 16, 17, 18, 19, 20, 21, 22, 23, 24, 25, 26, 27, 28, 29, 30, 31]
modes_kv=32, index_kv=[0, 1, 4, 6, 9, 10, 11, 12, 13, 15, 16, 18, 20, 21, 22, 23, 24, 27, 28, 31, 32, 33, 34, 35, 37, 40, 42, 47, 51, 52, 53, 60]
Epoch [1/100]
  Train Loss: 0.5632 | Train Acc: 76.71%
  Val Loss: 0.5083 | Val Acc: 82.18%
  Learning rate: 0.001000
  New best model! Val Loss improved to 0.5083
Epoch [2/100]
  Train Loss: 0.4349 | Train Acc: 83.18%
  Val Loss: 0.4127 | Val Acc: 85.49%
  Learning rate: 0.001000
  New best model! Val Loss improved to 0.4127
Epoch [3/100]
  Train Loss: 0.4017 | Train Acc: 85.75%
  Val Loss: 0.6835 | Val Acc: 76.89%
  Learning rate: 0.001000
  No improvement. Patience: 1/8
Epoch [4/100]
  Train Loss: 0.4130 | Train Acc: 86.37%
  Val Loss: 0.8670 | Val Acc: 76.79%
  Learning rate: 0.001000
  No improvement. Patience: 2/8
Epoch [5/100]
  Train Loss: 0.3423 | Train Acc: 88.58%
  Val Loss: 0.5308 | Val Acc: 82.38%
  Learning rate: 0.001000
  No improvement. Patience: 3/8
Epoch [6/100]
  Train Loss: 0.3445 | Train Acc: 89.11%
  Val Loss: 0.6449 | Val Acc: 84.15%
  Learning rate: 0.000500
  No improvement. Patience: 4/8
Epoch [7/100]
  Train Loss: 0.1855 | Train Acc: 92.88%
  Val Loss: 1.0949 | Val Acc: 74.92%
  Learning rate: 0.000500
  No improvement. Patience: 5/8
Epoch [8/100]
  Train Loss: 0.1531 | Train Acc: 94.36%
  Val Loss: 0.4868 | Val Acc: 86.84%
  Learning rate: 0.000500
  No improvement. Patience: 6/8
Epoch [9/100]
  Train Loss: 0.1158 | Train Acc: 95.61%
  Val Loss: 0.9793 | Val Acc: 77.20%
  Learning rate: 0.000500
  No improvement. Patience: 7/8
Epoch [10/100]
  Train Loss: 0.1003 | Train Acc: 95.92%
  Val Loss: 0.6249 | Val Acc: 83.94%
  Learning rate: 0.000250
  No improvement. Patience: 8/8

Early stopping triggered after 10 epochs

Subject S14 Results:
Test Labels: [0 0 0 0 0 0 0 0 0 0 0 0 0 0 0 0 0 0 0 0 0 0 0 0 0 0 0 0 0 0 0 0 0 0 0 0 0
 0 0 0 0 0 0 0 0 0 0 0 0 0 0 0 0 0 0 0 0 0 0 0 0 0 0 0 0 0 0 0 0 0 0 0 0 0
 0 0 0 0 0 0 0 0 0 0 0 0 0 0 0 0 0 0 0 0 0 0 0 0 0 0 0 0 0 0 0 0 0 0 0 0 0
 0 0 0 0 0 0 0 0 0 0 0 0 0 0 0 0 0 0 0 0 0 0 0 0 0 0 0 0 0 0 0 0 0 0 0 0 0
 0 0 0 0 0 0 0 0 0 0 0 0 0 0 0 0 0 0 0 0 0 0 0 0 0 0 0 0 0 0 0 0 0 0 0 0 0
 0 0 0 0 0 0 0 0 0 0 0 0 0 0 0 0 0 0 0 0 0 0 0 0 0 0 0 0 0 0 0 0 0 0 0 0 0
 0 0 0 0 0 0 0 0 0 0 0 0 0 0 0 0 0 0 0 0 0 0 0 0 0 0 0 0 0 0 0 0 0 0 0 0 0
 0 0 0 0 0 0 0 0 0 0 0 0 0 0 0 0 0 0 0 0 0 0 0 0 0 0 0 0 0 0 0 0 0 0 0 0 1
 1 1 1 1 1 1 1 1 1 1 1 1 1 1 1 1 1 1 1 1 1 1 1 1 1 1 1 1 1 1 1 1 1 1 1 1 1
 1 1 1 1 1 1 1 1 1 1 1 1 1 1 1 1 1 1 1 1 1 1 1 1 1 1 1 1 1 1 1 1 1 1 1 1 1
 1 1 1 1 1 1 1 1 1 1 1 1 1 1 1 1 1 1 1 1 1 1 1 1 1 1 1 1 1 1 1 1 1 1 1 1 1
 1 1 1 1 1 1 1 1 1 1 1 1 1 1 1 1 1 1 1 1 1 1 1 1 1 1 1 1 1 1 1 1 1 1 1 1 1
 1 1 1 1 1 1 1 1 1 1 1 1 1 1 1 1 1 1 1 1]
Test Pred: [1 0 0 0 0 0 1 0 0 0 0 0 0 0 0 0 0 0 0 0 0 0 0 0 0 0 0 0 0 1 0 0 0 0 0 0 0
 0 0 0 0 0 1 0 0 0 0 0 0 0 0 0 0 0 0 0 0 0 0 0 0 0 0 0 0 0 0 0 0 0 0 0 0 0
 0 0 0 0 0 0 0 0 0 0 0 1 0 1 0 0 0 0 0 0 0 0 0 0 0 0 0 0 0 0 0 0 0 0 0 0 0
 0 0 1 1 1 0 0 1 0 0 0 0 0 0 0 0 0 0 0 0 0 0 0 0 0 0 0 1 0 0 0 0 1 0 0 0 0
 0 0 0 0 0 0 0 0 0 0 0 0 0 0 0 0 0 0 0 0 0 0 0 0 0 0 0 0 0 0 0 0 0 0 0 0 0
 0 0 0 0 0 0 1 1 1 0 0 0 0 0 0 0 0 0 0 0 0 0 0 0 0 0 0 0 0 0 0 0 1 0 0 0 0
 1 1 0 0 0 0 0 0 0 0 1 1 1 1 1 0 0 0 0 0 0 0 0 0 0 0 0 0 0 0 0 0 0 0 0 0 0
 0 0 0 0 0 0 0 0 0 0 0 0 0 0 0 0 0 0 0 0 0 0 1 1 0 0 0 0 0 0 0 0 0 0 0 0 1
 1 1 1 1 1 1 1 1 1 1 1 1 1 1 1 1 1 1 1 1 1 1 1 1 1 1 1 1 1 1 1 1 1 1 1 1 1
 1 1 1 1 1 1 1 1 1 1 1 1 1 1 1 1 1 1 1 1 1 1 1 1 1 0 1 1 1 1 1 1 1 1 1 1 1
 1 1 1 1 1 1 0 1 1 1 1 1 1 1 1 1 1 1 1 1 1 1 1 1 1 0 1 1 1 1 1 1 1 1 1 1 1
 1 1 1 1 1 0 1 1 1 1 1 1 1 1 1 1 1 1 1 1 1 1 1 1 1 1 1 1 1 1 1 1 1 1 1 1 1
 0 1 1 1 1 1 1 1 1 1 1 0 1 0 1 1 0 1 0 1]
Confusion Matrix:
[[270  25]
 [  9 160]]
Accuracy: 92.67%
F1 Score: 0.9274
Precision: 0.9303
Recall: 0.9267
MCC: 0.8472

============================================================
Test subject: S15, Range: [5491, 5955]
============================================================
Train: 5465 samples, Val: 965 samples, Test: 464 samples
fourier enhanced block used!
modes=32, index=[0, 1, 2, 3, 4, 9, 10, 12, 16, 21, 23, 26, 27, 28, 29, 31, 32, 33, 34, 35, 40, 41, 44, 45, 47, 48, 49, 51, 53, 55, 57, 59]
fourier enhanced block used!
modes=32, index=[0, 1, 2, 3, 4, 5, 6, 7, 8, 9, 10, 11, 12, 13, 14, 15, 16, 17, 18, 19, 20, 21, 22, 23, 24, 25, 26, 27, 28, 29, 30, 31]
 fourier enhanced cross attention used!
modes_q=32, index_q=[0, 1, 2, 3, 4, 5, 6, 7, 8, 9, 10, 11, 12, 13, 14, 15, 16, 17, 18, 19, 20, 21, 22, 23, 24, 25, 26, 27, 28, 29, 30, 31]
modes_kv=32, index_kv=[3, 5, 8, 10, 11, 13, 15, 17, 20, 22, 24, 26, 27, 28, 29, 31, 32, 33, 34, 37, 43, 45, 48, 49, 50, 51, 52, 53, 54, 57, 60, 62]
Epoch [1/100]
  Train Loss: 0.5026 | Train Acc: 80.35%
  Val Loss: 0.3267 | Val Acc: 88.19%
  Learning rate: 0.001000
  New best model! Val Loss improved to 0.3267
Epoch [2/100]
  Train Loss: 0.2515 | Train Acc: 91.07%
  Val Loss: 0.1799 | Val Acc: 93.99%
  Learning rate: 0.001000
  New best model! Val Loss improved to 0.1799
Epoch [3/100]
  Train Loss: 0.1312 | Train Acc: 95.57%
  Val Loss: 0.4057 | Val Acc: 93.37%
  Learning rate: 0.001000
  No improvement. Patience: 1/8
Epoch [4/100]
  Train Loss: 0.0903 | Train Acc: 96.91%
  Val Loss: 0.1696 | Val Acc: 95.34%
  Learning rate: 0.001000
  New best model! Val Loss improved to 0.1696
Epoch [5/100]
  Train Loss: 0.0479 | Train Acc: 98.54%
  Val Loss: 0.0566 | Val Acc: 98.34%
  Learning rate: 0.001000
  New best model! Val Loss improved to 0.0566
Epoch [6/100]
  Train Loss: 0.0427 | Train Acc: 98.77%
  Val Loss: 0.1213 | Val Acc: 97.41%
  Learning rate: 0.001000
  No improvement. Patience: 1/8
Epoch [7/100]
  Train Loss: 0.0424 | Train Acc: 98.63%
  Val Loss: 0.1049 | Val Acc: 96.99%
  Learning rate: 0.001000
  No improvement. Patience: 2/8
Epoch [8/100]
  Train Loss: 0.0211 | Train Acc: 99.21%
  Val Loss: 0.0312 | Val Acc: 99.17%
  Learning rate: 0.001000
  New best model! Val Loss improved to 0.0312
Epoch [9/100]
  Train Loss: 0.0289 | Train Acc: 99.18%
  Val Loss: 0.0371 | Val Acc: 98.76%
  Learning rate: 0.001000
  No improvement. Patience: 1/8
Epoch [10/100]
  Train Loss: 0.0261 | Train Acc: 99.18%
  Val Loss: 0.0662 | Val Acc: 98.03%
  Learning rate: 0.001000
  No improvement. Patience: 2/8
Epoch [11/100]
  Train Loss: 0.0214 | Train Acc: 99.51%
  Val Loss: 0.1053 | Val Acc: 98.03%
  Learning rate: 0.001000
  No improvement. Patience: 3/8
Epoch [12/100]
  Train Loss: 0.0257 | Train Acc: 99.43%
  Val Loss: 0.0451 | Val Acc: 98.96%
  Learning rate: 0.000500
  No improvement. Patience: 4/8
Epoch [13/100]
  Train Loss: 0.0049 | Train Acc: 99.84%
  Val Loss: 0.0523 | Val Acc: 99.27%
  Learning rate: 0.000500
  No improvement. Patience: 5/8
Epoch [14/100]
  Train Loss: 0.0030 | Train Acc: 99.91%
  Val Loss: 0.0115 | Val Acc: 99.48%
  Learning rate: 0.000500
  New best model! Val Loss improved to 0.0115
Epoch [15/100]
  Train Loss: 0.0011 | Train Acc: 99.95%
  Val Loss: 0.0243 | Val Acc: 99.48%
  Learning rate: 0.000500
  No improvement. Patience: 1/8
Epoch [16/100]
  Train Loss: 0.0007 | Train Acc: 99.98%
  Val Loss: 0.0374 | Val Acc: 99.07%
  Learning rate: 0.000500
  No improvement. Patience: 2/8
Epoch [17/100]
  Train Loss: 0.0089 | Train Acc: 99.76%
  Val Loss: 0.0109 | Val Acc: 99.59%
  Learning rate: 0.000500
  No improvement. Patience: 3/8
Epoch [18/100]
  Train Loss: 0.0026 | Train Acc: 99.87%
  Val Loss: 0.0114 | Val Acc: 99.48%
  Learning rate: 0.000500
  No improvement. Patience: 4/8
Epoch [19/100]
  Train Loss: 0.0049 | Train Acc: 99.84%
  Val Loss: 0.0371 | Val Acc: 99.27%
  Learning rate: 0.000500
  No improvement. Patience: 5/8
Epoch [20/100]
  Train Loss: 0.0075 | Train Acc: 99.80%
  Val Loss: 0.0122 | Val Acc: 99.59%
  Learning rate: 0.000500
  No improvement. Patience: 6/8
Epoch [21/100]
  Train Loss: 0.0091 | Train Acc: 99.78%
  Val Loss: 0.0112 | Val Acc: 99.48%
  Learning rate: 0.000250
  No improvement. Patience: 7/8
Epoch [22/100]
  Train Loss: 0.0010 | Train Acc: 99.96%
  Val Loss: 0.0178 | Val Acc: 99.69%
  Learning rate: 0.000250
  No improvement. Patience: 8/8

Early stopping triggered after 22 epochs

Subject S15 Results:
Test Labels: [0 0 0 0 0 0 0 0 0 0 0 0 0 0 0 0 0 0 0 0 0 0 0 0 0 0 0 0 0 0 0 0 0 0 0 0 0
 0 0 0 0 0 0 0 0 0 0 0 0 0 0 0 0 0 0 0 0 0 0 0 0 0 0 0 0 0 0 0 0 0 0 0 0 0
 0 0 0 0 0 0 0 0 0 0 0 0 0 0 0 0 0 0 0 0 0 0 0 0 0 0 0 0 0 0 0 0 0 0 0 0 0
 0 0 0 0 0 0 0 0 0 0 0 0 0 0 0 0 0 0 0 0 0 0 0 0 0 0 0 0 0 0 0 0 0 0 0 0 0
 0 0 0 0 0 0 0 0 0 0 0 0 0 0 0 0 0 0 0 0 0 0 0 0 0 0 0 0 0 0 0 0 0 0 0 0 0
 0 0 0 0 0 0 0 0 0 0 0 0 0 0 0 0 0 0 0 0 0 0 0 0 0 0 0 0 0 0 0 0 0 0 0 0 0
 0 0 0 0 0 0 0 0 0 0 0 0 0 0 0 0 0 0 0 0 0 0 0 0 0 0 0 0 0 0 0 0 0 0 0 0 0
 0 0 0 0 0 0 0 0 0 0 0 0 0 0 0 0 0 0 0 0 0 0 0 0 0 0 0 0 0 0 0 0 0 0 1 1 1
 1 1 1 1 1 1 1 1 1 1 1 1 1 1 1 1 1 1 1 1 1 1 1 1 1 1 1 1 1 1 1 1 1 1 1 1 1
 1 1 1 1 1 1 1 1 1 1 1 1 1 1 1 1 1 1 1 1 1 1 1 1 1 1 1 1 1 1 1 1 1 1 1 1 1
 1 1 1 1 1 1 1 1 1 1 1 1 1 1 1 1 1 1 1 1 1 1 1 1 1 1 1 1 1 1 1 1 1 1 1 1 1
 1 1 1 1 1 1 1 1 1 1 1 1 1 1 1 1 1 1 1 1 1 1 1 1 1 1 1 1 1 1 1 1 1 1 1 1 1
 1 1 1 1 1 1 1 1 1 1 1 1 1 1 1 1 1 1 1 1]
Test Pred: [0 0 0 0 0 0 0 0 0 0 0 0 0 0 0 0 0 0 0 0 0 0 0 0 0 0 0 0 0 0 0 0 0 0 0 0 0
 0 0 0 0 0 0 0 0 0 0 0 0 0 0 0 0 0 0 0 0 0 0 0 0 0 0 0 0 0 0 0 0 0 0 0 0 0
 0 0 0 0 0 0 0 0 0 0 0 0 0 0 0 0 0 0 0 0 0 0 0 0 0 0 0 0 0 0 0 0 0 0 0 0 0
 0 0 0 0 0 0 0 0 0 0 0 0 0 0 0 0 0 0 0 0 0 0 0 0 0 0 0 0 0 0 0 0 0 0 0 0 0
 1 0 0 0 0 0 1 0 1 1 0 0 0 0 0 0 1 0 0 0 0 0 0 0 0 0 0 0 0 0 0 0 0 0 0 0 0
 0 0 0 0 0 0 0 0 0 0 0 0 0 0 0 0 0 0 0 0 0 0 0 0 0 0 0 0 0 0 0 0 0 0 0 0 0
 0 0 0 0 0 0 0 0 0 0 0 0 0 0 0 0 0 0 0 0 0 0 0 0 0 0 0 0 0 0 0 0 0 0 0 0 0
 0 0 0 0 0 0 0 0 0 0 0 0 0 0 0 0 0 0 1 0 0 0 0 0 0 0 0 0 0 0 0 0 0 0 1 1 1
 0 1 1 1 1 1 1 1 1 1 1 1 1 1 1 1 1 1 1 1 1 1 1 1 1 1 1 1 1 1 1 1 1 1 1 1 1
 1 1 1 1 1 1 1 1 1 1 1 1 1 1 1 1 1 1 1 1 1 1 1 1 1 1 1 1 1 1 1 1 1 1 1 1 1
 1 1 1 1 1 1 1 1 1 1 1 1 1 1 1 1 1 1 1 1 1 1 1 1 1 1 1 1 1 1 1 1 1 1 1 1 1
 1 1 1 1 1 1 1 1 1 0 1 1 1 1 1 1 1 1 1 1 1 1 1 1 1 1 1 1 1 1 1 1 1 1 1 1 1
 1 1 1 1 1 1 0 1 1 1 1 1 1 1 1 1 1 1 1 1]
Confusion Matrix:
[[287   6]
 [  3 168]]
Accuracy: 98.06%
F1 Score: 0.9806
Precision: 0.9808
Recall: 0.9806
MCC: 0.9586

============================================================
Test subject: S16, Range: [5955, 6418]
============================================================
Train: 5466 samples, Val: 965 samples, Test: 463 samples
fourier enhanced block used!
modes=32, index=[0, 1, 2, 4, 5, 6, 11, 12, 13, 14, 15, 16, 24, 27, 31, 33, 35, 36, 38, 42, 47, 48, 51, 52, 53, 54, 55, 56, 57, 59, 61, 63]
fourier enhanced block used!
modes=32, index=[0, 1, 2, 3, 4, 5, 6, 7, 8, 9, 10, 11, 12, 13, 14, 15, 16, 17, 18, 19, 20, 21, 22, 23, 24, 25, 26, 27, 28, 29, 30, 31]
 fourier enhanced cross attention used!
modes_q=32, index_q=[0, 1, 2, 3, 4, 5, 6, 7, 8, 9, 10, 11, 12, 13, 14, 15, 16, 17, 18, 19, 20, 21, 22, 23, 24, 25, 26, 27, 28, 29, 30, 31]
modes_kv=32, index_kv=[0, 2, 3, 5, 7, 8, 12, 13, 16, 22, 23, 24, 26, 29, 31, 32, 35, 36, 37, 38, 41, 42, 43, 46, 47, 48, 49, 53, 54, 55, 59, 63]
Epoch [1/100]
  Train Loss: 0.4754 | Train Acc: 80.44%
  Val Loss: 0.2188 | Val Acc: 90.98%
  Learning rate: 0.001000
  New best model! Val Loss improved to 0.2188
Epoch [2/100]
  Train Loss: 0.2019 | Train Acc: 93.19%
  Val Loss: 0.1052 | Val Acc: 96.48%
  Learning rate: 0.001000
  New best model! Val Loss improved to 0.1052
Epoch [3/100]
  Train Loss: 0.1309 | Train Acc: 95.83%
  Val Loss: 0.0572 | Val Acc: 98.24%
  Learning rate: 0.001000
  New best model! Val Loss improved to 0.0572
Epoch [4/100]
  Train Loss: 0.0920 | Train Acc: 97.00%
  Val Loss: 0.1015 | Val Acc: 96.89%
  Learning rate: 0.001000
  No improvement. Patience: 1/8
Epoch [5/100]
  Train Loss: 0.0557 | Train Acc: 98.32%
  Val Loss: 0.0478 | Val Acc: 98.45%
  Learning rate: 0.001000
  New best model! Val Loss improved to 0.0478
Epoch [6/100]
  Train Loss: 0.0473 | Train Acc: 98.48%
  Val Loss: 0.0858 | Val Acc: 97.72%
  Learning rate: 0.001000
  No improvement. Patience: 1/8
Epoch [7/100]
  Train Loss: 0.0448 | Train Acc: 98.72%
  Val Loss: 0.1457 | Val Acc: 96.17%
  Learning rate: 0.001000
  No improvement. Patience: 2/8
Epoch [8/100]
  Train Loss: 0.0528 | Train Acc: 98.63%
  Val Loss: 0.0776 | Val Acc: 98.34%
  Learning rate: 0.001000
  No improvement. Patience: 3/8
Epoch [9/100]
  Train Loss: 0.0318 | Train Acc: 99.03%
  Val Loss: 0.1383 | Val Acc: 97.31%
  Learning rate: 0.000500
  No improvement. Patience: 4/8
Epoch [10/100]
  Train Loss: 0.0131 | Train Acc: 99.51%
  Val Loss: 0.0485 | Val Acc: 99.38%
  Learning rate: 0.000500
  No improvement. Patience: 5/8
Epoch [11/100]
  Train Loss: 0.0042 | Train Acc: 99.85%
  Val Loss: 0.0394 | Val Acc: 99.59%
  Learning rate: 0.000500
  New best model! Val Loss improved to 0.0394
Epoch [12/100]
  Train Loss: 0.0007 | Train Acc: 100.00%
  Val Loss: 0.0405 | Val Acc: 99.27%
  Learning rate: 0.000500
  No improvement. Patience: 1/8
Epoch [13/100]
  Train Loss: 0.0016 | Train Acc: 99.91%
  Val Loss: 0.0389 | Val Acc: 99.48%
  Learning rate: 0.000500
  No improvement. Patience: 2/8
Epoch [14/100]
  Train Loss: 0.0032 | Train Acc: 99.89%
  Val Loss: 0.0449 | Val Acc: 99.17%
  Learning rate: 0.000500
  No improvement. Patience: 3/8
Epoch [15/100]
  Train Loss: 0.0027 | Train Acc: 99.91%
  Val Loss: 0.0673 | Val Acc: 99.17%
  Learning rate: 0.000500
  No improvement. Patience: 4/8
Epoch [16/100]
  Train Loss: 0.0049 | Train Acc: 99.84%
  Val Loss: 0.1519 | Val Acc: 97.31%
  Learning rate: 0.000500
  No improvement. Patience: 5/8
Epoch [17/100]
  Train Loss: 0.0078 | Train Acc: 99.71%
  Val Loss: 0.0595 | Val Acc: 99.38%
  Learning rate: 0.000250
  No improvement. Patience: 6/8
Epoch [18/100]
  Train Loss: 0.0007 | Train Acc: 99.98%
  Val Loss: 0.0472 | Val Acc: 99.48%
  Learning rate: 0.000250
  No improvement. Patience: 7/8
Epoch [19/100]
  Train Loss: 0.0006 | Train Acc: 99.96%
  Val Loss: 0.0793 | Val Acc: 98.65%
  Learning rate: 0.000250
  No improvement. Patience: 8/8

Early stopping triggered after 19 epochs

Subject S16 Results:
Test Labels: [0 0 0 0 0 0 0 0 0 0 0 0 0 0 0 0 0 0 0 0 0 0 0 0 0 0 0 0 0 0 0 0 0 0 0 0 0
 0 0 0 0 0 0 0 0 0 0 0 0 0 0 0 0 0 0 0 0 0 0 0 0 0 0 0 0 0 0 0 0 0 0 0 0 0
 0 0 0 0 0 0 0 0 0 0 0 0 0 0 0 0 0 0 0 0 0 0 0 0 0 0 0 0 0 0 0 0 0 0 0 0 0
 0 0 0 0 0 0 0 0 0 0 0 0 0 0 0 0 0 0 0 0 0 0 0 0 0 0 0 0 0 0 0 0 0 0 0 0 0
 0 0 0 0 0 0 0 0 0 0 0 0 0 0 0 0 0 0 0 0 0 0 0 0 0 0 0 0 0 0 0 0 0 0 0 0 0
 0 0 0 0 0 0 0 0 0 0 0 0 0 0 0 0 0 0 0 0 0 0 0 0 0 0 0 0 0 0 0 0 0 0 0 0 0
 0 0 0 0 0 0 0 0 0 0 0 0 0 0 0 0 0 0 0 0 0 0 0 0 0 0 0 0 0 0 0 0 0 0 0 0 0
 0 0 0 0 0 0 0 0 0 0 0 0 0 0 0 0 0 0 0 0 0 0 0 0 0 0 0 0 0 0 0 0 0 0 0 0 1
 1 1 1 1 1 1 1 1 1 1 1 1 1 1 1 1 1 1 1 1 1 1 1 1 1 1 1 1 1 1 1 1 1 1 1 1 1
 1 1 1 1 1 1 1 1 1 1 1 1 1 1 1 1 1 1 1 1 1 1 1 1 1 1 1 1 1 1 1 1 1 1 1 1 1
 1 1 1 1 1 1 1 1 1 1 1 1 1 1 1 1 1 1 1 1 1 1 1 1 1 1 1 1 1 1 1 1 1 1 1 1 1
 1 1 1 1 1 1 1 1 1 1 1 1 1 1 1 1 1 1 1 1 1 1 1 1 1 1 1 1 1 1 1 1 1 1 1 1 1
 1 1 1 1 1 1 1 1 1 1 1 1 1 1 1 1 1 1 1]
Test Pred: [0 0 0 0 0 0 0 0 0 0 0 0 0 0 0 0 0 0 0 0 0 0 0 0 0 0 0 0 0 0 0 0 0 0 0 0 0
 0 0 0 0 0 0 0 0 0 0 0 0 0 0 0 0 0 0 0 0 0 0 0 0 0 0 0 0 0 0 0 0 0 0 0 0 0
 0 0 0 0 0 0 0 0 0 0 0 0 0 0 0 0 0 0 0 0 0 0 0 0 0 0 0 0 0 0 0 0 0 0 0 0 0
 0 0 0 0 0 0 0 0 0 0 0 0 0 0 0 0 0 0 0 0 0 0 0 0 0 0 0 0 0 0 0 0 0 0 0 0 0
 0 0 0 0 0 0 0 0 0 0 0 0 0 0 0 0 0 0 0 0 0 0 0 0 0 0 0 0 0 0 0 0 0 0 0 0 0
 0 0 0 0 0 0 0 0 0 0 0 0 0 0 0 0 0 0 0 0 0 0 0 0 0 0 0 0 0 0 0 0 0 0 0 0 0
 0 0 0 0 0 0 0 0 0 0 0 0 0 0 0 0 0 0 0 0 0 0 0 0 0 0 0 0 0 0 0 0 0 0 0 0 0
 0 0 0 0 0 0 0 0 0 0 0 0 0 0 0 0 0 0 0 0 0 0 0 0 0 0 0 0 0 0 0 0 0 0 0 0 1
 1 1 1 1 1 1 1 1 1 1 1 1 1 1 1 1 1 1 1 1 1 1 1 1 1 1 1 1 1 1 1 1 1 1 1 1 1
 1 1 1 1 1 1 1 1 1 1 1 1 1 1 1 1 1 1 1 1 1 1 1 1 1 1 1 1 1 1 1 1 1 1 1 1 1
 1 1 1 1 1 1 1 1 1 1 1 1 1 1 1 1 1 1 1 1 1 1 1 1 1 1 1 1 1 1 1 1 1 1 1 1 1
 1 1 1 1 1 1 1 1 1 1 1 1 1 1 1 1 1 1 1 1 1 1 1 1 1 1 1 1 1 1 1 1 1 1 1 1 1
 1 1 1 1 1 1 1 1 1 1 1 1 1 1 1 1 1 1 1]
Confusion Matrix:
[[295   0]
 [  0 168]]
Accuracy: 100.00%
F1 Score: 1.0000
Precision: 1.0000
Recall: 1.0000
MCC: 1.0000

============================================================
Test subject: S17, Range: [6418, 6894]
============================================================
Train: 5455 samples, Val: 963 samples, Test: 476 samples
fourier enhanced block used!
modes=32, index=[1, 3, 5, 9, 10, 13, 14, 16, 17, 18, 19, 20, 21, 22, 23, 25, 26, 27, 29, 30, 31, 39, 41, 46, 47, 54, 55, 56, 58, 59, 60, 63]
fourier enhanced block used!
modes=32, index=[0, 1, 2, 3, 4, 5, 6, 7, 8, 9, 10, 11, 12, 13, 14, 15, 16, 17, 18, 19, 20, 21, 22, 23, 24, 25, 26, 27, 28, 29, 30, 31]
 fourier enhanced cross attention used!
modes_q=32, index_q=[0, 1, 2, 3, 4, 5, 6, 7, 8, 9, 10, 11, 12, 13, 14, 15, 16, 17, 18, 19, 20, 21, 22, 23, 24, 25, 26, 27, 28, 29, 30, 31]
modes_kv=32, index_kv=[0, 3, 4, 5, 7, 8, 9, 10, 15, 16, 17, 19, 21, 23, 24, 25, 27, 28, 29, 31, 36, 38, 39, 41, 46, 47, 48, 49, 55, 59, 61, 63]
Epoch [1/100]
  Train Loss: 0.5782 | Train Acc: 76.96%
  Val Loss: 0.6673 | Val Acc: 79.02%
  Learning rate: 0.001000
  New best model! Val Loss improved to 0.6673
Epoch [2/100]
  Train Loss: 0.4621 | Train Acc: 82.99%
  Val Loss: 0.5743 | Val Acc: 81.52%
  Learning rate: 0.001000
  New best model! Val Loss improved to 0.5743
Epoch [3/100]
  Train Loss: 0.3684 | Train Acc: 86.67%
  Val Loss: 0.6087 | Val Acc: 79.85%
  Learning rate: 0.001000
  No improvement. Patience: 1/8
Epoch [4/100]
  Train Loss: 0.3467 | Train Acc: 87.86%
  Val Loss: 0.4510 | Val Acc: 84.74%
  Learning rate: 0.001000
  New best model! Val Loss improved to 0.4510
Epoch [5/100]
  Train Loss: 0.3030 | Train Acc: 89.90%
  Val Loss: 0.9340 | Val Acc: 77.99%
  Learning rate: 0.001000
  No improvement. Patience: 1/8
Epoch [6/100]
  Train Loss: 0.2549 | Train Acc: 91.35%
  Val Loss: 0.4964 | Val Acc: 86.40%
  Learning rate: 0.001000
  No improvement. Patience: 2/8
Epoch [7/100]
  Train Loss: 0.2690 | Train Acc: 91.09%
  Val Loss: 0.7454 | Val Acc: 81.31%
  Learning rate: 0.001000
  No improvement. Patience: 3/8
Epoch [8/100]
  Train Loss: 0.1894 | Train Acc: 93.42%
  Val Loss: 1.3586 | Val Acc: 75.18%
  Learning rate: 0.000500
  No improvement. Patience: 4/8
Epoch [9/100]
  Train Loss: 0.1263 | Train Acc: 95.25%
  Val Loss: 1.0001 | Val Acc: 81.62%
  Learning rate: 0.000500
  No improvement. Patience: 5/8
Epoch [10/100]
  Train Loss: 0.0716 | Train Acc: 97.23%
  Val Loss: 0.8857 | Val Acc: 81.10%
  Learning rate: 0.000500
  No improvement. Patience: 6/8
Epoch [11/100]
  Train Loss: 0.0676 | Train Acc: 97.60%
  Val Loss: 0.7743 | Val Acc: 84.63%
  Learning rate: 0.000500
  No improvement. Patience: 7/8
Epoch [12/100]
  Train Loss: 0.0753 | Train Acc: 97.29%
  Val Loss: 1.1895 | Val Acc: 78.50%
  Learning rate: 0.000250
  No improvement. Patience: 8/8

Early stopping triggered after 12 epochs

Subject S17 Results:
Test Labels: [0 0 0 0 0 0 0 0 0 0 0 0 0 0 0 0 0 0 0 0 0 0 0 0 0 0 0 0 0 0 0 0 0 0 0 0 0
 0 0 0 0 0 0 0 0 0 0 0 0 0 0 0 0 0 0 0 0 0 0 0 0 0 0 0 0 0 0 0 0 0 0 0 0 0
 0 0 0 0 0 0 0 0 0 0 0 0 0 0 0 0 0 0 0 0 0 0 0 0 0 0 0 0 0 0 0 0 0 0 0 0 0
 0 0 0 0 0 0 0 0 0 0 0 0 0 0 0 0 0 0 0 0 0 0 0 0 0 0 0 0 0 0 0 0 0 0 0 0 0
 0 0 0 0 0 0 0 0 0 0 0 0 0 0 0 0 0 0 0 0 0 0 0 0 0 0 0 0 0 0 0 0 0 0 0 0 0
 0 0 0 0 0 0 0 0 0 0 0 0 0 0 0 0 0 0 0 0 0 0 0 0 0 0 0 0 0 0 0 0 0 0 0 0 0
 0 0 0 0 0 0 0 0 0 0 0 0 0 0 0 0 0 0 0 0 0 0 0 0 0 0 0 0 0 0 0 0 0 0 0 0 0
 0 0 0 0 0 0 0 0 0 0 0 0 0 0 0 0 0 0 0 0 0 0 0 0 0 0 0 0 0 0 0 0 0 0 0 0 1
 1 1 1 1 1 1 1 1 1 1 1 1 1 1 1 1 1 1 1 1 1 1 1 1 1 1 1 1 1 1 1 1 1 1 1 1 1
 1 1 1 1 1 1 1 1 1 1 1 1 1 1 1 1 1 1 1 1 1 1 1 1 1 1 1 1 1 1 1 1 1 1 1 1 1
 1 1 1 1 1 1 1 1 1 1 1 1 1 1 1 1 1 1 1 1 1 1 1 1 1 1 1 1 1 1 1 1 1 1 1 1 1
 1 1 1 1 1 1 1 1 1 1 1 1 1 1 1 1 1 1 1 1 1 1 1 1 1 1 1 1 1 1 1 1 1 1 1 1 1
 1 1 1 1 1 1 1 1 1 1 1 1 1 1 1 1 1 1 1 1 1 1 1 1 1 1 1 1 1 1 1 1]
Test Pred: [0 1 1 0 1 0 1 0 0 0 0 0 0 0 0 0 0 0 0 0 0 0 0 0 0 0 0 0 0 0 0 0 0 0 0 0 0
 0 0 0 0 0 0 0 0 0 0 0 0 0 0 0 0 0 0 0 0 0 0 0 0 0 0 0 0 1 0 0 0 0 0 0 0 0
 0 0 0 0 0 0 0 0 0 0 0 0 0 0 0 0 0 0 0 0 0 0 0 0 0 0 0 0 0 0 0 0 0 0 0 0 0
 0 0 0 0 0 0 0 0 0 0 0 0 0 0 0 0 0 0 0 0 0 0 0 0 0 0 0 0 0 0 0 0 0 0 0 0 0
 0 0 0 0 0 0 0 0 0 0 0 0 0 0 0 0 0 0 0 0 0 0 0 0 0 0 0 0 0 0 0 0 0 0 0 0 0
 0 0 0 0 0 0 0 0 0 0 0 0 0 0 1 0 1 0 0 0 0 0 0 0 0 0 0 0 0 0 0 0 0 0 0 0 0
 0 0 0 0 0 0 0 0 0 0 0 0 0 0 0 0 0 0 0 0 0 0 0 0 0 0 0 0 0 0 0 0 0 0 0 0 0
 0 0 0 0 0 0 0 0 0 0 0 0 1 1 0 1 0 0 0 0 0 1 0 0 0 0 0 1 1 0 0 0 0 0 0 0 1
 1 1 1 1 1 1 1 1 1 1 1 1 1 1 1 1 1 1 1 1 1 1 1 1 1 1 1 1 1 1 1 1 1 1 1 1 1
 1 1 1 1 1 1 1 1 1 1 1 1 1 1 1 1 1 1 1 1 1 1 1 1 1 1 1 1 1 1 1 1 1 1 1 1 1
 1 1 1 1 1 1 1 1 1 1 1 1 1 1 1 1 1 1 1 1 1 1 1 1 1 1 1 1 1 1 1 1 1 1 1 1 1
 1 1 1 1 1 1 1 1 1 1 1 1 1 1 1 1 1 1 1 1 1 1 1 1 1 1 1 1 1 1 1 1 1 1 1 1 1
 1 1 1 1 1 1 1 1 1 1 1 1 1 1 1 1 1 1 1 1 1 1 1 1 1 1 1 1 1 1 1 1]
Confusion Matrix:
[[282  13]
 [  0 181]]
Accuracy: 97.27%
F1 Score: 0.9729
Precision: 0.9745
Recall: 0.9727
MCC: 0.9444

============================================================
FEDFORMER CONFIGURATION
============================================================

Model Architecture:
  Task: classification
  Sequence Length: 128
  Input Features: 6
  Model Dimension: 64
  Attention Heads: 4
  Encoder Layers: 2
  Decoder Layers: 1
  Feed Forward Dim: 256
  Dropout: 0.1
  Activation: gelu

Training Configuration:
  Learning Rate: 0.001
  Epochs: 100
  Batch Size: 16
  Early Stopping Patience: 8
============================================================

Metrics of Each Subject:
============================================================
S2: Acc=64.77, F1=0.6495, Prec=0.6515, Rec=0.6477, MCC=0.2340
S3: Acc=90.56, F1=0.9041, Prec=0.9067, Rec=0.9056, MCC=0.7933
S4: Acc=65.26, F1=0.5221, Prec=0.7741, Rec=0.6526, MCC=0.1108
S5: Acc=12.61, F1=0.1445, Prec=0.1720, Rec=0.1261, MCC=-0.7606
S6: Acc=72.05, F1=0.6590, Prec=0.7881, Rec=0.7205, MCC=0.3778
S7: Acc=86.65, F1=0.8696, Prec=0.9034, Rec=0.8665, MCC=0.7585
S8: Acc=56.96, F1=0.5413, Prec=0.7893, Rec=0.5696, MCC=0.3726
S9: Acc=74.34, F1=0.7100, Prec=0.7601, Rec=0.7434, MCC=0.4110
S10: Acc=71.85, F1=0.6634, Prec=0.7992, Rec=0.7185, MCC=0.4182
S11: Acc=45.81, F1=0.3759, Prec=0.7543, Rec=0.4581, MCC=0.2249
S13: Acc=89.80, F1=0.8942, Prec=0.9076, Rec=0.8980, MCC=0.7826
S14: Acc=92.67, F1=0.9274, Prec=0.9303, Rec=0.9267, MCC=0.8472
S15: Acc=98.06, F1=0.9806, Prec=0.9808, Rec=0.9806, MCC=0.9586
S16: Acc=100.00, F1=1.0000, Prec=1.0000, Rec=1.0000, MCC=1.0000
S17: Acc=97.27, F1=0.9729, Prec=0.9745, Rec=0.9727, MCC=0.9444

Mean Metrics Across All Subjects:
============================================================
Accuracy:  74.58%
F1 Score:  0.7210
Precision: 0.8061
Recall:    0.7458
MCC:       0.4982
