Using device: cuda
{'S2': 440, 'S3': 445, 'S4': 449, 'S5': 460, 'S6': 458, 'S7': 457, 'S8': 460, 'S9': 456, 'S10': 476, 'S11': 465, 'S13': 461, 'S14': 464, 'S15': 464, 'S16': 463, 'S17': 476} 
 {'S2': [0, 440], 'S3': [440, 885], 'S4': [885, 1334], 'S5': [1334, 1794], 'S6': [1794, 2252], 'S7': [2252, 2709], 'S8': [2709, 3169], 'S9': [3169, 3625], 'S10': [3625, 4101], 'S11': [4101, 4566], 'S13': [4566, 5027], 'S14': [5027, 5491], 'S15': [5491, 5955], 'S16': [5955, 6418], 'S17': [6418, 6894]}

============================================================
Test subject: S2, Range: [0, 440]
============================================================
Train: 5485 samples, Val: 969 samples, Test: 440 samples
Epoch [1/100]
  Train Loss: 0.3124 | Train Acc: 88.04%
  Val Loss: 0.1340 | Val Acc: 96.70%
  Learning rate: 0.001000
  New best model! Val Loss improved to 0.1340
Epoch [2/100]
  Train Loss: 0.1309 | Train Acc: 95.48%
  Val Loss: 0.0778 | Val Acc: 97.83%
  Learning rate: 0.001000
  New best model! Val Loss improved to 0.0778
Epoch [3/100]
  Train Loss: 0.0630 | Train Acc: 98.18%
  Val Loss: 0.1152 | Val Acc: 97.83%
  Learning rate: 0.001000
  No improvement. Patience: 1/8
Epoch [4/100]
  Train Loss: 0.0388 | Train Acc: 98.94%
  Val Loss: 0.0296 | Val Acc: 98.76%
  Learning rate: 0.001000
  New best model! Val Loss improved to 0.0296
Epoch [5/100]
  Train Loss: 0.0392 | Train Acc: 98.89%
  Val Loss: 0.0361 | Val Acc: 98.97%
  Learning rate: 0.001000
  No improvement. Patience: 1/8
Epoch [6/100]
  Train Loss: 0.0274 | Train Acc: 99.18%
  Val Loss: 0.0456 | Val Acc: 98.86%
  Learning rate: 0.001000
  No improvement. Patience: 2/8
Epoch [7/100]
  Train Loss: 0.0358 | Train Acc: 99.22%
  Val Loss: 0.0519 | Val Acc: 98.76%
  Learning rate: 0.001000
  No improvement. Patience: 3/8
Epoch [8/100]
  Train Loss: 0.0118 | Train Acc: 99.65%
  Val Loss: 0.0791 | Val Acc: 98.97%
  Learning rate: 0.000500
  No improvement. Patience: 4/8
Epoch [9/100]
  Train Loss: 0.0039 | Train Acc: 99.89%
  Val Loss: 0.0221 | Val Acc: 99.59%
  Learning rate: 0.000500
  New best model! Val Loss improved to 0.0221
Epoch [10/100]
  Train Loss: 0.0009 | Train Acc: 99.96%
  Val Loss: 0.0296 | Val Acc: 99.38%
  Learning rate: 0.000500
  No improvement. Patience: 1/8
Epoch [11/100]
  Train Loss: 0.0021 | Train Acc: 99.95%
  Val Loss: 0.0465 | Val Acc: 99.38%
  Learning rate: 0.000500
  No improvement. Patience: 2/8
Epoch [12/100]
  Train Loss: 0.0040 | Train Acc: 99.85%
  Val Loss: 0.0295 | Val Acc: 99.69%
  Learning rate: 0.000500
  No improvement. Patience: 3/8
Epoch [13/100]
  Train Loss: 0.0009 | Train Acc: 99.96%
  Val Loss: 0.0358 | Val Acc: 99.69%
  Learning rate: 0.000250
  No improvement. Patience: 4/8
Epoch [14/100]
  Train Loss: 0.0001 | Train Acc: 100.00%
  Val Loss: 0.0247 | Val Acc: 99.69%
  Learning rate: 0.000250
  No improvement. Patience: 5/8
Epoch [15/100]
  Train Loss: 0.0001 | Train Acc: 100.00%
  Val Loss: 0.0323 | Val Acc: 99.69%
  Learning rate: 0.000250
  No improvement. Patience: 6/8
Epoch [16/100]
  Train Loss: 0.0000 | Train Acc: 100.00%
  Val Loss: 0.0222 | Val Acc: 99.69%
  Learning rate: 0.000250
  No improvement. Patience: 7/8
Epoch [17/100]
  Train Loss: 0.0000 | Train Acc: 100.00%
  Val Loss: 0.0281 | Val Acc: 99.59%
  Learning rate: 0.000125
  No improvement. Patience: 8/8

Early stopping triggered after 17 epochs

Subject S2 Results:
Test Labels: [0 0 0 0 0 0 0 0 0 0 0 0 0 0 0 0 0 0 0 0 0 0 0 0 0 0 0 0 0 0 0 0 0 0 0 0 0
 0 0 0 0 0 0 0 0 0 0 0 0 0 0 0 0 0 0 0 0 0 0 0 0 0 0 0 0 0 0 0 0 0 0 0 0 0
 0 0 0 0 0 0 0 0 0 0 0 0 0 0 0 0 0 0 0 0 0 0 0 0 0 0 0 0 0 0 0 0 0 0 0 0 0
 0 0 0 0 0 0 0 0 0 0 0 0 0 0 0 0 0 0 0 0 0 0 0 0 0 0 0 0 0 0 0 0 0 0 0 0 0
 0 0 0 0 0 0 0 0 0 0 0 0 0 0 0 0 0 0 0 0 0 0 0 0 0 0 0 0 0 0 0 0 0 0 0 0 0
 0 0 0 0 0 0 0 0 0 0 0 0 0 0 0 0 0 0 0 0 0 0 0 0 0 0 0 0 0 0 0 0 0 0 0 0 0
 0 0 0 0 0 0 0 0 0 0 0 0 0 0 0 0 0 0 0 0 0 0 0 0 0 0 0 0 0 0 0 0 0 0 0 0 0
 0 0 0 0 0 0 0 0 0 0 0 0 0 0 0 0 0 0 0 0 0 0 0 0 0 0 0 1 1 1 1 1 1 1 1 1 1
 1 1 1 1 1 1 1 1 1 1 1 1 1 1 1 1 1 1 1 1 1 1 1 1 1 1 1 1 1 1 1 1 1 1 1 1 1
 1 1 1 1 1 1 1 1 1 1 1 1 1 1 1 1 1 1 1 1 1 1 1 1 1 1 1 1 1 1 1 1 1 1 1 1 1
 1 1 1 1 1 1 1 1 1 1 1 1 1 1 1 1 1 1 1 1 1 1 1 1 1 1 1 1 1 1 1 1 1 1 1 1 1
 1 1 1 1 1 1 1 1 1 1 1 1 1 1 1 1 1 1 1 1 1 1 1 1 1 1 1 1 1 1 1 1 1]
Test Pred: [0 0 0 0 0 0 0 0 0 0 0 0 0 0 0 0 0 0 0 0 0 0 0 0 0 0 0 0 0 0 0 0 0 0 0 0 0
 0 0 0 0 0 0 0 0 0 0 0 0 0 0 0 0 0 0 0 0 0 0 0 0 0 0 0 0 0 0 0 0 0 0 0 0 0
 0 0 0 0 0 0 0 0 0 0 0 0 0 0 0 0 0 0 0 0 0 0 0 0 0 0 0 0 0 0 0 0 0 0 0 0 0
 0 0 0 0 0 0 0 0 0 0 0 0 0 0 0 0 0 0 0 0 0 0 0 0 0 0 0 0 0 0 0 0 0 0 0 0 0
 0 0 0 0 0 0 0 0 0 0 0 0 0 0 0 0 0 0 0 0 0 0 0 0 0 0 0 0 0 0 0 0 0 0 0 0 0
 0 0 0 0 0 0 0 0 0 0 0 0 0 0 0 0 0 0 0 0 0 0 0 0 0 0 0 0 0 0 0 0 0 0 0 0 0
 0 0 0 0 0 0 0 0 0 0 0 0 0 0 0 0 0 0 0 0 0 0 0 0 0 0 0 0 0 0 0 0 0 0 0 0 0
 0 0 0 0 0 0 0 0 0 0 0 0 0 0 0 0 0 0 0 0 0 0 0 0 0 0 0 0 0 0 0 0 0 0 0 0 0
 0 0 0 0 0 0 0 0 0 0 0 0 0 0 0 0 0 0 0 0 0 0 0 0 0 0 0 0 0 0 0 0 0 0 0 0 0
 0 0 0 0 0 0 0 0 0 0 0 0 0 0 0 0 0 0 0 0 0 0 0 0 0 0 0 0 0 0 0 0 0 0 0 0 0
 0 0 0 0 0 0 0 0 0 0 0 0 0 0 0 0 0 0 0 0 0 0 0 0 0 0 0 0 0 0 0 0 0 0 0 0 0
 0 0 0 0 0 0 0 0 0 0 0 0 0 0 0 0 0 0 0 0 0 0 0 0 0 0 0 0 0 0 0 0 0]
Confusion Matrix:
[[286   0]
 [154   0]]
Accuracy: 65.00%
F1 Score: 0.5121
Precision: 0.4225
Recall: 0.6500
MCC: 0.0000

============================================================
Test subject: S3, Range: [440, 885]
============================================================
Train: 5481 samples, Val: 968 samples, Test: 445 samples
Epoch [1/100]
  Train Loss: 0.3518 | Train Acc: 86.64%
  Val Loss: 0.3426 | Val Acc: 88.95%
  Learning rate: 0.001000
  New best model! Val Loss improved to 0.3426
Epoch [2/100]
  Train Loss: 0.1352 | Train Acc: 95.71%
  Val Loss: 0.2119 | Val Acc: 94.01%
  Learning rate: 0.001000
  New best model! Val Loss improved to 0.2119
Epoch [3/100]
  Train Loss: 0.0741 | Train Acc: 98.01%
  Val Loss: 0.1496 | Val Acc: 96.07%
  Learning rate: 0.001000
  New best model! Val Loss improved to 0.1496
Epoch [4/100]
  Train Loss: 0.0631 | Train Acc: 98.50%
  Val Loss: 0.0786 | Val Acc: 98.45%
  Learning rate: 0.001000
  New best model! Val Loss improved to 0.0786
Epoch [5/100]
  Train Loss: 0.0328 | Train Acc: 99.07%
  Val Loss: 0.0141 | Val Acc: 99.79%
  Learning rate: 0.001000
  New best model! Val Loss improved to 0.0141
Epoch [6/100]
  Train Loss: 0.0302 | Train Acc: 99.29%
  Val Loss: 0.0144 | Val Acc: 99.38%
  Learning rate: 0.001000
  No improvement. Patience: 1/8
Epoch [7/100]
  Train Loss: 0.0271 | Train Acc: 99.45%
  Val Loss: 0.0428 | Val Acc: 99.17%
  Learning rate: 0.001000
  No improvement. Patience: 2/8
Epoch [8/100]
  Train Loss: 0.0339 | Train Acc: 99.22%
  Val Loss: 0.0435 | Val Acc: 98.76%
  Learning rate: 0.001000
  No improvement. Patience: 3/8
Epoch [9/100]
  Train Loss: 0.0374 | Train Acc: 99.18%
  Val Loss: 0.0686 | Val Acc: 98.45%
  Learning rate: 0.000500
  No improvement. Patience: 4/8
Epoch [10/100]
  Train Loss: 0.0039 | Train Acc: 99.80%
  Val Loss: 0.0131 | Val Acc: 99.79%
  Learning rate: 0.000500
  No improvement. Patience: 5/8
Epoch [11/100]
  Train Loss: 0.0009 | Train Acc: 99.95%
  Val Loss: 0.0132 | Val Acc: 99.90%
  Learning rate: 0.000500
  No improvement. Patience: 6/8
Epoch [12/100]
  Train Loss: 0.0001 | Train Acc: 100.00%
  Val Loss: 0.0125 | Val Acc: 99.90%
  Learning rate: 0.000500
  New best model! Val Loss improved to 0.0125
Epoch [13/100]
  Train Loss: 0.0002 | Train Acc: 100.00%
  Val Loss: 0.0124 | Val Acc: 99.69%
  Learning rate: 0.000500
  No improvement. Patience: 1/8
Epoch [14/100]
  Train Loss: 0.0011 | Train Acc: 99.98%
  Val Loss: 0.0136 | Val Acc: 99.79%
  Learning rate: 0.000500
  No improvement. Patience: 2/8
Epoch [15/100]
  Train Loss: 0.0038 | Train Acc: 99.89%
  Val Loss: 0.0068 | Val Acc: 99.69%
  Learning rate: 0.000500
  New best model! Val Loss improved to 0.0068
Epoch [16/100]
  Train Loss: 0.0124 | Train Acc: 99.73%
  Val Loss: 0.0333 | Val Acc: 99.48%
  Learning rate: 0.000500
  No improvement. Patience: 1/8
Epoch [17/100]
  Train Loss: 0.0081 | Train Acc: 99.78%
  Val Loss: 0.0085 | Val Acc: 99.69%
  Learning rate: 0.000500
  No improvement. Patience: 2/8
Epoch [18/100]
  Train Loss: 0.0027 | Train Acc: 99.93%
  Val Loss: 0.0222 | Val Acc: 99.69%
  Learning rate: 0.000500
  No improvement. Patience: 3/8
Epoch [19/100]
  Train Loss: 0.0103 | Train Acc: 99.78%
  Val Loss: 0.0347 | Val Acc: 99.48%
  Learning rate: 0.000250
  No improvement. Patience: 4/8
Epoch [20/100]
  Train Loss: 0.0001 | Train Acc: 100.00%
  Val Loss: 0.0107 | Val Acc: 99.69%
  Learning rate: 0.000250
  No improvement. Patience: 5/8
Epoch [21/100]
  Train Loss: 0.0000 | Train Acc: 100.00%
  Val Loss: 0.0101 | Val Acc: 99.90%
  Learning rate: 0.000250
  No improvement. Patience: 6/8
Epoch [22/100]
  Train Loss: 0.0000 | Train Acc: 100.00%
  Val Loss: 0.0118 | Val Acc: 99.90%
  Learning rate: 0.000250
  No improvement. Patience: 7/8
Epoch [23/100]
  Train Loss: 0.0000 | Train Acc: 100.00%
  Val Loss: 0.0120 | Val Acc: 99.90%
  Learning rate: 0.000125
  No improvement. Patience: 8/8

Early stopping triggered after 23 epochs

Subject S3 Results:
Test Labels: [0 0 0 0 0 0 0 0 0 0 0 0 0 0 0 0 0 0 0 0 0 0 0 0 0 0 0 0 0 0 0 0 0 0 0 0 0
 0 0 0 0 0 0 0 0 0 0 0 0 0 0 0 0 0 0 0 0 0 0 0 0 0 0 0 0 0 0 0 0 0 0 0 0 0
 0 0 0 0 0 0 0 0 0 0 0 0 0 0 0 0 0 0 0 0 0 0 0 0 0 0 0 0 0 0 0 0 0 0 0 0 0
 0 0 0 0 0 0 0 0 0 0 0 0 0 0 0 0 0 0 0 0 0 0 0 0 0 0 0 0 0 0 0 0 0 0 0 0 0
 0 0 0 0 0 0 0 0 0 0 0 0 0 0 0 0 0 0 0 0 0 0 0 0 0 0 0 0 0 0 0 0 0 0 0 0 0
 0 0 0 0 0 0 0 0 0 0 0 0 0 0 0 0 0 0 0 0 0 0 0 0 0 0 0 0 0 0 0 0 0 0 0 0 0
 0 0 0 0 0 0 0 0 0 0 0 0 0 0 0 0 0 0 0 0 0 0 0 0 0 0 0 0 0 0 0 0 0 0 0 0 0
 0 0 0 0 0 0 0 0 0 0 0 0 0 0 0 0 0 0 0 0 0 0 0 0 0 0 1 1 1 1 1 1 1 1 1 1 1
 1 1 1 1 1 1 1 1 1 1 1 1 1 1 1 1 1 1 1 1 1 1 1 1 1 1 1 1 1 1 1 1 1 1 1 1 1
 1 1 1 1 1 1 1 1 1 1 1 1 1 1 1 1 1 1 1 1 1 1 1 1 1 1 1 1 1 1 1 1 1 1 1 1 1
 1 1 1 1 1 1 1 1 1 1 1 1 1 1 1 1 1 1 1 1 1 1 1 1 1 1 1 1 1 1 1 1 1 1 1 1 1
 1 1 1 1 1 1 1 1 1 1 1 1 1 1 1 1 1 1 1 1 1 1 1 1 1 1 1 1 1 1 1 1 1 1 1 1 1
 1]
Test Pred: [1 1 1 1 1 1 1 1 1 1 1 1 1 1 1 1 1 1 1 1 1 1 1 1 1 1 1 1 1 1 1 1 1 1 1 1 1
 1 1 1 1 1 1 1 1 1 1 1 1 1 1 1 1 1 1 1 1 1 1 1 1 1 1 1 1 1 0 0 0 1 1 0 0 0
 0 1 0 1 0 1 1 1 1 0 0 0 0 0 0 0 0 0 0 0 0 0 0 1 1 1 1 1 0 0 0 0 0 0 0 1 0
 0 0 0 0 0 0 0 1 1 0 1 0 1 0 0 0 0 0 1 0 0 0 1 0 1 1 0 0 0 0 0 1 1 1 0 1 1
 1 1 1 1 1 0 0 1 1 1 1 1 1 1 1 1 1 1 1 1 1 1 1 1 1 1 1 1 1 1 1 1 1 1 1 1 1
 1 1 1 1 1 1 1 1 1 1 1 0 0 0 0 0 0 0 0 0 0 0 0 0 0 1 0 0 0 0 1 0 0 1 1 1 1
 1 1 1 1 1 1 1 1 1 1 1 1 1 1 1 1 1 1 1 1 1 1 1 1 1 1 1 1 1 1 1 1 1 1 1 1 1
 1 1 1 1 1 1 1 1 0 1 1 1 1 1 1 1 1 1 1 1 1 1 1 1 1 1 1 1 1 1 1 1 1 1 1 1 1
 1 1 1 1 1 0 1 1 1 1 1 1 0 0 0 0 0 0 0 0 0 0 0 0 0 0 0 0 0 1 1 1 1 1 1 1 1
 1 1 0 0 0 1 0 1 1 1 1 0 0 0 0 0 0 0 0 0 1 1 0 1 0 0 0 0 0 0 0 1 0 0 0 0 0
 0 0 0 0 0 0 0 0 0 1 0 0 0 0 0 0 0 0 1 0 0 0 0 0 0 1 0 0 0 0 0 0 1 0 0 1 0
 0 0 0 1 0 1 0 1 1 0 1 1 1 1 0 1 1 1 1 1 0 1 1 0 0 1 1 1 1 1 0 0 1 0 0 1 1
 0]
Confusion Matrix:
[[ 78 207]
 [ 91  69]]
Accuracy: 33.03%
F1 Score: 0.3339
Precision: 0.3855
Recall: 0.3303
MCC: -0.2917

============================================================
Test subject: S4, Range: [885, 1334]
============================================================
Train: 5478 samples, Val: 967 samples, Test: 449 samples
Epoch [1/100]
  Train Loss: 0.3684 | Train Acc: 86.16%
  Val Loss: 0.1053 | Val Acc: 96.07%
  Learning rate: 0.001000
  New best model! Val Loss improved to 0.1053
Epoch [2/100]
  Train Loss: 0.1305 | Train Acc: 96.15%
  Val Loss: 0.1415 | Val Acc: 95.04%
  Learning rate: 0.001000
  No improvement. Patience: 1/8
Epoch [3/100]
  Train Loss: 0.0808 | Train Acc: 97.83%
  Val Loss: 0.0479 | Val Acc: 98.55%
  Learning rate: 0.001000
  New best model! Val Loss improved to 0.0479
Epoch [4/100]
  Train Loss: 0.0487 | Train Acc: 98.58%
  Val Loss: 0.0443 | Val Acc: 98.45%
  Learning rate: 0.001000
  New best model! Val Loss improved to 0.0443
Epoch [5/100]
  Train Loss: 0.0298 | Train Acc: 99.09%
  Val Loss: 0.0483 | Val Acc: 99.28%
  Learning rate: 0.001000
  No improvement. Patience: 1/8
Epoch [6/100]
  Train Loss: 0.0173 | Train Acc: 99.42%
  Val Loss: 0.0287 | Val Acc: 98.76%
  Learning rate: 0.001000
  New best model! Val Loss improved to 0.0287
Epoch [7/100]
  Train Loss: 0.0275 | Train Acc: 99.12%
  Val Loss: 0.0459 | Val Acc: 98.97%
  Learning rate: 0.001000
  No improvement. Patience: 1/8
Epoch [8/100]
  Train Loss: 0.0189 | Train Acc: 99.36%
  Val Loss: 0.0133 | Val Acc: 99.69%
  Learning rate: 0.001000
  New best model! Val Loss improved to 0.0133
Epoch [9/100]
  Train Loss: 0.0215 | Train Acc: 99.47%
  Val Loss: 0.0473 | Val Acc: 99.28%
  Learning rate: 0.001000
  No improvement. Patience: 1/8
Epoch [10/100]
  Train Loss: 0.0364 | Train Acc: 99.23%
  Val Loss: 0.0615 | Val Acc: 98.14%
  Learning rate: 0.001000
  No improvement. Patience: 2/8
Epoch [11/100]
  Train Loss: 0.0279 | Train Acc: 99.32%
  Val Loss: 0.1136 | Val Acc: 97.72%
  Learning rate: 0.001000
  No improvement. Patience: 3/8
Epoch [12/100]
  Train Loss: 0.0192 | Train Acc: 99.51%
  Val Loss: 0.0131 | Val Acc: 99.69%
  Learning rate: 0.001000
  No improvement. Patience: 4/8
Epoch [13/100]
  Train Loss: 0.0112 | Train Acc: 99.74%
  Val Loss: 0.0264 | Val Acc: 99.48%
  Learning rate: 0.001000
  No improvement. Patience: 5/8
Epoch [14/100]
  Train Loss: 0.0431 | Train Acc: 99.29%
  Val Loss: 0.0931 | Val Acc: 99.38%
  Learning rate: 0.001000
  No improvement. Patience: 6/8
Epoch [15/100]
  Train Loss: 0.0248 | Train Acc: 99.54%
  Val Loss: 0.0018 | Val Acc: 99.90%
  Learning rate: 0.001000
  New best model! Val Loss improved to 0.0018
Epoch [16/100]
  Train Loss: 0.0100 | Train Acc: 99.80%
  Val Loss: 0.0473 | Val Acc: 99.17%
  Learning rate: 0.001000
  No improvement. Patience: 1/8
Epoch [17/100]
  Train Loss: 0.0133 | Train Acc: 99.63%
  Val Loss: 0.0290 | Val Acc: 99.38%
  Learning rate: 0.001000
  No improvement. Patience: 2/8
Epoch [18/100]
  Train Loss: 0.0074 | Train Acc: 99.84%
  Val Loss: 0.0219 | Val Acc: 99.59%
  Learning rate: 0.001000
  No improvement. Patience: 3/8
Epoch [19/100]
  Train Loss: 0.0207 | Train Acc: 99.71%
  Val Loss: 0.0201 | Val Acc: 99.59%
  Learning rate: 0.000500
  No improvement. Patience: 4/8
Epoch [20/100]
  Train Loss: 0.0053 | Train Acc: 99.85%
  Val Loss: 0.0127 | Val Acc: 99.90%
  Learning rate: 0.000500
  No improvement. Patience: 5/8
Epoch [21/100]
  Train Loss: 0.0026 | Train Acc: 99.91%
  Val Loss: 0.0139 | Val Acc: 99.69%
  Learning rate: 0.000500
  No improvement. Patience: 6/8
Epoch [22/100]
  Train Loss: 0.0050 | Train Acc: 99.93%
  Val Loss: 0.0012 | Val Acc: 99.90%
  Learning rate: 0.000500
  No improvement. Patience: 7/8
Epoch [23/100]
  Train Loss: 0.0017 | Train Acc: 99.95%
  Val Loss: 0.0186 | Val Acc: 99.48%
  Learning rate: 0.000500
  No improvement. Patience: 8/8

Early stopping triggered after 23 epochs

Subject S4 Results:
Test Labels: [0 0 0 0 0 0 0 0 0 0 0 0 0 0 0 0 0 0 0 0 0 0 0 0 0 0 0 0 0 0 0 0 0 0 0 0 0
 0 0 0 0 0 0 0 0 0 0 0 0 0 0 0 0 0 0 0 0 0 0 0 0 0 0 0 0 0 0 0 0 0 0 0 0 0
 0 0 0 0 0 0 0 0 0 0 0 0 0 0 0 0 0 0 0 0 0 0 0 0 0 0 0 0 0 0 0 0 0 0 0 0 0
 0 0 0 0 0 0 0 0 0 0 0 0 0 0 0 0 0 0 0 0 0 0 0 0 0 0 0 0 0 0 0 0 0 0 0 0 0
 0 0 0 0 0 0 0 0 0 0 0 0 0 0 0 0 0 0 0 0 0 0 0 0 0 0 0 0 0 0 0 0 0 0 0 0 0
 0 0 0 0 0 0 0 0 0 0 0 0 0 0 0 0 0 0 0 0 0 0 0 0 0 0 0 0 0 0 0 0 0 0 0 0 0
 0 0 0 0 0 0 0 0 0 0 0 0 0 0 0 0 0 0 0 0 0 0 0 0 0 0 0 0 0 0 0 0 0 0 0 0 0
 0 0 0 0 0 0 0 0 0 0 0 0 0 0 0 0 0 0 0 0 0 0 0 0 0 0 0 0 0 0 0 1 1 1 1 1 1
 1 1 1 1 1 1 1 1 1 1 1 1 1 1 1 1 1 1 1 1 1 1 1 1 1 1 1 1 1 1 1 1 1 1 1 1 1
 1 1 1 1 1 1 1 1 1 1 1 1 1 1 1 1 1 1 1 1 1 1 1 1 1 1 1 1 1 1 1 1 1 1 1 1 1
 1 1 1 1 1 1 1 1 1 1 1 1 1 1 1 1 1 1 1 1 1 1 1 1 1 1 1 1 1 1 1 1 1 1 1 1 1
 1 1 1 1 1 1 1 1 1 1 1 1 1 1 1 1 1 1 1 1 1 1 1 1 1 1 1 1 1 1 1 1 1 1 1 1 1
 1 1 1 1 1]
Test Pred: [0 0 0 0 0 0 0 0 0 0 0 0 0 0 0 0 0 0 0 0 0 0 0 0 0 0 0 0 0 0 0 0 0 0 0 0 0
 0 0 0 0 0 0 0 0 0 0 0 0 0 0 0 0 0 0 0 0 0 0 0 0 0 0 0 0 0 0 0 0 0 0 0 0 0
 0 0 0 0 0 0 0 0 0 0 0 0 0 0 0 0 0 0 0 0 0 0 0 0 0 0 0 0 0 0 0 0 0 0 0 0 0
 0 0 0 0 0 0 0 0 0 0 0 0 0 0 0 0 0 0 0 0 0 0 0 0 0 0 0 0 0 0 0 0 0 0 0 0 0
 0 0 0 0 0 0 0 0 0 0 0 0 0 0 0 0 0 0 0 0 0 0 0 0 0 0 0 0 0 0 0 0 0 0 0 0 0
 0 0 0 0 0 0 0 0 0 0 0 0 0 0 0 0 0 0 0 0 0 0 0 0 0 0 0 0 0 0 0 0 0 0 0 0 0
 0 0 0 0 0 0 0 0 0 0 0 0 0 0 0 0 0 0 0 0 0 0 0 0 0 0 0 0 0 0 0 0 0 0 0 0 0
 0 0 0 0 0 0 0 0 0 0 0 0 0 0 0 0 0 0 0 0 0 0 0 0 0 0 0 0 0 0 0 0 0 0 0 0 0
 0 0 0 0 0 0 0 0 0 0 0 0 0 0 0 0 0 0 0 0 0 0 0 0 0 0 0 0 0 0 0 0 0 0 0 0 0
 0 0 0 0 0 0 0 0 0 0 0 0 0 0 0 0 0 0 0 0 0 0 0 0 0 0 0 0 0 0 0 0 0 0 0 0 0
 0 0 0 0 0 0 0 0 0 0 0 0 0 0 0 0 0 0 0 0 0 0 0 0 0 0 0 0 0 0 0 0 0 0 0 0 0
 0 0 0 0 0 0 0 0 0 0 0 0 0 0 0 0 0 0 0 0 0 0 0 0 0 0 0 0 0 0 0 0 0 0 1 0 0
 0 0 0 0 0]
Confusion Matrix:
[[290   0]
 [158   1]]
Accuracy: 64.81%
F1 Score: 0.5120
Precision: 0.7722
Recall: 0.6481
MCC: 0.0638

============================================================
Test subject: S5, Range: [1334, 1794]
============================================================
Train: 5468 samples, Val: 966 samples, Test: 460 samples
Epoch [1/100]
  Train Loss: 0.2806 | Train Acc: 89.25%
  Val Loss: 0.2241 | Val Acc: 94.62%
  Learning rate: 0.001000
  New best model! Val Loss improved to 0.2241
Epoch [2/100]
  Train Loss: 0.0945 | Train Acc: 97.00%
  Val Loss: 0.0570 | Val Acc: 98.14%
  Learning rate: 0.001000
  New best model! Val Loss improved to 0.0570
Epoch [3/100]
  Train Loss: 0.0697 | Train Acc: 98.26%
  Val Loss: 0.0796 | Val Acc: 98.24%
  Learning rate: 0.001000
  No improvement. Patience: 1/8
Epoch [4/100]
  Train Loss: 0.0487 | Train Acc: 98.76%
  Val Loss: 0.0267 | Val Acc: 99.07%
  Learning rate: 0.001000
  New best model! Val Loss improved to 0.0267
Epoch [5/100]
  Train Loss: 0.0326 | Train Acc: 99.09%
  Val Loss: 0.0516 | Val Acc: 99.07%
  Learning rate: 0.001000
  No improvement. Patience: 1/8
Epoch [6/100]
  Train Loss: 0.0309 | Train Acc: 99.36%
  Val Loss: 0.0740 | Val Acc: 98.65%
  Learning rate: 0.001000
  No improvement. Patience: 2/8
Epoch [7/100]
  Train Loss: 0.0255 | Train Acc: 99.38%
  Val Loss: 0.0119 | Val Acc: 99.59%
  Learning rate: 0.001000
  New best model! Val Loss improved to 0.0119
Epoch [8/100]
  Train Loss: 0.0249 | Train Acc: 99.45%
  Val Loss: 0.0330 | Val Acc: 99.28%
  Learning rate: 0.001000
  No improvement. Patience: 1/8
Epoch [9/100]
  Train Loss: 0.0206 | Train Acc: 99.43%
  Val Loss: 0.0875 | Val Acc: 98.65%
  Learning rate: 0.001000
  No improvement. Patience: 2/8
Epoch [10/100]
  Train Loss: 0.0235 | Train Acc: 99.45%
  Val Loss: 0.0518 | Val Acc: 99.28%
  Learning rate: 0.001000
  No improvement. Patience: 3/8
Epoch [11/100]
  Train Loss: 0.0229 | Train Acc: 99.52%
  Val Loss: 0.0350 | Val Acc: 99.59%
  Learning rate: 0.000500
  No improvement. Patience: 4/8
Epoch [12/100]
  Train Loss: 0.0014 | Train Acc: 99.93%
  Val Loss: 0.0425 | Val Acc: 99.17%
  Learning rate: 0.000500
  No improvement. Patience: 5/8
Epoch [13/100]
  Train Loss: 0.0008 | Train Acc: 99.98%
  Val Loss: 0.0319 | Val Acc: 99.59%
  Learning rate: 0.000500
  No improvement. Patience: 6/8
Epoch [14/100]
  Train Loss: 0.0011 | Train Acc: 99.98%
  Val Loss: 0.0265 | Val Acc: 99.59%
  Learning rate: 0.000500
  No improvement. Patience: 7/8
Epoch [15/100]
  Train Loss: 0.0020 | Train Acc: 99.91%
  Val Loss: 0.0271 | Val Acc: 99.69%
  Learning rate: 0.000250
  No improvement. Patience: 8/8

Early stopping triggered after 15 epochs

Subject S5 Results:
Test Labels: [0 0 0 0 0 0 0 0 0 0 0 0 0 0 0 0 0 0 0 0 0 0 0 0 0 0 0 0 0 0 0 0 0 0 0 0 0
 0 0 0 0 0 0 0 0 0 0 0 0 0 0 0 0 0 0 0 0 0 0 0 0 0 0 0 0 0 0 0 0 0 0 0 0 0
 0 0 0 0 0 0 0 0 0 0 0 0 0 0 0 0 0 0 0 0 0 0 0 0 0 0 0 0 0 0 0 0 0 0 0 0 0
 0 0 0 0 0 0 0 0 0 0 0 0 0 0 0 0 0 0 0 0 0 0 0 0 0 0 0 0 0 0 0 0 0 0 0 0 0
 0 0 0 0 0 0 0 0 0 0 0 0 0 0 0 0 0 0 0 0 0 0 0 0 0 0 0 0 0 0 0 0 0 0 0 0 0
 0 0 0 0 0 0 0 0 0 0 0 0 0 0 0 0 0 0 0 0 0 0 0 0 0 0 0 0 0 0 0 0 0 0 0 0 0
 0 0 0 0 0 0 0 0 0 0 0 0 0 0 0 0 0 0 0 0 0 0 0 0 0 0 0 0 0 0 0 0 0 0 0 0 0
 0 0 0 0 0 0 0 0 0 0 0 0 0 0 0 0 0 0 0 0 0 0 0 0 0 0 0 0 0 0 0 0 0 0 0 0 0
 0 0 0 1 1 1 1 1 1 1 1 1 1 1 1 1 1 1 1 1 1 1 1 1 1 1 1 1 1 1 1 1 1 1 1 1 1
 1 1 1 1 1 1 1 1 1 1 1 1 1 1 1 1 1 1 1 1 1 1 1 1 1 1 1 1 1 1 1 1 1 1 1 1 1
 1 1 1 1 1 1 1 1 1 1 1 1 1 1 1 1 1 1 1 1 1 1 1 1 1 1 1 1 1 1 1 1 1 1 1 1 1
 1 1 1 1 1 1 1 1 1 1 1 1 1 1 1 1 1 1 1 1 1 1 1 1 1 1 1 1 1 1 1 1 1 1 1 1 1
 1 1 1 1 1 1 1 1 1 1 1 1 1 1 1 1]
Test Pred: [0 0 0 1 0 0 0 1 1 1 0 1 0 0 0 0 0 1 0 0 0 1 0 0 0 0 0 0 0 0 1 0 0 0 0 0 0
 0 0 0 0 1 1 0 1 1 1 1 1 1 1 1 1 1 1 1 1 1 1 1 1 1 1 1 1 1 1 1 1 1 1 1 1 1
 1 1 1 1 1 1 1 1 1 1 1 1 1 1 1 1 1 1 1 1 1 1 1 1 1 1 1 1 1 1 1 1 1 1 1 1 1
 1 1 1 1 1 1 1 1 1 1 1 1 1 1 1 1 1 1 1 1 1 1 1 1 1 1 1 1 1 1 1 1 1 1 1 1 1
 1 1 1 1 1 1 1 1 1 1 1 1 1 1 1 1 1 1 1 1 1 1 1 1 1 1 1 1 1 1 1 1 1 1 1 1 1
 1 1 1 1 1 1 1 1 1 1 1 1 1 1 1 1 1 1 1 1 1 1 1 1 1 1 1 1 1 1 1 1 1 1 1 1 1
 1 1 1 1 1 1 1 1 1 1 1 1 1 1 1 1 1 1 1 1 1 1 1 1 1 1 1 1 1 1 1 1 1 1 1 1 1
 1 1 1 1 1 1 1 1 1 1 1 1 1 1 1 1 1 1 1 1 1 1 1 1 1 1 1 1 1 1 1 1 1 1 1 1 1
 1 1 1 0 0 1 0 0 0 0 0 0 0 0 0 0 0 0 0 0 0 0 0 0 0 0 0 0 0 0 0 0 0 0 0 0 0
 0 0 0 0 0 0 0 0 0 0 0 0 0 0 0 0 1 1 0 0 0 0 0 0 1 0 1 0 1 0 0 0 0 1 1 1 1
 1 0 1 0 1 1 1 1 1 0 1 1 1 1 1 0 1 1 1 0 1 1 0 0 0 0 0 0 0 0 0 0 0 0 0 0 1
 0 0 0 0 0 0 0 0 0 0 1 0 0 0 0 0 0 0 0 0 0 0 0 0 0 0 1 0 0 0 0 1 0 0 0 0 0
 0 0 0 0 0 0 1 1 0 0 0 0 0 0 0 0]
Confusion Matrix:
[[ 34 265]
 [128  33]]
Accuracy: 14.57%
F1 Score: 0.1462
Precision: 0.1752
Recall: 0.1457
MCC: -0.6804

============================================================
Test subject: S6, Range: [1794, 2252]
============================================================
Train: 5470 samples, Val: 966 samples, Test: 458 samples
Epoch [1/100]
  Train Loss: 0.3460 | Train Acc: 86.60%
  Val Loss: 0.2563 | Val Acc: 91.93%
  Learning rate: 0.001000
  New best model! Val Loss improved to 0.2563
Epoch [2/100]
  Train Loss: 0.1089 | Train Acc: 96.47%
  Val Loss: 0.3107 | Val Acc: 95.45%
  Learning rate: 0.001000
  No improvement. Patience: 1/8
Epoch [3/100]
  Train Loss: 0.0627 | Train Acc: 98.23%
  Val Loss: 0.0272 | Val Acc: 99.17%
  Learning rate: 0.001000
  New best model! Val Loss improved to 0.0272
Epoch [4/100]
  Train Loss: 0.0473 | Train Acc: 98.70%
  Val Loss: 0.0300 | Val Acc: 98.65%
  Learning rate: 0.001000
  No improvement. Patience: 1/8
Epoch [5/100]
  Train Loss: 0.0320 | Train Acc: 99.18%
  Val Loss: 0.1781 | Val Acc: 96.07%
  Learning rate: 0.001000
  No improvement. Patience: 2/8
Epoch [6/100]
  Train Loss: 0.0331 | Train Acc: 99.01%
  Val Loss: 0.0451 | Val Acc: 99.17%
  Learning rate: 0.001000
  No improvement. Patience: 3/8
Epoch [7/100]
  Train Loss: 0.0320 | Train Acc: 99.12%
  Val Loss: 0.0270 | Val Acc: 99.28%
  Learning rate: 0.001000
  No improvement. Patience: 4/8
Epoch [8/100]
  Train Loss: 0.0389 | Train Acc: 99.31%
  Val Loss: 0.0500 | Val Acc: 98.96%
  Learning rate: 0.001000
  No improvement. Patience: 5/8
Epoch [9/100]
  Train Loss: 0.0267 | Train Acc: 99.41%
  Val Loss: 0.0282 | Val Acc: 99.38%
  Learning rate: 0.001000
  No improvement. Patience: 6/8
Epoch [10/100]
  Train Loss: 0.0177 | Train Acc: 99.58%
  Val Loss: 0.0357 | Val Acc: 98.96%
  Learning rate: 0.001000
  No improvement. Patience: 7/8
Epoch [11/100]
  Train Loss: 0.0158 | Train Acc: 99.65%
  Val Loss: 0.1316 | Val Acc: 98.24%
  Learning rate: 0.000500
  No improvement. Patience: 8/8

Early stopping triggered after 11 epochs

Subject S6 Results:
Test Labels: [0 0 0 0 0 0 0 0 0 0 0 0 0 0 0 0 0 0 0 0 0 0 0 0 0 0 0 0 0 0 0 0 0 0 0 0 0
 0 0 0 0 0 0 0 0 0 0 0 0 0 0 0 0 0 0 0 0 0 0 0 0 0 0 0 0 0 0 0 0 0 0 0 0 0
 0 0 0 0 0 0 0 0 0 0 0 0 0 0 0 0 0 0 0 0 0 0 0 0 0 0 0 0 0 0 0 0 0 0 0 0 0
 0 0 0 0 0 0 0 0 0 0 0 0 0 0 0 0 0 0 0 0 0 0 0 0 0 0 0 0 0 0 0 0 0 0 0 0 0
 0 0 0 0 0 0 0 0 0 0 0 0 0 0 0 0 0 0 0 0 0 0 0 0 0 0 0 0 0 0 0 0 0 0 0 0 0
 0 0 0 0 0 0 0 0 0 0 0 0 0 0 0 0 0 0 0 0 0 0 0 0 0 0 0 0 0 0 0 0 0 0 0 0 0
 0 0 0 0 0 0 0 0 0 0 0 0 0 0 0 0 0 0 0 0 0 0 0 0 0 0 0 0 0 0 0 0 0 0 0 0 0
 0 0 0 0 0 0 0 0 0 0 0 0 0 0 0 0 0 0 0 0 0 0 0 0 0 0 0 0 0 0 0 0 0 0 0 0 1
 1 1 1 1 1 1 1 1 1 1 1 1 1 1 1 1 1 1 1 1 1 1 1 1 1 1 1 1 1 1 1 1 1 1 1 1 1
 1 1 1 1 1 1 1 1 1 1 1 1 1 1 1 1 1 1 1 1 1 1 1 1 1 1 1 1 1 1 1 1 1 1 1 1 1
 1 1 1 1 1 1 1 1 1 1 1 1 1 1 1 1 1 1 1 1 1 1 1 1 1 1 1 1 1 1 1 1 1 1 1 1 1
 1 1 1 1 1 1 1 1 1 1 1 1 1 1 1 1 1 1 1 1 1 1 1 1 1 1 1 1 1 1 1 1 1 1 1 1 1
 1 1 1 1 1 1 1 1 1 1 1 1 1 1]
Test Pred: [0 0 0 0 0 0 0 0 0 0 0 0 0 0 0 0 0 0 0 0 0 0 0 0 0 0 0 0 0 0 0 0 0 0 0 0 0
 0 0 0 0 0 0 0 0 0 0 0 0 0 0 0 0 0 0 0 0 0 0 0 0 0 0 0 0 0 0 0 0 0 0 0 0 0
 0 0 0 0 0 0 0 0 0 0 0 0 0 0 0 0 0 0 0 0 0 0 0 0 0 0 0 0 0 0 0 0 0 0 0 0 0
 0 0 0 0 0 0 0 0 0 0 0 0 0 0 0 0 0 0 0 0 0 0 0 0 0 0 0 0 0 0 0 0 0 0 0 0 0
 0 0 0 0 0 0 0 0 0 0 0 0 0 0 0 0 0 0 0 0 0 0 0 0 0 0 0 0 0 0 1 1 1 0 0 0 0
 0 1 1 0 0 1 1 1 0 0 0 0 0 0 0 0 0 0 0 0 0 0 0 0 0 0 0 0 0 0 0 0 0 1 0 0 0
 0 0 0 0 0 0 0 0 0 0 0 0 0 0 0 0 0 0 0 0 0 0 0 0 0 0 0 0 0 0 0 0 0 0 0 0 0
 0 0 0 0 0 0 0 0 0 0 0 0 0 0 0 0 0 0 0 0 0 0 0 0 0 0 0 0 0 0 0 0 0 0 0 0 1
 1 1 1 1 1 1 1 1 1 1 1 1 1 1 1 1 1 1 1 1 1 1 1 1 1 1 1 1 1 1 1 1 1 1 1 1 1
 1 1 1 1 1 1 1 1 1 1 1 1 1 1 1 1 1 1 1 1 1 1 1 1 1 1 1 1 1 1 1 1 1 1 1 1 1
 1 1 1 1 1 1 1 1 1 1 1 1 1 1 1 1 1 1 1 1 1 1 1 1 1 1 1 1 1 1 1 0 1 1 0 1 1
 1 1 0 1 1 1 1 0 1 1 1 1 1 1 0 1 1 1 0 1 1 1 1 1 1 1 1 1 1 1 1 1 0 1 1 1 1
 0 1 1 1 1 1 1 1 1 0 1 0 1 0]
Confusion Matrix:
[[286   9]
 [ 11 152]]
Accuracy: 95.63%
F1 Score: 0.9563
Precision: 0.9562
Recall: 0.9563
MCC: 0.9045

============================================================
Test subject: S7, Range: [2252, 2709]
============================================================
Train: 5471 samples, Val: 966 samples, Test: 457 samples
Epoch [1/100]
  Train Loss: 0.2941 | Train Acc: 89.38%
  Val Loss: 0.2395 | Val Acc: 95.65%
  Learning rate: 0.001000
  New best model! Val Loss improved to 0.2395
Epoch [2/100]
  Train Loss: 0.0868 | Train Acc: 97.44%
  Val Loss: 0.0383 | Val Acc: 98.76%
  Learning rate: 0.001000
  New best model! Val Loss improved to 0.0383
Epoch [3/100]
  Train Loss: 0.0545 | Train Acc: 98.63%
  Val Loss: 0.0436 | Val Acc: 98.86%
  Learning rate: 0.001000
  No improvement. Patience: 1/8
Epoch [4/100]
  Train Loss: 0.0636 | Train Acc: 98.63%
  Val Loss: 0.2718 | Val Acc: 96.69%
  Learning rate: 0.001000
  No improvement. Patience: 2/8
Epoch [5/100]
  Train Loss: 0.0433 | Train Acc: 98.81%
  Val Loss: 0.3159 | Val Acc: 96.38%
  Learning rate: 0.001000
  No improvement. Patience: 3/8
Epoch [6/100]
  Train Loss: 0.0331 | Train Acc: 99.21%
  Val Loss: 0.0531 | Val Acc: 98.76%
  Learning rate: 0.000500
  No improvement. Patience: 4/8
Epoch [7/100]
  Train Loss: 0.0064 | Train Acc: 99.89%
  Val Loss: 0.0323 | Val Acc: 99.48%
  Learning rate: 0.000500
  New best model! Val Loss improved to 0.0323
Epoch [8/100]
  Train Loss: 0.0016 | Train Acc: 99.93%
  Val Loss: 0.0232 | Val Acc: 99.48%
  Learning rate: 0.000500
  New best model! Val Loss improved to 0.0232
Epoch [9/100]
  Train Loss: 0.0023 | Train Acc: 99.93%
  Val Loss: 0.0230 | Val Acc: 99.48%
  Learning rate: 0.000500
  No improvement. Patience: 1/8
Epoch [10/100]
  Train Loss: 0.0034 | Train Acc: 99.87%
  Val Loss: 0.0354 | Val Acc: 99.17%
  Learning rate: 0.000500
  No improvement. Patience: 2/8
Epoch [11/100]
  Train Loss: 0.0122 | Train Acc: 99.69%
  Val Loss: 0.0312 | Val Acc: 99.28%
  Learning rate: 0.000500
  No improvement. Patience: 3/8
Epoch [12/100]
  Train Loss: 0.0100 | Train Acc: 99.67%
  Val Loss: 0.0348 | Val Acc: 99.38%
  Learning rate: 0.000500
  No improvement. Patience: 4/8
Epoch [13/100]
  Train Loss: 0.0007 | Train Acc: 99.96%
  Val Loss: 0.0301 | Val Acc: 99.59%
  Learning rate: 0.000250
  No improvement. Patience: 5/8
Epoch [14/100]
  Train Loss: 0.0002 | Train Acc: 100.00%
  Val Loss: 0.0222 | Val Acc: 99.69%
  Learning rate: 0.000250
  New best model! Val Loss improved to 0.0222
Epoch [15/100]
  Train Loss: 0.0004 | Train Acc: 99.98%
  Val Loss: 0.0219 | Val Acc: 99.48%
  Learning rate: 0.000250
  No improvement. Patience: 1/8
Epoch [16/100]
  Train Loss: 0.0000 | Train Acc: 100.00%
  Val Loss: 0.0191 | Val Acc: 99.69%
  Learning rate: 0.000250
  New best model! Val Loss improved to 0.0191
Epoch [17/100]
  Train Loss: 0.0000 | Train Acc: 100.00%
  Val Loss: 0.0195 | Val Acc: 99.69%
  Learning rate: 0.000250
  No improvement. Patience: 1/8
Epoch [18/100]
  Train Loss: 0.0000 | Train Acc: 100.00%
  Val Loss: 0.0188 | Val Acc: 99.79%
  Learning rate: 0.000250
  No improvement. Patience: 2/8
Epoch [19/100]
  Train Loss: 0.0000 | Train Acc: 100.00%
  Val Loss: 0.0159 | Val Acc: 99.69%
  Learning rate: 0.000250
  New best model! Val Loss improved to 0.0159
Epoch [20/100]
  Train Loss: 0.0000 | Train Acc: 100.00%
  Val Loss: 0.0164 | Val Acc: 99.69%
  Learning rate: 0.000250
  No improvement. Patience: 1/8
Epoch [21/100]
  Train Loss: 0.0000 | Train Acc: 100.00%
  Val Loss: 0.0186 | Val Acc: 99.59%
  Learning rate: 0.000250
  No improvement. Patience: 2/8
Epoch [22/100]
  Train Loss: 0.0085 | Train Acc: 99.76%
  Val Loss: 0.0255 | Val Acc: 99.59%
  Learning rate: 0.000250
  No improvement. Patience: 3/8
Epoch [23/100]
  Train Loss: 0.0007 | Train Acc: 99.98%
  Val Loss: 0.0157 | Val Acc: 99.79%
  Learning rate: 0.000250
  No improvement. Patience: 4/8
Epoch [24/100]
  Train Loss: 0.0017 | Train Acc: 99.96%
  Val Loss: 0.0130 | Val Acc: 99.69%
  Learning rate: 0.000250
  New best model! Val Loss improved to 0.0130
Epoch [25/100]
  Train Loss: 0.0000 | Train Acc: 100.00%
  Val Loss: 0.0148 | Val Acc: 99.90%
  Learning rate: 0.000250
  No improvement. Patience: 1/8
Epoch [26/100]
  Train Loss: 0.0000 | Train Acc: 100.00%
  Val Loss: 0.0121 | Val Acc: 99.90%
  Learning rate: 0.000250
  No improvement. Patience: 2/8
Epoch [27/100]
  Train Loss: 0.0000 | Train Acc: 100.00%
  Val Loss: 0.0127 | Val Acc: 99.79%
  Learning rate: 0.000250
  No improvement. Patience: 3/8
Epoch [28/100]
  Train Loss: 0.0000 | Train Acc: 100.00%
  Val Loss: 0.0120 | Val Acc: 99.90%
  Learning rate: 0.000250
  No improvement. Patience: 4/8
Epoch [29/100]
  Train Loss: 0.0000 | Train Acc: 100.00%
  Val Loss: 0.0127 | Val Acc: 99.90%
  Learning rate: 0.000250
  No improvement. Patience: 5/8
Epoch [30/100]
  Train Loss: 0.0020 | Train Acc: 99.96%
  Val Loss: 0.0266 | Val Acc: 99.59%
  Learning rate: 0.000250
  No improvement. Patience: 6/8
Epoch [31/100]
  Train Loss: 0.0000 | Train Acc: 100.00%
  Val Loss: 0.0206 | Val Acc: 99.69%
  Learning rate: 0.000250
  No improvement. Patience: 7/8
Epoch [32/100]
  Train Loss: 0.0003 | Train Acc: 99.98%
  Val Loss: 0.0234 | Val Acc: 99.79%
  Learning rate: 0.000125
  No improvement. Patience: 8/8

Early stopping triggered after 32 epochs

Subject S7 Results:
Test Labels: [0 0 0 0 0 0 0 0 0 0 0 0 0 0 0 0 0 0 0 0 0 0 0 0 0 0 0 0 0 0 0 0 0 0 0 0 0
 0 0 0 0 0 0 0 0 0 0 0 0 0 0 0 0 0 0 0 0 0 0 0 0 0 0 0 0 0 0 0 0 0 0 0 0 0
 0 0 0 0 0 0 0 0 0 0 0 0 0 0 0 0 0 0 0 0 0 0 0 0 0 0 0 0 0 0 0 0 0 0 0 0 0
 0 0 0 0 0 0 0 0 0 0 0 0 0 0 0 0 0 0 0 0 0 0 0 0 0 0 0 0 0 0 0 0 0 0 0 0 0
 0 0 0 0 0 0 0 0 0 0 0 0 0 0 0 0 0 0 0 0 0 0 0 0 0 0 0 0 0 0 0 0 0 0 0 0 0
 0 0 0 0 0 0 0 0 0 0 0 0 0 0 0 0 0 0 0 0 0 0 0 0 0 0 0 0 0 0 0 0 0 0 0 0 0
 0 0 0 0 0 0 0 0 0 0 0 0 0 0 0 0 0 0 0 0 0 0 0 0 0 0 0 0 0 0 0 0 0 0 0 0 0
 0 0 0 0 0 0 0 0 0 0 0 0 0 0 0 0 0 0 0 0 0 0 0 0 0 0 0 0 0 0 0 0 0 0 0 0 0
 0 1 1 1 1 1 1 1 1 1 1 1 1 1 1 1 1 1 1 1 1 1 1 1 1 1 1 1 1 1 1 1 1 1 1 1 1
 1 1 1 1 1 1 1 1 1 1 1 1 1 1 1 1 1 1 1 1 1 1 1 1 1 1 1 1 1 1 1 1 1 1 1 1 1
 1 1 1 1 1 1 1 1 1 1 1 1 1 1 1 1 1 1 1 1 1 1 1 1 1 1 1 1 1 1 1 1 1 1 1 1 1
 1 1 1 1 1 1 1 1 1 1 1 1 1 1 1 1 1 1 1 1 1 1 1 1 1 1 1 1 1 1 1 1 1 1 1 1 1
 1 1 1 1 1 1 1 1 1 1 1 1 1]
Test Pred: [1 1 1 1 1 1 1 1 1 1 1 1 1 1 1 1 1 1 1 1 1 1 1 1 1 1 1 1 1 1 1 1 1 1 1 1 1
 1 1 1 1 1 1 1 1 1 1 1 1 1 1 1 1 1 1 1 1 1 1 1 1 1 1 1 1 1 1 1 1 1 1 1 1 1
 1 1 1 1 1 1 1 1 1 1 1 1 1 1 1 1 1 1 1 1 1 1 1 1 1 1 1 1 1 1 1 1 1 1 1 1 1
 1 1 1 1 1 1 1 1 1 1 1 1 1 1 1 1 1 1 1 1 1 1 1 1 1 1 1 1 1 1 1 1 1 1 1 1 1
 1 1 1 1 1 1 1 1 1 1 1 1 1 1 1 1 1 1 1 1 1 1 1 1 1 1 1 1 1 1 1 1 1 1 1 1 1
 1 1 1 1 1 1 1 1 1 1 1 1 1 1 1 1 1 1 1 1 1 1 1 1 1 1 1 1 1 1 1 1 1 1 1 1 1
 1 1 1 1 1 1 1 1 1 1 1 1 1 1 1 1 1 1 1 1 1 1 1 1 1 1 1 1 1 1 1 1 1 1 1 1 1
 1 1 1 1 1 1 1 1 1 1 1 1 1 1 1 1 1 1 1 1 1 1 1 1 1 1 1 1 1 1 1 1 1 1 1 1 1
 1 1 1 1 1 1 1 1 1 1 1 1 1 1 1 1 1 1 1 1 1 1 1 1 1 1 1 1 1 1 1 1 1 1 1 1 1
 1 1 1 1 1 1 1 1 1 1 1 1 1 1 1 1 1 1 1 1 1 1 1 1 1 1 1 1 1 1 1 1 1 1 1 1 1
 1 1 1 1 1 1 1 1 1 1 1 1 1 1 1 1 1 1 1 1 1 1 1 1 1 1 1 1 1 1 1 1 1 1 1 1 1
 1 1 1 1 1 1 1 1 1 1 1 1 1 1 1 1 1 1 1 1 1 1 1 1 1 1 1 1 1 1 1 1 1 1 1 1 1
 1 1 1 1 1 1 1 1 1 1 1 1 1]
Confusion Matrix:
[[  0 297]
 [  0 160]]
Accuracy: 35.01%
F1 Score: 0.1816
Precision: 0.1226
Recall: 0.3501
MCC: 0.0000

============================================================
Test subject: S8, Range: [2709, 3169]
============================================================
Train: 5468 samples, Val: 966 samples, Test: 460 samples
Epoch [1/100]
  Train Loss: 0.3692 | Train Acc: 85.64%
  Val Loss: 0.1395 | Val Acc: 93.69%
  Learning rate: 0.001000
  New best model! Val Loss improved to 0.1395
Epoch [2/100]
  Train Loss: 0.1161 | Train Acc: 96.21%
  Val Loss: 0.1315 | Val Acc: 96.17%
  Learning rate: 0.001000
  New best model! Val Loss improved to 0.1315
Epoch [3/100]
  Train Loss: 0.0796 | Train Acc: 97.60%
  Val Loss: 0.1508 | Val Acc: 96.38%
  Learning rate: 0.001000
  No improvement. Patience: 1/8
Epoch [4/100]
  Train Loss: 0.0505 | Train Acc: 98.65%
  Val Loss: 0.0393 | Val Acc: 98.86%
  Learning rate: 0.001000
  New best model! Val Loss improved to 0.0393
Epoch [5/100]
  Train Loss: 0.0320 | Train Acc: 99.18%
  Val Loss: 0.0380 | Val Acc: 98.96%
  Learning rate: 0.001000
  New best model! Val Loss improved to 0.0380
Epoch [6/100]
  Train Loss: 0.0291 | Train Acc: 99.31%
  Val Loss: 0.0220 | Val Acc: 99.17%
  Learning rate: 0.001000
  New best model! Val Loss improved to 0.0220
Epoch [7/100]
  Train Loss: 0.0253 | Train Acc: 99.56%
  Val Loss: 0.0174 | Val Acc: 99.38%
  Learning rate: 0.001000
  New best model! Val Loss improved to 0.0174
Epoch [8/100]
  Train Loss: 0.0259 | Train Acc: 99.34%
  Val Loss: 0.0437 | Val Acc: 99.28%
  Learning rate: 0.001000
  No improvement. Patience: 1/8
Epoch [9/100]
  Train Loss: 0.0334 | Train Acc: 99.20%
  Val Loss: 0.1683 | Val Acc: 97.10%
  Learning rate: 0.001000
  No improvement. Patience: 2/8
Epoch [10/100]
  Train Loss: 0.0415 | Train Acc: 99.27%
  Val Loss: 0.0346 | Val Acc: 99.28%
  Learning rate: 0.001000
  No improvement. Patience: 3/8
Epoch [11/100]
  Train Loss: 0.0173 | Train Acc: 99.62%
  Val Loss: 0.0322 | Val Acc: 99.38%
  Learning rate: 0.000500
  No improvement. Patience: 4/8
Epoch [12/100]
  Train Loss: 0.0025 | Train Acc: 99.96%
  Val Loss: 0.0162 | Val Acc: 99.48%
  Learning rate: 0.000500
  New best model! Val Loss improved to 0.0162
Epoch [13/100]
  Train Loss: 0.0016 | Train Acc: 99.96%
  Val Loss: 0.0132 | Val Acc: 99.59%
  Learning rate: 0.000500
  New best model! Val Loss improved to 0.0132
Epoch [14/100]
  Train Loss: 0.0000 | Train Acc: 100.00%
  Val Loss: 0.0145 | Val Acc: 99.59%
  Learning rate: 0.000500
  No improvement. Patience: 1/8
Epoch [15/100]
  Train Loss: 0.0000 | Train Acc: 100.00%
  Val Loss: 0.0101 | Val Acc: 99.69%
  Learning rate: 0.000500
  New best model! Val Loss improved to 0.0101
Epoch [16/100]
  Train Loss: 0.0075 | Train Acc: 99.89%
  Val Loss: 0.0803 | Val Acc: 98.76%
  Learning rate: 0.000500
  No improvement. Patience: 1/8
Epoch [17/100]
  Train Loss: 0.0036 | Train Acc: 99.91%
  Val Loss: 0.0252 | Val Acc: 99.48%
  Learning rate: 0.000500
  No improvement. Patience: 2/8
Epoch [18/100]
  Train Loss: 0.0139 | Train Acc: 99.73%
  Val Loss: 0.0108 | Val Acc: 99.69%
  Learning rate: 0.000500
  No improvement. Patience: 3/8
Epoch [19/100]
  Train Loss: 0.0079 | Train Acc: 99.78%
  Val Loss: 0.0167 | Val Acc: 99.79%
  Learning rate: 0.000250
  No improvement. Patience: 4/8
Epoch [20/100]
  Train Loss: 0.0033 | Train Acc: 99.91%
  Val Loss: 0.0165 | Val Acc: 99.59%
  Learning rate: 0.000250
  No improvement. Patience: 5/8
Epoch [21/100]
  Train Loss: 0.0001 | Train Acc: 100.00%
  Val Loss: 0.0145 | Val Acc: 99.69%
  Learning rate: 0.000250
  No improvement. Patience: 6/8
Epoch [22/100]
  Train Loss: 0.0000 | Train Acc: 100.00%
  Val Loss: 0.0128 | Val Acc: 99.69%
  Learning rate: 0.000250
  No improvement. Patience: 7/8
Epoch [23/100]
  Train Loss: 0.0000 | Train Acc: 100.00%
  Val Loss: 0.0119 | Val Acc: 99.69%
  Learning rate: 0.000125
  No improvement. Patience: 8/8

Early stopping triggered after 23 epochs

Subject S8 Results:
Test Labels: [0 0 0 0 0 0 0 0 0 0 0 0 0 0 0 0 0 0 0 0 0 0 0 0 0 0 0 0 0 0 0 0 0 0 0 0 0
 0 0 0 0 0 0 0 0 0 0 0 0 0 0 0 0 0 0 0 0 0 0 0 0 0 0 0 0 0 0 0 0 0 0 0 0 0
 0 0 0 0 0 0 0 0 0 0 0 0 0 0 0 0 0 0 0 0 0 0 0 0 0 0 0 0 0 0 0 0 0 0 0 0 0
 0 0 0 0 0 0 0 0 0 0 0 0 0 0 0 0 0 0 0 0 0 0 0 0 0 0 0 0 0 0 0 0 0 0 0 0 0
 0 0 0 0 0 0 0 0 0 0 0 0 0 0 0 0 0 0 0 0 0 0 0 0 0 0 0 0 0 0 0 0 0 0 0 0 0
 0 0 0 0 0 0 0 0 0 0 0 0 0 0 0 0 0 0 0 0 0 0 0 0 0 0 0 0 0 0 0 0 0 0 0 0 0
 0 0 0 0 0 0 0 0 0 0 0 0 0 0 0 0 0 0 0 0 0 0 0 0 0 0 0 0 0 0 0 0 0 0 0 0 0
 0 0 0 0 0 0 0 0 0 0 0 0 0 0 0 0 0 0 0 0 0 0 0 0 0 0 0 0 0 0 0 0 0 1 1 1 1
 1 1 1 1 1 1 1 1 1 1 1 1 1 1 1 1 1 1 1 1 1 1 1 1 1 1 1 1 1 1 1 1 1 1 1 1 1
 1 1 1 1 1 1 1 1 1 1 1 1 1 1 1 1 1 1 1 1 1 1 1 1 1 1 1 1 1 1 1 1 1 1 1 1 1
 1 1 1 1 1 1 1 1 1 1 1 1 1 1 1 1 1 1 1 1 1 1 1 1 1 1 1 1 1 1 1 1 1 1 1 1 1
 1 1 1 1 1 1 1 1 1 1 1 1 1 1 1 1 1 1 1 1 1 1 1 1 1 1 1 1 1 1 1 1 1 1 1 1 1
 1 1 1 1 1 1 1 1 1 1 1 1 1 1 1 1]
Test Pred: [0 0 0 0 0 0 0 0 0 0 0 0 0 0 0 0 0 0 0 0 0 0 0 0 0 0 0 0 0 0 0 0 0 0 0 0 0
 0 0 0 0 0 0 0 0 0 0 0 0 0 0 0 0 0 0 0 0 0 0 0 0 0 0 0 0 0 0 0 0 0 0 0 0 0
 0 0 0 0 0 0 0 0 0 0 0 0 0 0 0 0 0 0 0 0 0 0 0 0 0 0 0 0 0 1 1 0 0 1 1 1 1
 1 1 0 1 1 1 0 1 1 1 0 1 1 0 0 0 1 1 1 0 1 1 0 0 0 0 0 0 0 0 0 0 0 0 0 0 0
 0 0 0 0 0 0 0 0 0 0 1 0 0 0 1 1 0 0 0 0 0 0 0 0 0 0 0 1 1 0 1 0 0 1 0 0 1
 0 0 1 1 1 1 1 1 1 1 1 1 1 1 0 1 0 0 0 1 0 0 0 1 1 0 1 0 1 0 1 1 1 1 0 1 1
 1 1 0 1 1 0 1 1 1 1 0 0 0 1 0 0 0 0 0 0 0 0 0 0 0 0 0 0 0 0 0 0 1 0 0 0 0
 1 1 0 0 1 0 0 0 0 0 0 0 0 0 0 0 0 1 1 0 0 0 0 0 0 0 0 0 0 0 0 0 0 1 1 1 1
 1 1 1 1 1 1 1 1 1 1 1 1 1 1 1 1 1 1 1 1 1 1 1 1 1 1 1 0 1 1 1 1 1 1 1 1 0
 1 1 1 1 1 1 1 1 1 1 1 1 1 1 1 1 1 1 1 1 1 1 0 0 0 1 1 1 1 1 1 1 1 1 1 1 1
 1 1 1 1 1 0 0 0 0 0 1 1 1 1 0 0 1 1 1 1 0 1 1 0 0 0 1 1 1 0 1 1 0 1 1 1 1
 1 1 1 1 1 1 0 1 1 1 1 0 1 1 1 0 1 0 0 0 1 0 0 0 1 0 1 0 0 0 1 1 0 1 1 0 0
 0 0 1 1 1 1 0 0 0 1 0 1 1 0 0 0]
Confusion Matrix:
[[224  68]
 [ 43 125]]
Accuracy: 75.87%
F1 Score: 0.7617
Precision: 0.7691
Recall: 0.7587
MCC: 0.4987

============================================================
Test subject: S9, Range: [3169, 3625]
============================================================
Train: 5472 samples, Val: 966 samples, Test: 456 samples
Epoch [1/100]
  Train Loss: 0.3285 | Train Acc: 86.71%
  Val Loss: 0.0928 | Val Acc: 96.07%
  Learning rate: 0.001000
  New best model! Val Loss improved to 0.0928
Epoch [2/100]
  Train Loss: 0.1121 | Train Acc: 96.40%
  Val Loss: 0.0474 | Val Acc: 98.65%
  Learning rate: 0.001000
  New best model! Val Loss improved to 0.0474
Epoch [3/100]
  Train Loss: 0.0636 | Train Acc: 98.19%
  Val Loss: 0.0569 | Val Acc: 98.76%
  Learning rate: 0.001000
  No improvement. Patience: 1/8
Epoch [4/100]
  Train Loss: 0.0496 | Train Acc: 98.43%
  Val Loss: 0.0962 | Val Acc: 98.76%
  Learning rate: 0.001000
  No improvement. Patience: 2/8
Epoch [5/100]
  Train Loss: 0.0367 | Train Acc: 99.12%
  Val Loss: 0.0452 | Val Acc: 99.07%
  Learning rate: 0.001000
  New best model! Val Loss improved to 0.0452
Epoch [6/100]
  Train Loss: 0.0356 | Train Acc: 99.20%
  Val Loss: 0.0774 | Val Acc: 99.17%
  Learning rate: 0.001000
  No improvement. Patience: 1/8
Epoch [7/100]
  Train Loss: 0.0479 | Train Acc: 98.92%
  Val Loss: 0.0080 | Val Acc: 99.59%
  Learning rate: 0.001000
  New best model! Val Loss improved to 0.0080
Epoch [8/100]
  Train Loss: 0.0269 | Train Acc: 99.32%
  Val Loss: 0.0413 | Val Acc: 98.65%
  Learning rate: 0.001000
  No improvement. Patience: 1/8
Epoch [9/100]
  Train Loss: 0.0290 | Train Acc: 99.42%
  Val Loss: 0.0058 | Val Acc: 99.90%
  Learning rate: 0.001000
  New best model! Val Loss improved to 0.0058
Epoch [10/100]
  Train Loss: 0.0303 | Train Acc: 99.43%
  Val Loss: 0.2022 | Val Acc: 98.55%
  Learning rate: 0.001000
  No improvement. Patience: 1/8
Epoch [11/100]
  Train Loss: 0.0075 | Train Acc: 99.78%
  Val Loss: 0.0398 | Val Acc: 99.69%
  Learning rate: 0.001000
  No improvement. Patience: 2/8
Epoch [12/100]
  Train Loss: 0.0095 | Train Acc: 99.76%
  Val Loss: 0.0556 | Val Acc: 99.17%
  Learning rate: 0.001000
  No improvement. Patience: 3/8
Epoch [13/100]
  Train Loss: 0.0357 | Train Acc: 99.31%
  Val Loss: 0.0350 | Val Acc: 99.48%
  Learning rate: 0.000500
  No improvement. Patience: 4/8
Epoch [14/100]
  Train Loss: 0.0056 | Train Acc: 99.89%
  Val Loss: 0.0083 | Val Acc: 99.79%
  Learning rate: 0.000500
  No improvement. Patience: 5/8
Epoch [15/100]
  Train Loss: 0.0020 | Train Acc: 99.95%
  Val Loss: 0.0218 | Val Acc: 99.59%
  Learning rate: 0.000500
  No improvement. Patience: 6/8
Epoch [16/100]
  Train Loss: 0.0000 | Train Acc: 100.00%
  Val Loss: 0.0428 | Val Acc: 99.59%
  Learning rate: 0.000500
  No improvement. Patience: 7/8
Epoch [17/100]
  Train Loss: 0.0012 | Train Acc: 99.96%
  Val Loss: 0.0275 | Val Acc: 99.59%
  Learning rate: 0.000250
  No improvement. Patience: 8/8

Early stopping triggered after 17 epochs

Subject S9 Results:
Test Labels: [0 0 0 0 0 0 0 0 0 0 0 0 0 0 0 0 0 0 0 0 0 0 0 0 0 0 0 0 0 0 0 0 0 0 0 0 0
 0 0 0 0 0 0 0 0 0 0 0 0 0 0 0 0 0 0 0 0 0 0 0 0 0 0 0 0 0 0 0 0 0 0 0 0 0
 0 0 0 0 0 0 0 0 0 0 0 0 0 0 0 0 0 0 0 0 0 0 0 0 0 0 0 0 0 0 0 0 0 0 0 0 0
 0 0 0 0 0 0 0 0 0 0 0 0 0 0 0 0 0 0 0 0 0 0 0 0 0 0 0 0 0 0 0 0 0 0 0 0 0
 0 0 0 0 0 0 0 0 0 0 0 0 0 0 0 0 0 0 0 0 0 0 0 0 0 0 0 0 0 0 0 0 0 0 0 0 0
 0 0 0 0 0 0 0 0 0 0 0 0 0 0 0 0 0 0 0 0 0 0 0 0 0 0 0 0 0 0 0 0 0 0 0 0 0
 0 0 0 0 0 0 0 0 0 0 0 0 0 0 0 0 0 0 0 0 0 0 0 0 0 0 0 0 0 0 0 0 0 0 0 0 0
 0 0 0 0 0 0 0 0 0 0 0 0 0 0 0 0 0 0 0 0 0 0 0 0 0 0 0 0 0 0 0 0 0 0 0 0 1
 1 1 1 1 1 1 1 1 1 1 1 1 1 1 1 1 1 1 1 1 1 1 1 1 1 1 1 1 1 1 1 1 1 1 1 1 1
 1 1 1 1 1 1 1 1 1 1 1 1 1 1 1 1 1 1 1 1 1 1 1 1 1 1 1 1 1 1 1 1 1 1 1 1 1
 1 1 1 1 1 1 1 1 1 1 1 1 1 1 1 1 1 1 1 1 1 1 1 1 1 1 1 1 1 1 1 1 1 1 1 1 1
 1 1 1 1 1 1 1 1 1 1 1 1 1 1 1 1 1 1 1 1 1 1 1 1 1 1 1 1 1 1 1 1 1 1 1 1 1
 1 1 1 1 1 1 1 1 1 1 1 1]
Test Pred: [0 0 0 0 0 0 0 0 0 0 0 0 0 0 0 0 0 0 0 0 0 0 0 0 0 0 0 0 0 0 0 0 0 0 0 0 0
 0 0 0 0 0 0 0 0 0 0 0 0 0 0 0 0 0 0 0 0 0 0 0 0 0 0 0 0 0 0 0 0 0 0 0 0 0
 0 0 0 0 0 0 0 0 0 0 0 0 0 0 0 0 0 0 0 0 0 0 0 0 0 0 0 0 0 0 0 0 0 0 0 0 0
 0 0 0 0 0 0 0 0 0 0 0 0 0 0 0 0 0 0 0 0 0 0 0 0 0 0 0 0 0 0 0 0 0 0 0 0 0
 0 0 0 0 0 0 0 0 0 0 0 0 0 0 0 0 0 0 0 0 0 0 0 0 0 0 0 0 0 0 0 0 0 0 0 0 0
 0 0 0 0 0 0 0 0 0 0 0 0 0 1 0 0 1 0 1 0 0 0 0 0 0 0 0 0 0 0 0 0 0 0 0 0 0
 0 0 0 0 0 0 0 0 0 0 0 0 0 0 0 0 0 0 0 0 0 0 0 0 0 0 0 0 0 0 0 0 0 0 0 0 0
 0 0 0 0 0 0 0 0 0 0 0 0 0 0 0 0 0 0 1 0 0 1 1 0 0 1 1 1 1 1 1 0 0 1 0 0 1
 1 1 1 1 1 1 1 1 1 1 1 1 1 1 1 1 1 1 1 1 1 1 1 1 1 1 1 1 1 1 1 1 1 1 1 1 1
 1 1 1 1 1 1 1 1 1 1 1 1 1 1 1 1 1 1 1 1 1 0 1 0 1 1 1 1 1 1 1 1 1 1 1 1 0
 1 1 1 0 1 1 1 1 0 1 1 1 1 1 0 1 0 1 1 0 1 1 1 1 1 1 1 0 0 1 0 0 0 0 1 0 1
 1 1 0 1 0 0 1 0 1 1 0 1 1 0 0 1 0 1 1 0 0 0 1 1 1 1 1 1 1 1 1 0 0 1 1 0 1
 0 1 1 1 0 0 0 0 0 0 0 1]
Confusion Matrix:
[[282  13]
 [ 37 124]]
Accuracy: 89.04%
F1 Score: 0.8881
Precision: 0.8915
Recall: 0.8904
MCC: 0.7570

============================================================
Test subject: S10, Range: [3625, 4101]
============================================================
Train: 5455 samples, Val: 963 samples, Test: 476 samples
Epoch [1/100]
  Train Loss: 0.3370 | Train Acc: 86.95%
  Val Loss: 0.1051 | Val Acc: 96.68%
  Learning rate: 0.001000
  New best model! Val Loss improved to 0.1051
Epoch [2/100]
  Train Loss: 0.1329 | Train Acc: 95.71%
  Val Loss: 0.0782 | Val Acc: 97.40%
  Learning rate: 0.001000
  New best model! Val Loss improved to 0.0782
Epoch [3/100]
  Train Loss: 0.0737 | Train Acc: 97.95%
  Val Loss: 0.0810 | Val Acc: 97.30%
  Learning rate: 0.001000
  No improvement. Patience: 1/8
Epoch [4/100]
  Train Loss: 0.0464 | Train Acc: 98.75%
  Val Loss: 0.0764 | Val Acc: 98.13%
  Learning rate: 0.001000
  New best model! Val Loss improved to 0.0764
Epoch [5/100]
  Train Loss: 0.0485 | Train Acc: 98.61%
  Val Loss: 0.0359 | Val Acc: 98.75%
  Learning rate: 0.001000
  New best model! Val Loss improved to 0.0359
Epoch [6/100]
  Train Loss: 0.0377 | Train Acc: 98.97%
  Val Loss: 0.0287 | Val Acc: 99.07%
  Learning rate: 0.001000
  New best model! Val Loss improved to 0.0287
Epoch [7/100]
  Train Loss: 0.0200 | Train Acc: 99.38%
  Val Loss: 0.0364 | Val Acc: 99.07%
  Learning rate: 0.001000
  No improvement. Patience: 1/8
Epoch [8/100]
  Train Loss: 0.0306 | Train Acc: 99.47%
  Val Loss: 0.0166 | Val Acc: 99.69%
  Learning rate: 0.001000
  New best model! Val Loss improved to 0.0166
Epoch [9/100]
  Train Loss: 0.0245 | Train Acc: 99.41%
  Val Loss: 0.0288 | Val Acc: 99.27%
  Learning rate: 0.001000
  No improvement. Patience: 1/8
Epoch [10/100]
  Train Loss: 0.0186 | Train Acc: 99.54%
  Val Loss: 0.0091 | Val Acc: 99.90%
  Learning rate: 0.001000
  New best model! Val Loss improved to 0.0091
Epoch [11/100]
  Train Loss: 0.0144 | Train Acc: 99.73%
  Val Loss: 0.0087 | Val Acc: 99.79%
  Learning rate: 0.001000
  No improvement. Patience: 1/8
Epoch [12/100]
  Train Loss: 0.0178 | Train Acc: 99.54%
  Val Loss: 0.0448 | Val Acc: 99.27%
  Learning rate: 0.001000
  No improvement. Patience: 2/8
Epoch [13/100]
  Train Loss: 0.0265 | Train Acc: 99.38%
  Val Loss: 0.0225 | Val Acc: 99.58%
  Learning rate: 0.001000
  No improvement. Patience: 3/8
Epoch [14/100]
  Train Loss: 0.0298 | Train Acc: 99.29%
  Val Loss: 0.0269 | Val Acc: 99.79%
  Learning rate: 0.001000
  No improvement. Patience: 4/8
Epoch [15/100]
  Train Loss: 0.0244 | Train Acc: 99.51%
  Val Loss: 0.0326 | Val Acc: 99.38%
  Learning rate: 0.000500
  No improvement. Patience: 5/8
Epoch [16/100]
  Train Loss: 0.0060 | Train Acc: 99.91%
  Val Loss: 0.0250 | Val Acc: 99.58%
  Learning rate: 0.000500
  No improvement. Patience: 6/8
Epoch [17/100]
  Train Loss: 0.0003 | Train Acc: 100.00%
  Val Loss: 0.0044 | Val Acc: 99.90%
  Learning rate: 0.000500
  New best model! Val Loss improved to 0.0044
Epoch [18/100]
  Train Loss: 0.0007 | Train Acc: 99.98%
  Val Loss: 0.0046 | Val Acc: 99.79%
  Learning rate: 0.000500
  No improvement. Patience: 1/8
Epoch [19/100]
  Train Loss: 0.0004 | Train Acc: 99.98%
  Val Loss: 0.0072 | Val Acc: 99.90%
  Learning rate: 0.000500
  No improvement. Patience: 2/8
Epoch [20/100]
  Train Loss: 0.0038 | Train Acc: 99.89%
  Val Loss: 0.0110 | Val Acc: 99.90%
  Learning rate: 0.000500
  No improvement. Patience: 3/8
Epoch [21/100]
  Train Loss: 0.0025 | Train Acc: 99.96%
  Val Loss: 0.0018 | Val Acc: 99.79%
  Learning rate: 0.000500
  New best model! Val Loss improved to 0.0018
Epoch [22/100]
  Train Loss: 0.0006 | Train Acc: 99.98%
  Val Loss: 0.0180 | Val Acc: 99.38%
  Learning rate: 0.000500
  No improvement. Patience: 1/8
Epoch [23/100]
  Train Loss: 0.0054 | Train Acc: 99.85%
  Val Loss: 0.0092 | Val Acc: 99.79%
  Learning rate: 0.000500
  No improvement. Patience: 2/8
Epoch [24/100]
  Train Loss: 0.0082 | Train Acc: 99.80%
  Val Loss: 0.0161 | Val Acc: 99.48%
  Learning rate: 0.000500
  No improvement. Patience: 3/8
Epoch [25/100]
  Train Loss: 0.0037 | Train Acc: 99.84%
  Val Loss: 0.0090 | Val Acc: 99.79%
  Learning rate: 0.000250
  No improvement. Patience: 4/8
Epoch [26/100]
  Train Loss: 0.0005 | Train Acc: 99.98%
  Val Loss: 0.0003 | Val Acc: 100.00%
  Learning rate: 0.000250
  New best model! Val Loss improved to 0.0003
Epoch [27/100]
  Train Loss: 0.0000 | Train Acc: 100.00%
  Val Loss: 0.0015 | Val Acc: 99.90%
  Learning rate: 0.000250
  No improvement. Patience: 1/8
Epoch [28/100]
  Train Loss: 0.0000 | Train Acc: 100.00%
  Val Loss: 0.0007 | Val Acc: 100.00%
  Learning rate: 0.000250
  No improvement. Patience: 2/8
Epoch [29/100]
  Train Loss: 0.0000 | Train Acc: 100.00%
  Val Loss: 0.0005 | Val Acc: 100.00%
  Learning rate: 0.000250
  No improvement. Patience: 3/8
Epoch [30/100]
  Train Loss: 0.0000 | Train Acc: 100.00%
  Val Loss: 0.0016 | Val Acc: 99.90%
  Learning rate: 0.000125
  No improvement. Patience: 4/8
Epoch [31/100]
  Train Loss: 0.0000 | Train Acc: 100.00%
  Val Loss: 0.0012 | Val Acc: 99.90%
  Learning rate: 0.000125
  No improvement. Patience: 5/8
Epoch [32/100]
  Train Loss: 0.0000 | Train Acc: 100.00%
  Val Loss: 0.0002 | Val Acc: 100.00%
  Learning rate: 0.000125
  No improvement. Patience: 6/8
Epoch [33/100]
  Train Loss: 0.0000 | Train Acc: 100.00%
  Val Loss: 0.0023 | Val Acc: 99.79%
  Learning rate: 0.000125
  No improvement. Patience: 7/8
Epoch [34/100]
  Train Loss: 0.0000 | Train Acc: 100.00%
  Val Loss: 0.0047 | Val Acc: 99.79%
  Learning rate: 0.000125
  No improvement. Patience: 8/8

Early stopping triggered after 34 epochs

Subject S10 Results:
Test Labels: [0 0 0 0 0 0 0 0 0 0 0 0 0 0 0 0 0 0 0 0 0 0 0 0 0 0 0 0 0 0 0 0 0 0 0 0 0
 0 0 0 0 0 0 0 0 0 0 0 0 0 0 0 0 0 0 0 0 0 0 0 0 0 0 0 0 0 0 0 0 0 0 0 0 0
 0 0 0 0 0 0 0 0 0 0 0 0 0 0 0 0 0 0 0 0 0 0 0 0 0 0 0 0 0 0 0 0 0 0 0 0 0
 0 0 0 0 0 0 0 0 0 0 0 0 0 0 0 0 0 0 0 0 0 0 0 0 0 0 0 0 0 0 0 0 0 0 0 0 0
 0 0 0 0 0 0 0 0 0 0 0 0 0 0 0 0 0 0 0 0 0 0 0 0 0 0 0 0 0 0 0 0 0 0 0 0 0
 0 0 0 0 0 0 0 0 0 0 0 0 0 0 0 0 0 0 0 0 0 0 0 0 0 0 0 0 0 0 0 0 0 0 0 0 0
 0 0 0 0 0 0 0 0 0 0 0 0 0 0 0 0 0 0 0 0 0 0 0 0 0 0 0 0 0 0 0 0 0 0 0 0 0
 0 0 0 0 0 0 0 0 0 0 0 0 0 0 0 0 0 0 0 0 0 0 0 0 0 0 0 0 0 0 0 0 0 0 0 0 1
 1 1 1 1 1 1 1 1 1 1 1 1 1 1 1 1 1 1 1 1 1 1 1 1 1 1 1 1 1 1 1 1 1 1 1 1 1
 1 1 1 1 1 1 1 1 1 1 1 1 1 1 1 1 1 1 1 1 1 1 1 1 1 1 1 1 1 1 1 1 1 1 1 1 1
 1 1 1 1 1 1 1 1 1 1 1 1 1 1 1 1 1 1 1 1 1 1 1 1 1 1 1 1 1 1 1 1 1 1 1 1 1
 1 1 1 1 1 1 1 1 1 1 1 1 1 1 1 1 1 1 1 1 1 1 1 1 1 1 1 1 1 1 1 1 1 1 1 1 1
 1 1 1 1 1 1 1 1 1 1 1 1 1 1 1 1 1 1 1 1 1 1 1 1 1 1 1 1 1 1 1 1]
Test Pred: [0 0 0 0 0 0 0 0 0 0 0 0 0 0 0 0 0 0 0 0 0 0 0 0 0 0 0 0 0 0 0 0 0 0 0 0 0
 0 0 0 0 0 0 0 0 0 0 0 0 0 0 0 0 0 0 0 0 0 0 0 0 0 0 0 0 0 0 0 0 0 0 0 0 0
 0 0 0 0 0 0 0 0 0 0 0 0 0 0 0 0 0 0 0 0 0 0 0 0 0 0 0 0 0 0 0 0 0 0 0 0 0
 0 0 0 0 0 0 0 0 0 0 0 0 0 0 0 0 0 0 0 0 0 0 0 0 0 0 0 0 0 0 0 0 0 0 0 0 0
 0 0 0 0 0 0 0 0 0 0 0 0 0 0 0 0 0 0 0 0 0 0 0 0 0 0 0 0 0 0 0 0 0 0 0 0 0
 0 0 0 0 0 0 0 0 0 0 0 0 0 0 0 0 0 0 0 0 0 0 0 0 0 0 0 0 0 0 0 0 0 0 0 0 0
 0 0 0 0 0 0 0 0 0 0 0 0 0 0 0 0 0 0 0 0 0 0 0 0 0 0 0 0 0 0 0 0 0 0 0 0 0
 0 0 0 0 0 0 0 0 0 0 0 0 0 0 0 0 0 0 0 0 0 0 0 0 0 0 0 0 0 0 0 0 0 0 0 0 0
 0 0 0 0 0 0 0 0 0 0 0 0 0 0 0 0 0 0 0 0 0 0 0 0 0 0 0 0 0 0 0 0 0 1 1 1 0
 1 0 1 1 1 1 1 1 1 1 1 0 1 0 1 1 1 1 1 1 1 1 1 0 1 1 1 1 1 1 1 1 1 1 1 1 1
 1 0 1 1 1 1 1 1 1 1 1 1 1 1 1 1 1 0 1 1 1 1 1 1 1 1 1 1 1 1 1 0 1 1 1 1 1
 1 1 1 1 1 1 1 1 1 1 1 1 1 1 1 1 1 1 1 1 1 1 1 1 1 1 1 1 0 0 1 1 1 1 1 1 1
 1 1 1 1 1 1 0 1 1 1 1 0 1 1 1 0 1 1 0 1 1 0 0 1 1 1 1 1 1 0 1 1]
Confusion Matrix:
[[295   0]
 [ 51 130]]
Accuracy: 89.29%
F1 Score: 0.8883
Precision: 0.9086
Recall: 0.8929
MCC: 0.7825

============================================================
Test subject: S11, Range: [4101, 4566]
============================================================
Train: 5464 samples, Val: 965 samples, Test: 465 samples
Epoch [1/100]
  Train Loss: 0.3240 | Train Acc: 87.10%
  Val Loss: 0.1158 | Val Acc: 96.58%
  Learning rate: 0.001000
  New best model! Val Loss improved to 0.1158
Epoch [2/100]
  Train Loss: 0.1064 | Train Acc: 96.89%
  Val Loss: 0.0866 | Val Acc: 97.93%
  Learning rate: 0.001000
  New best model! Val Loss improved to 0.0866
Epoch [3/100]
  Train Loss: 0.0612 | Train Acc: 98.48%
  Val Loss: 0.1286 | Val Acc: 97.10%
  Learning rate: 0.001000
  No improvement. Patience: 1/8
Epoch [4/100]
  Train Loss: 0.0339 | Train Acc: 99.12%
  Val Loss: 0.0277 | Val Acc: 99.27%
  Learning rate: 0.001000
  New best model! Val Loss improved to 0.0277
Epoch [5/100]
  Train Loss: 0.0343 | Train Acc: 99.23%
  Val Loss: 0.0348 | Val Acc: 99.17%
  Learning rate: 0.001000
  No improvement. Patience: 1/8
Epoch [6/100]
  Train Loss: 0.0308 | Train Acc: 99.18%
  Val Loss: 0.0268 | Val Acc: 99.38%
  Learning rate: 0.001000
  No improvement. Patience: 2/8
Epoch [7/100]
  Train Loss: 0.0180 | Train Acc: 99.47%
  Val Loss: 0.0709 | Val Acc: 99.07%
  Learning rate: 0.001000
  No improvement. Patience: 3/8
Epoch [8/100]
  Train Loss: 0.0221 | Train Acc: 99.45%
  Val Loss: 0.0161 | Val Acc: 99.69%
  Learning rate: 0.001000
  New best model! Val Loss improved to 0.0161
Epoch [9/100]
  Train Loss: 0.0102 | Train Acc: 99.74%
  Val Loss: 0.0583 | Val Acc: 99.17%
  Learning rate: 0.001000
  No improvement. Patience: 1/8
Epoch [10/100]
  Train Loss: 0.0232 | Train Acc: 99.43%
  Val Loss: 0.1652 | Val Acc: 98.55%
  Learning rate: 0.001000
  No improvement. Patience: 2/8
Epoch [11/100]
  Train Loss: 0.0389 | Train Acc: 99.23%
  Val Loss: 0.0672 | Val Acc: 98.45%
  Learning rate: 0.001000
  No improvement. Patience: 3/8
Epoch [12/100]
  Train Loss: 0.0275 | Train Acc: 99.47%
  Val Loss: 0.0330 | Val Acc: 99.27%
  Learning rate: 0.000500
  No improvement. Patience: 4/8
Epoch [13/100]
  Train Loss: 0.0015 | Train Acc: 99.96%
  Val Loss: 0.0114 | Val Acc: 99.59%
  Learning rate: 0.000500
  New best model! Val Loss improved to 0.0114
Epoch [14/100]
  Train Loss: 0.0001 | Train Acc: 100.00%
  Val Loss: 0.0082 | Val Acc: 99.59%
  Learning rate: 0.000500
  New best model! Val Loss improved to 0.0082
Epoch [15/100]
  Train Loss: 0.0005 | Train Acc: 99.98%
  Val Loss: 0.0364 | Val Acc: 99.48%
  Learning rate: 0.000500
  No improvement. Patience: 1/8
Epoch [16/100]
  Train Loss: 0.0007 | Train Acc: 99.96%
  Val Loss: 0.0217 | Val Acc: 99.69%
  Learning rate: 0.000500
  No improvement. Patience: 2/8
Epoch [17/100]
  Train Loss: 0.0032 | Train Acc: 99.95%
  Val Loss: 0.0562 | Val Acc: 99.48%
  Learning rate: 0.000500
  No improvement. Patience: 3/8
Epoch [18/100]
  Train Loss: 0.0016 | Train Acc: 99.95%
  Val Loss: 0.0294 | Val Acc: 99.48%
  Learning rate: 0.000250
  No improvement. Patience: 4/8
Epoch [19/100]
  Train Loss: 0.0001 | Train Acc: 100.00%
  Val Loss: 0.0339 | Val Acc: 99.38%
  Learning rate: 0.000250
  No improvement. Patience: 5/8
Epoch [20/100]
  Train Loss: 0.0003 | Train Acc: 99.98%
  Val Loss: 0.0360 | Val Acc: 99.48%
  Learning rate: 0.000250
  No improvement. Patience: 6/8
Epoch [21/100]
  Train Loss: 0.0010 | Train Acc: 99.98%
  Val Loss: 0.0318 | Val Acc: 99.38%
  Learning rate: 0.000250
  No improvement. Patience: 7/8
Epoch [22/100]
  Train Loss: 0.0000 | Train Acc: 100.00%
  Val Loss: 0.0263 | Val Acc: 99.69%
  Learning rate: 0.000125
  No improvement. Patience: 8/8

Early stopping triggered after 22 epochs

Subject S11 Results:
Test Labels: [0 0 0 0 0 0 0 0 0 0 0 0 0 0 0 0 0 0 0 0 0 0 0 0 0 0 0 0 0 0 0 0 0 0 0 0 0
 0 0 0 0 0 0 0 0 0 0 0 0 0 0 0 0 0 0 0 0 0 0 0 0 0 0 0 0 0 0 0 0 0 0 0 0 0
 0 0 0 0 0 0 0 0 0 0 0 0 0 0 0 0 0 0 0 0 0 0 0 0 0 0 0 0 0 0 0 0 0 0 0 0 0
 0 0 0 0 0 0 0 0 0 0 0 0 0 0 0 0 0 0 0 0 0 0 0 0 0 0 0 0 0 0 0 0 0 0 0 0 0
 0 0 0 0 0 0 0 0 0 0 0 0 0 0 0 0 0 0 0 0 0 0 0 0 0 0 0 0 0 0 0 0 0 0 0 0 0
 0 0 0 0 0 0 0 0 0 0 0 0 0 0 0 0 0 0 0 0 0 0 0 0 0 0 0 0 0 0 0 0 0 0 0 0 0
 0 0 0 0 0 0 0 0 0 0 0 0 0 0 0 0 0 0 0 0 0 0 0 0 0 0 0 0 0 0 0 0 0 0 0 0 0
 0 0 0 0 0 0 0 0 0 0 0 0 0 0 0 0 0 0 0 0 0 0 0 0 0 0 0 0 0 0 0 0 0 0 0 0 1
 1 1 1 1 1 1 1 1 1 1 1 1 1 1 1 1 1 1 1 1 1 1 1 1 1 1 1 1 1 1 1 1 1 1 1 1 1
 1 1 1 1 1 1 1 1 1 1 1 1 1 1 1 1 1 1 1 1 1 1 1 1 1 1 1 1 1 1 1 1 1 1 1 1 1
 1 1 1 1 1 1 1 1 1 1 1 1 1 1 1 1 1 1 1 1 1 1 1 1 1 1 1 1 1 1 1 1 1 1 1 1 1
 1 1 1 1 1 1 1 1 1 1 1 1 1 1 1 1 1 1 1 1 1 1 1 1 1 1 1 1 1 1 1 1 1 1 1 1 1
 1 1 1 1 1 1 1 1 1 1 1 1 1 1 1 1 1 1 1 1 1]
Test Pred: [1 1 1 1 1 1 1 1 1 1 1 1 1 1 1 1 1 1 1 1 1 1 1 1 1 1 1 1 1 1 1 1 1 1 1 1 1
 1 1 1 1 1 1 1 1 1 1 1 1 1 1 1 1 1 1 1 1 1 1 1 1 1 1 1 1 1 1 1 1 1 1 1 1 1
 1 1 1 1 1 1 1 1 1 1 1 1 1 1 1 1 1 1 1 1 1 1 1 1 1 1 1 1 1 1 1 1 1 1 1 1 1
 1 1 1 1 1 1 1 1 1 1 1 1 1 1 1 1 1 1 1 1 1 1 1 1 1 1 1 1 1 1 1 1 1 1 1 1 1
 1 1 1 1 1 1 1 1 1 1 1 1 1 1 1 1 1 1 1 1 1 1 1 1 1 1 1 1 1 1 1 1 1 1 1 1 1
 1 1 1 1 1 1 1 1 1 1 1 1 1 1 1 1 1 1 1 1 1 1 1 1 1 1 1 1 1 1 1 1 1 1 1 1 1
 1 1 1 1 1 1 1 1 1 1 1 1 1 1 1 1 1 1 1 1 1 1 1 1 1 1 1 1 1 1 1 1 1 1 1 1 1
 1 1 1 1 1 1 1 1 1 1 1 1 1 1 1 1 1 1 1 1 1 1 1 1 1 1 1 1 1 1 1 1 1 1 1 1 1
 1 1 1 1 1 1 1 1 1 1 1 1 1 1 1 1 1 1 1 1 1 1 1 1 1 1 1 1 1 1 1 1 1 1 1 1 1
 1 1 1 1 1 1 1 1 1 1 1 1 1 1 1 1 1 1 1 1 1 1 1 1 1 1 1 1 1 1 1 1 1 1 1 1 1
 1 1 1 1 1 1 1 1 1 1 1 1 1 1 1 1 1 1 1 1 1 1 1 1 1 1 1 1 1 1 1 1 1 1 1 1 1
 1 1 1 1 1 1 1 1 1 1 1 1 1 1 1 1 1 1 1 1 1 1 1 1 1 1 1 1 1 1 1 1 1 1 1 1 1
 1 1 1 1 1 1 1 1 1 1 1 1 1 1 1 1 1 1 1 1 1]
Confusion Matrix:
[[  0 295]
 [  0 170]]
Accuracy: 36.56%
F1 Score: 0.1957
Precision: 0.1337
Recall: 0.3656
MCC: 0.0000

============================================================
Test subject: S13, Range: [4566, 5027]
============================================================
Train: 5468 samples, Val: 965 samples, Test: 461 samples
Epoch [1/100]
  Train Loss: 0.3676 | Train Acc: 85.37%
  Val Loss: 0.1312 | Val Acc: 95.13%
  Learning rate: 0.001000
  New best model! Val Loss improved to 0.1312
Epoch [2/100]
  Train Loss: 0.1399 | Train Acc: 95.89%
  Val Loss: 0.0605 | Val Acc: 98.13%
  Learning rate: 0.001000
  New best model! Val Loss improved to 0.0605
Epoch [3/100]
  Train Loss: 0.0754 | Train Acc: 97.55%
  Val Loss: 0.0214 | Val Acc: 99.07%
  Learning rate: 0.001000
  New best model! Val Loss improved to 0.0214
Epoch [4/100]
  Train Loss: 0.0629 | Train Acc: 98.50%
  Val Loss: 0.0489 | Val Acc: 98.86%
  Learning rate: 0.001000
  No improvement. Patience: 1/8
Epoch [5/100]
  Train Loss: 0.0446 | Train Acc: 98.79%
  Val Loss: 0.2321 | Val Acc: 95.65%
  Learning rate: 0.001000
  No improvement. Patience: 2/8
Epoch [6/100]
  Train Loss: 0.0472 | Train Acc: 98.96%
  Val Loss: 0.0394 | Val Acc: 99.17%
  Learning rate: 0.001000
  No improvement. Patience: 3/8
Epoch [7/100]
  Train Loss: 0.0200 | Train Acc: 99.43%
  Val Loss: 0.0926 | Val Acc: 98.76%
  Learning rate: 0.000500
  No improvement. Patience: 4/8
Epoch [8/100]
  Train Loss: 0.0028 | Train Acc: 99.89%
  Val Loss: 0.0194 | Val Acc: 99.38%
  Learning rate: 0.000500
  New best model! Val Loss improved to 0.0194
Epoch [9/100]
  Train Loss: 0.0011 | Train Acc: 99.96%
  Val Loss: 0.0332 | Val Acc: 99.27%
  Learning rate: 0.000500
  No improvement. Patience: 1/8
Epoch [10/100]
  Train Loss: 0.0013 | Train Acc: 99.96%
  Val Loss: 0.0117 | Val Acc: 99.38%
  Learning rate: 0.000500
  New best model! Val Loss improved to 0.0117
Epoch [11/100]
  Train Loss: 0.0019 | Train Acc: 99.91%
  Val Loss: 0.0073 | Val Acc: 99.90%
  Learning rate: 0.000500
  New best model! Val Loss improved to 0.0073
Epoch [12/100]
  Train Loss: 0.0011 | Train Acc: 99.95%
  Val Loss: 0.0140 | Val Acc: 99.59%
  Learning rate: 0.000500
  No improvement. Patience: 1/8
Epoch [13/100]
  Train Loss: 0.0078 | Train Acc: 99.78%
  Val Loss: 0.0371 | Val Acc: 99.27%
  Learning rate: 0.000500
  No improvement. Patience: 2/8
Epoch [14/100]
  Train Loss: 0.0074 | Train Acc: 99.80%
  Val Loss: 0.0082 | Val Acc: 99.79%
  Learning rate: 0.000500
  No improvement. Patience: 3/8
Epoch [15/100]
  Train Loss: 0.0003 | Train Acc: 99.98%
  Val Loss: 0.0119 | Val Acc: 99.79%
  Learning rate: 0.000250
  No improvement. Patience: 4/8
Epoch [16/100]
  Train Loss: 0.0036 | Train Acc: 99.93%
  Val Loss: 0.0568 | Val Acc: 99.48%
  Learning rate: 0.000250
  No improvement. Patience: 5/8
Epoch [17/100]
  Train Loss: 0.0018 | Train Acc: 99.98%
  Val Loss: 0.0064 | Val Acc: 99.79%
  Learning rate: 0.000250
  No improvement. Patience: 6/8
Epoch [18/100]
  Train Loss: 0.0012 | Train Acc: 99.96%
  Val Loss: 0.0148 | Val Acc: 99.59%
  Learning rate: 0.000250
  No improvement. Patience: 7/8
Epoch [19/100]
  Train Loss: 0.0019 | Train Acc: 99.96%
  Val Loss: 0.0049 | Val Acc: 99.79%
  Learning rate: 0.000250
  New best model! Val Loss improved to 0.0049
Epoch [20/100]
  Train Loss: 0.0004 | Train Acc: 99.96%
  Val Loss: 0.0104 | Val Acc: 99.59%
  Learning rate: 0.000250
  No improvement. Patience: 1/8
Epoch [21/100]
  Train Loss: 0.0003 | Train Acc: 99.98%
  Val Loss: 0.0104 | Val Acc: 99.59%
  Learning rate: 0.000250
  No improvement. Patience: 2/8
Epoch [22/100]
  Train Loss: 0.0000 | Train Acc: 100.00%
  Val Loss: 0.0034 | Val Acc: 99.90%
  Learning rate: 0.000250
  New best model! Val Loss improved to 0.0034
Epoch [23/100]
  Train Loss: 0.0004 | Train Acc: 99.98%
  Val Loss: 0.0247 | Val Acc: 99.48%
  Learning rate: 0.000250
  No improvement. Patience: 1/8
Epoch [24/100]
  Train Loss: 0.0008 | Train Acc: 99.96%
  Val Loss: 0.0181 | Val Acc: 99.59%
  Learning rate: 0.000250
  No improvement. Patience: 2/8
Epoch [25/100]
  Train Loss: 0.0000 | Train Acc: 100.00%
  Val Loss: 0.0145 | Val Acc: 99.48%
  Learning rate: 0.000250
  No improvement. Patience: 3/8
Epoch [26/100]
  Train Loss: 0.0000 | Train Acc: 100.00%
  Val Loss: 0.0088 | Val Acc: 99.59%
  Learning rate: 0.000125
  No improvement. Patience: 4/8
Epoch [27/100]
  Train Loss: 0.0000 | Train Acc: 100.00%
  Val Loss: 0.0216 | Val Acc: 99.48%
  Learning rate: 0.000125
  No improvement. Patience: 5/8
Epoch [28/100]
  Train Loss: 0.0003 | Train Acc: 99.98%
  Val Loss: 0.0242 | Val Acc: 99.59%
  Learning rate: 0.000125
  No improvement. Patience: 6/8
Epoch [29/100]
  Train Loss: 0.0000 | Train Acc: 100.00%
  Val Loss: 0.0200 | Val Acc: 99.69%
  Learning rate: 0.000125
  No improvement. Patience: 7/8
Epoch [30/100]
  Train Loss: 0.0002 | Train Acc: 99.98%
  Val Loss: 0.0165 | Val Acc: 99.69%
  Learning rate: 0.000063
  No improvement. Patience: 8/8

Early stopping triggered after 30 epochs

Subject S13 Results:
Test Labels: [0 0 0 0 0 0 0 0 0 0 0 0 0 0 0 0 0 0 0 0 0 0 0 0 0 0 0 0 0 0 0 0 0 0 0 0 0
 0 0 0 0 0 0 0 0 0 0 0 0 0 0 0 0 0 0 0 0 0 0 0 0 0 0 0 0 0 0 0 0 0 0 0 0 0
 0 0 0 0 0 0 0 0 0 0 0 0 0 0 0 0 0 0 0 0 0 0 0 0 0 0 0 0 0 0 0 0 0 0 0 0 0
 0 0 0 0 0 0 0 0 0 0 0 0 0 0 0 0 0 0 0 0 0 0 0 0 0 0 0 0 0 0 0 0 0 0 0 0 0
 0 0 0 0 0 0 0 0 0 0 0 0 0 0 0 0 0 0 0 0 0 0 0 0 0 0 0 0 0 0 0 0 0 0 0 0 0
 0 0 0 0 0 0 0 0 0 0 0 0 0 0 0 0 0 0 0 0 0 0 0 0 0 0 0 0 0 0 0 0 0 0 0 0 0
 0 0 0 0 0 0 0 0 0 0 0 0 0 0 0 0 0 0 0 0 0 0 0 0 0 0 0 0 0 0 0 0 0 0 0 0 0
 0 0 0 0 0 0 0 0 0 0 0 0 0 0 0 0 0 0 0 0 0 0 0 0 0 0 0 0 0 0 0 0 0 0 0 0 1
 1 1 1 1 1 1 1 1 1 1 1 1 1 1 1 1 1 1 1 1 1 1 1 1 1 1 1 1 1 1 1 1 1 1 1 1 1
 1 1 1 1 1 1 1 1 1 1 1 1 1 1 1 1 1 1 1 1 1 1 1 1 1 1 1 1 1 1 1 1 1 1 1 1 1
 1 1 1 1 1 1 1 1 1 1 1 1 1 1 1 1 1 1 1 1 1 1 1 1 1 1 1 1 1 1 1 1 1 1 1 1 1
 1 1 1 1 1 1 1 1 1 1 1 1 1 1 1 1 1 1 1 1 1 1 1 1 1 1 1 1 1 1 1 1 1 1 1 1 1
 1 1 1 1 1 1 1 1 1 1 1 1 1 1 1 1 1]
Test Pred: [0 1 0 0 0 0 0 0 0 0 0 0 0 0 1 0 0 0 0 0 0 0 0 0 0 0 0 0 0 0 0 0 0 0 0 0 0
 0 0 0 0 0 0 0 0 0 0 0 0 0 0 0 0 0 0 0 0 0 0 0 0 0 0 0 0 0 0 0 0 0 0 0 0 0
 0 0 0 0 0 0 0 0 0 0 0 0 0 0 0 0 0 0 0 0 0 0 0 0 0 0 0 0 0 0 0 0 0 0 0 0 0
 0 0 0 0 0 0 0 0 0 0 0 0 0 0 0 0 0 0 0 0 0 0 0 0 0 0 0 0 0 0 0 0 0 0 0 0 0
 0 0 0 0 0 0 0 0 0 0 0 0 0 0 0 0 0 0 0 0 0 0 0 0 0 0 0 0 0 0 0 0 0 0 0 0 0
 0 0 0 0 0 0 0 0 0 0 0 0 0 0 0 0 0 0 0 0 0 0 0 0 0 0 0 0 0 0 0 0 0 0 0 0 0
 0 0 0 0 0 0 0 0 0 0 0 0 0 0 0 0 0 0 0 0 0 0 0 0 0 0 0 0 0 0 0 0 0 0 0 0 0
 0 0 0 0 0 0 0 0 0 0 0 0 0 0 0 0 0 0 0 0 0 0 0 0 0 0 0 0 0 0 0 0 0 0 0 0 1
 1 1 1 1 1 0 1 1 1 0 0 0 1 1 1 1 1 1 1 1 1 1 1 1 1 1 1 1 1 1 1 1 1 1 1 1 1
 1 1 0 1 0 1 0 1 0 1 1 1 1 1 0 0 1 1 1 1 1 1 1 1 0 0 0 1 1 1 1 1 1 0 0 1 0
 0 0 0 0 0 0 0 0 0 0 0 0 0 0 0 0 0 0 1 1 1 0 1 0 1 1 0 0 1 1 1 1 0 1 1 0 0
 1 0 1 1 1 0 0 1 1 1 1 1 0 0 1 1 1 1 1 1 1 1 1 1 1 1 0 1 1 1 0 1 1 0 1 0 0
 1 1 0 1 1 1 0 0 1 0 0 0 0 1 1 1 1]
Confusion Matrix:
[[293   2]
 [ 58 108]]
Accuracy: 86.98%
F1 Score: 0.8623
Precision: 0.8877
Recall: 0.8698
MCC: 0.7251

============================================================
Test subject: S14, Range: [5027, 5491]
============================================================
Train: 5465 samples, Val: 965 samples, Test: 464 samples
Epoch [1/100]
  Train Loss: 0.3886 | Train Acc: 84.46%
  Val Loss: 0.4723 | Val Acc: 88.70%
  Learning rate: 0.001000
  New best model! Val Loss improved to 0.4723
Epoch [2/100]
  Train Loss: 0.1579 | Train Acc: 94.80%
  Val Loss: 0.1300 | Val Acc: 95.75%
  Learning rate: 0.001000
  New best model! Val Loss improved to 0.1300
Epoch [3/100]
  Train Loss: 0.0852 | Train Acc: 97.51%
  Val Loss: 0.1276 | Val Acc: 97.62%
  Learning rate: 0.001000
  New best model! Val Loss improved to 0.1276
Epoch [4/100]
  Train Loss: 0.0453 | Train Acc: 98.70%
  Val Loss: 0.1531 | Val Acc: 97.20%
  Learning rate: 0.001000
  No improvement. Patience: 1/8
Epoch [5/100]
  Train Loss: 0.0296 | Train Acc: 99.21%
  Val Loss: 0.0966 | Val Acc: 97.51%
  Learning rate: 0.001000
  New best model! Val Loss improved to 0.0966
Epoch [6/100]
  Train Loss: 0.0467 | Train Acc: 99.05%
  Val Loss: 0.0966 | Val Acc: 98.24%
  Learning rate: 0.001000
  No improvement. Patience: 1/8
Epoch [7/100]
  Train Loss: 0.0320 | Train Acc: 99.29%
  Val Loss: 0.1292 | Val Acc: 98.34%
  Learning rate: 0.001000
  No improvement. Patience: 2/8
Epoch [8/100]
  Train Loss: 0.0334 | Train Acc: 99.19%
  Val Loss: 0.0140 | Val Acc: 99.59%
  Learning rate: 0.001000
  New best model! Val Loss improved to 0.0140
Epoch [9/100]
  Train Loss: 0.0209 | Train Acc: 99.45%
  Val Loss: 0.0360 | Val Acc: 99.59%
  Learning rate: 0.001000
  No improvement. Patience: 1/8
Epoch [10/100]
  Train Loss: 0.0152 | Train Acc: 99.60%
  Val Loss: 0.0425 | Val Acc: 99.48%
  Learning rate: 0.001000
  No improvement. Patience: 2/8
Epoch [11/100]
  Train Loss: 0.0207 | Train Acc: 99.45%
  Val Loss: 0.0209 | Val Acc: 99.69%
  Learning rate: 0.001000
  No improvement. Patience: 3/8
Epoch [12/100]
  Train Loss: 0.0343 | Train Acc: 99.34%
  Val Loss: 0.0707 | Val Acc: 99.27%
  Learning rate: 0.000500
  No improvement. Patience: 4/8
Epoch [13/100]
  Train Loss: 0.0025 | Train Acc: 99.89%
  Val Loss: 0.0268 | Val Acc: 99.59%
  Learning rate: 0.000500
  No improvement. Patience: 5/8
Epoch [14/100]
  Train Loss: 0.0017 | Train Acc: 99.87%
  Val Loss: 0.0133 | Val Acc: 99.59%
  Learning rate: 0.000500
  No improvement. Patience: 6/8
Epoch [15/100]
  Train Loss: 0.0001 | Train Acc: 100.00%
  Val Loss: 0.0139 | Val Acc: 99.69%
  Learning rate: 0.000500
  No improvement. Patience: 7/8
Epoch [16/100]
  Train Loss: 0.0000 | Train Acc: 100.00%
  Val Loss: 0.0111 | Val Acc: 99.79%
  Learning rate: 0.000500
  New best model! Val Loss improved to 0.0111
Epoch [17/100]
  Train Loss: 0.0014 | Train Acc: 99.95%
  Val Loss: 0.0200 | Val Acc: 99.69%
  Learning rate: 0.000500
  No improvement. Patience: 1/8
Epoch [18/100]
  Train Loss: 0.0005 | Train Acc: 99.98%
  Val Loss: 0.0182 | Val Acc: 99.79%
  Learning rate: 0.000500
  No improvement. Patience: 2/8
Epoch [19/100]
  Train Loss: 0.0000 | Train Acc: 100.00%
  Val Loss: 0.0151 | Val Acc: 99.79%
  Learning rate: 0.000500
  No improvement. Patience: 3/8
Epoch [20/100]
  Train Loss: 0.0000 | Train Acc: 100.00%
  Val Loss: 0.0052 | Val Acc: 99.90%
  Learning rate: 0.000500
  New best model! Val Loss improved to 0.0052
Epoch [21/100]
  Train Loss: 0.0056 | Train Acc: 99.85%
  Val Loss: 0.1500 | Val Acc: 99.17%
  Learning rate: 0.000500
  No improvement. Patience: 1/8
Epoch [22/100]
  Train Loss: 0.0193 | Train Acc: 99.51%
  Val Loss: 0.0358 | Val Acc: 99.27%
  Learning rate: 0.000500
  No improvement. Patience: 2/8
Epoch [23/100]
  Train Loss: 0.0275 | Train Acc: 99.62%
  Val Loss: 0.0329 | Val Acc: 99.69%
  Learning rate: 0.000500
  No improvement. Patience: 3/8
Epoch [24/100]
  Train Loss: 0.0040 | Train Acc: 99.95%
  Val Loss: 0.0039 | Val Acc: 99.79%
  Learning rate: 0.000500
  New best model! Val Loss improved to 0.0039
Epoch [25/100]
  Train Loss: 0.0001 | Train Acc: 100.00%
  Val Loss: 0.0059 | Val Acc: 99.90%
  Learning rate: 0.000500
  No improvement. Patience: 1/8
Epoch [26/100]
  Train Loss: 0.0003 | Train Acc: 99.98%
  Val Loss: 0.0076 | Val Acc: 99.79%
  Learning rate: 0.000500
  No improvement. Patience: 2/8
Epoch [27/100]
  Train Loss: 0.0000 | Train Acc: 100.00%
  Val Loss: 0.0088 | Val Acc: 99.79%
  Learning rate: 0.000500
  No improvement. Patience: 3/8
Epoch [28/100]
  Train Loss: 0.0069 | Train Acc: 99.87%
  Val Loss: 0.0869 | Val Acc: 98.86%
  Learning rate: 0.000250
  No improvement. Patience: 4/8
Epoch [29/100]
  Train Loss: 0.0039 | Train Acc: 99.93%
  Val Loss: 0.0104 | Val Acc: 99.79%
  Learning rate: 0.000250
  No improvement. Patience: 5/8
Epoch [30/100]
  Train Loss: 0.0000 | Train Acc: 100.00%
  Val Loss: 0.0099 | Val Acc: 99.79%
  Learning rate: 0.000250
  No improvement. Patience: 6/8
Epoch [31/100]
  Train Loss: 0.0000 | Train Acc: 100.00%
  Val Loss: 0.0120 | Val Acc: 99.69%
  Learning rate: 0.000250
  No improvement. Patience: 7/8
Epoch [32/100]
  Train Loss: 0.0001 | Train Acc: 100.00%
  Val Loss: 0.0084 | Val Acc: 99.79%
  Learning rate: 0.000125
  No improvement. Patience: 8/8

Early stopping triggered after 32 epochs

Subject S14 Results:
Test Labels: [0 0 0 0 0 0 0 0 0 0 0 0 0 0 0 0 0 0 0 0 0 0 0 0 0 0 0 0 0 0 0 0 0 0 0 0 0
 0 0 0 0 0 0 0 0 0 0 0 0 0 0 0 0 0 0 0 0 0 0 0 0 0 0 0 0 0 0 0 0 0 0 0 0 0
 0 0 0 0 0 0 0 0 0 0 0 0 0 0 0 0 0 0 0 0 0 0 0 0 0 0 0 0 0 0 0 0 0 0 0 0 0
 0 0 0 0 0 0 0 0 0 0 0 0 0 0 0 0 0 0 0 0 0 0 0 0 0 0 0 0 0 0 0 0 0 0 0 0 0
 0 0 0 0 0 0 0 0 0 0 0 0 0 0 0 0 0 0 0 0 0 0 0 0 0 0 0 0 0 0 0 0 0 0 0 0 0
 0 0 0 0 0 0 0 0 0 0 0 0 0 0 0 0 0 0 0 0 0 0 0 0 0 0 0 0 0 0 0 0 0 0 0 0 0
 0 0 0 0 0 0 0 0 0 0 0 0 0 0 0 0 0 0 0 0 0 0 0 0 0 0 0 0 0 0 0 0 0 0 0 0 0
 0 0 0 0 0 0 0 0 0 0 0 0 0 0 0 0 0 0 0 0 0 0 0 0 0 0 0 0 0 0 0 0 0 0 0 0 1
 1 1 1 1 1 1 1 1 1 1 1 1 1 1 1 1 1 1 1 1 1 1 1 1 1 1 1 1 1 1 1 1 1 1 1 1 1
 1 1 1 1 1 1 1 1 1 1 1 1 1 1 1 1 1 1 1 1 1 1 1 1 1 1 1 1 1 1 1 1 1 1 1 1 1
 1 1 1 1 1 1 1 1 1 1 1 1 1 1 1 1 1 1 1 1 1 1 1 1 1 1 1 1 1 1 1 1 1 1 1 1 1
 1 1 1 1 1 1 1 1 1 1 1 1 1 1 1 1 1 1 1 1 1 1 1 1 1 1 1 1 1 1 1 1 1 1 1 1 1
 1 1 1 1 1 1 1 1 1 1 1 1 1 1 1 1 1 1 1 1]
Test Pred: [0 0 0 0 0 0 0 0 0 0 0 0 0 0 0 0 0 0 0 0 0 0 0 0 0 0 0 0 0 0 0 0 0 0 0 0 0
 0 0 0 0 0 0 0 0 0 0 0 0 0 0 0 0 0 0 0 0 0 0 0 0 0 0 0 0 0 0 0 0 0 0 0 0 0
 0 0 0 0 0 0 0 0 0 0 0 0 0 0 0 0 0 0 0 0 0 0 0 0 0 0 0 0 0 0 0 0 0 0 0 0 0
 0 0 0 0 0 0 0 0 0 0 0 0 0 0 0 0 0 0 0 0 0 0 0 0 0 0 0 0 0 0 0 0 0 0 0 0 0
 0 0 0 0 0 0 0 0 0 0 0 0 0 0 0 0 0 0 0 0 0 0 0 0 0 0 0 0 0 0 0 0 0 0 0 0 0
 0 0 0 0 0 0 0 0 0 0 0 0 0 0 0 0 0 0 0 0 0 0 0 0 0 0 0 0 0 0 0 0 0 0 0 0 0
 0 0 0 0 0 0 0 0 0 0 1 0 0 0 0 0 0 0 0 0 0 0 0 0 0 0 0 0 0 0 0 0 0 0 0 0 0
 0 0 0 0 0 0 0 0 0 0 0 0 0 0 0 0 0 0 0 0 0 0 0 0 0 0 0 0 0 0 0 0 0 0 0 0 1
 1 1 1 1 1 1 1 1 1 1 1 1 1 1 1 1 1 1 1 1 1 1 1 1 1 1 1 1 1 1 1 1 1 1 1 1 1
 1 1 1 1 1 1 1 1 1 1 1 1 1 1 1 1 1 1 1 1 1 1 1 1 1 1 1 1 1 1 1 1 1 1 1 1 1
 1 1 1 1 1 1 1 1 1 1 1 1 1 1 1 1 1 1 1 1 1 1 1 1 1 1 1 1 1 1 1 1 1 1 1 1 1
 1 1 1 1 1 1 1 1 1 1 1 1 1 1 1 1 1 1 1 1 1 1 1 1 1 1 1 1 1 1 1 1 1 1 1 1 1
 1 1 1 1 1 1 1 1 1 1 1 1 1 1 1 1 1 1 1 1]
Confusion Matrix:
[[294   1]
 [  0 169]]
Accuracy: 99.78%
F1 Score: 0.9978
Precision: 0.9979
Recall: 0.9978
MCC: 0.9954

============================================================
Test subject: S15, Range: [5491, 5955]
============================================================
Train: 5465 samples, Val: 965 samples, Test: 464 samples
Epoch [1/100]
  Train Loss: 0.3422 | Train Acc: 85.78%
  Val Loss: 0.4239 | Val Acc: 90.78%
  Learning rate: 0.001000
  New best model! Val Loss improved to 0.4239
Epoch [2/100]
  Train Loss: 0.1412 | Train Acc: 95.46%
  Val Loss: 0.0656 | Val Acc: 97.51%
  Learning rate: 0.001000
  New best model! Val Loss improved to 0.0656
Epoch [3/100]
  Train Loss: 0.0998 | Train Acc: 97.09%
  Val Loss: 0.0414 | Val Acc: 98.65%
  Learning rate: 0.001000
  New best model! Val Loss improved to 0.0414
Epoch [4/100]
  Train Loss: 0.0439 | Train Acc: 98.65%
  Val Loss: 0.0681 | Val Acc: 97.82%
  Learning rate: 0.001000
  No improvement. Patience: 1/8
Epoch [5/100]
  Train Loss: 0.0452 | Train Acc: 98.94%
  Val Loss: 0.0435 | Val Acc: 98.86%
  Learning rate: 0.001000
  No improvement. Patience: 2/8
Epoch [6/100]
  Train Loss: 0.0216 | Train Acc: 99.51%
  Val Loss: 0.0105 | Val Acc: 99.38%
  Learning rate: 0.001000
  New best model! Val Loss improved to 0.0105
Epoch [7/100]
  Train Loss: 0.0293 | Train Acc: 99.16%
  Val Loss: 0.0278 | Val Acc: 98.96%
  Learning rate: 0.001000
  No improvement. Patience: 1/8
Epoch [8/100]
  Train Loss: 0.0195 | Train Acc: 99.40%
  Val Loss: 0.0249 | Val Acc: 99.27%
  Learning rate: 0.001000
  No improvement. Patience: 2/8
Epoch [9/100]
  Train Loss: 0.0293 | Train Acc: 99.16%
  Val Loss: 0.0776 | Val Acc: 99.27%
  Learning rate: 0.001000
  No improvement. Patience: 3/8
Epoch [10/100]
  Train Loss: 0.0284 | Train Acc: 99.27%
  Val Loss: 0.0247 | Val Acc: 99.48%
  Learning rate: 0.000500
  No improvement. Patience: 4/8
Epoch [11/100]
  Train Loss: 0.0042 | Train Acc: 99.89%
  Val Loss: 0.0055 | Val Acc: 99.79%
  Learning rate: 0.000500
  New best model! Val Loss improved to 0.0055
Epoch [12/100]
  Train Loss: 0.0013 | Train Acc: 99.96%
  Val Loss: 0.0170 | Val Acc: 99.69%
  Learning rate: 0.000500
  No improvement. Patience: 1/8
Epoch [13/100]
  Train Loss: 0.0043 | Train Acc: 99.95%
  Val Loss: 0.0177 | Val Acc: 99.59%
  Learning rate: 0.000500
  No improvement. Patience: 2/8
Epoch [14/100]
  Train Loss: 0.0009 | Train Acc: 99.98%
  Val Loss: 0.0163 | Val Acc: 99.79%
  Learning rate: 0.000500
  No improvement. Patience: 3/8
Epoch [15/100]
  Train Loss: 0.0019 | Train Acc: 99.96%
  Val Loss: 0.0091 | Val Acc: 99.69%
  Learning rate: 0.000250
  No improvement. Patience: 4/8
Epoch [16/100]
  Train Loss: 0.0001 | Train Acc: 100.00%
  Val Loss: 0.0151 | Val Acc: 99.69%
  Learning rate: 0.000250
  No improvement. Patience: 5/8
Epoch [17/100]
  Train Loss: 0.0007 | Train Acc: 99.98%
  Val Loss: 0.0057 | Val Acc: 99.79%
  Learning rate: 0.000250
  No improvement. Patience: 6/8
Epoch [18/100]
  Train Loss: 0.0007 | Train Acc: 99.98%
  Val Loss: 0.0041 | Val Acc: 99.79%
  Learning rate: 0.000250
  New best model! Val Loss improved to 0.0041
Epoch [19/100]
  Train Loss: 0.0006 | Train Acc: 99.96%
  Val Loss: 0.0134 | Val Acc: 99.59%
  Learning rate: 0.000250
  No improvement. Patience: 1/8
Epoch [20/100]
  Train Loss: 0.0001 | Train Acc: 100.00%
  Val Loss: 0.0147 | Val Acc: 99.38%
  Learning rate: 0.000250
  No improvement. Patience: 2/8
Epoch [21/100]
  Train Loss: 0.0000 | Train Acc: 100.00%
  Val Loss: 0.0107 | Val Acc: 99.79%
  Learning rate: 0.000250
  No improvement. Patience: 3/8
Epoch [22/100]
  Train Loss: 0.0000 | Train Acc: 100.00%
  Val Loss: 0.0241 | Val Acc: 99.59%
  Learning rate: 0.000125
  No improvement. Patience: 4/8
Epoch [23/100]
  Train Loss: 0.0000 | Train Acc: 100.00%
  Val Loss: 0.0168 | Val Acc: 99.69%
  Learning rate: 0.000125
  No improvement. Patience: 5/8
Epoch [24/100]
  Train Loss: 0.0000 | Train Acc: 100.00%
  Val Loss: 0.0144 | Val Acc: 99.69%
  Learning rate: 0.000125
  No improvement. Patience: 6/8
Epoch [25/100]
  Train Loss: 0.0000 | Train Acc: 100.00%
  Val Loss: 0.0153 | Val Acc: 99.69%
  Learning rate: 0.000125
  No improvement. Patience: 7/8
Epoch [26/100]
  Train Loss: 0.0000 | Train Acc: 100.00%
  Val Loss: 0.0111 | Val Acc: 99.69%
  Learning rate: 0.000063
  No improvement. Patience: 8/8

Early stopping triggered after 26 epochs

Subject S15 Results:
Test Labels: [0 0 0 0 0 0 0 0 0 0 0 0 0 0 0 0 0 0 0 0 0 0 0 0 0 0 0 0 0 0 0 0 0 0 0 0 0
 0 0 0 0 0 0 0 0 0 0 0 0 0 0 0 0 0 0 0 0 0 0 0 0 0 0 0 0 0 0 0 0 0 0 0 0 0
 0 0 0 0 0 0 0 0 0 0 0 0 0 0 0 0 0 0 0 0 0 0 0 0 0 0 0 0 0 0 0 0 0 0 0 0 0
 0 0 0 0 0 0 0 0 0 0 0 0 0 0 0 0 0 0 0 0 0 0 0 0 0 0 0 0 0 0 0 0 0 0 0 0 0
 0 0 0 0 0 0 0 0 0 0 0 0 0 0 0 0 0 0 0 0 0 0 0 0 0 0 0 0 0 0 0 0 0 0 0 0 0
 0 0 0 0 0 0 0 0 0 0 0 0 0 0 0 0 0 0 0 0 0 0 0 0 0 0 0 0 0 0 0 0 0 0 0 0 0
 0 0 0 0 0 0 0 0 0 0 0 0 0 0 0 0 0 0 0 0 0 0 0 0 0 0 0 0 0 0 0 0 0 0 0 0 0
 0 0 0 0 0 0 0 0 0 0 0 0 0 0 0 0 0 0 0 0 0 0 0 0 0 0 0 0 0 0 0 0 0 0 1 1 1
 1 1 1 1 1 1 1 1 1 1 1 1 1 1 1 1 1 1 1 1 1 1 1 1 1 1 1 1 1 1 1 1 1 1 1 1 1
 1 1 1 1 1 1 1 1 1 1 1 1 1 1 1 1 1 1 1 1 1 1 1 1 1 1 1 1 1 1 1 1 1 1 1 1 1
 1 1 1 1 1 1 1 1 1 1 1 1 1 1 1 1 1 1 1 1 1 1 1 1 1 1 1 1 1 1 1 1 1 1 1 1 1
 1 1 1 1 1 1 1 1 1 1 1 1 1 1 1 1 1 1 1 1 1 1 1 1 1 1 1 1 1 1 1 1 1 1 1 1 1
 1 1 1 1 1 1 1 1 1 1 1 1 1 1 1 1 1 1 1 1]
Test Pred: [0 0 0 0 0 0 0 0 0 0 0 0 0 0 0 0 0 0 0 0 0 0 0 0 0 0 0 0 0 0 0 0 0 0 0 0 0
 0 0 0 0 0 0 0 0 0 0 0 0 0 0 0 0 0 0 0 0 0 0 0 0 0 0 0 0 0 0 0 0 0 0 0 0 0
 0 0 0 0 0 0 0 0 0 0 0 0 0 0 0 0 0 0 0 0 0 0 0 0 0 0 0 0 0 0 0 0 0 0 0 0 0
 0 0 0 0 0 0 0 0 0 0 0 0 0 0 0 0 0 0 0 0 0 0 0 0 0 0 0 0 0 0 0 0 0 0 0 0 0
 0 0 0 0 0 0 0 0 0 0 0 0 0 0 0 0 0 0 0 0 0 0 0 0 0 0 0 0 0 0 0 0 0 0 0 0 0
 0 0 0 0 0 0 0 0 0 0 0 0 0 0 0 0 0 0 0 0 0 0 0 0 0 0 0 0 0 0 0 0 0 0 0 0 0
 0 0 0 0 0 0 0 0 0 0 0 0 0 0 0 0 0 0 0 0 0 0 0 0 0 0 0 0 0 0 0 0 0 0 0 0 0
 0 0 0 0 0 0 0 0 0 0 0 0 0 0 0 0 0 0 0 0 0 0 0 0 0 0 0 0 0 0 0 0 0 0 1 0 0
 0 0 1 1 0 1 1 1 1 0 1 1 0 0 0 1 0 1 1 1 0 0 0 0 1 1 0 0 1 0 0 1 0 1 0 0 0
 0 1 1 1 1 1 1 1 0 1 1 1 0 0 1 0 1 0 1 0 1 1 1 1 1 0 0 0 0 0 0 1 1 1 1 1 1
 0 1 1 0 0 0 1 1 1 1 1 1 1 1 1 1 1 1 1 1 1 1 1 1 1 1 1 1 1 1 1 1 1 1 1 1 1
 1 1 1 1 1 0 1 1 1 1 1 0 1 1 1 0 1 1 1 1 1 1 1 1 0 1 1 1 1 1 1 1 1 1 1 1 1
 1 1 1 1 1 1 1 1 1 1 1 1 1 1 1 1 1 1 1 1]
Confusion Matrix:
[[293   0]
 [ 43 128]]
Accuracy: 90.73%
F1 Score: 0.9038
Precision: 0.9192
Recall: 0.9073
MCC: 0.8079

============================================================
Test subject: S16, Range: [5955, 6418]
============================================================
Train: 5466 samples, Val: 965 samples, Test: 463 samples
Epoch [1/100]
  Train Loss: 0.4252 | Train Acc: 82.78%
  Val Loss: 0.1761 | Val Acc: 94.40%
  Learning rate: 0.001000
  New best model! Val Loss improved to 0.1761
Epoch [2/100]
  Train Loss: 0.1531 | Train Acc: 95.01%
  Val Loss: 0.1318 | Val Acc: 96.48%
  Learning rate: 0.001000
  New best model! Val Loss improved to 0.1318
Epoch [3/100]
  Train Loss: 0.0852 | Train Acc: 97.60%
  Val Loss: 0.0499 | Val Acc: 98.55%
  Learning rate: 0.001000
  New best model! Val Loss improved to 0.0499
Epoch [4/100]
  Train Loss: 0.0802 | Train Acc: 97.93%
  Val Loss: 0.0937 | Val Acc: 97.82%
  Learning rate: 0.001000
  No improvement. Patience: 1/8
Epoch [5/100]
  Train Loss: 0.0246 | Train Acc: 99.29%
  Val Loss: 0.0432 | Val Acc: 98.96%
  Learning rate: 0.001000
  New best model! Val Loss improved to 0.0432
Epoch [6/100]
  Train Loss: 0.0248 | Train Acc: 99.38%
  Val Loss: 0.0648 | Val Acc: 98.96%
  Learning rate: 0.001000
  No improvement. Patience: 1/8
Epoch [7/100]
  Train Loss: 0.0280 | Train Acc: 99.25%
  Val Loss: 0.0351 | Val Acc: 99.17%
  Learning rate: 0.001000
  New best model! Val Loss improved to 0.0351
Epoch [8/100]
  Train Loss: 0.0117 | Train Acc: 99.69%
  Val Loss: 0.0279 | Val Acc: 98.86%
  Learning rate: 0.001000
  New best model! Val Loss improved to 0.0279
Epoch [9/100]
  Train Loss: 0.0275 | Train Acc: 99.27%
  Val Loss: 0.1616 | Val Acc: 96.99%
  Learning rate: 0.001000
  No improvement. Patience: 1/8
Epoch [10/100]
  Train Loss: 0.0305 | Train Acc: 99.27%
  Val Loss: 0.0297 | Val Acc: 99.17%
  Learning rate: 0.001000
  No improvement. Patience: 2/8
Epoch [11/100]
  Train Loss: 0.0250 | Train Acc: 99.27%
  Val Loss: 0.0129 | Val Acc: 99.48%
  Learning rate: 0.001000
  New best model! Val Loss improved to 0.0129
Epoch [12/100]
  Train Loss: 0.0210 | Train Acc: 99.40%
  Val Loss: 0.0925 | Val Acc: 98.03%
  Learning rate: 0.001000
  No improvement. Patience: 1/8
Epoch [13/100]
  Train Loss: 0.0440 | Train Acc: 98.98%
  Val Loss: 0.0257 | Val Acc: 99.48%
  Learning rate: 0.001000
  No improvement. Patience: 2/8
Epoch [14/100]
  Train Loss: 0.0072 | Train Acc: 99.74%
  Val Loss: 0.0446 | Val Acc: 99.17%
  Learning rate: 0.001000
  No improvement. Patience: 3/8
Epoch [15/100]
  Train Loss: 0.0162 | Train Acc: 99.62%
  Val Loss: 0.0739 | Val Acc: 98.86%
  Learning rate: 0.000500
  No improvement. Patience: 4/8
Epoch [16/100]
  Train Loss: 0.0067 | Train Acc: 99.82%
  Val Loss: 0.0116 | Val Acc: 99.48%
  Learning rate: 0.000500
  New best model! Val Loss improved to 0.0116
Epoch [17/100]
  Train Loss: 0.0000 | Train Acc: 100.00%
  Val Loss: 0.0209 | Val Acc: 99.59%
  Learning rate: 0.000500
  No improvement. Patience: 1/8
Epoch [18/100]
  Train Loss: 0.0022 | Train Acc: 99.93%
  Val Loss: 0.0329 | Val Acc: 99.48%
  Learning rate: 0.000500
  No improvement. Patience: 2/8
Epoch [19/100]
  Train Loss: 0.0018 | Train Acc: 99.93%
  Val Loss: 0.0139 | Val Acc: 99.59%
  Learning rate: 0.000500
  No improvement. Patience: 3/8
Epoch [20/100]
  Train Loss: 0.0000 | Train Acc: 100.00%
  Val Loss: 0.0116 | Val Acc: 99.69%
  Learning rate: 0.000500
  No improvement. Patience: 4/8
Epoch [21/100]
  Train Loss: 0.0032 | Train Acc: 99.91%
  Val Loss: 0.0538 | Val Acc: 99.27%
  Learning rate: 0.000500
  No improvement. Patience: 5/8
Epoch [22/100]
  Train Loss: 0.0074 | Train Acc: 99.85%
  Val Loss: 0.0315 | Val Acc: 99.59%
  Learning rate: 0.000500
  No improvement. Patience: 6/8
Epoch [23/100]
  Train Loss: 0.0080 | Train Acc: 99.74%
  Val Loss: 0.0520 | Val Acc: 99.38%
  Learning rate: 0.000500
  No improvement. Patience: 7/8
Epoch [24/100]
  Train Loss: 0.0027 | Train Acc: 99.87%
  Val Loss: 0.0609 | Val Acc: 99.17%
  Learning rate: 0.000250
  No improvement. Patience: 8/8

Early stopping triggered after 24 epochs

Subject S16 Results:
Test Labels: [0 0 0 0 0 0 0 0 0 0 0 0 0 0 0 0 0 0 0 0 0 0 0 0 0 0 0 0 0 0 0 0 0 0 0 0 0
 0 0 0 0 0 0 0 0 0 0 0 0 0 0 0 0 0 0 0 0 0 0 0 0 0 0 0 0 0 0 0 0 0 0 0 0 0
 0 0 0 0 0 0 0 0 0 0 0 0 0 0 0 0 0 0 0 0 0 0 0 0 0 0 0 0 0 0 0 0 0 0 0 0 0
 0 0 0 0 0 0 0 0 0 0 0 0 0 0 0 0 0 0 0 0 0 0 0 0 0 0 0 0 0 0 0 0 0 0 0 0 0
 0 0 0 0 0 0 0 0 0 0 0 0 0 0 0 0 0 0 0 0 0 0 0 0 0 0 0 0 0 0 0 0 0 0 0 0 0
 0 0 0 0 0 0 0 0 0 0 0 0 0 0 0 0 0 0 0 0 0 0 0 0 0 0 0 0 0 0 0 0 0 0 0 0 0
 0 0 0 0 0 0 0 0 0 0 0 0 0 0 0 0 0 0 0 0 0 0 0 0 0 0 0 0 0 0 0 0 0 0 0 0 0
 0 0 0 0 0 0 0 0 0 0 0 0 0 0 0 0 0 0 0 0 0 0 0 0 0 0 0 0 0 0 0 0 0 0 0 0 1
 1 1 1 1 1 1 1 1 1 1 1 1 1 1 1 1 1 1 1 1 1 1 1 1 1 1 1 1 1 1 1 1 1 1 1 1 1
 1 1 1 1 1 1 1 1 1 1 1 1 1 1 1 1 1 1 1 1 1 1 1 1 1 1 1 1 1 1 1 1 1 1 1 1 1
 1 1 1 1 1 1 1 1 1 1 1 1 1 1 1 1 1 1 1 1 1 1 1 1 1 1 1 1 1 1 1 1 1 1 1 1 1
 1 1 1 1 1 1 1 1 1 1 1 1 1 1 1 1 1 1 1 1 1 1 1 1 1 1 1 1 1 1 1 1 1 1 1 1 1
 1 1 1 1 1 1 1 1 1 1 1 1 1 1 1 1 1 1 1]
Test Pred: [0 0 0 0 0 0 0 0 0 0 0 0 0 0 0 0 0 0 0 0 0 0 0 0 0 0 0 0 0 0 0 0 0 0 0 0 0
 0 0 0 0 0 0 0 0 0 0 0 0 0 0 0 0 0 0 0 0 0 0 0 0 0 0 0 0 0 0 0 0 0 0 0 0 0
 0 0 0 0 0 0 0 0 0 0 0 0 0 0 0 0 0 0 0 0 0 0 0 0 0 0 0 0 0 0 0 0 0 0 0 0 0
 0 0 0 0 0 0 0 0 0 0 0 0 0 0 0 0 0 0 0 0 0 0 0 0 0 0 0 0 0 0 0 0 0 0 0 0 0
 0 0 0 0 0 0 0 0 0 0 0 0 0 0 0 0 0 0 0 0 0 0 0 0 0 0 0 0 0 0 0 0 0 0 0 0 0
 0 0 0 0 0 0 0 0 0 0 0 0 0 0 0 0 0 0 0 0 0 0 0 0 0 0 0 0 0 0 0 0 0 0 0 0 0
 0 0 0 0 0 0 0 0 0 0 0 0 0 0 0 0 0 0 0 0 0 0 0 0 0 0 0 0 0 0 0 0 0 0 0 0 0
 0 0 0 0 0 0 0 0 0 0 0 0 0 0 0 0 0 0 0 0 0 0 0 0 0 0 0 0 0 0 0 0 0 0 0 0 1
 1 1 1 1 1 1 1 1 1 1 1 1 1 1 1 1 1 1 1 1 1 1 1 1 1 1 1 1 1 1 1 1 1 1 1 1 1
 1 1 1 1 1 1 1 1 1 1 1 1 1 1 1 1 1 1 1 1 1 1 1 1 1 1 1 1 1 1 1 1 1 1 1 1 1
 1 1 1 1 1 1 1 1 1 1 1 1 1 1 1 1 1 1 1 1 1 1 1 1 1 1 1 1 1 1 1 1 1 1 1 1 1
 1 1 1 1 1 1 1 1 1 1 1 1 1 1 1 1 1 1 1 1 1 1 1 1 1 1 1 1 1 1 1 1 1 1 1 1 1
 1 1 1 1 1 1 1 1 1 1 1 1 1 1 1 1 1 0 1]
Confusion Matrix:
[[295   0]
 [  1 167]]
Accuracy: 99.78%
F1 Score: 0.9978
Precision: 0.9978
Recall: 0.9978
MCC: 0.9953

============================================================
Test subject: S17, Range: [6418, 6894]
============================================================
Train: 5455 samples, Val: 963 samples, Test: 476 samples
Epoch [1/100]
  Train Loss: 0.3812 | Train Acc: 84.73%
  Val Loss: 0.2388 | Val Acc: 92.94%
  Learning rate: 0.001000
  New best model! Val Loss improved to 0.2388
Epoch [2/100]
  Train Loss: 0.1719 | Train Acc: 94.24%
  Val Loss: 0.1962 | Val Acc: 95.02%
  Learning rate: 0.001000
  New best model! Val Loss improved to 0.1962
Epoch [3/100]
  Train Loss: 0.1292 | Train Acc: 96.59%
  Val Loss: 0.0747 | Val Acc: 97.51%
  Learning rate: 0.001000
  New best model! Val Loss improved to 0.0747
Epoch [4/100]
  Train Loss: 0.0775 | Train Acc: 97.75%
  Val Loss: 0.1215 | Val Acc: 96.88%
  Learning rate: 0.001000
  No improvement. Patience: 1/8
Epoch [5/100]
  Train Loss: 0.0447 | Train Acc: 98.79%
  Val Loss: 0.0506 | Val Acc: 98.55%
  Learning rate: 0.001000
  New best model! Val Loss improved to 0.0506
Epoch [6/100]
  Train Loss: 0.0419 | Train Acc: 99.03%
  Val Loss: 0.0468 | Val Acc: 98.86%
  Learning rate: 0.001000
  New best model! Val Loss improved to 0.0468
Epoch [7/100]
  Train Loss: 0.0240 | Train Acc: 99.36%
  Val Loss: 0.0492 | Val Acc: 98.55%
  Learning rate: 0.001000
  No improvement. Patience: 1/8
Epoch [8/100]
  Train Loss: 0.0267 | Train Acc: 99.36%
  Val Loss: 0.0044 | Val Acc: 99.90%
  Learning rate: 0.001000
  New best model! Val Loss improved to 0.0044
Epoch [9/100]
  Train Loss: 0.0343 | Train Acc: 99.32%
  Val Loss: 0.0027 | Val Acc: 99.90%
  Learning rate: 0.001000
  New best model! Val Loss improved to 0.0027
Epoch [10/100]
  Train Loss: 0.0371 | Train Acc: 99.19%
  Val Loss: 0.0425 | Val Acc: 99.07%
  Learning rate: 0.001000
  No improvement. Patience: 1/8
Epoch [11/100]
  Train Loss: 0.0224 | Train Acc: 99.40%
  Val Loss: 0.0194 | Val Acc: 99.27%
  Learning rate: 0.001000
  No improvement. Patience: 2/8
Epoch [12/100]
  Train Loss: 0.0312 | Train Acc: 99.51%
  Val Loss: 0.0032 | Val Acc: 99.90%
  Learning rate: 0.001000
  No improvement. Patience: 3/8
Epoch [13/100]
  Train Loss: 0.0222 | Train Acc: 99.49%
  Val Loss: 0.0063 | Val Acc: 99.90%
  Learning rate: 0.000500
  No improvement. Patience: 4/8
Epoch [14/100]
  Train Loss: 0.0070 | Train Acc: 99.87%
  Val Loss: 0.0006 | Val Acc: 100.00%
  Learning rate: 0.000500
  New best model! Val Loss improved to 0.0006
Epoch [15/100]
  Train Loss: 0.0023 | Train Acc: 99.93%
  Val Loss: 0.0055 | Val Acc: 99.69%
  Learning rate: 0.000500
  No improvement. Patience: 1/8
Epoch [16/100]
  Train Loss: 0.0019 | Train Acc: 99.95%
  Val Loss: 0.0134 | Val Acc: 99.79%
  Learning rate: 0.000500
  No improvement. Patience: 2/8
Epoch [17/100]
  Train Loss: 0.0002 | Train Acc: 100.00%
  Val Loss: 0.0115 | Val Acc: 99.48%
  Learning rate: 0.000500
  No improvement. Patience: 3/8
Epoch [18/100]
  Train Loss: 0.0076 | Train Acc: 99.89%
  Val Loss: 0.0140 | Val Acc: 99.58%
  Learning rate: 0.000250
  No improvement. Patience: 4/8
Epoch [19/100]
  Train Loss: 0.0011 | Train Acc: 99.96%
  Val Loss: 0.0010 | Val Acc: 100.00%
  Learning rate: 0.000250
  No improvement. Patience: 5/8
Epoch [20/100]
  Train Loss: 0.0000 | Train Acc: 100.00%
  Val Loss: 0.0044 | Val Acc: 99.79%
  Learning rate: 0.000250
  No improvement. Patience: 6/8
Epoch [21/100]
  Train Loss: 0.0010 | Train Acc: 99.95%
  Val Loss: 0.0002 | Val Acc: 100.00%
  Learning rate: 0.000250
  No improvement. Patience: 7/8
Epoch [22/100]
  Train Loss: 0.0000 | Train Acc: 100.00%
  Val Loss: 0.0009 | Val Acc: 100.00%
  Learning rate: 0.000250
  No improvement. Patience: 8/8

Early stopping triggered after 22 epochs

Subject S17 Results:
Test Labels: [0 0 0 0 0 0 0 0 0 0 0 0 0 0 0 0 0 0 0 0 0 0 0 0 0 0 0 0 0 0 0 0 0 0 0 0 0
 0 0 0 0 0 0 0 0 0 0 0 0 0 0 0 0 0 0 0 0 0 0 0 0 0 0 0 0 0 0 0 0 0 0 0 0 0
 0 0 0 0 0 0 0 0 0 0 0 0 0 0 0 0 0 0 0 0 0 0 0 0 0 0 0 0 0 0 0 0 0 0 0 0 0
 0 0 0 0 0 0 0 0 0 0 0 0 0 0 0 0 0 0 0 0 0 0 0 0 0 0 0 0 0 0 0 0 0 0 0 0 0
 0 0 0 0 0 0 0 0 0 0 0 0 0 0 0 0 0 0 0 0 0 0 0 0 0 0 0 0 0 0 0 0 0 0 0 0 0
 0 0 0 0 0 0 0 0 0 0 0 0 0 0 0 0 0 0 0 0 0 0 0 0 0 0 0 0 0 0 0 0 0 0 0 0 0
 0 0 0 0 0 0 0 0 0 0 0 0 0 0 0 0 0 0 0 0 0 0 0 0 0 0 0 0 0 0 0 0 0 0 0 0 0
 0 0 0 0 0 0 0 0 0 0 0 0 0 0 0 0 0 0 0 0 0 0 0 0 0 0 0 0 0 0 0 0 0 0 0 0 1
 1 1 1 1 1 1 1 1 1 1 1 1 1 1 1 1 1 1 1 1 1 1 1 1 1 1 1 1 1 1 1 1 1 1 1 1 1
 1 1 1 1 1 1 1 1 1 1 1 1 1 1 1 1 1 1 1 1 1 1 1 1 1 1 1 1 1 1 1 1 1 1 1 1 1
 1 1 1 1 1 1 1 1 1 1 1 1 1 1 1 1 1 1 1 1 1 1 1 1 1 1 1 1 1 1 1 1 1 1 1 1 1
 1 1 1 1 1 1 1 1 1 1 1 1 1 1 1 1 1 1 1 1 1 1 1 1 1 1 1 1 1 1 1 1 1 1 1 1 1
 1 1 1 1 1 1 1 1 1 1 1 1 1 1 1 1 1 1 1 1 1 1 1 1 1 1 1 1 1 1 1 1]
Test Pred: [0 0 0 0 0 0 0 0 0 0 0 0 0 0 0 0 0 0 0 0 0 0 0 0 0 0 0 0 0 0 0 0 0 0 0 0 0
 0 0 0 0 0 0 0 0 0 0 0 0 0 0 0 0 0 0 0 0 0 0 0 0 0 0 0 0 0 0 0 0 0 0 0 0 0
 0 0 0 0 0 0 0 0 0 0 0 0 0 0 0 0 0 0 0 0 0 0 0 0 0 0 0 0 0 0 0 0 0 0 0 0 0
 0 0 0 0 0 0 0 0 0 0 0 0 0 0 0 0 0 0 0 0 0 0 0 0 0 0 0 0 0 0 0 0 0 0 0 0 0
 0 0 0 0 0 0 0 0 0 0 0 0 0 0 0 0 0 0 0 0 0 0 0 0 0 0 0 0 0 0 0 0 0 0 0 0 0
 0 0 0 0 0 0 0 0 0 0 0 0 0 0 0 0 0 0 0 0 0 0 0 0 0 0 0 0 0 0 0 0 0 0 0 0 0
 0 0 0 0 0 0 0 0 0 0 0 0 0 0 0 0 0 0 0 0 0 0 0 0 0 0 0 0 0 0 0 0 0 0 0 0 0
 0 0 0 0 0 0 0 0 0 0 0 0 0 0 0 0 0 0 0 0 0 0 0 0 0 0 0 0 0 0 0 0 0 0 0 0 1
 1 1 1 1 1 1 1 1 1 1 1 1 1 1 1 1 1 1 1 1 1 1 1 1 1 1 1 1 1 1 1 1 1 1 1 1 1
 1 1 1 1 1 1 1 1 1 1 1 1 1 1 1 1 1 1 1 1 1 1 1 1 1 1 1 1 1 1 1 1 1 1 1 1 1
 1 1 1 1 1 1 1 1 1 1 1 1 1 1 1 1 1 1 1 1 1 1 1 1 1 1 1 1 1 1 1 1 1 1 1 1 1
 1 1 1 1 1 1 1 1 1 1 1 1 1 1 1 1 1 1 1 1 1 1 1 1 1 1 1 1 1 1 1 1 1 1 1 1 1
 1 1 1 1 1 1 1 1 1 1 1 1 1 1 1 1 1 1 1 1 1 1 1 1 1 1 1 1 1 1 1 1]
Confusion Matrix:
[[295   0]
 [  0 181]]
Accuracy: 100.00%
F1 Score: 1.0000
Precision: 1.0000
Recall: 1.0000
MCC: 1.0000

============================================================
PYRAFORMER CONFIGURATION
============================================================

Model Architecture:
  Task: classification
  Sequence Length: 128
  Input Features: 6
  Model Dimension: 64
  Attention Heads: 4
  Encoder Layers: 2
  Decoder Layers: 1
  Feed Forward Dim: 256
  Dropout: 0.1
  Activation: gelu

ProbAttention Config:
  Distillation: True
  Sparsity Factor: 5

Training Configuration:
  Learning Rate: 0.001
  Epochs: 100
  Batch Size: 16
  Early Stopping Patience: 8
============================================================

Metrics of Each Subject:
============================================================
S2: Acc=65.00, F1=0.5121, Prec=0.4225, Rec=0.6500, MCC=0.0000
S3: Acc=33.03, F1=0.3339, Prec=0.3855, Rec=0.3303, MCC=-0.2917
S4: Acc=64.81, F1=0.5120, Prec=0.7722, Rec=0.6481, MCC=0.0638
S5: Acc=14.57, F1=0.1462, Prec=0.1752, Rec=0.1457, MCC=-0.6804
S6: Acc=95.63, F1=0.9563, Prec=0.9562, Rec=0.9563, MCC=0.9045
S7: Acc=35.01, F1=0.1816, Prec=0.1226, Rec=0.3501, MCC=0.0000
S8: Acc=75.87, F1=0.7617, Prec=0.7691, Rec=0.7587, MCC=0.4987
S9: Acc=89.04, F1=0.8881, Prec=0.8915, Rec=0.8904, MCC=0.7570
S10: Acc=89.29, F1=0.8883, Prec=0.9086, Rec=0.8929, MCC=0.7825
S11: Acc=36.56, F1=0.1957, Prec=0.1337, Rec=0.3656, MCC=0.0000
S13: Acc=86.98, F1=0.8623, Prec=0.8877, Rec=0.8698, MCC=0.7251
S14: Acc=99.78, F1=0.9978, Prec=0.9979, Rec=0.9978, MCC=0.9954
S15: Acc=90.73, F1=0.9038, Prec=0.9192, Rec=0.9073, MCC=0.8079
S16: Acc=99.78, F1=0.9978, Prec=0.9978, Rec=0.9978, MCC=0.9953
S17: Acc=100.00, F1=1.0000, Prec=1.0000, Rec=1.0000, MCC=1.0000

Mean Metrics Across All Subjects:
============================================================
Accuracy:  71.74%
F1 Score:  0.6758
Precision: 0.6893
Recall:    0.7174
MCC:       0.4372
