Using device: cuda
{'S2': 440, 'S3': 445, 'S4': 449, 'S5': 460, 'S6': 458, 'S7': 457, 'S8': 460, 'S9': 456, 'S10': 476, 'S11': 465, 'S13': 461, 'S14': 464, 'S15': 464, 'S16': 463, 'S17': 476} 
 {'S2': [0, 440], 'S3': [440, 885], 'S4': [885, 1334], 'S5': [1334, 1794], 'S6': [1794, 2252], 'S7': [2252, 2709], 'S8': [2709, 3169], 'S9': [3169, 3625], 'S10': [3625, 4101], 'S11': [4101, 4566], 'S13': [4566, 5027], 'S14': [5027, 5491], 'S15': [5491, 5955], 'S16': [5955, 6418], 'S17': [6418, 6894]}

============================================================
Test subject: S2, Range: [0, 440]
============================================================
  Train samples: 5163, Val samples: 1291, Test samples: 440
Epoch [1/100]
  Train Loss: 0.3249 | Train Acc: 84.62%
  Val Loss: 0.1601 | Val Acc: 93.42%
  Learning rate: 0.001000
  ✓ New best validation loss: 0.1601
Epoch [2/100]
  Train Loss: 0.1749 | Train Acc: 92.87%
  Val Loss: 0.1320 | Val Acc: 94.66%
  Learning rate: 0.001000
  ✓ New best validation loss: 0.1320
Epoch [3/100]
  Train Loss: 0.1302 | Train Acc: 94.83%
  Val Loss: 0.0725 | Val Acc: 97.21%
  Learning rate: 0.001000
  ✓ New best validation loss: 0.0725
Epoch [4/100]
  Train Loss: 0.0838 | Train Acc: 97.13%
  Val Loss: 0.0483 | Val Acc: 98.53%
  Learning rate: 0.001000
  ✓ New best validation loss: 0.0483
Epoch [5/100]
  Train Loss: 0.0636 | Train Acc: 97.85%
  Val Loss: 0.0401 | Val Acc: 98.61%
  Learning rate: 0.001000
  ✓ New best validation loss: 0.0401
Epoch [6/100]
  Train Loss: 0.0479 | Train Acc: 98.37%
  Val Loss: 0.0364 | Val Acc: 98.92%
  Learning rate: 0.001000
  ✓ New best validation loss: 0.0364
Epoch [7/100]
  Train Loss: 0.0495 | Train Acc: 98.35%
  Val Loss: 0.0179 | Val Acc: 99.30%
  Learning rate: 0.001000
  ✓ New best validation loss: 0.0179
Epoch [8/100]
  Train Loss: 0.0406 | Train Acc: 98.59%
  Val Loss: 0.0747 | Val Acc: 97.99%
  Learning rate: 0.001000
  Early stopping counter: 1/8
Epoch [9/100]
  Train Loss: 0.0435 | Train Acc: 98.51%
  Val Loss: 0.0157 | Val Acc: 99.46%
  Learning rate: 0.001000
  ✓ New best validation loss: 0.0157
Epoch [10/100]
  Train Loss: 0.0347 | Train Acc: 98.80%
  Val Loss: 0.0232 | Val Acc: 99.30%
  Learning rate: 0.001000
  Early stopping counter: 1/8
Epoch [11/100]
  Train Loss: 0.0386 | Train Acc: 98.86%
  Val Loss: 0.0972 | Val Acc: 96.98%
  Learning rate: 0.001000
  Early stopping counter: 2/8
Epoch [12/100]
  Train Loss: 0.0310 | Train Acc: 98.90%
  Val Loss: 0.0124 | Val Acc: 99.46%
  Learning rate: 0.001000
  ✓ New best validation loss: 0.0124
Epoch [13/100]
  Train Loss: 0.0319 | Train Acc: 98.86%
  Val Loss: 0.1274 | Val Acc: 95.35%
  Learning rate: 0.001000
  Early stopping counter: 1/8
Epoch [14/100]
  Train Loss: 0.0490 | Train Acc: 98.45%
  Val Loss: 0.0412 | Val Acc: 98.45%
  Learning rate: 0.001000
  Early stopping counter: 2/8
Epoch [15/100]
  Train Loss: 0.0375 | Train Acc: 98.66%
  Val Loss: 0.0338 | Val Acc: 98.68%
  Learning rate: 0.001000
  Early stopping counter: 3/8
Epoch [16/100]
  Train Loss: 0.0251 | Train Acc: 99.23%
  Val Loss: 0.0204 | Val Acc: 99.23%
  Learning rate: 0.000500
  Early stopping counter: 4/8
Epoch [17/100]
  Train Loss: 0.0073 | Train Acc: 99.79%
  Val Loss: 0.0056 | Val Acc: 99.77%
  Learning rate: 0.000500
  ✓ New best validation loss: 0.0056
Epoch [18/100]
  Train Loss: 0.0056 | Train Acc: 99.83%
  Val Loss: 0.0201 | Val Acc: 99.07%
  Learning rate: 0.000500
  Early stopping counter: 1/8
Epoch [19/100]
  Train Loss: 0.0130 | Train Acc: 99.57%
  Val Loss: 0.0107 | Val Acc: 99.54%
  Learning rate: 0.000500
  Early stopping counter: 2/8
Epoch [20/100]
  Train Loss: 0.0025 | Train Acc: 99.96%
  Val Loss: 0.0707 | Val Acc: 98.22%
  Learning rate: 0.000500
  Early stopping counter: 3/8
Epoch [21/100]
  Train Loss: 0.0147 | Train Acc: 99.50%
  Val Loss: 0.0207 | Val Acc: 99.46%
  Learning rate: 0.000250
  Early stopping counter: 4/8
Epoch [22/100]
  Train Loss: 0.0050 | Train Acc: 99.83%
  Val Loss: 0.0148 | Val Acc: 99.38%
  Learning rate: 0.000250
  Early stopping counter: 5/8
Epoch [23/100]
  Train Loss: 0.0022 | Train Acc: 99.94%
  Val Loss: 0.0062 | Val Acc: 99.69%
  Learning rate: 0.000250
  Early stopping counter: 6/8
Epoch [24/100]
  Train Loss: 0.0008 | Train Acc: 100.00%
  Val Loss: 0.0099 | Val Acc: 99.69%
  Learning rate: 0.000250
  Early stopping counter: 7/8
Epoch [25/100]
  Train Loss: 0.0004 | Train Acc: 100.00%
  Val Loss: 0.0057 | Val Acc: 99.69%
  Learning rate: 0.000125
  Early stopping counter: 8/8

Early stopping triggered after 25 epochs!
Best validation loss: 0.0056 at epoch 17

Subject S2 Results:
  Test Labels: [0 0 0 0 0 0 0 0 0 0 0 0 0 0 0 0 0 0 0 0 0 0 0 0 0 0 0 0 0 0 0 0 0 0 0 0 0
 0 0 0 0 0 0 0 0 0 0 0 0 0 0 0 0 0 0 0 0 0 0 0 0 0 0 0 0 0 0 0 0 0 0 0 0 0
 0 0 0 0 0 0 0 0 0 0 0 0 0 0 0 0 0 0 0 0 0 0 0 0 0 0 0 0 0 0 0 0 0 0 0 0 0
 0 0 0 0 0 0 0 0 0 0 0 0 0 0 0 0 0 0 0 0 0 0 0 0 0 0 0 0 0 0 0 0 0 0 0 0 0
 0 0 0 0 0 0 0 0 0 0 0 0 0 0 0 0 0 0 0 0 0 0 0 0 0 0 0 0 0 0 0 0 0 0 0 0 0
 0 0 0 0 0 0 0 0 0 0 0 0 0 0 0 0 0 0 0 0 0 0 0 0 0 0 0 0 0 0 0 0 0 0 0 0 0
 0 0 0 0 0 0 0 0 0 0 0 0 0 0 0 0 0 0 0 0 0 0 0 0 0 0 0 0 0 0 0 0 0 0 0 0 0
 0 0 0 0 0 0 0 0 0 0 0 0 0 0 0 0 0 0 0 0 0 0 0 0 0 0 0 1 1 1 1 1 1 1 1 1 1
 1 1 1 1 1 1 1 1 1 1 1 1 1 1 1 1 1 1 1 1 1 1 1 1 1 1 1 1 1 1 1 1 1 1 1 1 1
 1 1 1 1 1 1 1 1 1 1 1 1 1 1 1 1 1 1 1 1 1 1 1 1 1 1 1 1 1 1 1 1 1 1 1 1 1
 1 1 1 1 1 1 1 1 1 1 1 1 1 1 1 1 1 1 1 1 1 1 1 1 1 1 1 1 1 1 1 1 1 1 1 1 1
 1 1 1 1 1 1 1 1 1 1 1 1 1 1 1 1 1 1 1 1 1 1 1 1 1 1 1 1 1 1 1 1 1]
  Test Pred: [0 0 1 1 1 1 1 1 1 0 0 0 0 0 0 0 0 0 0 0 0 0 0 0 0 0 0 0 0 0 0 0 0 0 1 0 0
 0 0 0 0 0 1 0 0 0 0 0 0 0 0 0 0 0 0 0 0 0 0 0 0 0 0 0 0 0 0 0 0 0 0 0 0 0
 0 0 0 0 0 0 0 0 0 0 0 0 0 0 0 0 0 0 0 0 0 0 0 0 0 0 0 0 0 0 0 0 0 0 0 0 0
 0 0 0 0 0 0 0 0 0 0 0 0 0 0 0 0 0 0 0 0 0 0 0 0 0 0 0 0 0 0 0 0 0 0 0 0 0
 0 0 0 0 0 0 0 0 0 0 0 0 0 0 0 0 0 0 0 0 0 0 0 0 0 0 0 0 0 0 0 0 0 0 0 0 0
 0 0 0 0 0 0 0 0 0 0 0 0 0 0 0 0 0 0 0 0 0 0 0 0 0 0 0 0 0 0 0 0 0 0 0 0 0
 0 0 0 0 0 0 0 0 0 0 0 0 0 0 0 0 0 0 0 0 0 0 0 0 0 0 0 0 0 0 0 0 0 0 0 0 0
 0 0 0 0 0 0 0 0 0 0 0 0 0 0 0 0 0 0 0 0 0 0 0 0 0 1 0 0 0 0 0 0 0 0 0 0 0
 0 0 0 0 0 0 0 0 0 0 0 0 0 0 0 0 0 0 0 0 0 0 0 0 0 0 0 0 0 0 0 0 0 0 0 0 0
 1 0 1 0 0 0 0 0 0 0 0 0 0 0 0 1 0 0 0 0 0 1 0 0 0 0 0 0 0 0 0 0 1 0 0 0 0
 1 0 0 0 0 0 0 0 0 0 0 1 1 1 1 0 0 0 0 0 1 0 1 1 0 0 1 1 1 1 1 1 1 1 0 1 1
 1 1 1 1 1 1 1 1 1 1 1 1 1 1 1 1 1 1 1 1 1 1 1 1 1 1 1 1 1 1 1 1 1]
  Confusion Matrix:
[[276  10]
 [ 98  56]]
  Accuracy: 75.45%
  F1 Score: 0.7218
  Precision: 0.7766
  Recall: 0.7545
  MCC: 0.4390

============================================================
Test subject: S3, Range: [440, 885]
============================================================
  Train samples: 5159, Val samples: 1290, Test samples: 445
Epoch [1/100]
  Train Loss: 0.3098 | Train Acc: 85.89%
  Val Loss: 0.2402 | Val Acc: 90.54%
  Learning rate: 0.001000
  ✓ New best validation loss: 0.2402
Epoch [2/100]
  Train Loss: 0.1474 | Train Acc: 94.65%
  Val Loss: 0.0832 | Val Acc: 97.13%
  Learning rate: 0.001000
  ✓ New best validation loss: 0.0832
Epoch [3/100]
  Train Loss: 0.1052 | Train Acc: 95.62%
  Val Loss: 0.1426 | Val Acc: 94.19%
  Learning rate: 0.001000
  Early stopping counter: 1/8
Epoch [4/100]
  Train Loss: 0.0793 | Train Acc: 97.31%
  Val Loss: 0.0520 | Val Acc: 98.37%
  Learning rate: 0.001000
  ✓ New best validation loss: 0.0520
Epoch [5/100]
  Train Loss: 0.0567 | Train Acc: 97.91%
  Val Loss: 0.0456 | Val Acc: 98.37%
  Learning rate: 0.001000
  ✓ New best validation loss: 0.0456
Epoch [6/100]
  Train Loss: 0.0584 | Train Acc: 98.20%
  Val Loss: 0.0556 | Val Acc: 97.98%
  Learning rate: 0.001000
  Early stopping counter: 1/8
Epoch [7/100]
  Train Loss: 0.0501 | Train Acc: 98.24%
  Val Loss: 0.0547 | Val Acc: 98.53%
  Learning rate: 0.001000
  Early stopping counter: 2/8
Epoch [8/100]
  Train Loss: 0.0376 | Train Acc: 98.76%
  Val Loss: 0.0371 | Val Acc: 99.15%
  Learning rate: 0.001000
  ✓ New best validation loss: 0.0371
Epoch [9/100]
  Train Loss: 0.0515 | Train Acc: 98.16%
  Val Loss: 0.0395 | Val Acc: 98.91%
  Learning rate: 0.001000
  Early stopping counter: 1/8
Epoch [10/100]
  Train Loss: 0.0475 | Train Acc: 98.39%
  Val Loss: 0.0490 | Val Acc: 97.91%
  Learning rate: 0.001000
  Early stopping counter: 2/8
Epoch [11/100]
  Train Loss: 0.0393 | Train Acc: 98.57%
  Val Loss: 0.0329 | Val Acc: 99.15%
  Learning rate: 0.001000
  ✓ New best validation loss: 0.0329
Epoch [12/100]
  Train Loss: 0.0460 | Train Acc: 98.29%
  Val Loss: 0.0399 | Val Acc: 98.91%
  Learning rate: 0.001000
  Early stopping counter: 1/8
Epoch [13/100]
  Train Loss: 0.0450 | Train Acc: 98.55%
  Val Loss: 0.0441 | Val Acc: 98.37%
  Learning rate: 0.001000
  Early stopping counter: 2/8
Epoch [14/100]
  Train Loss: 0.0332 | Train Acc: 99.03%
  Val Loss: 0.0708 | Val Acc: 97.91%
  Learning rate: 0.001000
  Early stopping counter: 3/8
Epoch [15/100]
  Train Loss: 0.0492 | Train Acc: 98.24%
  Val Loss: 0.0469 | Val Acc: 98.22%
  Learning rate: 0.000500
  Early stopping counter: 4/8
Epoch [16/100]
  Train Loss: 0.0139 | Train Acc: 99.57%
  Val Loss: 0.0251 | Val Acc: 99.53%
  Learning rate: 0.000500
  ✓ New best validation loss: 0.0251
Epoch [17/100]
  Train Loss: 0.0132 | Train Acc: 99.61%
  Val Loss: 0.0193 | Val Acc: 99.46%
  Learning rate: 0.000500
  ✓ New best validation loss: 0.0193
Epoch [18/100]
  Train Loss: 0.0061 | Train Acc: 99.86%
  Val Loss: 0.0261 | Val Acc: 99.22%
  Learning rate: 0.000500
  Early stopping counter: 1/8
Epoch [19/100]
  Train Loss: 0.0040 | Train Acc: 99.88%
  Val Loss: 0.0236 | Val Acc: 99.61%
  Learning rate: 0.000500
  Early stopping counter: 2/8
Epoch [20/100]
  Train Loss: 0.0213 | Train Acc: 99.26%
  Val Loss: 0.0256 | Val Acc: 99.07%
  Learning rate: 0.000500
  Early stopping counter: 3/8
Epoch [21/100]
  Train Loss: 0.0227 | Train Acc: 99.19%
  Val Loss: 0.0303 | Val Acc: 98.91%
  Learning rate: 0.000250
  Early stopping counter: 4/8
Epoch [22/100]
  Train Loss: 0.0116 | Train Acc: 99.59%
  Val Loss: 0.0187 | Val Acc: 99.53%
  Learning rate: 0.000250
  Early stopping counter: 5/8
Epoch [23/100]
  Train Loss: 0.0086 | Train Acc: 99.67%
  Val Loss: 0.0207 | Val Acc: 99.61%
  Learning rate: 0.000250
  Early stopping counter: 6/8
Epoch [24/100]
  Train Loss: 0.0046 | Train Acc: 99.86%
  Val Loss: 0.0291 | Val Acc: 98.99%
  Learning rate: 0.000250
  Early stopping counter: 7/8
Epoch [25/100]
  Train Loss: 0.0043 | Train Acc: 99.84%
  Val Loss: 0.0212 | Val Acc: 99.69%
  Learning rate: 0.000250
  Early stopping counter: 8/8

Early stopping triggered after 25 epochs!
Best validation loss: 0.0193 at epoch 17

Subject S3 Results:
  Test Labels: [0 0 0 0 0 0 0 0 0 0 0 0 0 0 0 0 0 0 0 0 0 0 0 0 0 0 0 0 0 0 0 0 0 0 0 0 0
 0 0 0 0 0 0 0 0 0 0 0 0 0 0 0 0 0 0 0 0 0 0 0 0 0 0 0 0 0 0 0 0 0 0 0 0 0
 0 0 0 0 0 0 0 0 0 0 0 0 0 0 0 0 0 0 0 0 0 0 0 0 0 0 0 0 0 0 0 0 0 0 0 0 0
 0 0 0 0 0 0 0 0 0 0 0 0 0 0 0 0 0 0 0 0 0 0 0 0 0 0 0 0 0 0 0 0 0 0 0 0 0
 0 0 0 0 0 0 0 0 0 0 0 0 0 0 0 0 0 0 0 0 0 0 0 0 0 0 0 0 0 0 0 0 0 0 0 0 0
 0 0 0 0 0 0 0 0 0 0 0 0 0 0 0 0 0 0 0 0 0 0 0 0 0 0 0 0 0 0 0 0 0 0 0 0 0
 0 0 0 0 0 0 0 0 0 0 0 0 0 0 0 0 0 0 0 0 0 0 0 0 0 0 0 0 0 0 0 0 0 0 0 0 0
 0 0 0 0 0 0 0 0 0 0 0 0 0 0 0 0 0 0 0 0 0 0 0 0 0 0 1 1 1 1 1 1 1 1 1 1 1
 1 1 1 1 1 1 1 1 1 1 1 1 1 1 1 1 1 1 1 1 1 1 1 1 1 1 1 1 1 1 1 1 1 1 1 1 1
 1 1 1 1 1 1 1 1 1 1 1 1 1 1 1 1 1 1 1 1 1 1 1 1 1 1 1 1 1 1 1 1 1 1 1 1 1
 1 1 1 1 1 1 1 1 1 1 1 1 1 1 1 1 1 1 1 1 1 1 1 1 1 1 1 1 1 1 1 1 1 1 1 1 1
 1 1 1 1 1 1 1 1 1 1 1 1 1 1 1 1 1 1 1 1 1 1 1 1 1 1 1 1 1 1 1 1 1 1 1 1 1
 1]
  Test Pred: [1 1 0 0 1 0 1 1 1 1 1 1 1 1 1 1 1 1 1 1 1 1 1 0 1 0 1 1 1 1 1 1 1 1 0 1 1
 1 1 1 1 1 0 1 1 1 1 1 0 1 1 0 1 1 0 0 0 0 1 1 1 1 0 1 0 0 0 0 0 1 1 1 0 0
 0 0 0 0 1 0 1 0 1 1 0 0 0 0 0 0 1 0 1 0 0 0 1 0 0 1 0 1 0 0 0 0 0 0 0 0 1
 0 1 0 1 0 0 1 0 0 0 1 1 0 1 0 0 0 0 0 0 0 0 0 0 0 1 0 0 0 0 0 0 1 1 0 1 0
 0 0 0 0 0 0 0 1 0 1 0 0 0 0 0 0 1 0 0 0 0 0 1 0 1 1 1 1 0 0 0 0 0 1 0 1 0
 1 1 1 1 0 1 0 1 0 1 0 0 1 1 1 0 1 1 1 1 0 0 0 0 0 0 0 0 0 0 0 1 0 0 1 0 0
 1 0 0 0 1 0 0 0 0 0 0 0 0 0 0 0 1 1 0 0 0 1 0 1 0 1 0 0 0 0 0 0 0 0 0 1 1
 0 1 0 1 0 0 1 0 0 1 0 1 0 1 0 0 1 0 0 1 0 1 0 0 1 0 1 1 1 1 1 1 1 1 1 1 1
 1 1 1 1 1 1 1 1 1 1 1 1 1 1 1 1 0 0 0 0 1 0 0 1 1 1 1 1 1 1 1 1 1 1 1 1 1
 1 1 1 1 1 1 1 1 1 1 1 1 1 1 1 1 1 1 1 1 1 1 1 1 1 0 1 0 1 1 1 1 1 1 1 1 1
 1 1 1 1 1 1 1 1 1 1 1 1 1 1 1 1 1 1 1 1 1 1 1 1 1 1 1 1 1 1 1 1 1 1 1 1 1
 1 1 1 1 1 1 1 1 1 0 1 1 0 1 1 1 1 1 1 1 1 1 1 1 1 1 1 1 1 0 1 1 0 1 1 1 1
 1]
  Confusion Matrix:
[[167 118]
 [ 12 148]]
  Accuracy: 70.79%
  F1 Score: 0.7108
  Precision: 0.7976
  Recall: 0.7079
  MCC: 0.5000

============================================================
Test subject: S4, Range: [885, 1334]
============================================================
  Train samples: 5156, Val samples: 1289, Test samples: 449
Epoch [1/100]
  Train Loss: 0.3185 | Train Acc: 85.71%
  Val Loss: 0.1134 | Val Acc: 96.28%
  Learning rate: 0.001000
  ✓ New best validation loss: 0.1134
Epoch [2/100]
  Train Loss: 0.1410 | Train Acc: 94.82%
  Val Loss: 0.0845 | Val Acc: 97.28%
  Learning rate: 0.001000
  ✓ New best validation loss: 0.0845
Epoch [3/100]
  Train Loss: 0.1010 | Train Acc: 96.41%
  Val Loss: 0.0811 | Val Acc: 97.83%
  Learning rate: 0.001000
  ✓ New best validation loss: 0.0811
Epoch [4/100]
  Train Loss: 0.0740 | Train Acc: 97.38%
  Val Loss: 0.0254 | Val Acc: 99.53%
  Learning rate: 0.001000
  ✓ New best validation loss: 0.0254
Epoch [5/100]
  Train Loss: 0.0646 | Train Acc: 97.63%
  Val Loss: 0.1166 | Val Acc: 96.12%
  Learning rate: 0.001000
  Early stopping counter: 1/8
Epoch [6/100]
  Train Loss: 0.0580 | Train Acc: 97.92%
  Val Loss: 0.0263 | Val Acc: 99.53%
  Learning rate: 0.001000
  Early stopping counter: 2/8
Epoch [7/100]
  Train Loss: 0.0596 | Train Acc: 97.98%
  Val Loss: 0.1102 | Val Acc: 97.44%
  Learning rate: 0.001000
  Early stopping counter: 3/8
Epoch [8/100]
  Train Loss: 0.0461 | Train Acc: 98.43%
  Val Loss: 0.0201 | Val Acc: 99.84%
  Learning rate: 0.001000
  ✓ New best validation loss: 0.0201
Epoch [9/100]
  Train Loss: 0.0307 | Train Acc: 98.89%
  Val Loss: 0.1052 | Val Acc: 96.90%
  Learning rate: 0.001000
  Early stopping counter: 1/8
Epoch [10/100]
  Train Loss: 0.0432 | Train Acc: 98.60%
  Val Loss: 0.0374 | Val Acc: 98.84%
  Learning rate: 0.001000
  Early stopping counter: 2/8
Epoch [11/100]
  Train Loss: 0.0387 | Train Acc: 98.70%
  Val Loss: 0.0652 | Val Acc: 98.22%
  Learning rate: 0.001000
  Early stopping counter: 3/8
Epoch [12/100]
  Train Loss: 0.0420 | Train Acc: 98.66%
  Val Loss: 0.0164 | Val Acc: 99.53%
  Learning rate: 0.001000
  ✓ New best validation loss: 0.0164
Epoch [13/100]
  Train Loss: 0.0352 | Train Acc: 98.76%
  Val Loss: 0.0168 | Val Acc: 99.61%
  Learning rate: 0.001000
  Early stopping counter: 1/8
Epoch [14/100]
  Train Loss: 0.0207 | Train Acc: 99.46%
  Val Loss: 0.0229 | Val Acc: 99.61%
  Learning rate: 0.001000
  Early stopping counter: 2/8
Epoch [15/100]
  Train Loss: 0.0293 | Train Acc: 99.03%
  Val Loss: 0.2270 | Val Acc: 93.79%
  Learning rate: 0.001000
  Early stopping counter: 3/8
Epoch [16/100]
  Train Loss: 0.0428 | Train Acc: 98.64%
  Val Loss: 0.0307 | Val Acc: 99.07%
  Learning rate: 0.000500
  Early stopping counter: 4/8
Epoch [17/100]
  Train Loss: 0.0142 | Train Acc: 99.50%
  Val Loss: 0.0219 | Val Acc: 99.53%
  Learning rate: 0.000500
  Early stopping counter: 5/8
Epoch [18/100]
  Train Loss: 0.0115 | Train Acc: 99.69%
  Val Loss: 0.0172 | Val Acc: 99.77%
  Learning rate: 0.000500
  Early stopping counter: 6/8
Epoch [19/100]
  Train Loss: 0.0076 | Train Acc: 99.73%
  Val Loss: 0.0203 | Val Acc: 99.61%
  Learning rate: 0.000500
  Early stopping counter: 7/8
Epoch [20/100]
  Train Loss: 0.0051 | Train Acc: 99.86%
  Val Loss: 0.0236 | Val Acc: 99.69%
  Learning rate: 0.000250
  Early stopping counter: 8/8

Early stopping triggered after 20 epochs!
Best validation loss: 0.0164 at epoch 12

Subject S4 Results:
  Test Labels: [0 0 0 0 0 0 0 0 0 0 0 0 0 0 0 0 0 0 0 0 0 0 0 0 0 0 0 0 0 0 0 0 0 0 0 0 0
 0 0 0 0 0 0 0 0 0 0 0 0 0 0 0 0 0 0 0 0 0 0 0 0 0 0 0 0 0 0 0 0 0 0 0 0 0
 0 0 0 0 0 0 0 0 0 0 0 0 0 0 0 0 0 0 0 0 0 0 0 0 0 0 0 0 0 0 0 0 0 0 0 0 0
 0 0 0 0 0 0 0 0 0 0 0 0 0 0 0 0 0 0 0 0 0 0 0 0 0 0 0 0 0 0 0 0 0 0 0 0 0
 0 0 0 0 0 0 0 0 0 0 0 0 0 0 0 0 0 0 0 0 0 0 0 0 0 0 0 0 0 0 0 0 0 0 0 0 0
 0 0 0 0 0 0 0 0 0 0 0 0 0 0 0 0 0 0 0 0 0 0 0 0 0 0 0 0 0 0 0 0 0 0 0 0 0
 0 0 0 0 0 0 0 0 0 0 0 0 0 0 0 0 0 0 0 0 0 0 0 0 0 0 0 0 0 0 0 0 0 0 0 0 0
 0 0 0 0 0 0 0 0 0 0 0 0 0 0 0 0 0 0 0 0 0 0 0 0 0 0 0 0 0 0 0 1 1 1 1 1 1
 1 1 1 1 1 1 1 1 1 1 1 1 1 1 1 1 1 1 1 1 1 1 1 1 1 1 1 1 1 1 1 1 1 1 1 1 1
 1 1 1 1 1 1 1 1 1 1 1 1 1 1 1 1 1 1 1 1 1 1 1 1 1 1 1 1 1 1 1 1 1 1 1 1 1
 1 1 1 1 1 1 1 1 1 1 1 1 1 1 1 1 1 1 1 1 1 1 1 1 1 1 1 1 1 1 1 1 1 1 1 1 1
 1 1 1 1 1 1 1 1 1 1 1 1 1 1 1 1 1 1 1 1 1 1 1 1 1 1 1 1 1 1 1 1 1 1 1 1 1
 1 1 1 1 1]
  Test Pred: [0 0 0 0 0 0 0 0 0 0 0 0 0 0 0 0 0 0 0 0 0 0 0 0 0 0 0 0 0 0 0 0 0 0 0 0 0
 0 0 0 0 0 0 0 0 0 0 0 0 0 0 0 0 0 0 0 0 0 0 0 0 0 0 0 0 0 0 0 0 0 0 0 0 0
 0 0 0 0 0 0 0 0 0 0 0 0 0 0 0 0 0 0 0 0 0 0 0 0 0 0 0 0 0 0 0 0 0 0 0 0 0
 0 0 0 0 0 0 0 0 0 0 0 0 0 0 0 0 0 0 0 0 0 0 0 0 0 0 0 0 0 0 0 0 0 0 0 0 0
 0 0 0 0 0 0 0 0 0 0 0 0 0 0 0 0 0 0 0 0 0 0 0 0 0 0 0 0 0 0 0 0 0 0 0 0 0
 0 0 0 0 0 0 0 0 0 0 0 0 0 0 0 0 0 0 0 0 0 0 0 0 0 0 0 0 0 0 0 0 0 0 0 0 0
 0 0 0 0 0 0 0 0 0 0 0 0 0 0 0 0 0 0 0 0 0 0 0 0 0 0 0 0 0 0 0 0 0 0 0 0 0
 0 0 0 0 0 0 0 0 0 0 0 0 0 0 0 0 0 0 0 0 0 0 0 0 0 0 0 0 0 0 0 0 0 0 1 0 0
 1 1 1 1 1 1 1 1 1 1 1 1 1 1 1 1 1 1 1 1 1 1 1 1 1 1 1 1 1 1 1 1 1 1 1 1 1
 1 1 1 1 1 1 1 1 1 1 0 0 1 1 0 1 1 1 1 1 1 1 1 0 0 0 0 0 0 0 0 0 0 0 0 0 0
 0 0 0 0 1 0 0 0 0 0 0 0 0 1 0 1 0 0 0 0 0 0 0 0 0 0 0 0 0 0 0 0 0 0 0 0 0
 0 0 0 0 1 0 0 0 0 0 0 0 0 0 0 0 0 0 0 0 0 0 0 0 0 0 0 0 0 0 0 0 0 0 1 1 0
 0 0 0 0 0]
  Confusion Matrix:
[[290   0]
 [ 95  64]]
  Accuracy: 78.84%
  F1 Score: 0.7582
  Precision: 0.8406
  Recall: 0.7884
  MCC: 0.5506

============================================================
Test subject: S5, Range: [1334, 1794]
============================================================
  Train samples: 5147, Val samples: 1287, Test samples: 460
Epoch [1/100]
  Train Loss: 0.3161 | Train Acc: 85.78%
  Val Loss: 0.1661 | Val Acc: 94.02%
  Learning rate: 0.001000
  ✓ New best validation loss: 0.1661
Epoch [2/100]
  Train Loss: 0.1527 | Train Acc: 94.46%
  Val Loss: 0.1014 | Val Acc: 96.11%
  Learning rate: 0.001000
  ✓ New best validation loss: 0.1014
Epoch [3/100]
  Train Loss: 0.0919 | Train Acc: 96.58%
  Val Loss: 0.0623 | Val Acc: 97.51%
  Learning rate: 0.001000
  ✓ New best validation loss: 0.0623
Epoch [4/100]
  Train Loss: 0.0681 | Train Acc: 97.65%
  Val Loss: 0.0473 | Val Acc: 98.52%
  Learning rate: 0.001000
  ✓ New best validation loss: 0.0473
Epoch [5/100]
  Train Loss: 0.0485 | Train Acc: 98.35%
  Val Loss: 0.0435 | Val Acc: 98.83%
  Learning rate: 0.001000
  ✓ New best validation loss: 0.0435
Epoch [6/100]
  Train Loss: 0.0489 | Train Acc: 98.39%
  Val Loss: 0.0413 | Val Acc: 98.52%
  Learning rate: 0.001000
  ✓ New best validation loss: 0.0413
Epoch [7/100]
  Train Loss: 0.0505 | Train Acc: 98.25%
  Val Loss: 0.0606 | Val Acc: 98.29%
  Learning rate: 0.001000
  Early stopping counter: 1/8
Epoch [8/100]
  Train Loss: 0.0495 | Train Acc: 98.41%
  Val Loss: 0.0533 | Val Acc: 97.82%
  Learning rate: 0.001000
  Early stopping counter: 2/8
Epoch [9/100]
  Train Loss: 0.0322 | Train Acc: 99.07%
  Val Loss: 0.0265 | Val Acc: 98.91%
  Learning rate: 0.001000
  ✓ New best validation loss: 0.0265
Epoch [10/100]
  Train Loss: 0.0421 | Train Acc: 98.74%
  Val Loss: 0.0202 | Val Acc: 99.30%
  Learning rate: 0.001000
  ✓ New best validation loss: 0.0202
Epoch [11/100]
  Train Loss: 0.0432 | Train Acc: 98.70%
  Val Loss: 0.0389 | Val Acc: 98.68%
  Learning rate: 0.001000
  Early stopping counter: 1/8
Epoch [12/100]
  Train Loss: 0.0377 | Train Acc: 98.78%
  Val Loss: 0.0174 | Val Acc: 99.46%
  Learning rate: 0.001000
  ✓ New best validation loss: 0.0174
Epoch [13/100]
  Train Loss: 0.0385 | Train Acc: 98.83%
  Val Loss: 0.0283 | Val Acc: 99.07%
  Learning rate: 0.001000
  Early stopping counter: 1/8
Epoch [14/100]
  Train Loss: 0.0393 | Train Acc: 98.64%
  Val Loss: 0.0336 | Val Acc: 98.99%
  Learning rate: 0.001000
  Early stopping counter: 2/8
Epoch [15/100]
  Train Loss: 0.0349 | Train Acc: 98.91%
  Val Loss: 0.0269 | Val Acc: 99.38%
  Learning rate: 0.001000
  Early stopping counter: 3/8
Epoch [16/100]
  Train Loss: 0.0400 | Train Acc: 98.70%
  Val Loss: 0.0354 | Val Acc: 98.99%
  Learning rate: 0.000500
  Early stopping counter: 4/8
Epoch [17/100]
  Train Loss: 0.0220 | Train Acc: 99.26%
  Val Loss: 0.0155 | Val Acc: 99.61%
  Learning rate: 0.000500
  ✓ New best validation loss: 0.0155
Epoch [18/100]
  Train Loss: 0.0074 | Train Acc: 99.79%
  Val Loss: 0.0202 | Val Acc: 99.61%
  Learning rate: 0.000500
  Early stopping counter: 1/8
Epoch [19/100]
  Train Loss: 0.0101 | Train Acc: 99.69%
  Val Loss: 0.0133 | Val Acc: 99.61%
  Learning rate: 0.000500
  ✓ New best validation loss: 0.0133
Epoch [20/100]
  Train Loss: 0.0043 | Train Acc: 99.86%
  Val Loss: 0.0171 | Val Acc: 99.53%
  Learning rate: 0.000500
  Early stopping counter: 1/8
Epoch [21/100]
  Train Loss: 0.0163 | Train Acc: 99.55%
  Val Loss: 0.0107 | Val Acc: 99.77%
  Learning rate: 0.000500
  ✓ New best validation loss: 0.0107
Epoch [22/100]
  Train Loss: 0.0076 | Train Acc: 99.79%
  Val Loss: 0.0192 | Val Acc: 99.61%
  Learning rate: 0.000500
  Early stopping counter: 1/8
Epoch [23/100]
  Train Loss: 0.0085 | Train Acc: 99.75%
  Val Loss: 0.0154 | Val Acc: 99.53%
  Learning rate: 0.000500
  Early stopping counter: 2/8
Epoch [24/100]
  Train Loss: 0.0057 | Train Acc: 99.81%
  Val Loss: 0.0172 | Val Acc: 99.46%
  Learning rate: 0.000500
  Early stopping counter: 3/8
Epoch [25/100]
  Train Loss: 0.0099 | Train Acc: 99.61%
  Val Loss: 0.0157 | Val Acc: 99.61%
  Learning rate: 0.000250
  Early stopping counter: 4/8
Epoch [26/100]
  Train Loss: 0.0044 | Train Acc: 99.90%
  Val Loss: 0.0137 | Val Acc: 99.77%
  Learning rate: 0.000250
  Early stopping counter: 5/8
Epoch [27/100]
  Train Loss: 0.0030 | Train Acc: 99.92%
  Val Loss: 0.0125 | Val Acc: 99.77%
  Learning rate: 0.000250
  Early stopping counter: 6/8
Epoch [28/100]
  Train Loss: 0.0010 | Train Acc: 99.98%
  Val Loss: 0.0117 | Val Acc: 99.77%
  Learning rate: 0.000250
  Early stopping counter: 7/8
Epoch [29/100]
  Train Loss: 0.0008 | Train Acc: 99.96%
  Val Loss: 0.0145 | Val Acc: 99.77%
  Learning rate: 0.000125
  Early stopping counter: 8/8

Early stopping triggered after 29 epochs!
Best validation loss: 0.0107 at epoch 21

Subject S5 Results:
  Test Labels: [0 0 0 0 0 0 0 0 0 0 0 0 0 0 0 0 0 0 0 0 0 0 0 0 0 0 0 0 0 0 0 0 0 0 0 0 0
 0 0 0 0 0 0 0 0 0 0 0 0 0 0 0 0 0 0 0 0 0 0 0 0 0 0 0 0 0 0 0 0 0 0 0 0 0
 0 0 0 0 0 0 0 0 0 0 0 0 0 0 0 0 0 0 0 0 0 0 0 0 0 0 0 0 0 0 0 0 0 0 0 0 0
 0 0 0 0 0 0 0 0 0 0 0 0 0 0 0 0 0 0 0 0 0 0 0 0 0 0 0 0 0 0 0 0 0 0 0 0 0
 0 0 0 0 0 0 0 0 0 0 0 0 0 0 0 0 0 0 0 0 0 0 0 0 0 0 0 0 0 0 0 0 0 0 0 0 0
 0 0 0 0 0 0 0 0 0 0 0 0 0 0 0 0 0 0 0 0 0 0 0 0 0 0 0 0 0 0 0 0 0 0 0 0 0
 0 0 0 0 0 0 0 0 0 0 0 0 0 0 0 0 0 0 0 0 0 0 0 0 0 0 0 0 0 0 0 0 0 0 0 0 0
 0 0 0 0 0 0 0 0 0 0 0 0 0 0 0 0 0 0 0 0 0 0 0 0 0 0 0 0 0 0 0 0 0 0 0 0 0
 0 0 0 1 1 1 1 1 1 1 1 1 1 1 1 1 1 1 1 1 1 1 1 1 1 1 1 1 1 1 1 1 1 1 1 1 1
 1 1 1 1 1 1 1 1 1 1 1 1 1 1 1 1 1 1 1 1 1 1 1 1 1 1 1 1 1 1 1 1 1 1 1 1 1
 1 1 1 1 1 1 1 1 1 1 1 1 1 1 1 1 1 1 1 1 1 1 1 1 1 1 1 1 1 1 1 1 1 1 1 1 1
 1 1 1 1 1 1 1 1 1 1 1 1 1 1 1 1 1 1 1 1 1 1 1 1 1 1 1 1 1 1 1 1 1 1 1 1 1
 1 1 1 1 1 1 1 1 1 1 1 1 1 1 1 1]
  Test Pred: [1 1 1 1 1 1 1 1 1 1 1 1 1 1 1 1 1 1 1 1 1 1 1 1 1 1 1 1 1 1 1 1 1 1 1 1 1
 1 1 1 1 1 1 1 1 1 1 1 1 1 1 1 1 1 1 1 1 1 1 1 1 1 1 1 1 1 1 1 1 1 1 1 1 1
 1 1 1 1 1 1 1 1 1 1 1 1 1 1 1 1 1 1 1 1 1 1 1 1 1 1 1 1 1 1 1 1 1 1 1 1 1
 1 1 1 1 1 1 1 1 1 1 1 1 1 1 1 1 1 1 1 1 1 1 1 1 1 1 1 1 1 1 1 1 1 1 1 1 1
 1 1 1 1 1 1 1 1 1 1 1 1 1 1 1 1 1 1 1 1 1 1 1 1 1 1 1 1 1 1 1 1 1 1 1 1 1
 1 1 1 1 1 1 1 1 1 1 1 1 1 1 1 1 1 1 1 1 1 1 1 1 1 1 1 1 1 1 1 1 1 1 1 1 1
 1 1 1 1 1 1 1 1 1 1 1 1 1 1 1 1 1 1 1 1 1 1 1 1 1 1 1 1 1 1 1 1 1 1 1 1 1
 1 1 1 1 1 1 1 1 1 1 1 1 1 1 1 1 1 1 1 1 1 1 1 1 1 1 1 1 1 1 1 1 1 1 1 1 1
 1 1 1 1 1 1 1 1 1 1 1 1 1 1 1 1 1 1 1 1 1 1 1 1 1 1 1 1 1 1 1 1 1 1 1 1 1
 1 1 1 1 1 1 1 1 1 1 1 1 1 1 1 1 1 1 1 1 1 1 1 1 1 1 1 1 1 1 1 1 1 1 1 1 1
 1 1 1 1 1 1 1 1 1 1 1 1 1 1 1 1 1 1 1 1 1 1 1 1 1 1 1 1 1 1 1 0 1 1 1 1 0
 1 1 1 1 0 1 0 0 0 1 1 1 0 1 1 1 1 1 1 1 1 1 1 1 1 1 1 0 1 1 1 1 1 1 1 1 1
 1 1 1 1 1 1 1 1 1 1 1 1 1 1 1 1]
  Confusion Matrix:
[[  0 299]
 [  8 153]]
  Accuracy: 33.26%
  F1 Score: 0.1747
  Precision: 0.1185
  Recall: 0.3326
  MCC: -0.1813

============================================================
Test subject: S6, Range: [1794, 2252]
============================================================
  Train samples: 5148, Val samples: 1288, Test samples: 458
Epoch [1/100]
  Train Loss: 0.3210 | Train Acc: 85.68%
  Val Loss: 0.3243 | Val Acc: 88.35%
  Learning rate: 0.001000
  ✓ New best validation loss: 0.3243
Epoch [2/100]
  Train Loss: 0.1607 | Train Acc: 93.69%
  Val Loss: 0.1027 | Val Acc: 96.12%
  Learning rate: 0.001000
  ✓ New best validation loss: 0.1027
Epoch [3/100]
  Train Loss: 0.0964 | Train Acc: 96.41%
  Val Loss: 0.0674 | Val Acc: 98.21%
  Learning rate: 0.001000
  ✓ New best validation loss: 0.0674
Epoch [4/100]
  Train Loss: 0.0703 | Train Acc: 97.46%
  Val Loss: 0.0662 | Val Acc: 97.59%
  Learning rate: 0.001000
  ✓ New best validation loss: 0.0662
Epoch [5/100]
  Train Loss: 0.0614 | Train Acc: 97.82%
  Val Loss: 0.0777 | Val Acc: 96.97%
  Learning rate: 0.001000
  Early stopping counter: 1/8
Epoch [6/100]
  Train Loss: 0.0491 | Train Acc: 98.33%
  Val Loss: 0.0510 | Val Acc: 98.45%
  Learning rate: 0.001000
  ✓ New best validation loss: 0.0510
Epoch [7/100]
  Train Loss: 0.0560 | Train Acc: 97.94%
  Val Loss: 0.0661 | Val Acc: 97.90%
  Learning rate: 0.001000
  Early stopping counter: 1/8
Epoch [8/100]
  Train Loss: 0.0484 | Train Acc: 98.29%
  Val Loss: 0.0291 | Val Acc: 99.22%
  Learning rate: 0.001000
  ✓ New best validation loss: 0.0291
Epoch [9/100]
  Train Loss: 0.0444 | Train Acc: 98.39%
  Val Loss: 0.0449 | Val Acc: 98.84%
  Learning rate: 0.001000
  Early stopping counter: 1/8
Epoch [10/100]
  Train Loss: 0.0417 | Train Acc: 98.47%
  Val Loss: 0.0948 | Val Acc: 96.82%
  Learning rate: 0.001000
  Early stopping counter: 2/8
Epoch [11/100]
  Train Loss: 0.0326 | Train Acc: 98.95%
  Val Loss: 0.0532 | Val Acc: 98.76%
  Learning rate: 0.001000
  Early stopping counter: 3/8
Epoch [12/100]
  Train Loss: 0.0379 | Train Acc: 98.58%
  Val Loss: 0.0804 | Val Acc: 98.14%
  Learning rate: 0.000500
  Early stopping counter: 4/8
Epoch [13/100]
  Train Loss: 0.0139 | Train Acc: 99.55%
  Val Loss: 0.0317 | Val Acc: 99.22%
  Learning rate: 0.000500
  Early stopping counter: 5/8
Epoch [14/100]
  Train Loss: 0.0125 | Train Acc: 99.57%
  Val Loss: 0.0193 | Val Acc: 99.53%
  Learning rate: 0.000500
  ✓ New best validation loss: 0.0193
Epoch [15/100]
  Train Loss: 0.0166 | Train Acc: 99.44%
  Val Loss: 0.0183 | Val Acc: 99.53%
  Learning rate: 0.000500
  Early stopping counter: 1/8
Epoch [16/100]
  Train Loss: 0.0264 | Train Acc: 99.09%
  Val Loss: 0.0240 | Val Acc: 99.46%
  Learning rate: 0.000500
  Early stopping counter: 2/8
Epoch [17/100]
  Train Loss: 0.0092 | Train Acc: 99.75%
  Val Loss: 0.0268 | Val Acc: 99.53%
  Learning rate: 0.000500
  Early stopping counter: 3/8
Epoch [18/100]
  Train Loss: 0.0047 | Train Acc: 99.86%
  Val Loss: 0.0301 | Val Acc: 99.38%
  Learning rate: 0.000500
  Early stopping counter: 4/8
Epoch [19/100]
  Train Loss: 0.0077 | Train Acc: 99.77%
  Val Loss: 0.0460 | Val Acc: 98.84%
  Learning rate: 0.000250
  Early stopping counter: 5/8
Epoch [20/100]
  Train Loss: 0.0071 | Train Acc: 99.73%
  Val Loss: 0.0362 | Val Acc: 98.99%
  Learning rate: 0.000250
  Early stopping counter: 6/8
Epoch [21/100]
  Train Loss: 0.0044 | Train Acc: 99.86%
  Val Loss: 0.0227 | Val Acc: 99.53%
  Learning rate: 0.000250
  Early stopping counter: 7/8
Epoch [22/100]
  Train Loss: 0.0029 | Train Acc: 99.92%
  Val Loss: 0.0217 | Val Acc: 99.53%
  Learning rate: 0.000250
  Early stopping counter: 8/8

Early stopping triggered after 22 epochs!
Best validation loss: 0.0193 at epoch 14

Subject S6 Results:
  Test Labels: [0 0 0 0 0 0 0 0 0 0 0 0 0 0 0 0 0 0 0 0 0 0 0 0 0 0 0 0 0 0 0 0 0 0 0 0 0
 0 0 0 0 0 0 0 0 0 0 0 0 0 0 0 0 0 0 0 0 0 0 0 0 0 0 0 0 0 0 0 0 0 0 0 0 0
 0 0 0 0 0 0 0 0 0 0 0 0 0 0 0 0 0 0 0 0 0 0 0 0 0 0 0 0 0 0 0 0 0 0 0 0 0
 0 0 0 0 0 0 0 0 0 0 0 0 0 0 0 0 0 0 0 0 0 0 0 0 0 0 0 0 0 0 0 0 0 0 0 0 0
 0 0 0 0 0 0 0 0 0 0 0 0 0 0 0 0 0 0 0 0 0 0 0 0 0 0 0 0 0 0 0 0 0 0 0 0 0
 0 0 0 0 0 0 0 0 0 0 0 0 0 0 0 0 0 0 0 0 0 0 0 0 0 0 0 0 0 0 0 0 0 0 0 0 0
 0 0 0 0 0 0 0 0 0 0 0 0 0 0 0 0 0 0 0 0 0 0 0 0 0 0 0 0 0 0 0 0 0 0 0 0 0
 0 0 0 0 0 0 0 0 0 0 0 0 0 0 0 0 0 0 0 0 0 0 0 0 0 0 0 0 0 0 0 0 0 0 0 0 1
 1 1 1 1 1 1 1 1 1 1 1 1 1 1 1 1 1 1 1 1 1 1 1 1 1 1 1 1 1 1 1 1 1 1 1 1 1
 1 1 1 1 1 1 1 1 1 1 1 1 1 1 1 1 1 1 1 1 1 1 1 1 1 1 1 1 1 1 1 1 1 1 1 1 1
 1 1 1 1 1 1 1 1 1 1 1 1 1 1 1 1 1 1 1 1 1 1 1 1 1 1 1 1 1 1 1 1 1 1 1 1 1
 1 1 1 1 1 1 1 1 1 1 1 1 1 1 1 1 1 1 1 1 1 1 1 1 1 1 1 1 1 1 1 1 1 1 1 1 1
 1 1 1 1 1 1 1 1 1 1 1 1 1 1]
  Test Pred: [0 0 0 0 0 0 0 0 0 0 0 0 0 0 0 0 0 0 0 0 0 0 0 0 0 0 0 0 0 0 0 0 0 0 0 0 0
 0 0 0 0 0 0 0 0 0 0 0 0 0 0 0 0 0 0 0 0 0 0 0 0 0 0 0 0 0 0 0 0 0 0 0 0 0
 0 0 0 0 0 0 0 0 0 0 0 0 0 0 0 0 0 0 0 0 0 0 0 0 0 0 0 0 0 0 0 0 0 0 0 0 0
 0 0 0 0 0 0 0 0 0 0 0 0 0 0 0 0 0 0 0 0 0 0 0 0 0 0 0 0 0 0 0 0 0 0 0 0 0
 0 0 0 0 0 0 0 0 0 0 0 0 0 0 0 0 0 0 0 0 0 0 0 0 0 0 0 0 0 0 1 1 1 1 1 0 1
 1 1 1 0 1 0 1 1 0 0 0 0 0 0 0 0 0 0 0 0 0 0 0 0 0 0 0 0 0 0 0 0 0 0 0 0 0
 0 0 0 0 0 0 0 0 0 0 0 0 0 0 0 0 0 0 0 0 0 0 0 0 0 0 0 0 0 0 0 0 0 0 0 0 0
 0 0 0 0 0 0 0 0 0 0 0 0 0 0 0 0 0 0 0 0 0 0 0 0 0 0 0 0 0 0 0 0 0 0 0 0 1
 1 1 1 1 1 1 1 1 0 1 1 1 1 0 1 1 0 1 1 1 1 1 1 1 1 1 1 1 1 1 1 1 1 1 1 1 1
 1 1 1 1 1 1 1 0 1 1 1 1 1 1 0 1 0 1 1 1 1 1 1 1 1 0 1 1 1 1 0 1 1 1 0 1 1
 0 0 0 0 0 0 0 0 0 0 0 0 0 0 0 0 0 0 0 0 0 1 0 0 0 0 0 0 0 1 0 0 0 0 0 0 0
 0 0 0 0 0 0 0 0 0 0 0 0 0 0 0 0 0 0 0 0 0 0 0 0 0 0 0 0 0 0 0 0 0 0 0 0 0
 0 0 0 0 0 0 0 0 0 0 0 0 0 0]
  Confusion Matrix:
[[283  12]
 [ 95  68]]
  Accuracy: 76.64%
  F1 Score: 0.7409
  Precision: 0.7847
  Recall: 0.7664
  MCC: 0.4748

============================================================
Test subject: S7, Range: [2252, 2709]
============================================================
  Train samples: 5149, Val samples: 1288, Test samples: 457
Epoch [1/100]
  Train Loss: 0.3120 | Train Acc: 85.76%
  Val Loss: 0.1804 | Val Acc: 92.00%
  Learning rate: 0.001000
  ✓ New best validation loss: 0.1804
Epoch [2/100]
  Train Loss: 0.1288 | Train Acc: 95.59%
  Val Loss: 0.0923 | Val Acc: 96.27%
  Learning rate: 0.001000
  ✓ New best validation loss: 0.0923
Epoch [3/100]
  Train Loss: 0.0962 | Train Acc: 96.54%
  Val Loss: 0.2161 | Val Acc: 93.09%
  Learning rate: 0.001000
  Early stopping counter: 1/8
Epoch [4/100]
  Train Loss: 0.0700 | Train Acc: 97.48%
  Val Loss: 0.1504 | Val Acc: 95.26%
  Learning rate: 0.001000
  Early stopping counter: 2/8
Epoch [5/100]
  Train Loss: 0.0810 | Train Acc: 97.28%
  Val Loss: 0.0601 | Val Acc: 98.14%
  Learning rate: 0.001000
  ✓ New best validation loss: 0.0601
Epoch [6/100]
  Train Loss: 0.0548 | Train Acc: 98.04%
  Val Loss: 0.0342 | Val Acc: 98.52%
  Learning rate: 0.001000
  ✓ New best validation loss: 0.0342
Epoch [7/100]
  Train Loss: 0.0535 | Train Acc: 98.06%
  Val Loss: 0.0632 | Val Acc: 97.90%
  Learning rate: 0.001000
  Early stopping counter: 1/8
Epoch [8/100]
  Train Loss: 0.0485 | Train Acc: 98.49%
  Val Loss: 0.0696 | Val Acc: 97.83%
  Learning rate: 0.001000
  Early stopping counter: 2/8
Epoch [9/100]
  Train Loss: 0.0599 | Train Acc: 97.92%
  Val Loss: 0.0401 | Val Acc: 98.60%
  Learning rate: 0.001000
  Early stopping counter: 3/8
Epoch [10/100]
  Train Loss: 0.0397 | Train Acc: 98.64%
  Val Loss: 0.0335 | Val Acc: 98.76%
  Learning rate: 0.001000
  Early stopping counter: 4/8
Epoch [11/100]
  Train Loss: 0.0541 | Train Acc: 98.08%
  Val Loss: 0.0565 | Val Acc: 97.98%
  Learning rate: 0.001000
  Early stopping counter: 5/8
Epoch [12/100]
  Train Loss: 0.0425 | Train Acc: 98.56%
  Val Loss: 0.0244 | Val Acc: 99.22%
  Learning rate: 0.001000
  ✓ New best validation loss: 0.0244
Epoch [13/100]
  Train Loss: 0.0489 | Train Acc: 98.31%
  Val Loss: 0.0459 | Val Acc: 98.21%
  Learning rate: 0.001000
  Early stopping counter: 1/8
Epoch [14/100]
  Train Loss: 0.0436 | Train Acc: 98.49%
  Val Loss: 0.0631 | Val Acc: 98.29%
  Learning rate: 0.001000
  Early stopping counter: 2/8
Epoch [15/100]
  Train Loss: 0.0434 | Train Acc: 98.50%
  Val Loss: 0.0750 | Val Acc: 97.52%
  Learning rate: 0.001000
  Early stopping counter: 3/8
Epoch [16/100]
  Train Loss: 0.0670 | Train Acc: 97.75%
  Val Loss: 0.0378 | Val Acc: 98.84%
  Learning rate: 0.000500
  Early stopping counter: 4/8
Epoch [17/100]
  Train Loss: 0.0217 | Train Acc: 99.24%
  Val Loss: 0.0752 | Val Acc: 97.75%
  Learning rate: 0.000500
  Early stopping counter: 5/8
Epoch [18/100]
  Train Loss: 0.0229 | Train Acc: 99.26%
  Val Loss: 0.0200 | Val Acc: 99.46%
  Learning rate: 0.000500
  ✓ New best validation loss: 0.0200
Epoch [19/100]
  Train Loss: 0.0175 | Train Acc: 99.34%
  Val Loss: 0.0324 | Val Acc: 98.91%
  Learning rate: 0.000500
  Early stopping counter: 1/8
Epoch [20/100]
  Train Loss: 0.0122 | Train Acc: 99.59%
  Val Loss: 0.0373 | Val Acc: 98.84%
  Learning rate: 0.000500
  Early stopping counter: 2/8
Epoch [21/100]
  Train Loss: 0.0108 | Train Acc: 99.65%
  Val Loss: 0.0482 | Val Acc: 98.52%
  Learning rate: 0.000500
  Early stopping counter: 3/8
Epoch [22/100]
  Train Loss: 0.0163 | Train Acc: 99.48%
  Val Loss: 0.0246 | Val Acc: 99.30%
  Learning rate: 0.000250
  Early stopping counter: 4/8
Epoch [23/100]
  Train Loss: 0.0064 | Train Acc: 99.84%
  Val Loss: 0.0199 | Val Acc: 99.46%
  Learning rate: 0.000250
  Early stopping counter: 5/8
Epoch [24/100]
  Train Loss: 0.0040 | Train Acc: 99.92%
  Val Loss: 0.0228 | Val Acc: 99.46%
  Learning rate: 0.000250
  Early stopping counter: 6/8
Epoch [25/100]
  Train Loss: 0.0045 | Train Acc: 99.83%
  Val Loss: 0.0224 | Val Acc: 99.69%
  Learning rate: 0.000250
  Early stopping counter: 7/8
Epoch [26/100]
  Train Loss: 0.0038 | Train Acc: 99.88%
  Val Loss: 0.0191 | Val Acc: 99.46%
  Learning rate: 0.000250
  Early stopping counter: 8/8

Early stopping triggered after 26 epochs!
Best validation loss: 0.0200 at epoch 18

Subject S7 Results:
  Test Labels: [0 0 0 0 0 0 0 0 0 0 0 0 0 0 0 0 0 0 0 0 0 0 0 0 0 0 0 0 0 0 0 0 0 0 0 0 0
 0 0 0 0 0 0 0 0 0 0 0 0 0 0 0 0 0 0 0 0 0 0 0 0 0 0 0 0 0 0 0 0 0 0 0 0 0
 0 0 0 0 0 0 0 0 0 0 0 0 0 0 0 0 0 0 0 0 0 0 0 0 0 0 0 0 0 0 0 0 0 0 0 0 0
 0 0 0 0 0 0 0 0 0 0 0 0 0 0 0 0 0 0 0 0 0 0 0 0 0 0 0 0 0 0 0 0 0 0 0 0 0
 0 0 0 0 0 0 0 0 0 0 0 0 0 0 0 0 0 0 0 0 0 0 0 0 0 0 0 0 0 0 0 0 0 0 0 0 0
 0 0 0 0 0 0 0 0 0 0 0 0 0 0 0 0 0 0 0 0 0 0 0 0 0 0 0 0 0 0 0 0 0 0 0 0 0
 0 0 0 0 0 0 0 0 0 0 0 0 0 0 0 0 0 0 0 0 0 0 0 0 0 0 0 0 0 0 0 0 0 0 0 0 0
 0 0 0 0 0 0 0 0 0 0 0 0 0 0 0 0 0 0 0 0 0 0 0 0 0 0 0 0 0 0 0 0 0 0 0 0 0
 0 1 1 1 1 1 1 1 1 1 1 1 1 1 1 1 1 1 1 1 1 1 1 1 1 1 1 1 1 1 1 1 1 1 1 1 1
 1 1 1 1 1 1 1 1 1 1 1 1 1 1 1 1 1 1 1 1 1 1 1 1 1 1 1 1 1 1 1 1 1 1 1 1 1
 1 1 1 1 1 1 1 1 1 1 1 1 1 1 1 1 1 1 1 1 1 1 1 1 1 1 1 1 1 1 1 1 1 1 1 1 1
 1 1 1 1 1 1 1 1 1 1 1 1 1 1 1 1 1 1 1 1 1 1 1 1 1 1 1 1 1 1 1 1 1 1 1 1 1
 1 1 1 1 1 1 1 1 1 1 1 1 1]
  Test Pred: [1 1 1 1 1 1 1 1 1 1 1 1 1 1 1 1 1 1 1 1 1 1 1 1 1 1 1 1 1 1 1 1 1 1 1 1 1
 1 1 1 1 1 1 1 1 1 1 1 1 1 1 1 1 1 1 1 1 1 1 1 1 1 1 1 1 1 1 1 1 1 1 1 1 1
 1 1 1 1 1 1 1 1 1 1 1 1 1 1 1 1 1 1 1 1 1 1 1 1 1 1 1 1 1 1 1 1 1 1 1 1 1
 1 1 1 1 1 1 1 1 1 1 1 1 1 1 1 1 1 1 1 1 1 1 1 1 1 1 1 1 1 1 1 1 1 1 1 1 1
 1 1 1 1 1 1 1 1 1 1 1 1 1 1 1 1 1 1 1 1 1 1 1 1 1 1 1 1 1 1 1 1 1 1 1 1 1
 1 1 1 1 1 1 1 1 1 1 1 1 1 1 1 1 1 1 1 1 1 1 1 1 1 1 1 1 1 1 1 1 1 1 1 1 1
 1 1 1 1 1 1 1 1 1 1 1 1 1 1 1 1 1 1 1 1 1 1 1 1 1 1 1 1 1 1 1 1 1 1 1 1 1
 1 1 1 1 1 1 1 1 1 1 1 1 1 1 1 1 1 1 1 1 1 1 1 1 1 1 1 1 1 1 1 1 1 1 1 1 1
 1 1 1 1 1 1 1 1 1 1 1 1 1 1 1 1 1 1 1 1 1 1 1 1 1 1 1 1 1 1 1 1 1 1 1 1 1
 1 1 1 1 1 1 1 1 1 1 1 1 1 1 1 1 1 1 1 1 1 1 1 1 1 1 1 1 1 1 1 1 1 1 1 1 1
 1 1 1 1 1 1 1 1 1 1 1 1 1 1 1 1 1 1 1 1 1 1 1 1 1 1 1 1 1 1 1 1 1 1 1 1 1
 1 1 1 1 1 1 1 1 1 1 1 1 1 1 1 1 1 1 1 1 1 1 1 1 1 1 1 1 1 1 1 1 1 1 1 1 1
 1 1 1 1 1 1 1 1 1 1 1 1 1]
  Confusion Matrix:
[[  0 297]
 [  0 160]]
  Accuracy: 35.01%
  F1 Score: 0.1816
  Precision: 0.1226
  Recall: 0.3501
  MCC: 0.0000

============================================================
Test subject: S8, Range: [2709, 3169]
============================================================
  Train samples: 5147, Val samples: 1287, Test samples: 460
Epoch [1/100]
  Train Loss: 0.3210 | Train Acc: 85.58%
  Val Loss: 0.2238 | Val Acc: 90.83%
  Learning rate: 0.001000
  ✓ New best validation loss: 0.2238
Epoch [2/100]
  Train Loss: 0.1578 | Train Acc: 93.96%
  Val Loss: 0.1079 | Val Acc: 95.80%
  Learning rate: 0.001000
  ✓ New best validation loss: 0.1079
Epoch [3/100]
  Train Loss: 0.1038 | Train Acc: 96.04%
  Val Loss: 0.0892 | Val Acc: 96.50%
  Learning rate: 0.001000
  ✓ New best validation loss: 0.0892
Epoch [4/100]
  Train Loss: 0.0773 | Train Acc: 97.28%
  Val Loss: 0.0629 | Val Acc: 97.90%
  Learning rate: 0.001000
  ✓ New best validation loss: 0.0629
Epoch [5/100]
  Train Loss: 0.0747 | Train Acc: 97.51%
  Val Loss: 0.1019 | Val Acc: 95.96%
  Learning rate: 0.001000
  Early stopping counter: 1/8
Epoch [6/100]
  Train Loss: 0.0604 | Train Acc: 97.90%
  Val Loss: 0.1073 | Val Acc: 95.80%
  Learning rate: 0.001000
  Early stopping counter: 2/8
Epoch [7/100]
  Train Loss: 0.0610 | Train Acc: 97.90%
  Val Loss: 0.0717 | Val Acc: 97.36%
  Learning rate: 0.001000
  Early stopping counter: 3/8
Epoch [8/100]
  Train Loss: 0.0635 | Train Acc: 97.94%
  Val Loss: 0.0494 | Val Acc: 98.37%
  Learning rate: 0.001000
  ✓ New best validation loss: 0.0494
Epoch [9/100]
  Train Loss: 0.0490 | Train Acc: 98.27%
  Val Loss: 0.0280 | Val Acc: 98.83%
  Learning rate: 0.001000
  ✓ New best validation loss: 0.0280
Epoch [10/100]
  Train Loss: 0.0341 | Train Acc: 98.93%
  Val Loss: 0.0757 | Val Acc: 97.36%
  Learning rate: 0.001000
  Early stopping counter: 1/8
Epoch [11/100]
  Train Loss: 0.0541 | Train Acc: 98.19%
  Val Loss: 0.0898 | Val Acc: 96.81%
  Learning rate: 0.001000
  Early stopping counter: 2/8
Epoch [12/100]
  Train Loss: 0.0438 | Train Acc: 98.58%
  Val Loss: 0.0349 | Val Acc: 99.07%
  Learning rate: 0.001000
  Early stopping counter: 3/8
Epoch [13/100]
  Train Loss: 0.0474 | Train Acc: 98.39%
  Val Loss: 0.0334 | Val Acc: 98.91%
  Learning rate: 0.000500
  Early stopping counter: 4/8
Epoch [14/100]
  Train Loss: 0.0122 | Train Acc: 99.63%
  Val Loss: 0.0193 | Val Acc: 99.30%
  Learning rate: 0.000500
  ✓ New best validation loss: 0.0193
Epoch [15/100]
  Train Loss: 0.0114 | Train Acc: 99.61%
  Val Loss: 0.0200 | Val Acc: 99.30%
  Learning rate: 0.000500
  Early stopping counter: 1/8
Epoch [16/100]
  Train Loss: 0.0132 | Train Acc: 99.55%
  Val Loss: 0.0266 | Val Acc: 99.22%
  Learning rate: 0.000500
  Early stopping counter: 2/8
Epoch [17/100]
  Train Loss: 0.0085 | Train Acc: 99.69%
  Val Loss: 0.0474 | Val Acc: 98.68%
  Learning rate: 0.000500
  Early stopping counter: 3/8
Epoch [18/100]
  Train Loss: 0.0170 | Train Acc: 99.48%
  Val Loss: 0.0293 | Val Acc: 99.07%
  Learning rate: 0.000250
  Early stopping counter: 4/8
Epoch [19/100]
  Train Loss: 0.0035 | Train Acc: 99.90%
  Val Loss: 0.0227 | Val Acc: 99.46%
  Learning rate: 0.000250
  Early stopping counter: 5/8
Epoch [20/100]
  Train Loss: 0.0023 | Train Acc: 99.98%
  Val Loss: 0.0256 | Val Acc: 99.46%
  Learning rate: 0.000250
  Early stopping counter: 6/8
Epoch [21/100]
  Train Loss: 0.0011 | Train Acc: 99.98%
  Val Loss: 0.0320 | Val Acc: 99.30%
  Learning rate: 0.000250
  Early stopping counter: 7/8
Epoch [22/100]
  Train Loss: 0.0013 | Train Acc: 99.96%
  Val Loss: 0.0240 | Val Acc: 99.61%
  Learning rate: 0.000125
  Early stopping counter: 8/8

Early stopping triggered after 22 epochs!
Best validation loss: 0.0193 at epoch 14

Subject S8 Results:
  Test Labels: [0 0 0 0 0 0 0 0 0 0 0 0 0 0 0 0 0 0 0 0 0 0 0 0 0 0 0 0 0 0 0 0 0 0 0 0 0
 0 0 0 0 0 0 0 0 0 0 0 0 0 0 0 0 0 0 0 0 0 0 0 0 0 0 0 0 0 0 0 0 0 0 0 0 0
 0 0 0 0 0 0 0 0 0 0 0 0 0 0 0 0 0 0 0 0 0 0 0 0 0 0 0 0 0 0 0 0 0 0 0 0 0
 0 0 0 0 0 0 0 0 0 0 0 0 0 0 0 0 0 0 0 0 0 0 0 0 0 0 0 0 0 0 0 0 0 0 0 0 0
 0 0 0 0 0 0 0 0 0 0 0 0 0 0 0 0 0 0 0 0 0 0 0 0 0 0 0 0 0 0 0 0 0 0 0 0 0
 0 0 0 0 0 0 0 0 0 0 0 0 0 0 0 0 0 0 0 0 0 0 0 0 0 0 0 0 0 0 0 0 0 0 0 0 0
 0 0 0 0 0 0 0 0 0 0 0 0 0 0 0 0 0 0 0 0 0 0 0 0 0 0 0 0 0 0 0 0 0 0 0 0 0
 0 0 0 0 0 0 0 0 0 0 0 0 0 0 0 0 0 0 0 0 0 0 0 0 0 0 0 0 0 0 0 0 0 1 1 1 1
 1 1 1 1 1 1 1 1 1 1 1 1 1 1 1 1 1 1 1 1 1 1 1 1 1 1 1 1 1 1 1 1 1 1 1 1 1
 1 1 1 1 1 1 1 1 1 1 1 1 1 1 1 1 1 1 1 1 1 1 1 1 1 1 1 1 1 1 1 1 1 1 1 1 1
 1 1 1 1 1 1 1 1 1 1 1 1 1 1 1 1 1 1 1 1 1 1 1 1 1 1 1 1 1 1 1 1 1 1 1 1 1
 1 1 1 1 1 1 1 1 1 1 1 1 1 1 1 1 1 1 1 1 1 1 1 1 1 1 1 1 1 1 1 1 1 1 1 1 1
 1 1 1 1 1 1 1 1 1 1 1 1 1 1 1 1]
  Test Pred: [0 0 0 0 0 0 0 0 0 0 0 0 0 0 0 0 0 0 0 0 0 0 0 0 0 0 0 0 0 0 0 0 0 0 0 0 0
 0 0 0 0 0 0 0 0 0 0 0 0 0 0 0 0 0 0 0 0 0 0 0 0 0 0 0 0 0 0 0 0 0 0 0 0 0
 0 0 0 0 0 0 0 0 0 0 0 0 0 0 0 0 0 0 0 0 0 0 0 0 0 0 0 0 1 0 0 0 0 0 0 0 0
 0 0 0 0 0 0 0 0 0 0 0 0 0 0 0 0 0 0 0 0 0 0 0 0 0 0 0 0 0 0 0 0 0 0 0 0 0
 0 0 0 0 0 0 0 0 0 0 0 0 0 0 0 0 0 0 0 0 0 0 0 0 0 0 0 0 0 0 0 0 0 0 0 0 0
 0 0 0 0 0 0 0 0 0 0 0 0 0 0 0 0 0 0 0 0 0 0 0 0 0 0 0 0 0 0 0 0 0 0 0 0 0
 0 0 0 0 0 0 0 0 0 0 0 0 0 0 0 0 0 0 0 0 0 0 0 0 0 0 0 0 0 0 0 0 0 0 0 0 0
 0 0 0 0 0 0 0 0 0 0 0 0 0 0 0 0 0 0 0 0 0 0 0 0 0 0 0 0 0 0 0 0 0 1 1 1 1
 1 1 1 1 1 1 1 1 1 1 1 1 1 1 1 1 1 1 1 1 1 1 1 1 1 1 1 1 1 1 1 1 1 1 1 1 1
 1 1 1 1 1 1 1 1 1 1 1 1 1 1 1 1 1 1 1 1 1 1 1 1 1 1 1 1 1 1 1 1 1 1 1 1 1
 1 1 1 1 1 1 1 1 1 1 1 1 1 1 1 1 1 1 1 1 1 1 1 1 1 1 1 1 1 1 1 1 1 1 1 1 1
 1 1 1 1 1 1 1 1 1 1 1 1 1 1 1 1 1 1 1 1 1 1 1 1 1 1 1 1 1 1 1 1 1 1 1 1 1
 1 1 1 1 1 1 1 1 1 1 1 1 1 1 1 1]
  Confusion Matrix:
[[291   1]
 [  0 168]]
  Accuracy: 99.78%
  F1 Score: 0.9978
  Precision: 0.9978
  Recall: 0.9978
  MCC: 0.9953

============================================================
Test subject: S9, Range: [3169, 3625]
============================================================
  Train samples: 5150, Val samples: 1288, Test samples: 456
Epoch [1/100]
  Train Loss: 0.3387 | Train Acc: 84.49%
  Val Loss: 0.1397 | Val Acc: 94.72%
  Learning rate: 0.001000
  ✓ New best validation loss: 0.1397
Epoch [2/100]
  Train Loss: 0.1708 | Train Acc: 93.34%
  Val Loss: 0.1634 | Val Acc: 93.01%
  Learning rate: 0.001000
  Early stopping counter: 1/8
Epoch [3/100]
  Train Loss: 0.1197 | Train Acc: 95.50%
  Val Loss: 0.0420 | Val Acc: 98.52%
  Learning rate: 0.001000
  ✓ New best validation loss: 0.0420
Epoch [4/100]
  Train Loss: 0.0776 | Train Acc: 97.15%
  Val Loss: 0.2973 | Val Acc: 89.91%
  Learning rate: 0.001000
  Early stopping counter: 1/8
Epoch [5/100]
  Train Loss: 0.0624 | Train Acc: 97.90%
  Val Loss: 0.0464 | Val Acc: 98.76%
  Learning rate: 0.001000
  Early stopping counter: 2/8
Epoch [6/100]
  Train Loss: 0.0496 | Train Acc: 98.29%
  Val Loss: 0.0920 | Val Acc: 97.05%
  Learning rate: 0.001000
  Early stopping counter: 3/8
Epoch [7/100]
  Train Loss: 0.0406 | Train Acc: 98.60%
  Val Loss: 0.0538 | Val Acc: 98.21%
  Learning rate: 0.000500
  Early stopping counter: 4/8
Epoch [8/100]
  Train Loss: 0.0177 | Train Acc: 99.30%
  Val Loss: 0.0173 | Val Acc: 99.53%
  Learning rate: 0.000500
  ✓ New best validation loss: 0.0173
Epoch [9/100]
  Train Loss: 0.0177 | Train Acc: 99.50%
  Val Loss: 0.0243 | Val Acc: 99.38%
  Learning rate: 0.000500
  Early stopping counter: 1/8
Epoch [10/100]
  Train Loss: 0.0144 | Train Acc: 99.53%
  Val Loss: 0.0291 | Val Acc: 99.38%
  Learning rate: 0.000500
  Early stopping counter: 2/8
Epoch [11/100]
  Train Loss: 0.0098 | Train Acc: 99.67%
  Val Loss: 0.0131 | Val Acc: 99.61%
  Learning rate: 0.000500
  ✓ New best validation loss: 0.0131
Epoch [12/100]
  Train Loss: 0.0128 | Train Acc: 99.65%
  Val Loss: 0.0129 | Val Acc: 99.61%
  Learning rate: 0.000500
  Early stopping counter: 1/8
Epoch [13/100]
  Train Loss: 0.0083 | Train Acc: 99.81%
  Val Loss: 0.0223 | Val Acc: 99.22%
  Learning rate: 0.000500
  Early stopping counter: 2/8
Epoch [14/100]
  Train Loss: 0.0108 | Train Acc: 99.63%
  Val Loss: 0.0267 | Val Acc: 99.46%
  Learning rate: 0.000500
  Early stopping counter: 3/8
Epoch [15/100]
  Train Loss: 0.0241 | Train Acc: 99.24%
  Val Loss: 0.0167 | Val Acc: 99.69%
  Learning rate: 0.000500
  Early stopping counter: 4/8
Epoch [16/100]
  Train Loss: 0.0085 | Train Acc: 99.65%
  Val Loss: 0.0395 | Val Acc: 98.76%
  Learning rate: 0.000250
  Early stopping counter: 5/8
Epoch [17/100]
  Train Loss: 0.0085 | Train Acc: 99.67%
  Val Loss: 0.0110 | Val Acc: 99.69%
  Learning rate: 0.000250
  ✓ New best validation loss: 0.0110
Epoch [18/100]
  Train Loss: 0.0011 | Train Acc: 100.00%
  Val Loss: 0.0127 | Val Acc: 99.69%
  Learning rate: 0.000250
  Early stopping counter: 1/8
Epoch [19/100]
  Train Loss: 0.0009 | Train Acc: 100.00%
  Val Loss: 0.0111 | Val Acc: 99.77%
  Learning rate: 0.000250
  Early stopping counter: 2/8
Epoch [20/100]
  Train Loss: 0.0004 | Train Acc: 100.00%
  Val Loss: 0.0131 | Val Acc: 99.77%
  Learning rate: 0.000250
  Early stopping counter: 3/8
Epoch [21/100]
  Train Loss: 0.0002 | Train Acc: 100.00%
  Val Loss: 0.0132 | Val Acc: 99.77%
  Learning rate: 0.000125
  Early stopping counter: 4/8
Epoch [22/100]
  Train Loss: 0.0002 | Train Acc: 100.00%
  Val Loss: 0.0137 | Val Acc: 99.77%
  Learning rate: 0.000125
  Early stopping counter: 5/8
Epoch [23/100]
  Train Loss: 0.0002 | Train Acc: 100.00%
  Val Loss: 0.0144 | Val Acc: 99.77%
  Learning rate: 0.000125
  Early stopping counter: 6/8
Epoch [24/100]
  Train Loss: 0.0001 | Train Acc: 100.00%
  Val Loss: 0.0142 | Val Acc: 99.77%
  Learning rate: 0.000125
  Early stopping counter: 7/8
Epoch [25/100]
  Train Loss: 0.0001 | Train Acc: 100.00%
  Val Loss: 0.0144 | Val Acc: 99.69%
  Learning rate: 0.000063
  Early stopping counter: 8/8

Early stopping triggered after 25 epochs!
Best validation loss: 0.0110 at epoch 17

Subject S9 Results:
  Test Labels: [0 0 0 0 0 0 0 0 0 0 0 0 0 0 0 0 0 0 0 0 0 0 0 0 0 0 0 0 0 0 0 0 0 0 0 0 0
 0 0 0 0 0 0 0 0 0 0 0 0 0 0 0 0 0 0 0 0 0 0 0 0 0 0 0 0 0 0 0 0 0 0 0 0 0
 0 0 0 0 0 0 0 0 0 0 0 0 0 0 0 0 0 0 0 0 0 0 0 0 0 0 0 0 0 0 0 0 0 0 0 0 0
 0 0 0 0 0 0 0 0 0 0 0 0 0 0 0 0 0 0 0 0 0 0 0 0 0 0 0 0 0 0 0 0 0 0 0 0 0
 0 0 0 0 0 0 0 0 0 0 0 0 0 0 0 0 0 0 0 0 0 0 0 0 0 0 0 0 0 0 0 0 0 0 0 0 0
 0 0 0 0 0 0 0 0 0 0 0 0 0 0 0 0 0 0 0 0 0 0 0 0 0 0 0 0 0 0 0 0 0 0 0 0 0
 0 0 0 0 0 0 0 0 0 0 0 0 0 0 0 0 0 0 0 0 0 0 0 0 0 0 0 0 0 0 0 0 0 0 0 0 0
 0 0 0 0 0 0 0 0 0 0 0 0 0 0 0 0 0 0 0 0 0 0 0 0 0 0 0 0 0 0 0 0 0 0 0 0 1
 1 1 1 1 1 1 1 1 1 1 1 1 1 1 1 1 1 1 1 1 1 1 1 1 1 1 1 1 1 1 1 1 1 1 1 1 1
 1 1 1 1 1 1 1 1 1 1 1 1 1 1 1 1 1 1 1 1 1 1 1 1 1 1 1 1 1 1 1 1 1 1 1 1 1
 1 1 1 1 1 1 1 1 1 1 1 1 1 1 1 1 1 1 1 1 1 1 1 1 1 1 1 1 1 1 1 1 1 1 1 1 1
 1 1 1 1 1 1 1 1 1 1 1 1 1 1 1 1 1 1 1 1 1 1 1 1 1 1 1 1 1 1 1 1 1 1 1 1 1
 1 1 1 1 1 1 1 1 1 1 1 1]
  Test Pred: [0 0 0 0 0 0 0 0 0 0 0 0 0 0 0 0 0 0 0 0 0 0 0 0 0 0 0 0 0 0 0 0 0 0 0 0 0
 0 1 0 0 0 0 0 0 0 0 0 0 0 0 0 0 0 0 0 0 0 0 0 0 0 0 1 0 0 0 1 1 1 0 1 1 1
 0 0 1 1 0 1 1 0 1 0 1 0 0 0 0 1 1 1 1 1 1 1 1 1 1 0 0 1 1 1 0 0 0 0 0 0 0
 0 0 0 0 0 0 0 0 0 0 0 0 0 0 0 0 0 0 0 0 0 0 0 0 0 0 0 0 0 0 0 0 0 0 0 0 0
 0 0 0 0 0 1 0 0 0 0 1 0 0 0 0 0 0 0 0 0 0 0 0 0 0 0 0 0 0 0 0 0 0 0 0 0 0
 0 0 0 0 0 0 0 0 0 0 0 0 0 0 0 0 0 0 0 0 0 0 0 0 0 0 0 0 0 0 0 0 0 0 0 0 0
 0 0 0 0 0 0 0 0 0 0 0 0 0 0 0 0 0 0 0 0 0 0 0 0 0 0 0 0 0 0 0 0 0 0 0 0 0
 0 0 0 0 0 0 0 0 0 0 0 0 0 0 0 0 0 0 1 0 0 0 0 0 0 0 0 0 0 0 0 0 0 0 0 0 0
 1 0 1 0 1 1 1 0 0 0 1 1 1 0 0 1 1 0 1 1 0 1 1 0 0 0 0 0 0 0 0 0 0 0 0 0 1
 1 0 1 0 0 0 1 0 0 0 1 1 1 1 1 1 1 1 1 0 1 0 1 0 1 0 1 1 1 1 1 1 1 0 1 0 0
 1 0 0 0 1 0 0 1 0 0 1 1 0 0 1 1 0 1 0 0 0 0 0 0 0 0 0 0 0 0 0 1 0 1 1 1 0
 1 0 1 1 1 0 1 0 1 0 0 0 0 0 0 0 0 0 0 0 0 1 1 0 0 0 0 0 0 1 0 0 0 0 0 0 0
 0 1 0 0 0 0 0 0 1 0 0 1]
  Confusion Matrix:
[[265  30]
 [ 99  62]]
  Accuracy: 71.71%
  F1 Score: 0.6933
  Precision: 0.7089
  Recall: 0.7171
  MCC: 0.3375

============================================================
Test subject: S10, Range: [3625, 4101]
============================================================
  Train samples: 5134, Val samples: 1284, Test samples: 476
Epoch [1/100]
  Train Loss: 0.3373 | Train Acc: 83.87%
  Val Loss: 0.2688 | Val Acc: 87.85%
  Learning rate: 0.001000
  ✓ New best validation loss: 0.2688
Epoch [2/100]
  Train Loss: 0.1697 | Train Acc: 93.40%
  Val Loss: 0.1255 | Val Acc: 95.40%
  Learning rate: 0.001000
  ✓ New best validation loss: 0.1255
Epoch [3/100]
  Train Loss: 0.1138 | Train Acc: 95.97%
  Val Loss: 0.0723 | Val Acc: 97.35%
  Learning rate: 0.001000
  ✓ New best validation loss: 0.0723
Epoch [4/100]
  Train Loss: 0.0793 | Train Acc: 97.06%
  Val Loss: 0.0729 | Val Acc: 97.35%
  Learning rate: 0.001000
  Early stopping counter: 1/8
Epoch [5/100]
  Train Loss: 0.0671 | Train Acc: 97.55%
  Val Loss: 0.0299 | Val Acc: 98.99%
  Learning rate: 0.001000
  ✓ New best validation loss: 0.0299
Epoch [6/100]
  Train Loss: 0.0580 | Train Acc: 98.05%
  Val Loss: 0.0657 | Val Acc: 97.59%
  Learning rate: 0.001000
  Early stopping counter: 1/8
Epoch [7/100]
  Train Loss: 0.0491 | Train Acc: 98.44%
  Val Loss: 0.0304 | Val Acc: 99.07%
  Learning rate: 0.001000
  Early stopping counter: 2/8
Epoch [8/100]
  Train Loss: 0.0321 | Train Acc: 98.93%
  Val Loss: 0.0557 | Val Acc: 97.98%
  Learning rate: 0.001000
  Early stopping counter: 3/8
Epoch [9/100]
  Train Loss: 0.0299 | Train Acc: 98.91%
  Val Loss: 0.0270 | Val Acc: 98.99%
  Learning rate: 0.001000
  ✓ New best validation loss: 0.0270
Epoch [10/100]
  Train Loss: 0.0288 | Train Acc: 99.10%
  Val Loss: 0.0227 | Val Acc: 99.45%
  Learning rate: 0.001000
  ✓ New best validation loss: 0.0227
Epoch [11/100]
  Train Loss: 0.0328 | Train Acc: 98.89%
  Val Loss: 0.1546 | Val Acc: 95.02%
  Learning rate: 0.001000
  Early stopping counter: 1/8
Epoch [12/100]
  Train Loss: 0.0588 | Train Acc: 98.09%
  Val Loss: 0.0347 | Val Acc: 98.99%
  Learning rate: 0.001000
  Early stopping counter: 2/8
Epoch [13/100]
  Train Loss: 0.0263 | Train Acc: 99.07%
  Val Loss: 0.0454 | Val Acc: 98.36%
  Learning rate: 0.001000
  Early stopping counter: 3/8
Epoch [14/100]
  Train Loss: 0.0253 | Train Acc: 99.22%
  Val Loss: 0.0209 | Val Acc: 99.30%
  Learning rate: 0.001000
  ✓ New best validation loss: 0.0209
Epoch [15/100]
  Train Loss: 0.0323 | Train Acc: 99.01%
  Val Loss: 0.0187 | Val Acc: 99.61%
  Learning rate: 0.001000
  ✓ New best validation loss: 0.0187
Epoch [16/100]
  Train Loss: 0.0309 | Train Acc: 98.99%
  Val Loss: 0.0217 | Val Acc: 99.30%
  Learning rate: 0.001000
  Early stopping counter: 1/8
Epoch [17/100]
  Train Loss: 0.0303 | Train Acc: 99.05%
  Val Loss: 0.1562 | Val Acc: 95.95%
  Learning rate: 0.001000
  Early stopping counter: 2/8
Epoch [18/100]
  Train Loss: 0.0206 | Train Acc: 99.20%
  Val Loss: 0.0291 | Val Acc: 99.22%
  Learning rate: 0.001000
  Early stopping counter: 3/8
Epoch [19/100]
  Train Loss: 0.0436 | Train Acc: 98.50%
  Val Loss: 0.0639 | Val Acc: 97.12%
  Learning rate: 0.000500
  Early stopping counter: 4/8
Epoch [20/100]
  Train Loss: 0.0122 | Train Acc: 99.63%
  Val Loss: 0.0211 | Val Acc: 99.53%
  Learning rate: 0.000500
  Early stopping counter: 5/8
Epoch [21/100]
  Train Loss: 0.0096 | Train Acc: 99.69%
  Val Loss: 0.0181 | Val Acc: 99.53%
  Learning rate: 0.000500
  Early stopping counter: 6/8
Epoch [22/100]
  Train Loss: 0.0092 | Train Acc: 99.75%
  Val Loss: 0.0151 | Val Acc: 99.69%
  Learning rate: 0.000500
  ✓ New best validation loss: 0.0151
Epoch [23/100]
  Train Loss: 0.0137 | Train Acc: 99.57%
  Val Loss: 0.0147 | Val Acc: 99.77%
  Learning rate: 0.000500
  Early stopping counter: 1/8
Epoch [24/100]
  Train Loss: 0.0063 | Train Acc: 99.81%
  Val Loss: 0.0208 | Val Acc: 99.53%
  Learning rate: 0.000500
  Early stopping counter: 2/8
Epoch [25/100]
  Train Loss: 0.0088 | Train Acc: 99.63%
  Val Loss: 0.0152 | Val Acc: 99.77%
  Learning rate: 0.000500
  Early stopping counter: 3/8
Epoch [26/100]
  Train Loss: 0.0061 | Train Acc: 99.79%
  Val Loss: 0.0260 | Val Acc: 98.99%
  Learning rate: 0.000500
  Early stopping counter: 4/8
Epoch [27/100]
  Train Loss: 0.0102 | Train Acc: 99.61%
  Val Loss: 0.0255 | Val Acc: 99.45%
  Learning rate: 0.000250
  Early stopping counter: 5/8
Epoch [28/100]
  Train Loss: 0.0047 | Train Acc: 99.84%
  Val Loss: 0.0198 | Val Acc: 99.77%
  Learning rate: 0.000250
  Early stopping counter: 6/8
Epoch [29/100]
  Train Loss: 0.0021 | Train Acc: 99.96%
  Val Loss: 0.0153 | Val Acc: 99.84%
  Learning rate: 0.000250
  Early stopping counter: 7/8
Epoch [30/100]
  Train Loss: 0.0015 | Train Acc: 99.94%
  Val Loss: 0.0154 | Val Acc: 99.77%
  Learning rate: 0.000250
  Early stopping counter: 8/8

Early stopping triggered after 30 epochs!
Best validation loss: 0.0151 at epoch 22

Subject S10 Results:
  Test Labels: [0 0 0 0 0 0 0 0 0 0 0 0 0 0 0 0 0 0 0 0 0 0 0 0 0 0 0 0 0 0 0 0 0 0 0 0 0
 0 0 0 0 0 0 0 0 0 0 0 0 0 0 0 0 0 0 0 0 0 0 0 0 0 0 0 0 0 0 0 0 0 0 0 0 0
 0 0 0 0 0 0 0 0 0 0 0 0 0 0 0 0 0 0 0 0 0 0 0 0 0 0 0 0 0 0 0 0 0 0 0 0 0
 0 0 0 0 0 0 0 0 0 0 0 0 0 0 0 0 0 0 0 0 0 0 0 0 0 0 0 0 0 0 0 0 0 0 0 0 0
 0 0 0 0 0 0 0 0 0 0 0 0 0 0 0 0 0 0 0 0 0 0 0 0 0 0 0 0 0 0 0 0 0 0 0 0 0
 0 0 0 0 0 0 0 0 0 0 0 0 0 0 0 0 0 0 0 0 0 0 0 0 0 0 0 0 0 0 0 0 0 0 0 0 0
 0 0 0 0 0 0 0 0 0 0 0 0 0 0 0 0 0 0 0 0 0 0 0 0 0 0 0 0 0 0 0 0 0 0 0 0 0
 0 0 0 0 0 0 0 0 0 0 0 0 0 0 0 0 0 0 0 0 0 0 0 0 0 0 0 0 0 0 0 0 0 0 0 0 1
 1 1 1 1 1 1 1 1 1 1 1 1 1 1 1 1 1 1 1 1 1 1 1 1 1 1 1 1 1 1 1 1 1 1 1 1 1
 1 1 1 1 1 1 1 1 1 1 1 1 1 1 1 1 1 1 1 1 1 1 1 1 1 1 1 1 1 1 1 1 1 1 1 1 1
 1 1 1 1 1 1 1 1 1 1 1 1 1 1 1 1 1 1 1 1 1 1 1 1 1 1 1 1 1 1 1 1 1 1 1 1 1
 1 1 1 1 1 1 1 1 1 1 1 1 1 1 1 1 1 1 1 1 1 1 1 1 1 1 1 1 1 1 1 1 1 1 1 1 1
 1 1 1 1 1 1 1 1 1 1 1 1 1 1 1 1 1 1 1 1 1 1 1 1 1 1 1 1 1 1 1 1]
  Test Pred: [1 1 1 1 1 1 1 1 1 1 1 1 1 1 1 1 1 1 1 1 1 1 1 1 1 1 1 1 1 1 1 1 1 1 1 1 1
 1 1 1 1 1 1 1 1 0 1 1 1 1 1 1 1 1 1 1 1 1 1 1 1 1 1 1 1 1 1 1 1 1 1 1 1 1
 1 1 1 1 1 1 1 1 1 1 1 1 1 1 1 1 1 1 1 1 1 1 1 1 1 1 1 1 1 1 1 1 1 1 1 1 1
 1 1 1 1 1 1 1 1 1 1 1 1 1 1 1 1 1 1 1 1 1 1 1 1 1 1 1 1 1 1 1 1 1 1 1 1 1
 1 1 1 1 1 1 1 1 1 1 1 1 0 1 0 0 1 1 1 1 1 1 1 1 1 1 1 1 1 1 1 1 0 1 1 1 1
 1 1 1 0 1 1 1 1 1 1 1 1 1 1 1 1 1 1 1 1 1 1 1 1 1 1 1 1 1 1 1 0 1 1 1 1 1
 1 1 1 1 1 1 1 1 1 1 1 1 1 1 1 1 1 0 1 1 1 1 1 0 1 1 1 1 1 1 1 1 1 1 1 1 1
 1 0 1 0 1 1 0 1 1 1 1 1 1 1 1 1 1 1 1 1 1 1 1 1 1 1 1 1 1 1 1 1 1 1 1 1 1
 1 1 1 1 0 1 1 1 1 1 1 1 1 1 1 1 1 1 0 1 1 0 0 1 1 0 1 1 1 1 1 1 1 1 1 1 1
 1 1 1 1 0 1 1 1 1 1 1 1 1 1 1 1 1 1 1 1 1 1 1 1 1 1 1 1 1 1 1 1 1 1 1 1 1
 1 1 1 1 1 1 1 1 1 1 1 1 1 1 1 1 1 1 1 1 1 1 1 1 0 1 1 1 1 1 1 1 1 1 1 1 1
 1 1 1 1 1 1 1 1 1 1 1 1 1 1 1 1 1 1 1 1 1 1 1 1 1 1 1 1 1 1 1 1 1 1 1 1 1
 1 1 1 1 1 1 1 1 1 1 1 1 1 1 1 1 1 1 1 1 1 1 1 1 1 1 1 1 1 1 1 1]
  Confusion Matrix:
[[ 12 283]
 [  7 174]]
  Accuracy: 39.08%
  F1 Score: 0.2548
  Precision: 0.5362
  Recall: 0.3908
  MCC: 0.0050

============================================================
Test subject: S11, Range: [4101, 4566]
============================================================
  Train samples: 5143, Val samples: 1286, Test samples: 465
Epoch [1/100]
  Train Loss: 0.3395 | Train Acc: 83.43%
  Val Loss: 0.2085 | Val Acc: 91.60%
  Learning rate: 0.001000
  ✓ New best validation loss: 0.2085
Epoch [2/100]
  Train Loss: 0.1671 | Train Acc: 93.35%
  Val Loss: 0.1189 | Val Acc: 95.10%
  Learning rate: 0.001000
  ✓ New best validation loss: 0.1189
Epoch [3/100]
  Train Loss: 0.1118 | Train Acc: 95.74%
  Val Loss: 0.0980 | Val Acc: 96.73%
  Learning rate: 0.001000
  ✓ New best validation loss: 0.0980
Epoch [4/100]
  Train Loss: 0.0840 | Train Acc: 96.91%
  Val Loss: 0.0435 | Val Acc: 98.37%
  Learning rate: 0.001000
  ✓ New best validation loss: 0.0435
Epoch [5/100]
  Train Loss: 0.0586 | Train Acc: 98.06%
  Val Loss: 0.0452 | Val Acc: 98.68%
  Learning rate: 0.001000
  Early stopping counter: 1/8
Epoch [6/100]
  Train Loss: 0.0548 | Train Acc: 98.17%
  Val Loss: 0.0342 | Val Acc: 98.76%
  Learning rate: 0.001000
  ✓ New best validation loss: 0.0342
Epoch [7/100]
  Train Loss: 0.0603 | Train Acc: 98.06%
  Val Loss: 0.0528 | Val Acc: 98.37%
  Learning rate: 0.001000
  Early stopping counter: 1/8
Epoch [8/100]
  Train Loss: 0.0431 | Train Acc: 98.60%
  Val Loss: 0.0304 | Val Acc: 99.07%
  Learning rate: 0.001000
  ✓ New best validation loss: 0.0304
Epoch [9/100]
  Train Loss: 0.0409 | Train Acc: 98.54%
  Val Loss: 0.0444 | Val Acc: 98.99%
  Learning rate: 0.001000
  Early stopping counter: 1/8
Epoch [10/100]
  Train Loss: 0.0597 | Train Acc: 98.00%
  Val Loss: 0.0387 | Val Acc: 98.29%
  Learning rate: 0.001000
  Early stopping counter: 2/8
Epoch [11/100]
  Train Loss: 0.0384 | Train Acc: 98.62%
  Val Loss: 0.0375 | Val Acc: 98.91%
  Learning rate: 0.001000
  Early stopping counter: 3/8
Epoch [12/100]
  Train Loss: 0.0378 | Train Acc: 98.60%
  Val Loss: 0.0237 | Val Acc: 99.38%
  Learning rate: 0.001000
  ✓ New best validation loss: 0.0237
Epoch [13/100]
  Train Loss: 0.0319 | Train Acc: 98.93%
  Val Loss: 0.0260 | Val Acc: 99.38%
  Learning rate: 0.001000
  Early stopping counter: 1/8
Epoch [14/100]
  Train Loss: 0.0438 | Train Acc: 98.46%
  Val Loss: 0.0336 | Val Acc: 99.14%
  Learning rate: 0.001000
  Early stopping counter: 2/8
Epoch [15/100]
  Train Loss: 0.0368 | Train Acc: 98.68%
  Val Loss: 0.0382 | Val Acc: 98.60%
  Learning rate: 0.001000
  Early stopping counter: 3/8
Epoch [16/100]
  Train Loss: 0.0217 | Train Acc: 99.30%
  Val Loss: 0.0139 | Val Acc: 99.61%
  Learning rate: 0.001000
  ✓ New best validation loss: 0.0139
Epoch [17/100]
  Train Loss: 0.0326 | Train Acc: 98.85%
  Val Loss: 0.0604 | Val Acc: 98.44%
  Learning rate: 0.001000
  Early stopping counter: 1/8
Epoch [18/100]
  Train Loss: 0.0337 | Train Acc: 98.81%
  Val Loss: 0.0410 | Val Acc: 98.83%
  Learning rate: 0.001000
  Early stopping counter: 2/8
Epoch [19/100]
  Train Loss: 0.0359 | Train Acc: 98.66%
  Val Loss: 0.0206 | Val Acc: 99.46%
  Learning rate: 0.001000
  Early stopping counter: 3/8
Epoch [20/100]
  Train Loss: 0.0303 | Train Acc: 98.99%
  Val Loss: 0.0275 | Val Acc: 99.07%
  Learning rate: 0.000500
  Early stopping counter: 4/8
Epoch [21/100]
  Train Loss: 0.0110 | Train Acc: 99.61%
  Val Loss: 0.0143 | Val Acc: 99.69%
  Learning rate: 0.000500
  Early stopping counter: 5/8
Epoch [22/100]
  Train Loss: 0.0094 | Train Acc: 99.65%
  Val Loss: 0.0131 | Val Acc: 99.69%
  Learning rate: 0.000500
  Early stopping counter: 6/8
Epoch [23/100]
  Train Loss: 0.0177 | Train Acc: 99.36%
  Val Loss: 0.0181 | Val Acc: 99.46%
  Learning rate: 0.000500
  Early stopping counter: 7/8
Epoch [24/100]
  Train Loss: 0.0084 | Train Acc: 99.83%
  Val Loss: 0.0104 | Val Acc: 99.84%
  Learning rate: 0.000500
  ✓ New best validation loss: 0.0104
Epoch [25/100]
  Train Loss: 0.0049 | Train Acc: 99.88%
  Val Loss: 0.0148 | Val Acc: 99.69%
  Learning rate: 0.000500
  Early stopping counter: 1/8
Epoch [26/100]
  Train Loss: 0.0128 | Train Acc: 99.69%
  Val Loss: 0.0158 | Val Acc: 99.53%
  Learning rate: 0.000500
  Early stopping counter: 2/8
Epoch [27/100]
  Train Loss: 0.0097 | Train Acc: 99.71%
  Val Loss: 0.0149 | Val Acc: 99.69%
  Learning rate: 0.000500
  Early stopping counter: 3/8
Epoch [28/100]
  Train Loss: 0.0062 | Train Acc: 99.79%
  Val Loss: 0.0111 | Val Acc: 99.77%
  Learning rate: 0.000250
  Early stopping counter: 4/8
Epoch [29/100]
  Train Loss: 0.0037 | Train Acc: 99.84%
  Val Loss: 0.0206 | Val Acc: 99.69%
  Learning rate: 0.000250
  Early stopping counter: 5/8
Epoch [30/100]
  Train Loss: 0.0058 | Train Acc: 99.86%
  Val Loss: 0.0094 | Val Acc: 99.84%
  Learning rate: 0.000250
  ✓ New best validation loss: 0.0094
Epoch [31/100]
  Train Loss: 0.0019 | Train Acc: 99.98%
  Val Loss: 0.0109 | Val Acc: 99.84%
  Learning rate: 0.000250
  Early stopping counter: 1/8
Epoch [32/100]
  Train Loss: 0.0026 | Train Acc: 99.92%
  Val Loss: 0.0153 | Val Acc: 99.84%
  Learning rate: 0.000250
  Early stopping counter: 2/8
Epoch [33/100]
  Train Loss: 0.0137 | Train Acc: 99.69%
  Val Loss: 0.0200 | Val Acc: 99.46%
  Learning rate: 0.000250
  Early stopping counter: 3/8
Epoch [34/100]
  Train Loss: 0.0091 | Train Acc: 99.71%
  Val Loss: 0.0080 | Val Acc: 99.92%
  Learning rate: 0.000250
  ✓ New best validation loss: 0.0080
Epoch [35/100]
  Train Loss: 0.0028 | Train Acc: 99.94%
  Val Loss: 0.0124 | Val Acc: 99.77%
  Learning rate: 0.000250
  Early stopping counter: 1/8
Epoch [36/100]
  Train Loss: 0.0027 | Train Acc: 99.94%
  Val Loss: 0.0110 | Val Acc: 99.61%
  Learning rate: 0.000250
  Early stopping counter: 2/8
Epoch [37/100]
  Train Loss: 0.0015 | Train Acc: 99.96%
  Val Loss: 0.0105 | Val Acc: 99.69%
  Learning rate: 0.000250
  Early stopping counter: 3/8
Epoch [38/100]
  Train Loss: 0.0010 | Train Acc: 99.98%
  Val Loss: 0.0099 | Val Acc: 99.69%
  Learning rate: 0.000125
  Early stopping counter: 4/8
Epoch [39/100]
  Train Loss: 0.0007 | Train Acc: 99.98%
  Val Loss: 0.0091 | Val Acc: 99.69%
  Learning rate: 0.000125
  Early stopping counter: 5/8
Epoch [40/100]
  Train Loss: 0.0008 | Train Acc: 99.98%
  Val Loss: 0.0126 | Val Acc: 99.77%
  Learning rate: 0.000125
  Early stopping counter: 6/8
Epoch [41/100]
  Train Loss: 0.0004 | Train Acc: 100.00%
  Val Loss: 0.0082 | Val Acc: 99.92%
  Learning rate: 0.000125
  Early stopping counter: 7/8
Epoch [42/100]
  Train Loss: 0.0007 | Train Acc: 99.96%
  Val Loss: 0.0087 | Val Acc: 99.84%
  Learning rate: 0.000063
  Early stopping counter: 8/8

Early stopping triggered after 42 epochs!
Best validation loss: 0.0080 at epoch 34

Subject S11 Results:
  Test Labels: [0 0 0 0 0 0 0 0 0 0 0 0 0 0 0 0 0 0 0 0 0 0 0 0 0 0 0 0 0 0 0 0 0 0 0 0 0
 0 0 0 0 0 0 0 0 0 0 0 0 0 0 0 0 0 0 0 0 0 0 0 0 0 0 0 0 0 0 0 0 0 0 0 0 0
 0 0 0 0 0 0 0 0 0 0 0 0 0 0 0 0 0 0 0 0 0 0 0 0 0 0 0 0 0 0 0 0 0 0 0 0 0
 0 0 0 0 0 0 0 0 0 0 0 0 0 0 0 0 0 0 0 0 0 0 0 0 0 0 0 0 0 0 0 0 0 0 0 0 0
 0 0 0 0 0 0 0 0 0 0 0 0 0 0 0 0 0 0 0 0 0 0 0 0 0 0 0 0 0 0 0 0 0 0 0 0 0
 0 0 0 0 0 0 0 0 0 0 0 0 0 0 0 0 0 0 0 0 0 0 0 0 0 0 0 0 0 0 0 0 0 0 0 0 0
 0 0 0 0 0 0 0 0 0 0 0 0 0 0 0 0 0 0 0 0 0 0 0 0 0 0 0 0 0 0 0 0 0 0 0 0 0
 0 0 0 0 0 0 0 0 0 0 0 0 0 0 0 0 0 0 0 0 0 0 0 0 0 0 0 0 0 0 0 0 0 0 0 0 1
 1 1 1 1 1 1 1 1 1 1 1 1 1 1 1 1 1 1 1 1 1 1 1 1 1 1 1 1 1 1 1 1 1 1 1 1 1
 1 1 1 1 1 1 1 1 1 1 1 1 1 1 1 1 1 1 1 1 1 1 1 1 1 1 1 1 1 1 1 1 1 1 1 1 1
 1 1 1 1 1 1 1 1 1 1 1 1 1 1 1 1 1 1 1 1 1 1 1 1 1 1 1 1 1 1 1 1 1 1 1 1 1
 1 1 1 1 1 1 1 1 1 1 1 1 1 1 1 1 1 1 1 1 1 1 1 1 1 1 1 1 1 1 1 1 1 1 1 1 1
 1 1 1 1 1 1 1 1 1 1 1 1 1 1 1 1 1 1 1 1 1]
  Test Pred: [1 1 1 1 1 1 1 1 0 1 1 1 1 1 1 1 1 1 1 1 1 1 1 1 1 1 1 1 1 1 1 1 1 1 1 1 1
 1 1 1 1 1 1 1 1 1 1 1 1 1 1 1 1 1 1 1 1 1 1 1 1 1 1 1 1 1 1 0 1 1 1 1 0 1
 0 1 1 1 1 1 1 1 1 1 1 1 1 1 1 0 1 1 1 1 1 1 1 1 1 1 1 1 1 1 1 1 1 1 1 1 1
 1 1 1 1 1 1 1 1 1 1 1 1 1 1 1 1 1 1 1 1 1 1 1 1 1 1 1 1 1 1 1 1 1 1 1 1 1
 1 1 1 1 1 1 1 1 1 1 1 1 1 1 1 1 1 1 0 1 1 1 1 1 1 1 1 1 1 1 1 1 1 1 1 1 1
 1 1 1 1 1 1 1 1 1 1 1 1 1 1 1 1 1 1 1 1 1 1 0 1 0 1 1 0 0 0 0 0 0 0 1 0 1
 1 1 0 1 1 1 1 0 1 1 1 1 0 0 0 0 1 1 1 0 0 0 1 1 1 1 0 0 0 1 0 1 0 1 1 1 1
 1 1 1 1 1 1 1 1 1 1 1 1 1 1 0 0 1 1 1 1 1 1 1 1 1 1 0 0 0 0 0 0 0 1 0 1 1
 1 1 1 1 1 1 1 1 1 1 1 1 1 1 1 1 1 1 1 1 1 1 1 1 1 1 1 1 1 1 1 1 1 1 1 1 1
 1 1 1 1 1 1 1 1 1 1 1 1 1 1 1 1 1 1 1 1 1 1 1 1 1 1 1 1 1 1 1 1 1 1 1 1 1
 1 1 1 1 1 1 1 1 1 1 1 1 1 1 1 1 1 1 1 1 1 1 1 1 1 1 1 1 1 1 1 1 1 1 1 1 1
 1 1 1 1 1 1 1 1 1 1 1 1 1 1 1 1 1 1 1 1 1 1 1 1 1 1 1 1 1 1 1 1 1 1 1 1 1
 1 1 1 1 1 1 1 1 1 1 1 1 1 1 1 1 1 1 1 1 1]
  Confusion Matrix:
[[ 40 255]
 [  0 170]]
  Accuracy: 45.16%
  F1 Score: 0.3604
  Precision: 0.7806
  Recall: 0.4516
  MCC: 0.2329

============================================================
Test subject: S13, Range: [4566, 5027]
============================================================
  Train samples: 5146, Val samples: 1287, Test samples: 461
Epoch [1/100]
  Train Loss: 0.3437 | Train Acc: 83.79%
  Val Loss: 0.1887 | Val Acc: 91.76%
  Learning rate: 0.001000
  ✓ New best validation loss: 0.1887
Epoch [2/100]
  Train Loss: 0.1442 | Train Acc: 94.40%
  Val Loss: 0.0705 | Val Acc: 97.75%
  Learning rate: 0.001000
  ✓ New best validation loss: 0.0705
Epoch [3/100]
  Train Loss: 0.0817 | Train Acc: 97.28%
  Val Loss: 0.1011 | Val Acc: 96.58%
  Learning rate: 0.001000
  Early stopping counter: 1/8
Epoch [4/100]
  Train Loss: 0.0718 | Train Acc: 97.42%
  Val Loss: 0.0395 | Val Acc: 98.60%
  Learning rate: 0.001000
  ✓ New best validation loss: 0.0395
Epoch [5/100]
  Train Loss: 0.0499 | Train Acc: 98.13%
  Val Loss: 0.0422 | Val Acc: 98.83%
  Learning rate: 0.001000
  Early stopping counter: 1/8
Epoch [6/100]
  Train Loss: 0.0547 | Train Acc: 98.10%
  Val Loss: 0.0329 | Val Acc: 98.99%
  Learning rate: 0.001000
  ✓ New best validation loss: 0.0329
Epoch [7/100]
  Train Loss: 0.0379 | Train Acc: 98.50%
  Val Loss: 0.0397 | Val Acc: 99.07%
  Learning rate: 0.001000
  Early stopping counter: 1/8
Epoch [8/100]
  Train Loss: 0.0306 | Train Acc: 98.85%
  Val Loss: 0.0417 | Val Acc: 99.07%
  Learning rate: 0.001000
  Early stopping counter: 2/8
Epoch [9/100]
  Train Loss: 0.0453 | Train Acc: 98.46%
  Val Loss: 0.0278 | Val Acc: 99.22%
  Learning rate: 0.001000
  ✓ New best validation loss: 0.0278
Epoch [10/100]
  Train Loss: 0.0356 | Train Acc: 98.76%
  Val Loss: 0.0292 | Val Acc: 99.22%
  Learning rate: 0.001000
  Early stopping counter: 1/8
Epoch [11/100]
  Train Loss: 0.0380 | Train Acc: 98.58%
  Val Loss: 0.0449 | Val Acc: 98.83%
  Learning rate: 0.001000
  Early stopping counter: 2/8
Epoch [12/100]
  Train Loss: 0.0379 | Train Acc: 98.58%
  Val Loss: 0.0426 | Val Acc: 98.60%
  Learning rate: 0.001000
  Early stopping counter: 3/8
Epoch [13/100]
  Train Loss: 0.0188 | Train Acc: 99.32%
  Val Loss: 0.0443 | Val Acc: 99.15%
  Learning rate: 0.000500
  Early stopping counter: 4/8
Epoch [14/100]
  Train Loss: 0.0116 | Train Acc: 99.55%
  Val Loss: 0.0365 | Val Acc: 99.07%
  Learning rate: 0.000500
  Early stopping counter: 5/8
Epoch [15/100]
  Train Loss: 0.0061 | Train Acc: 99.81%
  Val Loss: 0.0161 | Val Acc: 99.61%
  Learning rate: 0.000500
  ✓ New best validation loss: 0.0161
Epoch [16/100]
  Train Loss: 0.0124 | Train Acc: 99.59%
  Val Loss: 0.0333 | Val Acc: 99.38%
  Learning rate: 0.000500
  Early stopping counter: 1/8
Epoch [17/100]
  Train Loss: 0.0081 | Train Acc: 99.65%
  Val Loss: 0.0211 | Val Acc: 99.38%
  Learning rate: 0.000500
  Early stopping counter: 2/8
Epoch [18/100]
  Train Loss: 0.0194 | Train Acc: 99.32%
  Val Loss: 0.0247 | Val Acc: 99.15%
  Learning rate: 0.000500
  Early stopping counter: 3/8
Epoch [19/100]
  Train Loss: 0.0108 | Train Acc: 99.63%
  Val Loss: 0.0210 | Val Acc: 99.38%
  Learning rate: 0.000250
  Early stopping counter: 4/8
Epoch [20/100]
  Train Loss: 0.0043 | Train Acc: 99.90%
  Val Loss: 0.0201 | Val Acc: 99.53%
  Learning rate: 0.000250
  Early stopping counter: 5/8
Epoch [21/100]
  Train Loss: 0.0035 | Train Acc: 99.90%
  Val Loss: 0.0231 | Val Acc: 99.53%
  Learning rate: 0.000250
  Early stopping counter: 6/8
Epoch [22/100]
  Train Loss: 0.0019 | Train Acc: 99.98%
  Val Loss: 0.0175 | Val Acc: 99.69%
  Learning rate: 0.000250
  Early stopping counter: 7/8
Epoch [23/100]
  Train Loss: 0.0013 | Train Acc: 99.98%
  Val Loss: 0.0186 | Val Acc: 99.69%
  Learning rate: 0.000125
  Early stopping counter: 8/8

Early stopping triggered after 23 epochs!
Best validation loss: 0.0161 at epoch 15

Subject S13 Results:
  Test Labels: [0 0 0 0 0 0 0 0 0 0 0 0 0 0 0 0 0 0 0 0 0 0 0 0 0 0 0 0 0 0 0 0 0 0 0 0 0
 0 0 0 0 0 0 0 0 0 0 0 0 0 0 0 0 0 0 0 0 0 0 0 0 0 0 0 0 0 0 0 0 0 0 0 0 0
 0 0 0 0 0 0 0 0 0 0 0 0 0 0 0 0 0 0 0 0 0 0 0 0 0 0 0 0 0 0 0 0 0 0 0 0 0
 0 0 0 0 0 0 0 0 0 0 0 0 0 0 0 0 0 0 0 0 0 0 0 0 0 0 0 0 0 0 0 0 0 0 0 0 0
 0 0 0 0 0 0 0 0 0 0 0 0 0 0 0 0 0 0 0 0 0 0 0 0 0 0 0 0 0 0 0 0 0 0 0 0 0
 0 0 0 0 0 0 0 0 0 0 0 0 0 0 0 0 0 0 0 0 0 0 0 0 0 0 0 0 0 0 0 0 0 0 0 0 0
 0 0 0 0 0 0 0 0 0 0 0 0 0 0 0 0 0 0 0 0 0 0 0 0 0 0 0 0 0 0 0 0 0 0 0 0 0
 0 0 0 0 0 0 0 0 0 0 0 0 0 0 0 0 0 0 0 0 0 0 0 0 0 0 0 0 0 0 0 0 0 0 0 0 1
 1 1 1 1 1 1 1 1 1 1 1 1 1 1 1 1 1 1 1 1 1 1 1 1 1 1 1 1 1 1 1 1 1 1 1 1 1
 1 1 1 1 1 1 1 1 1 1 1 1 1 1 1 1 1 1 1 1 1 1 1 1 1 1 1 1 1 1 1 1 1 1 1 1 1
 1 1 1 1 1 1 1 1 1 1 1 1 1 1 1 1 1 1 1 1 1 1 1 1 1 1 1 1 1 1 1 1 1 1 1 1 1
 1 1 1 1 1 1 1 1 1 1 1 1 1 1 1 1 1 1 1 1 1 1 1 1 1 1 1 1 1 1 1 1 1 1 1 1 1
 1 1 1 1 1 1 1 1 1 1 1 1 1 1 1 1 1]
  Test Pred: [1 1 0 0 1 0 1 1 1 1 1 0 1 1 1 1 0 0 0 0 0 0 0 0 0 0 1 0 0 0 0 0 1 1 0 1 1
 1 1 1 1 1 1 1 1 1 1 0 0 1 0 1 1 1 1 1 0 0 0 0 0 0 0 0 0 0 0 0 0 0 1 0 0 0
 0 0 0 0 0 0 0 0 0 0 0 0 0 0 0 0 0 1 1 1 0 1 0 0 0 0 0 0 0 0 0 0 0 0 0 0 1
 0 0 1 1 1 0 0 0 0 1 1 1 0 0 0 0 0 0 0 0 0 0 0 0 0 0 0 0 1 0 0 0 0 0 0 0 0
 0 0 0 0 0 0 0 0 0 0 0 0 0 0 0 0 1 0 0 0 0 0 0 0 0 0 1 0 0 0 0 0 0 0 0 0 0
 1 0 0 0 0 0 1 0 0 0 0 0 0 0 0 0 0 0 0 0 0 0 0 0 0 0 0 1 1 1 1 1 0 1 1 1 1
 1 1 1 1 1 1 1 0 0 1 1 0 0 0 0 0 0 0 0 0 0 0 0 0 1 1 1 0 0 0 0 0 0 0 0 1 0
 0 1 0 0 0 0 0 0 1 1 1 1 1 1 1 1 1 1 1 1 1 1 1 1 1 1 1 1 1 0 0 0 0 0 0 0 1
 1 1 1 1 1 1 0 1 1 1 0 0 1 1 1 1 1 1 1 1 1 1 1 1 1 1 1 1 0 1 1 0 0 0 0 0 0
 0 1 0 1 0 0 0 1 0 1 1 1 0 1 0 1 0 0 0 0 0 0 0 0 0 0 0 0 0 0 0 0 0 0 0 0 0
 0 0 0 0 0 0 0 0 0 0 0 0 0 0 0 0 0 0 0 0 0 0 0 0 0 0 0 0 0 0 1 0 0 0 0 0 0
 0 0 1 0 0 0 0 0 1 0 0 0 0 1 1 0 0 0 0 1 0 0 0 1 0 1 0 1 1 0 0 1 1 1 1 0 0
 1 0 0 1 1 0 0 0 0 0 1 1 0 0 1 1 1]
  Confusion Matrix:
[[201  94]
 [108  58]]
  Accuracy: 56.18%
  F1 Score: 0.5573
  Precision: 0.5537
  Recall: 0.5618
  MCC: 0.0314

============================================================
Test subject: S14, Range: [5027, 5491]
============================================================
  Train samples: 5144, Val samples: 1286, Test samples: 464
Epoch [1/100]
  Train Loss: 0.3592 | Train Acc: 83.30%
  Val Loss: 0.2039 | Val Acc: 91.29%
  Learning rate: 0.001000
  ✓ New best validation loss: 0.2039
Epoch [2/100]
  Train Loss: 0.1703 | Train Acc: 93.31%
  Val Loss: 0.1621 | Val Acc: 93.78%
  Learning rate: 0.001000
  ✓ New best validation loss: 0.1621
Epoch [3/100]
  Train Loss: 0.1134 | Train Acc: 95.76%
  Val Loss: 0.0666 | Val Acc: 97.67%
  Learning rate: 0.001000
  ✓ New best validation loss: 0.0666
Epoch [4/100]
  Train Loss: 0.0852 | Train Acc: 97.06%
  Val Loss: 0.1144 | Val Acc: 95.65%
  Learning rate: 0.001000
  Early stopping counter: 1/8
Epoch [5/100]
  Train Loss: 0.0736 | Train Acc: 97.40%
  Val Loss: 0.0653 | Val Acc: 97.28%
  Learning rate: 0.001000
  ✓ New best validation loss: 0.0653
Epoch [6/100]
  Train Loss: 0.0618 | Train Acc: 97.80%
  Val Loss: 0.0526 | Val Acc: 98.37%
  Learning rate: 0.001000
  ✓ New best validation loss: 0.0526
Epoch [7/100]
  Train Loss: 0.0622 | Train Acc: 97.76%
  Val Loss: 0.0616 | Val Acc: 98.06%
  Learning rate: 0.001000
  Early stopping counter: 1/8
Epoch [8/100]
  Train Loss: 0.0567 | Train Acc: 97.90%
  Val Loss: 0.0871 | Val Acc: 97.28%
  Learning rate: 0.001000
  Early stopping counter: 2/8
Epoch [9/100]
  Train Loss: 0.0608 | Train Acc: 97.78%
  Val Loss: 0.0352 | Val Acc: 98.99%
  Learning rate: 0.001000
  ✓ New best validation loss: 0.0352
Epoch [10/100]
  Train Loss: 0.0632 | Train Acc: 97.67%
  Val Loss: 0.0655 | Val Acc: 98.37%
  Learning rate: 0.001000
  Early stopping counter: 1/8
Epoch [11/100]
  Train Loss: 0.0425 | Train Acc: 98.58%
  Val Loss: 0.0543 | Val Acc: 98.06%
  Learning rate: 0.001000
  Early stopping counter: 2/8
Epoch [12/100]
  Train Loss: 0.0358 | Train Acc: 98.72%
  Val Loss: 0.0939 | Val Acc: 97.51%
  Learning rate: 0.001000
  Early stopping counter: 3/8
Epoch [13/100]
  Train Loss: 0.0377 | Train Acc: 98.60%
  Val Loss: 0.0315 | Val Acc: 98.99%
  Learning rate: 0.001000
  ✓ New best validation loss: 0.0315
Epoch [14/100]
  Train Loss: 0.0315 | Train Acc: 98.87%
  Val Loss: 0.0386 | Val Acc: 98.83%
  Learning rate: 0.001000
  Early stopping counter: 1/8
Epoch [15/100]
  Train Loss: 0.0413 | Train Acc: 98.68%
  Val Loss: 0.0297 | Val Acc: 99.14%
  Learning rate: 0.001000
  ✓ New best validation loss: 0.0297
Epoch [16/100]
  Train Loss: 0.0374 | Train Acc: 98.78%
  Val Loss: 0.0344 | Val Acc: 99.07%
  Learning rate: 0.001000
  Early stopping counter: 1/8
Epoch [17/100]
  Train Loss: 0.0286 | Train Acc: 98.87%
  Val Loss: 0.0750 | Val Acc: 98.13%
  Learning rate: 0.001000
  Early stopping counter: 2/8
Epoch [18/100]
  Train Loss: 0.0256 | Train Acc: 99.07%
  Val Loss: 0.1211 | Val Acc: 96.42%
  Learning rate: 0.001000
  Early stopping counter: 3/8
Epoch [19/100]
  Train Loss: 0.0624 | Train Acc: 97.76%
  Val Loss: 0.1012 | Val Acc: 96.66%
  Learning rate: 0.000500
  Early stopping counter: 4/8
Epoch [20/100]
  Train Loss: 0.0168 | Train Acc: 99.40%
  Val Loss: 0.0249 | Val Acc: 99.46%
  Learning rate: 0.000500
  ✓ New best validation loss: 0.0249
Epoch [21/100]
  Train Loss: 0.0136 | Train Acc: 99.46%
  Val Loss: 0.0181 | Val Acc: 99.69%
  Learning rate: 0.000500
  ✓ New best validation loss: 0.0181
Epoch [22/100]
  Train Loss: 0.0126 | Train Acc: 99.59%
  Val Loss: 0.0524 | Val Acc: 98.76%
  Learning rate: 0.000500
  Early stopping counter: 1/8
Epoch [23/100]
  Train Loss: 0.0083 | Train Acc: 99.69%
  Val Loss: 0.0515 | Val Acc: 98.99%
  Learning rate: 0.000500
  Early stopping counter: 2/8
Epoch [24/100]
  Train Loss: 0.0100 | Train Acc: 99.71%
  Val Loss: 0.0226 | Val Acc: 99.53%
  Learning rate: 0.000500
  Early stopping counter: 3/8
Epoch [25/100]
  Train Loss: 0.0056 | Train Acc: 99.77%
  Val Loss: 0.0159 | Val Acc: 99.77%
  Learning rate: 0.000500
  ✓ New best validation loss: 0.0159
Epoch [26/100]
  Train Loss: 0.0169 | Train Acc: 99.59%
  Val Loss: 0.0204 | Val Acc: 99.77%
  Learning rate: 0.000500
  Early stopping counter: 1/8
Epoch [27/100]
  Train Loss: 0.0054 | Train Acc: 99.79%
  Val Loss: 0.0182 | Val Acc: 99.69%
  Learning rate: 0.000500
  Early stopping counter: 2/8
Epoch [28/100]
  Train Loss: 0.0101 | Train Acc: 99.73%
  Val Loss: 0.0330 | Val Acc: 99.07%
  Learning rate: 0.000500
  Early stopping counter: 3/8
Epoch [29/100]
  Train Loss: 0.0208 | Train Acc: 99.34%
  Val Loss: 0.0366 | Val Acc: 99.07%
  Learning rate: 0.000250
  Early stopping counter: 4/8
Epoch [30/100]
  Train Loss: 0.0086 | Train Acc: 99.71%
  Val Loss: 0.0211 | Val Acc: 99.46%
  Learning rate: 0.000250
  Early stopping counter: 5/8
Epoch [31/100]
  Train Loss: 0.0035 | Train Acc: 99.94%
  Val Loss: 0.0153 | Val Acc: 99.53%
  Learning rate: 0.000250
  Early stopping counter: 6/8
Epoch [32/100]
  Train Loss: 0.0035 | Train Acc: 99.90%
  Val Loss: 0.0201 | Val Acc: 99.69%
  Learning rate: 0.000250
  Early stopping counter: 7/8
Epoch [33/100]
  Train Loss: 0.0016 | Train Acc: 99.98%
  Val Loss: 0.0188 | Val Acc: 99.77%
  Learning rate: 0.000250
  Early stopping counter: 8/8

Early stopping triggered after 33 epochs!
Best validation loss: 0.0159 at epoch 25

Subject S14 Results:
  Test Labels: [0 0 0 0 0 0 0 0 0 0 0 0 0 0 0 0 0 0 0 0 0 0 0 0 0 0 0 0 0 0 0 0 0 0 0 0 0
 0 0 0 0 0 0 0 0 0 0 0 0 0 0 0 0 0 0 0 0 0 0 0 0 0 0 0 0 0 0 0 0 0 0 0 0 0
 0 0 0 0 0 0 0 0 0 0 0 0 0 0 0 0 0 0 0 0 0 0 0 0 0 0 0 0 0 0 0 0 0 0 0 0 0
 0 0 0 0 0 0 0 0 0 0 0 0 0 0 0 0 0 0 0 0 0 0 0 0 0 0 0 0 0 0 0 0 0 0 0 0 0
 0 0 0 0 0 0 0 0 0 0 0 0 0 0 0 0 0 0 0 0 0 0 0 0 0 0 0 0 0 0 0 0 0 0 0 0 0
 0 0 0 0 0 0 0 0 0 0 0 0 0 0 0 0 0 0 0 0 0 0 0 0 0 0 0 0 0 0 0 0 0 0 0 0 0
 0 0 0 0 0 0 0 0 0 0 0 0 0 0 0 0 0 0 0 0 0 0 0 0 0 0 0 0 0 0 0 0 0 0 0 0 0
 0 0 0 0 0 0 0 0 0 0 0 0 0 0 0 0 0 0 0 0 0 0 0 0 0 0 0 0 0 0 0 0 0 0 0 0 1
 1 1 1 1 1 1 1 1 1 1 1 1 1 1 1 1 1 1 1 1 1 1 1 1 1 1 1 1 1 1 1 1 1 1 1 1 1
 1 1 1 1 1 1 1 1 1 1 1 1 1 1 1 1 1 1 1 1 1 1 1 1 1 1 1 1 1 1 1 1 1 1 1 1 1
 1 1 1 1 1 1 1 1 1 1 1 1 1 1 1 1 1 1 1 1 1 1 1 1 1 1 1 1 1 1 1 1 1 1 1 1 1
 1 1 1 1 1 1 1 1 1 1 1 1 1 1 1 1 1 1 1 1 1 1 1 1 1 1 1 1 1 1 1 1 1 1 1 1 1
 1 1 1 1 1 1 1 1 1 1 1 1 1 1 1 1 1 1 1 1]
  Test Pred: [1 0 0 0 0 0 0 0 0 0 0 0 0 0 0 0 0 0 0 0 0 0 0 0 0 0 0 0 0 1 0 0 0 0 0 0 0
 0 0 0 0 0 0 0 0 0 0 0 0 0 0 0 0 0 0 0 0 0 0 0 0 0 0 0 0 0 0 0 0 0 0 0 0 0
 0 0 0 0 0 0 0 0 0 0 0 0 0 0 0 0 0 0 0 0 0 0 0 0 0 0 0 0 0 0 0 0 0 0 0 0 0
 0 0 0 0 0 0 0 0 0 0 0 0 0 0 0 0 0 0 0 0 0 0 0 0 0 0 0 0 0 0 0 0 0 0 0 0 0
 0 0 0 0 0 0 0 0 0 0 0 0 0 0 0 0 0 0 0 0 0 0 0 0 0 0 0 0 0 0 0 0 0 0 0 0 0
 0 0 0 0 0 0 0 1 1 0 0 0 0 0 0 0 0 0 0 0 0 0 0 0 0 0 0 0 0 0 0 0 0 0 0 0 0
 1 0 0 0 0 0 0 0 0 0 1 0 0 0 0 0 0 0 0 0 0 0 0 0 0 0 0 0 0 0 0 0 0 0 0 0 0
 0 0 0 0 0 0 0 0 0 0 0 0 0 0 0 0 0 0 0 0 0 0 0 0 0 0 0 0 0 0 0 0 0 0 0 0 1
 1 1 1 1 1 1 1 1 1 1 1 1 1 1 1 1 1 1 1 1 1 1 1 1 1 1 1 1 1 1 1 1 1 1 1 1 1
 1 1 1 1 1 1 1 1 1 1 1 1 1 1 1 1 1 1 1 1 1 1 1 1 1 1 1 1 1 1 1 1 1 1 1 1 1
 1 1 1 1 1 1 1 1 1 1 1 1 1 1 1 1 1 1 1 1 1 1 1 1 1 1 1 1 1 1 1 1 1 1 1 1 1
 1 1 1 1 1 1 1 1 1 1 1 1 1 1 1 1 1 1 1 1 1 1 1 1 1 1 1 1 1 1 1 1 1 1 1 1 1
 1 1 1 1 1 1 1 1 1 1 1 1 1 1 1 1 1 1 1 1]
  Confusion Matrix:
[[289   6]
 [  0 169]]
  Accuracy: 98.71%
  F1 Score: 0.9871
  Precision: 0.9875
  Recall: 0.9871
  MCC: 0.9727

============================================================
Test subject: S15, Range: [5491, 5955]
============================================================
  Train samples: 5144, Val samples: 1286, Test samples: 464
Epoch [1/100]
  Train Loss: 0.3185 | Train Acc: 85.42%
  Val Loss: 0.1775 | Val Acc: 93.23%
  Learning rate: 0.001000
  ✓ New best validation loss: 0.1775
Epoch [2/100]
  Train Loss: 0.1456 | Train Acc: 94.60%
  Val Loss: 0.0761 | Val Acc: 97.05%
  Learning rate: 0.001000
  ✓ New best validation loss: 0.0761
Epoch [3/100]
  Train Loss: 0.1067 | Train Acc: 96.27%
  Val Loss: 0.0726 | Val Acc: 97.28%
  Learning rate: 0.001000
  ✓ New best validation loss: 0.0726
Epoch [4/100]
  Train Loss: 0.0734 | Train Acc: 97.36%
  Val Loss: 0.0524 | Val Acc: 97.98%
  Learning rate: 0.001000
  ✓ New best validation loss: 0.0524
Epoch [5/100]
  Train Loss: 0.0618 | Train Acc: 97.65%
  Val Loss: 0.0623 | Val Acc: 97.67%
  Learning rate: 0.001000
  Early stopping counter: 1/8
Epoch [6/100]
  Train Loss: 0.0507 | Train Acc: 97.94%
  Val Loss: 0.0992 | Val Acc: 96.73%
  Learning rate: 0.001000
  Early stopping counter: 2/8
Epoch [7/100]
  Train Loss: 0.0603 | Train Acc: 97.86%
  Val Loss: 0.0221 | Val Acc: 99.22%
  Learning rate: 0.001000
  ✓ New best validation loss: 0.0221
Epoch [8/100]
  Train Loss: 0.0447 | Train Acc: 98.35%
  Val Loss: 0.0266 | Val Acc: 99.22%
  Learning rate: 0.001000
  Early stopping counter: 1/8
Epoch [9/100]
  Train Loss: 0.0397 | Train Acc: 98.85%
  Val Loss: 0.0391 | Val Acc: 98.52%
  Learning rate: 0.001000
  Early stopping counter: 2/8
Epoch [10/100]
  Train Loss: 0.0397 | Train Acc: 98.70%
  Val Loss: 0.0213 | Val Acc: 99.14%
  Learning rate: 0.001000
  Early stopping counter: 3/8
Epoch [11/100]
  Train Loss: 0.0439 | Train Acc: 98.46%
  Val Loss: 0.0123 | Val Acc: 99.61%
  Learning rate: 0.001000
  ✓ New best validation loss: 0.0123
Epoch [12/100]
  Train Loss: 0.0340 | Train Acc: 98.79%
  Val Loss: 0.0391 | Val Acc: 98.68%
  Learning rate: 0.001000
  Early stopping counter: 1/8
Epoch [13/100]
  Train Loss: 0.0536 | Train Acc: 98.13%
  Val Loss: 0.0289 | Val Acc: 98.99%
  Learning rate: 0.001000
  Early stopping counter: 2/8
Epoch [14/100]
  Train Loss: 0.0652 | Train Acc: 97.86%
  Val Loss: 0.0272 | Val Acc: 99.30%
  Learning rate: 0.001000
  Early stopping counter: 3/8
Epoch [15/100]
  Train Loss: 0.0541 | Train Acc: 98.13%
  Val Loss: 0.0702 | Val Acc: 97.43%
  Learning rate: 0.000500
  Early stopping counter: 4/8
Epoch [16/100]
  Train Loss: 0.0221 | Train Acc: 99.30%
  Val Loss: 0.0205 | Val Acc: 99.38%
  Learning rate: 0.000500
  Early stopping counter: 5/8
Epoch [17/100]
  Train Loss: 0.0159 | Train Acc: 99.48%
  Val Loss: 0.0225 | Val Acc: 99.53%
  Learning rate: 0.000500
  Early stopping counter: 6/8
Epoch [18/100]
  Train Loss: 0.0181 | Train Acc: 99.34%
  Val Loss: 0.0832 | Val Acc: 97.98%
  Learning rate: 0.000500
  Early stopping counter: 7/8
Epoch [19/100]
  Train Loss: 0.0376 | Train Acc: 98.89%
  Val Loss: 0.0659 | Val Acc: 98.21%
  Learning rate: 0.000250
  Early stopping counter: 8/8

Early stopping triggered after 19 epochs!
Best validation loss: 0.0123 at epoch 11

Subject S15 Results:
  Test Labels: [0 0 0 0 0 0 0 0 0 0 0 0 0 0 0 0 0 0 0 0 0 0 0 0 0 0 0 0 0 0 0 0 0 0 0 0 0
 0 0 0 0 0 0 0 0 0 0 0 0 0 0 0 0 0 0 0 0 0 0 0 0 0 0 0 0 0 0 0 0 0 0 0 0 0
 0 0 0 0 0 0 0 0 0 0 0 0 0 0 0 0 0 0 0 0 0 0 0 0 0 0 0 0 0 0 0 0 0 0 0 0 0
 0 0 0 0 0 0 0 0 0 0 0 0 0 0 0 0 0 0 0 0 0 0 0 0 0 0 0 0 0 0 0 0 0 0 0 0 0
 0 0 0 0 0 0 0 0 0 0 0 0 0 0 0 0 0 0 0 0 0 0 0 0 0 0 0 0 0 0 0 0 0 0 0 0 0
 0 0 0 0 0 0 0 0 0 0 0 0 0 0 0 0 0 0 0 0 0 0 0 0 0 0 0 0 0 0 0 0 0 0 0 0 0
 0 0 0 0 0 0 0 0 0 0 0 0 0 0 0 0 0 0 0 0 0 0 0 0 0 0 0 0 0 0 0 0 0 0 0 0 0
 0 0 0 0 0 0 0 0 0 0 0 0 0 0 0 0 0 0 0 0 0 0 0 0 0 0 0 0 0 0 0 0 0 0 1 1 1
 1 1 1 1 1 1 1 1 1 1 1 1 1 1 1 1 1 1 1 1 1 1 1 1 1 1 1 1 1 1 1 1 1 1 1 1 1
 1 1 1 1 1 1 1 1 1 1 1 1 1 1 1 1 1 1 1 1 1 1 1 1 1 1 1 1 1 1 1 1 1 1 1 1 1
 1 1 1 1 1 1 1 1 1 1 1 1 1 1 1 1 1 1 1 1 1 1 1 1 1 1 1 1 1 1 1 1 1 1 1 1 1
 1 1 1 1 1 1 1 1 1 1 1 1 1 1 1 1 1 1 1 1 1 1 1 1 1 1 1 1 1 1 1 1 1 1 1 1 1
 1 1 1 1 1 1 1 1 1 1 1 1 1 1 1 1 1 1 1 1]
  Test Pred: [0 0 0 0 0 0 0 0 0 0 0 0 0 0 0 0 0 0 0 0 0 0 0 0 0 0 0 0 0 0 1 0 0 0 0 0 0
 0 0 0 0 0 0 0 0 0 0 0 1 0 0 0 0 0 0 0 0 0 0 0 0 0 0 0 0 0 0 0 0 0 0 0 0 0
 0 0 0 0 0 0 0 0 0 0 0 0 0 0 0 1 0 0 0 0 0 0 0 0 0 0 0 0 0 0 0 0 0 0 0 0 0
 0 0 1 0 0 0 0 0 0 0 0 0 0 0 0 0 0 0 0 0 0 0 0 0 0 0 0 0 0 0 0 0 0 0 0 0 0
 0 0 0 0 0 0 0 0 0 0 0 0 0 0 0 0 0 0 0 0 0 0 0 0 0 0 0 0 1 0 0 0 0 0 0 0 0
 0 0 0 0 0 0 0 0 0 0 0 0 0 0 0 0 0 0 0 0 0 0 0 0 0 0 0 0 0 0 0 0 0 0 0 0 0
 1 0 0 0 0 0 0 0 0 0 0 0 0 0 0 0 0 0 0 1 0 0 0 0 0 0 0 0 0 0 0 0 0 0 0 0 0
 0 1 0 0 0 0 0 0 0 0 0 0 0 0 0 1 0 0 0 0 0 0 0 0 0 0 0 0 0 0 0 0 0 0 1 1 1
 1 1 1 1 0 1 1 1 1 1 1 1 1 1 0 1 0 1 1 1 1 0 1 1 0 0 0 1 1 0 0 1 0 1 0 0 0
 1 1 1 0 1 1 1 1 1 1 1 1 0 1 1 0 1 0 1 0 1 1 1 1 1 1 1 0 0 0 0 1 1 1 1 1 1
 1 1 1 1 1 0 1 0 1 1 1 1 1 1 1 1 0 1 1 1 1 1 1 1 1 1 0 1 1 1 1 1 1 1 1 1 1
 1 1 1 1 1 1 0 0 0 1 0 0 0 0 0 0 0 0 0 0 0 0 1 0 0 0 0 1 1 0 1 1 0 0 0 1 0
 1 1 1 1 0 0 0 0 1 0 0 0 0 0 1 0 0 0 1 0]
  Confusion Matrix:
[[284   9]
 [ 63 108]]
  Accuracy: 84.48%
  F1 Score: 0.8368
  Precision: 0.8570
  Recall: 0.8448
  MCC: 0.6675

============================================================
Test subject: S16, Range: [5955, 6418]
============================================================
  Train samples: 5144, Val samples: 1287, Test samples: 463
Epoch [1/100]
  Train Loss: 0.3778 | Train Acc: 81.57%
  Val Loss: 0.2292 | Val Acc: 90.13%
  Learning rate: 0.001000
  ✓ New best validation loss: 0.2292
Epoch [2/100]
  Train Loss: 0.2071 | Train Acc: 91.68%
  Val Loss: 0.1073 | Val Acc: 95.88%
  Learning rate: 0.001000
  ✓ New best validation loss: 0.1073
Epoch [3/100]
  Train Loss: 0.1251 | Train Acc: 95.72%
  Val Loss: 0.0973 | Val Acc: 96.58%
  Learning rate: 0.001000
  ✓ New best validation loss: 0.0973
Epoch [4/100]
  Train Loss: 0.0908 | Train Acc: 96.83%
  Val Loss: 0.0946 | Val Acc: 95.96%
  Learning rate: 0.001000
  ✓ New best validation loss: 0.0946
Epoch [5/100]
  Train Loss: 0.0755 | Train Acc: 97.49%
  Val Loss: 0.0494 | Val Acc: 98.29%
  Learning rate: 0.001000
  ✓ New best validation loss: 0.0494
Epoch [6/100]
  Train Loss: 0.0693 | Train Acc: 97.49%
  Val Loss: 0.0570 | Val Acc: 98.06%
  Learning rate: 0.001000
  Early stopping counter: 1/8
Epoch [7/100]
  Train Loss: 0.0669 | Train Acc: 97.61%
  Val Loss: 0.0272 | Val Acc: 99.15%
  Learning rate: 0.001000
  ✓ New best validation loss: 0.0272
Epoch [8/100]
  Train Loss: 0.0482 | Train Acc: 98.39%
  Val Loss: 0.0428 | Val Acc: 98.52%
  Learning rate: 0.001000
  Early stopping counter: 1/8
Epoch [9/100]
  Train Loss: 0.0496 | Train Acc: 98.15%
  Val Loss: 0.0229 | Val Acc: 99.38%
  Learning rate: 0.001000
  ✓ New best validation loss: 0.0229
Epoch [10/100]
  Train Loss: 0.0462 | Train Acc: 98.25%
  Val Loss: 0.0401 | Val Acc: 98.52%
  Learning rate: 0.001000
  Early stopping counter: 1/8
Epoch [11/100]
  Train Loss: 0.0472 | Train Acc: 98.37%
  Val Loss: 0.0433 | Val Acc: 98.76%
  Learning rate: 0.001000
  Early stopping counter: 2/8
Epoch [12/100]
  Train Loss: 0.0407 | Train Acc: 98.72%
  Val Loss: 0.0491 | Val Acc: 98.68%
  Learning rate: 0.001000
  Early stopping counter: 3/8
Epoch [13/100]
  Train Loss: 0.0389 | Train Acc: 98.79%
  Val Loss: 0.0515 | Val Acc: 98.45%
  Learning rate: 0.000500
  Early stopping counter: 4/8
Epoch [14/100]
  Train Loss: 0.0186 | Train Acc: 99.32%
  Val Loss: 0.0241 | Val Acc: 99.46%
  Learning rate: 0.000500
  Early stopping counter: 5/8
Epoch [15/100]
  Train Loss: 0.0171 | Train Acc: 99.36%
  Val Loss: 0.0532 | Val Acc: 98.91%
  Learning rate: 0.000500
  Early stopping counter: 6/8
Epoch [16/100]
  Train Loss: 0.0150 | Train Acc: 99.46%
  Val Loss: 0.0450 | Val Acc: 98.68%
  Learning rate: 0.000500
  Early stopping counter: 7/8
Epoch [17/100]
  Train Loss: 0.0171 | Train Acc: 99.44%
  Val Loss: 0.0292 | Val Acc: 99.38%
  Learning rate: 0.000250
  Early stopping counter: 8/8

Early stopping triggered after 17 epochs!
Best validation loss: 0.0229 at epoch 9

Subject S16 Results:
  Test Labels: [0 0 0 0 0 0 0 0 0 0 0 0 0 0 0 0 0 0 0 0 0 0 0 0 0 0 0 0 0 0 0 0 0 0 0 0 0
 0 0 0 0 0 0 0 0 0 0 0 0 0 0 0 0 0 0 0 0 0 0 0 0 0 0 0 0 0 0 0 0 0 0 0 0 0
 0 0 0 0 0 0 0 0 0 0 0 0 0 0 0 0 0 0 0 0 0 0 0 0 0 0 0 0 0 0 0 0 0 0 0 0 0
 0 0 0 0 0 0 0 0 0 0 0 0 0 0 0 0 0 0 0 0 0 0 0 0 0 0 0 0 0 0 0 0 0 0 0 0 0
 0 0 0 0 0 0 0 0 0 0 0 0 0 0 0 0 0 0 0 0 0 0 0 0 0 0 0 0 0 0 0 0 0 0 0 0 0
 0 0 0 0 0 0 0 0 0 0 0 0 0 0 0 0 0 0 0 0 0 0 0 0 0 0 0 0 0 0 0 0 0 0 0 0 0
 0 0 0 0 0 0 0 0 0 0 0 0 0 0 0 0 0 0 0 0 0 0 0 0 0 0 0 0 0 0 0 0 0 0 0 0 0
 0 0 0 0 0 0 0 0 0 0 0 0 0 0 0 0 0 0 0 0 0 0 0 0 0 0 0 0 0 0 0 0 0 0 0 0 1
 1 1 1 1 1 1 1 1 1 1 1 1 1 1 1 1 1 1 1 1 1 1 1 1 1 1 1 1 1 1 1 1 1 1 1 1 1
 1 1 1 1 1 1 1 1 1 1 1 1 1 1 1 1 1 1 1 1 1 1 1 1 1 1 1 1 1 1 1 1 1 1 1 1 1
 1 1 1 1 1 1 1 1 1 1 1 1 1 1 1 1 1 1 1 1 1 1 1 1 1 1 1 1 1 1 1 1 1 1 1 1 1
 1 1 1 1 1 1 1 1 1 1 1 1 1 1 1 1 1 1 1 1 1 1 1 1 1 1 1 1 1 1 1 1 1 1 1 1 1
 1 1 1 1 1 1 1 1 1 1 1 1 1 1 1 1 1 1 1]
  Test Pred: [0 0 0 0 0 0 0 0 0 0 0 0 0 0 0 0 0 0 0 0 0 0 0 0 0 0 0 0 0 0 0 0 0 0 0 0 0
 0 0 0 0 0 0 0 0 0 0 0 0 0 0 0 0 0 0 0 0 0 0 0 0 0 0 0 0 0 0 0 0 0 0 0 0 0
 0 0 0 0 0 0 0 0 0 0 0 0 0 0 0 0 0 0 0 0 0 0 0 0 0 0 0 0 0 0 0 0 0 0 0 0 0
 0 0 0 0 0 0 0 0 0 0 0 0 0 0 0 0 0 0 0 0 0 0 0 0 0 0 0 0 0 0 0 0 0 0 0 0 0
 0 0 0 0 0 0 0 0 0 0 0 0 0 0 0 0 0 0 0 0 0 0 0 0 0 0 0 0 0 0 0 0 0 0 0 0 0
 0 0 0 0 0 0 0 0 0 0 0 0 0 0 0 0 0 0 0 0 0 0 0 0 0 0 0 0 0 0 0 0 0 0 0 0 0
 0 0 0 0 0 0 0 0 0 0 0 0 0 0 0 0 0 0 0 0 0 0 0 0 0 0 0 0 0 0 0 0 0 0 0 0 0
 0 0 0 0 0 0 0 0 0 0 0 0 0 0 0 0 0 0 0 0 0 0 0 0 0 0 0 0 0 0 0 0 0 0 0 0 1
 1 1 1 1 1 1 1 1 1 1 1 1 1 1 1 1 1 1 1 1 1 1 1 1 1 1 1 1 1 1 1 1 1 1 1 1 1
 1 1 1 1 1 1 1 1 1 1 1 1 1 1 1 1 1 1 1 1 1 1 1 1 1 1 1 1 1 1 1 1 1 1 1 1 1
 1 1 1 1 1 1 1 1 1 1 1 1 1 1 1 1 1 1 1 1 1 1 1 1 1 1 1 1 1 1 1 1 1 1 1 1 1
 1 1 1 1 1 1 1 1 1 1 1 1 1 1 1 1 1 1 1 1 1 1 1 1 1 1 1 1 1 1 1 1 1 1 1 1 1
 1 1 1 1 1 1 1 1 1 1 1 1 1 1 1 1 1 1 1]
  Confusion Matrix:
[[295   0]
 [  0 168]]
  Accuracy: 100.00%
  F1 Score: 1.0000
  Precision: 1.0000
  Recall: 1.0000
  MCC: 1.0000

============================================================
Test subject: S17, Range: [6418, 6894]
============================================================
  Train samples: 5134, Val samples: 1284, Test samples: 476
Epoch [1/100]
  Train Loss: 0.3454 | Train Acc: 84.53%
  Val Loss: 0.1856 | Val Acc: 92.91%
  Learning rate: 0.001000
  ✓ New best validation loss: 0.1856
Epoch [2/100]
  Train Loss: 0.1687 | Train Acc: 93.38%
  Val Loss: 0.1723 | Val Acc: 93.30%
  Learning rate: 0.001000
  ✓ New best validation loss: 0.1723
Epoch [3/100]
  Train Loss: 0.1472 | Train Acc: 94.62%
  Val Loss: 0.1452 | Val Acc: 94.47%
  Learning rate: 0.001000
  ✓ New best validation loss: 0.1452
Epoch [4/100]
  Train Loss: 0.0853 | Train Acc: 97.08%
  Val Loss: 0.0606 | Val Acc: 98.13%
  Learning rate: 0.001000
  ✓ New best validation loss: 0.0606
Epoch [5/100]
  Train Loss: 0.0647 | Train Acc: 97.51%
  Val Loss: 0.0428 | Val Acc: 98.68%
  Learning rate: 0.001000
  ✓ New best validation loss: 0.0428
Epoch [6/100]
  Train Loss: 0.0495 | Train Acc: 98.31%
  Val Loss: 0.0725 | Val Acc: 97.66%
  Learning rate: 0.001000
  Early stopping counter: 1/8
Epoch [7/100]
  Train Loss: 0.0586 | Train Acc: 97.76%
  Val Loss: 0.0700 | Val Acc: 97.90%
  Learning rate: 0.001000
  Early stopping counter: 2/8
Epoch [8/100]
  Train Loss: 0.0514 | Train Acc: 98.31%
  Val Loss: 0.0328 | Val Acc: 98.99%
  Learning rate: 0.001000
  ✓ New best validation loss: 0.0328
Epoch [9/100]
  Train Loss: 0.0318 | Train Acc: 99.03%
  Val Loss: 0.0438 | Val Acc: 98.21%
  Learning rate: 0.001000
  Early stopping counter: 1/8
Epoch [10/100]
  Train Loss: 0.0405 | Train Acc: 98.73%
  Val Loss: 0.0318 | Val Acc: 98.60%
  Learning rate: 0.001000
  Early stopping counter: 2/8
Epoch [11/100]
  Train Loss: 0.0354 | Train Acc: 98.71%
  Val Loss: 0.0914 | Val Acc: 97.59%
  Learning rate: 0.001000
  Early stopping counter: 3/8
Epoch [12/100]
  Train Loss: 0.0395 | Train Acc: 98.79%
  Val Loss: 0.0342 | Val Acc: 98.99%
  Learning rate: 0.001000
  Early stopping counter: 4/8
Epoch [13/100]
  Train Loss: 0.0568 | Train Acc: 98.25%
  Val Loss: 0.0509 | Val Acc: 98.05%
  Learning rate: 0.001000
  Early stopping counter: 5/8
Epoch [14/100]
  Train Loss: 0.0429 | Train Acc: 98.62%
  Val Loss: 0.0336 | Val Acc: 98.91%
  Learning rate: 0.000500
  Early stopping counter: 6/8
Epoch [15/100]
  Train Loss: 0.0255 | Train Acc: 99.22%
  Val Loss: 0.0354 | Val Acc: 99.14%
  Learning rate: 0.000500
  Early stopping counter: 7/8
Epoch [16/100]
  Train Loss: 0.0170 | Train Acc: 99.38%
  Val Loss: 0.0238 | Val Acc: 99.45%
  Learning rate: 0.000500
  ✓ New best validation loss: 0.0238
Epoch [17/100]
  Train Loss: 0.0078 | Train Acc: 99.84%
  Val Loss: 0.0298 | Val Acc: 99.38%
  Learning rate: 0.000500
  Early stopping counter: 1/8
Epoch [18/100]
  Train Loss: 0.0132 | Train Acc: 99.55%
  Val Loss: 0.0207 | Val Acc: 99.61%
  Learning rate: 0.000500
  ✓ New best validation loss: 0.0207
Epoch [19/100]
  Train Loss: 0.0131 | Train Acc: 99.71%
  Val Loss: 0.0222 | Val Acc: 99.61%
  Learning rate: 0.000500
  Early stopping counter: 1/8
Epoch [20/100]
  Train Loss: 0.0047 | Train Acc: 99.84%
  Val Loss: 0.0607 | Val Acc: 98.60%
  Learning rate: 0.000500
  Early stopping counter: 2/8
Epoch [21/100]
  Train Loss: 0.0190 | Train Acc: 99.36%
  Val Loss: 0.0352 | Val Acc: 99.07%
  Learning rate: 0.000500
  Early stopping counter: 3/8
Epoch [22/100]
  Train Loss: 0.0142 | Train Acc: 99.44%
  Val Loss: 0.0341 | Val Acc: 99.30%
  Learning rate: 0.000250
  Early stopping counter: 4/8
Epoch [23/100]
  Train Loss: 0.0080 | Train Acc: 99.75%
  Val Loss: 0.0219 | Val Acc: 99.61%
  Learning rate: 0.000250
  Early stopping counter: 5/8
Epoch [24/100]
  Train Loss: 0.0038 | Train Acc: 99.92%
  Val Loss: 0.0242 | Val Acc: 99.30%
  Learning rate: 0.000250
  Early stopping counter: 6/8
Epoch [25/100]
  Train Loss: 0.0049 | Train Acc: 99.88%
  Val Loss: 0.0248 | Val Acc: 99.45%
  Learning rate: 0.000250
  Early stopping counter: 7/8
Epoch [26/100]
  Train Loss: 0.0030 | Train Acc: 99.88%
  Val Loss: 0.0167 | Val Acc: 99.69%
  Learning rate: 0.000250
  ✓ New best validation loss: 0.0167
Epoch [27/100]
  Train Loss: 0.0031 | Train Acc: 99.92%
  Val Loss: 0.0205 | Val Acc: 99.45%
  Learning rate: 0.000250
  Early stopping counter: 1/8
Epoch [28/100]
  Train Loss: 0.0016 | Train Acc: 99.96%
  Val Loss: 0.0242 | Val Acc: 99.38%
  Learning rate: 0.000250
  Early stopping counter: 2/8
Epoch [29/100]
  Train Loss: 0.0009 | Train Acc: 99.98%
  Val Loss: 0.0228 | Val Acc: 99.53%
  Learning rate: 0.000250
  Early stopping counter: 3/8
Epoch [30/100]
  Train Loss: 0.0010 | Train Acc: 99.96%
  Val Loss: 0.0218 | Val Acc: 99.61%
  Learning rate: 0.000125
  Early stopping counter: 4/8
Epoch [31/100]
  Train Loss: 0.0005 | Train Acc: 100.00%
  Val Loss: 0.0266 | Val Acc: 99.61%
  Learning rate: 0.000125
  Early stopping counter: 5/8
Epoch [32/100]
  Train Loss: 0.0006 | Train Acc: 100.00%
  Val Loss: 0.0280 | Val Acc: 99.53%
  Learning rate: 0.000125
  Early stopping counter: 6/8
Epoch [33/100]
  Train Loss: 0.0006 | Train Acc: 99.98%
  Val Loss: 0.0982 | Val Acc: 98.60%
  Learning rate: 0.000125
  Early stopping counter: 7/8
Epoch [34/100]
  Train Loss: 0.0034 | Train Acc: 99.94%
  Val Loss: 0.0212 | Val Acc: 99.69%
  Learning rate: 0.000063
  Early stopping counter: 8/8

Early stopping triggered after 34 epochs!
Best validation loss: 0.0167 at epoch 26

Subject S17 Results:
  Test Labels: [0 0 0 0 0 0 0 0 0 0 0 0 0 0 0 0 0 0 0 0 0 0 0 0 0 0 0 0 0 0 0 0 0 0 0 0 0
 0 0 0 0 0 0 0 0 0 0 0 0 0 0 0 0 0 0 0 0 0 0 0 0 0 0 0 0 0 0 0 0 0 0 0 0 0
 0 0 0 0 0 0 0 0 0 0 0 0 0 0 0 0 0 0 0 0 0 0 0 0 0 0 0 0 0 0 0 0 0 0 0 0 0
 0 0 0 0 0 0 0 0 0 0 0 0 0 0 0 0 0 0 0 0 0 0 0 0 0 0 0 0 0 0 0 0 0 0 0 0 0
 0 0 0 0 0 0 0 0 0 0 0 0 0 0 0 0 0 0 0 0 0 0 0 0 0 0 0 0 0 0 0 0 0 0 0 0 0
 0 0 0 0 0 0 0 0 0 0 0 0 0 0 0 0 0 0 0 0 0 0 0 0 0 0 0 0 0 0 0 0 0 0 0 0 0
 0 0 0 0 0 0 0 0 0 0 0 0 0 0 0 0 0 0 0 0 0 0 0 0 0 0 0 0 0 0 0 0 0 0 0 0 0
 0 0 0 0 0 0 0 0 0 0 0 0 0 0 0 0 0 0 0 0 0 0 0 0 0 0 0 0 0 0 0 0 0 0 0 0 1
 1 1 1 1 1 1 1 1 1 1 1 1 1 1 1 1 1 1 1 1 1 1 1 1 1 1 1 1 1 1 1 1 1 1 1 1 1
 1 1 1 1 1 1 1 1 1 1 1 1 1 1 1 1 1 1 1 1 1 1 1 1 1 1 1 1 1 1 1 1 1 1 1 1 1
 1 1 1 1 1 1 1 1 1 1 1 1 1 1 1 1 1 1 1 1 1 1 1 1 1 1 1 1 1 1 1 1 1 1 1 1 1
 1 1 1 1 1 1 1 1 1 1 1 1 1 1 1 1 1 1 1 1 1 1 1 1 1 1 1 1 1 1 1 1 1 1 1 1 1
 1 1 1 1 1 1 1 1 1 1 1 1 1 1 1 1 1 1 1 1 1 1 1 1 1 1 1 1 1 1 1 1]
  Test Pred: [0 0 0 0 0 0 0 0 0 0 0 0 0 0 0 0 0 0 0 0 0 0 0 0 0 0 0 0 0 0 0 0 0 0 0 0 0
 0 0 0 0 0 0 0 0 0 0 0 0 0 0 0 0 0 0 0 0 0 0 0 0 0 0 0 0 0 0 0 0 0 0 0 0 0
 0 0 0 0 0 0 0 0 0 0 0 0 0 0 0 0 0 0 0 0 0 0 0 0 0 0 0 0 0 0 0 0 0 0 0 0 0
 0 0 0 0 0 0 0 0 0 0 0 0 0 0 0 0 0 0 0 0 0 0 0 0 0 0 0 0 0 0 0 0 0 0 0 0 0
 0 0 0 0 0 0 0 0 0 0 0 0 0 0 0 0 0 0 0 0 0 0 0 0 0 0 0 0 0 0 0 0 0 0 0 0 0
 0 0 0 0 0 0 0 0 0 0 0 0 0 0 0 0 0 0 0 0 0 0 0 0 0 0 0 0 0 0 0 0 0 0 0 0 0
 0 0 0 0 0 0 0 0 0 0 0 0 0 0 0 0 0 0 0 0 0 0 0 0 0 0 0 0 0 0 0 0 0 0 0 0 0
 0 0 0 0 0 0 0 0 0 0 0 0 0 0 0 0 0 0 0 0 0 0 0 0 0 0 0 0 0 0 0 0 0 0 0 0 1
 1 1 1 1 1 1 1 1 1 1 1 1 1 1 1 1 1 1 1 1 1 1 1 1 1 1 1 1 1 1 1 1 1 1 1 1 1
 1 1 1 1 0 1 1 1 1 1 1 1 1 1 1 1 1 1 1 1 1 1 1 1 1 1 1 1 1 0 1 1 1 1 1 1 1
 1 1 1 1 1 0 1 1 1 1 0 0 0 0 0 0 0 0 0 0 0 1 1 1 1 1 1 1 1 1 1 1 1 1 1 1 1
 1 1 1 1 1 1 1 1 1 1 1 1 0 0 0 0 0 1 0 1 1 1 1 1 1 1 1 1 1 1 1 1 1 1 1 1 1
 1 1 1 1 1 1 1 1 1 1 1 1 1 1 1 1 1 1 1 1 1 1 1 1 1 1 1 1 1 1 1 1]
  Confusion Matrix:
[[295   0]
 [ 20 161]]
  Accuracy: 95.80%
  F1 Score: 0.9574
  Precision: 0.9607
  Recall: 0.9580
  MCC: 0.9127

============================================================
Configuration Parameters:
============================================================
Training Configuration:
  Learning Rate: 0.001
  Number of Epochs: 100
  Batch Size: 16
  Early Stopping Patience: 8
  Early Stopping Min Delta: 0.001

Model Configuration:
  Number of Features: 5
  Number of Classes: 2
  Embedding Dimension: 64
  Number of Heads: 4
  Number of Layers: 4
  Dropout Rate: 0.1

Optimizer Configuration:
  Scheduler Factor: 0.5
  Scheduler Patience: 3
============================================================

Metrics of Each Subject:
============================================================
  S2: Acc=75.45%, F1=0.7218, Prec=0.7766, Rec=0.7545, MCC=0.4390
  S3: Acc=70.79%, F1=0.7108, Prec=0.7976, Rec=0.7079, MCC=0.5000
  S4: Acc=78.84%, F1=0.7582, Prec=0.8406, Rec=0.7884, MCC=0.5506
  S5: Acc=33.26%, F1=0.1747, Prec=0.1185, Rec=0.3326, MCC=-0.1813
  S6: Acc=76.64%, F1=0.7409, Prec=0.7847, Rec=0.7664, MCC=0.4748
  S7: Acc=35.01%, F1=0.1816, Prec=0.1226, Rec=0.3501, MCC=0.0000
  S8: Acc=99.78%, F1=0.9978, Prec=0.9978, Rec=0.9978, MCC=0.9953
  S9: Acc=71.71%, F1=0.6933, Prec=0.7089, Rec=0.7171, MCC=0.3375
  S10: Acc=39.08%, F1=0.2548, Prec=0.5362, Rec=0.3908, MCC=0.0050
  S11: Acc=45.16%, F1=0.3604, Prec=0.7806, Rec=0.4516, MCC=0.2329
  S13: Acc=56.18%, F1=0.5573, Prec=0.5537, Rec=0.5618, MCC=0.0314
  S14: Acc=98.71%, F1=0.9871, Prec=0.9875, Rec=0.9871, MCC=0.9727
  S15: Acc=84.48%, F1=0.8368, Prec=0.8570, Rec=0.8448, MCC=0.6675
  S16: Acc=100.00%, F1=1.0000, Prec=1.0000, Rec=1.0000, MCC=1.0000
  S17: Acc=95.80%, F1=0.9574, Prec=0.9607, Rec=0.9580, MCC=0.9127

Mean Metrics Across All Subjects:
============================================================
  Accuracy:  70.73%
  F1 Score:  0.6622
  Precision: 0.7215
  Recall:    0.7073
  MCC:       0.4625

Results saved to: results/loocv_results_wesad_raw_lomo_temp.pkl
